2025-07-22 03:14:10,178 - lunarlandercontinuous_ddpg_seed_2 - INFO - Hyperparameters:
2025-07-22 03:14:10,179 - lunarlandercontinuous_ddpg_seed_2 - INFO -   environment: {'name': 'LunarLanderContinuous-v3', 'seed': 42}
2025-07-22 03:14:10,180 - lunarlandercontinuous_ddpg_seed_2 - INFO -   algorithm: {'name': 'DDPG', 'lr_actor': 0.0001, 'lr_critic': 0.001, 'gamma': 0.99, 'tau': 0.001, 'buffer_size': 1000000, 'batch_size': 64, 'ou_theta': 0.15, 'ou_mu': 0.0, 'ou_sigma': 0.2, 'has_continuous_action_space': True, 'hidden1': 400, 'hidden2': 300, 'init_w': 0.003}
2025-07-22 03:14:10,181 - lunarlandercontinuous_ddpg_seed_2 - INFO -   network: {'hidden_dims': [400, 300], 'activation': 'relu'}
2025-07-22 03:14:10,182 - lunarlandercontinuous_ddpg_seed_2 - INFO -   training: {'max_episodes': 1000, 'max_steps_per_episode': 1000, 'update_interval': 500, 'eval_interval': 10, 'save_interval': 500, 'log_interval': 10}
2025-07-22 03:14:10,183 - lunarlandercontinuous_ddpg_seed_2 - INFO -   experiment: {'name': 'lunarlandercontinuous_ddpg', 'seeds': [0, 1, 2], 'device': 'cpu', 'save_dir': 'results/lunarlandercontinuous_ddpg'}
2025-07-22 03:14:10,183 - lunarlandercontinuous_ddpg_seed_2 - INFO -   logging: {'tensorboard': False, 'save_metrics': True, 'plot_interval': 50, 'use_wandb': True, 'wandb_project': 'rl-framework-lunarlandercontinuous', 'wandb_entity': 'tatalintelli-university-of-seoul'}
2025-07-22 03:14:10,257 - lunarlandercontinuous_ddpg_seed_2 - INFO - Episode 0: Reward=-128.36, Length=56, Avg Reward (last 10)=-128.36
2025-07-22 03:14:20,576 - lunarlandercontinuous_ddpg_seed_2 - INFO - Episode 10: Reward=-584.78, Length=79, Avg Reward (last 10)=-546.30
2025-07-22 03:14:34,255 - lunarlandercontinuous_ddpg_seed_2 - INFO - Episode 20: Reward=-459.65, Length=84, Avg Reward (last 10)=-558.92
2025-07-22 03:15:23,316 - lunarlandercontinuous_ddpg_seed_2 - INFO - Episode 30: Reward=-527.04, Length=223, Avg Reward (last 10)=-297.80
2025-07-22 03:16:22,233 - lunarlandercontinuous_ddpg_seed_2 - INFO - Episode 40: Reward=-133.94, Length=280, Avg Reward (last 10)=-382.13
2025-07-22 03:18:45,273 - lunarlandercontinuous_ddpg_seed_2 - INFO - Episode 50: Reward=-121.43, Length=84, Avg Reward (last 10)=-218.16
2025-07-22 03:19:35,483 - lunarlandercontinuous_ddpg_seed_2 - INFO - Episode 60: Reward=-276.85, Length=99, Avg Reward (last 10)=-220.51
2025-07-22 03:22:47,117 - lunarlandercontinuous_ddpg_seed_2 - INFO - Episode 70: Reward=-226.19, Length=372, Avg Reward (last 10)=-182.84
2025-07-22 03:23:43,933 - lunarlandercontinuous_ddpg_seed_2 - INFO - Episode 80: Reward=-160.59, Length=362, Avg Reward (last 10)=-192.41
2025-07-22 03:25:09,538 - lunarlandercontinuous_ddpg_seed_2 - INFO - Episode 90: Reward=-181.75, Length=115, Avg Reward (last 10)=-220.52
2025-07-22 03:26:18,272 - lunarlandercontinuous_ddpg_seed_2 - INFO - Episode 100: Reward=-215.69, Length=105, Avg Reward (last 10)=-183.52
2025-07-22 03:27:43,641 - lunarlandercontinuous_ddpg_seed_2 - INFO - Episode 110: Reward=-207.90, Length=108, Avg Reward (last 10)=-199.48
2025-07-22 03:29:55,903 - lunarlandercontinuous_ddpg_seed_2 - INFO - Episode 120: Reward=190.21, Length=456, Avg Reward (last 10)=-122.02
2025-07-22 03:31:52,575 - lunarlandercontinuous_ddpg_seed_2 - INFO - Episode 130: Reward=-95.53, Length=323, Avg Reward (last 10)=-155.44
2025-07-22 03:33:31,755 - lunarlandercontinuous_ddpg_seed_2 - INFO - Episode 140: Reward=-83.35, Length=127, Avg Reward (last 10)=-184.14
2025-07-22 03:34:04,145 - lunarlandercontinuous_ddpg_seed_2 - INFO - Episode 150: Reward=-246.31, Length=104, Avg Reward (last 10)=-221.41
2025-07-22 03:35:25,275 - lunarlandercontinuous_ddpg_seed_2 - INFO - Episode 160: Reward=-99.58, Length=145, Avg Reward (last 10)=-142.38
2025-07-22 03:36:46,235 - lunarlandercontinuous_ddpg_seed_2 - INFO - Episode 170: Reward=-71.35, Length=203, Avg Reward (last 10)=-21.63
2025-07-22 03:37:08,273 - lunarlandercontinuous_ddpg_seed_2 - INFO - Episode 180: Reward=-127.66, Length=83, Avg Reward (last 10)=-54.08
2025-07-22 03:39:13,008 - lunarlandercontinuous_ddpg_seed_2 - INFO - Episode 190: Reward=220.38, Length=379, Avg Reward (last 10)=-48.50
2025-07-22 03:41:20,817 - lunarlandercontinuous_ddpg_seed_2 - INFO - Episode 200: Reward=-138.09, Length=427, Avg Reward (last 10)=3.31
2025-07-22 03:42:41,128 - lunarlandercontinuous_ddpg_seed_2 - INFO - Episode 210: Reward=212.48, Length=337, Avg Reward (last 10)=56.07
2025-07-22 03:43:53,306 - lunarlandercontinuous_ddpg_seed_2 - INFO - Episode 220: Reward=-13.37, Length=168, Avg Reward (last 10)=71.01
2025-07-22 03:45:01,001 - lunarlandercontinuous_ddpg_seed_2 - INFO - Episode 230: Reward=36.96, Length=113, Avg Reward (last 10)=156.96
2025-07-22 03:46:02,169 - lunarlandercontinuous_ddpg_seed_2 - INFO - Episode 240: Reward=230.95, Length=336, Avg Reward (last 10)=28.64
2025-07-22 03:46:50,939 - lunarlandercontinuous_ddpg_seed_2 - INFO - Episode 250: Reward=273.60, Length=335, Avg Reward (last 10)=-51.82
2025-07-22 03:47:23,626 - lunarlandercontinuous_ddpg_seed_2 - INFO - Episode 260: Reward=44.77, Length=156, Avg Reward (last 10)=-23.73
2025-07-22 03:48:14,623 - lunarlandercontinuous_ddpg_seed_2 - INFO - Episode 270: Reward=301.04, Length=236, Avg Reward (last 10)=122.70
2025-07-22 03:49:22,836 - lunarlandercontinuous_ddpg_seed_2 - INFO - Episode 280: Reward=-252.77, Length=146, Avg Reward (last 10)=-130.83
2025-07-22 03:49:58,163 - lunarlandercontinuous_ddpg_seed_2 - INFO - Episode 290: Reward=256.92, Length=371, Avg Reward (last 10)=-66.60
2025-07-22 03:51:14,174 - lunarlandercontinuous_ddpg_seed_2 - INFO - Episode 300: Reward=236.69, Length=324, Avg Reward (last 10)=191.80
2025-07-22 03:53:05,211 - lunarlandercontinuous_ddpg_seed_2 - INFO - Episode 310: Reward=-157.73, Length=101, Avg Reward (last 10)=48.53
2025-07-22 03:53:50,324 - lunarlandercontinuous_ddpg_seed_2 - INFO - Episode 320: Reward=290.65, Length=440, Avg Reward (last 10)=8.75
2025-07-22 03:54:18,980 - lunarlandercontinuous_ddpg_seed_2 - INFO - Episode 330: Reward=-18.92, Length=85, Avg Reward (last 10)=19.55
2025-07-22 03:55:42,460 - lunarlandercontinuous_ddpg_seed_2 - INFO - Episode 340: Reward=214.03, Length=248, Avg Reward (last 10)=12.93
2025-07-22 03:56:50,729 - lunarlandercontinuous_ddpg_seed_2 - INFO - Episode 350: Reward=-96.89, Length=148, Avg Reward (last 10)=111.66
2025-07-22 03:57:14,805 - lunarlandercontinuous_ddpg_seed_2 - INFO - Episode 360: Reward=-117.57, Length=61, Avg Reward (last 10)=-117.56
2025-07-22 03:58:48,166 - lunarlandercontinuous_ddpg_seed_2 - INFO - Episode 370: Reward=237.37, Length=271, Avg Reward (last 10)=106.71
2025-07-22 03:59:34,900 - lunarlandercontinuous_ddpg_seed_2 - INFO - Episode 380: Reward=252.62, Length=255, Avg Reward (last 10)=10.07
2025-07-22 04:01:17,049 - lunarlandercontinuous_ddpg_seed_2 - INFO - Episode 390: Reward=-278.95, Length=93, Avg Reward (last 10)=109.49
2025-07-22 04:02:25,377 - lunarlandercontinuous_ddpg_seed_2 - INFO - Episode 400: Reward=209.54, Length=298, Avg Reward (last 10)=26.20
2025-07-22 04:03:24,249 - lunarlandercontinuous_ddpg_seed_2 - INFO - Episode 410: Reward=-116.70, Length=113, Avg Reward (last 10)=-5.07
2025-07-22 04:04:08,295 - lunarlandercontinuous_ddpg_seed_2 - INFO - Episode 420: Reward=163.97, Length=333, Avg Reward (last 10)=92.07
2025-07-22 04:04:37,718 - lunarlandercontinuous_ddpg_seed_2 - INFO - Episode 430: Reward=-146.06, Length=79, Avg Reward (last 10)=-12.60
2025-07-22 04:05:56,588 - lunarlandercontinuous_ddpg_seed_2 - INFO - Episode 440: Reward=-138.41, Length=133, Avg Reward (last 10)=-26.82
2025-07-22 04:07:20,675 - lunarlandercontinuous_ddpg_seed_2 - INFO - Episode 450: Reward=-182.97, Length=71, Avg Reward (last 10)=-137.21
2025-07-22 04:10:33,896 - lunarlandercontinuous_ddpg_seed_2 - INFO - Episode 460: Reward=243.08, Length=373, Avg Reward (last 10)=143.30
2025-07-22 04:12:04,499 - lunarlandercontinuous_ddpg_seed_2 - INFO - Episode 470: Reward=-65.63, Length=169, Avg Reward (last 10)=11.16
2025-07-22 04:13:09,457 - lunarlandercontinuous_ddpg_seed_2 - INFO - Episode 480: Reward=-146.14, Length=194, Avg Reward (last 10)=3.72
2025-07-22 04:14:06,388 - lunarlandercontinuous_ddpg_seed_2 - INFO - Episode 490: Reward=-85.29, Length=80, Avg Reward (last 10)=-24.49
2025-07-22 04:15:18,583 - lunarlandercontinuous_ddpg_seed_2 - INFO - Episode 500: Reward=18.21, Length=141, Avg Reward (last 10)=123.48
2025-07-22 04:15:39,330 - lunarlandercontinuous_ddpg_seed_2 - INFO - Episode 510: Reward=-96.75, Length=74, Avg Reward (last 10)=-19.74
2025-07-22 04:16:00,833 - lunarlandercontinuous_ddpg_seed_2 - INFO - Episode 520: Reward=-316.49, Length=125, Avg Reward (last 10)=4.93
2025-07-22 04:17:12,331 - lunarlandercontinuous_ddpg_seed_2 - INFO - Episode 530: Reward=-148.94, Length=58, Avg Reward (last 10)=-99.97
2025-07-22 04:17:58,636 - lunarlandercontinuous_ddpg_seed_2 - INFO - Episode 540: Reward=276.02, Length=350, Avg Reward (last 10)=2.26
2025-07-22 04:21:08,501 - lunarlandercontinuous_ddpg_seed_2 - INFO - Episode 550: Reward=-267.23, Length=308, Avg Reward (last 10)=31.92
2025-07-22 04:23:06,185 - lunarlandercontinuous_ddpg_seed_2 - INFO - Episode 560: Reward=-152.99, Length=336, Avg Reward (last 10)=78.58
2025-07-22 04:24:50,024 - lunarlandercontinuous_ddpg_seed_2 - INFO - Episode 570: Reward=254.97, Length=332, Avg Reward (last 10)=158.13
2025-07-22 04:25:51,181 - lunarlandercontinuous_ddpg_seed_2 - INFO - Episode 580: Reward=38.53, Length=81, Avg Reward (last 10)=135.29
2025-07-22 04:26:33,527 - lunarlandercontinuous_ddpg_seed_2 - INFO - Episode 590: Reward=233.00, Length=265, Avg Reward (last 10)=122.23
2025-07-22 04:26:59,257 - lunarlandercontinuous_ddpg_seed_2 - INFO - Episode 600: Reward=280.42, Length=210, Avg Reward (last 10)=67.40
2025-07-22 04:27:42,488 - lunarlandercontinuous_ddpg_seed_2 - INFO - Episode 610: Reward=-145.34, Length=166, Avg Reward (last 10)=-46.10
2025-07-22 04:28:35,420 - lunarlandercontinuous_ddpg_seed_2 - INFO - Episode 620: Reward=-152.52, Length=108, Avg Reward (last 10)=79.50
2025-07-22 04:28:54,564 - lunarlandercontinuous_ddpg_seed_2 - INFO - Episode 630: Reward=-49.03, Length=87, Avg Reward (last 10)=-13.49
2025-07-22 04:30:04,017 - lunarlandercontinuous_ddpg_seed_2 - INFO - Episode 640: Reward=-204.12, Length=106, Avg Reward (last 10)=75.47
2025-07-22 04:30:57,514 - lunarlandercontinuous_ddpg_seed_2 - INFO - Episode 650: Reward=-13.03, Length=94, Avg Reward (last 10)=28.71
2025-07-22 04:32:11,574 - lunarlandercontinuous_ddpg_seed_2 - INFO - Episode 660: Reward=246.53, Length=175, Avg Reward (last 10)=126.51
2025-07-22 04:32:38,437 - lunarlandercontinuous_ddpg_seed_2 - INFO - Episode 670: Reward=0.29, Length=105, Avg Reward (last 10)=124.39
2025-07-22 04:33:39,307 - lunarlandercontinuous_ddpg_seed_2 - INFO - Episode 680: Reward=259.32, Length=268, Avg Reward (last 10)=183.46
2025-07-22 04:34:44,781 - lunarlandercontinuous_ddpg_seed_2 - INFO - Episode 690: Reward=-220.43, Length=122, Avg Reward (last 10)=91.12
2025-07-22 04:36:03,571 - lunarlandercontinuous_ddpg_seed_2 - INFO - Episode 700: Reward=-170.50, Length=92, Avg Reward (last 10)=85.92
2025-07-22 04:37:30,018 - lunarlandercontinuous_ddpg_seed_2 - INFO - Episode 710: Reward=10.51, Length=98, Avg Reward (last 10)=-85.40
2025-07-22 04:38:20,077 - lunarlandercontinuous_ddpg_seed_2 - INFO - Episode 720: Reward=251.81, Length=184, Avg Reward (last 10)=72.99
2025-07-22 04:39:16,966 - lunarlandercontinuous_ddpg_seed_2 - INFO - Episode 730: Reward=-28.42, Length=68, Avg Reward (last 10)=124.47
2025-07-22 04:40:36,283 - lunarlandercontinuous_ddpg_seed_2 - INFO - Episode 740: Reward=-141.41, Length=88, Avg Reward (last 10)=141.86
2025-07-22 04:41:17,925 - lunarlandercontinuous_ddpg_seed_2 - INFO - Episode 750: Reward=-204.94, Length=171, Avg Reward (last 10)=-16.29
2025-07-22 04:42:55,670 - lunarlandercontinuous_ddpg_seed_2 - INFO - Episode 760: Reward=-5.26, Length=82, Avg Reward (last 10)=30.10
2025-07-22 04:44:54,918 - lunarlandercontinuous_ddpg_seed_2 - INFO - Episode 770: Reward=-242.43, Length=93, Avg Reward (last 10)=89.53
2025-07-22 04:45:36,005 - lunarlandercontinuous_ddpg_seed_2 - INFO - Episode 780: Reward=-13.28, Length=96, Avg Reward (last 10)=-70.23
2025-07-22 04:46:05,417 - lunarlandercontinuous_ddpg_seed_2 - INFO - Episode 790: Reward=0.89, Length=118, Avg Reward (last 10)=103.17
2025-07-22 04:46:36,861 - lunarlandercontinuous_ddpg_seed_2 - INFO - Episode 800: Reward=-218.18, Length=98, Avg Reward (last 10)=-122.92
2025-07-22 04:47:08,124 - lunarlandercontinuous_ddpg_seed_2 - INFO - Episode 810: Reward=-5.55, Length=107, Avg Reward (last 10)=-43.32
2025-07-22 04:48:00,918 - lunarlandercontinuous_ddpg_seed_2 - INFO - Episode 820: Reward=-198.29, Length=127, Avg Reward (last 10)=-187.36
2025-07-22 04:48:40,179 - lunarlandercontinuous_ddpg_seed_2 - INFO - Episode 830: Reward=175.24, Length=258, Avg Reward (last 10)=-111.17
2025-07-22 04:49:32,995 - lunarlandercontinuous_ddpg_seed_2 - INFO - Episode 840: Reward=247.18, Length=291, Avg Reward (last 10)=193.09
2025-07-22 04:50:31,446 - lunarlandercontinuous_ddpg_seed_2 - INFO - Episode 850: Reward=276.80, Length=356, Avg Reward (last 10)=167.01
2025-07-22 04:51:25,272 - lunarlandercontinuous_ddpg_seed_2 - INFO - Episode 860: Reward=233.45, Length=429, Avg Reward (last 10)=32.58
2025-07-22 04:52:11,274 - lunarlandercontinuous_ddpg_seed_2 - INFO - Episode 870: Reward=252.23, Length=197, Avg Reward (last 10)=98.69
2025-07-22 04:52:50,443 - lunarlandercontinuous_ddpg_seed_2 - INFO - Episode 880: Reward=-261.83, Length=127, Avg Reward (last 10)=21.38
2025-07-22 04:53:47,276 - lunarlandercontinuous_ddpg_seed_2 - INFO - Episode 890: Reward=246.04, Length=335, Avg Reward (last 10)=109.54
2025-07-22 04:54:38,254 - lunarlandercontinuous_ddpg_seed_2 - INFO - Episode 900: Reward=-199.19, Length=131, Avg Reward (last 10)=168.74
2025-07-22 04:55:19,800 - lunarlandercontinuous_ddpg_seed_2 - INFO - Episode 910: Reward=281.76, Length=367, Avg Reward (last 10)=145.24
2025-07-22 04:55:51,915 - lunarlandercontinuous_ddpg_seed_2 - INFO - Episode 920: Reward=-159.85, Length=154, Avg Reward (last 10)=148.40
2025-07-22 04:56:36,410 - lunarlandercontinuous_ddpg_seed_2 - INFO - Episode 930: Reward=230.60, Length=240, Avg Reward (last 10)=9.59
2025-07-22 04:56:58,385 - lunarlandercontinuous_ddpg_seed_2 - INFO - Episode 940: Reward=267.03, Length=271, Avg Reward (last 10)=75.12
2025-07-22 04:57:39,795 - lunarlandercontinuous_ddpg_seed_2 - INFO - Episode 950: Reward=234.38, Length=178, Avg Reward (last 10)=129.71
2025-07-22 04:58:14,088 - lunarlandercontinuous_ddpg_seed_2 - INFO - Episode 960: Reward=-300.43, Length=102, Avg Reward (last 10)=-13.78
2025-07-22 04:59:06,519 - lunarlandercontinuous_ddpg_seed_2 - INFO - Episode 970: Reward=238.97, Length=209, Avg Reward (last 10)=67.18
2025-07-22 04:59:45,871 - lunarlandercontinuous_ddpg_seed_2 - INFO - Episode 980: Reward=289.02, Length=203, Avg Reward (last 10)=168.12
2025-07-22 05:00:22,453 - lunarlandercontinuous_ddpg_seed_2 - INFO - Episode 990: Reward=-198.38, Length=105, Avg Reward (last 10)=60.53
2025-07-22 05:01:16,793 - lunarlandercontinuous_ddpg_seed_2 - INFO - Episode 1000: Reward=-246.08, Length=101, Avg Reward (last 10)=-162.08
2025-07-22 05:02:46,121 - lunarlandercontinuous_ddpg_seed_2 - INFO - Episode 1010: Reward=276.37, Length=202, Avg Reward (last 10)=123.48
2025-07-22 05:03:13,842 - lunarlandercontinuous_ddpg_seed_2 - INFO - Episode 1020: Reward=251.07, Length=223, Avg Reward (last 10)=70.58
2025-07-22 05:04:05,680 - lunarlandercontinuous_ddpg_seed_2 - INFO - Episode 1030: Reward=262.52, Length=218, Avg Reward (last 10)=120.06
2025-07-22 05:04:45,196 - lunarlandercontinuous_ddpg_seed_2 - INFO - Episode 1040: Reward=-183.33, Length=103, Avg Reward (last 10)=-96.08
2025-07-22 05:05:31,827 - lunarlandercontinuous_ddpg_seed_2 - INFO - Episode 1050: Reward=217.73, Length=201, Avg Reward (last 10)=56.09
2025-07-22 05:05:47,602 - lunarlandercontinuous_ddpg_seed_2 - INFO - Metrics saved to results/lunarlandercontinuous_ddpg/seed_2/metrics.json
2025-07-22 05:05:50,122 - lunarlandercontinuous_ddpg_seed_2 - INFO - Experiment completed.
