2025-08-04 01:24:15,378 - cartpole_trpo_wandb_seed_4 - INFO - Hyperparameters:
2025-08-04 01:24:15,378 - cartpole_trpo_wandb_seed_4 - INFO -   environment: {'name': 'CartPole-v1', 'seed': 42}
2025-08-04 01:24:15,378 - cartpole_trpo_wandb_seed_4 - INFO -   algorithm: {'name': 'TRPO', 'lr': '3e-4', 'gamma': 0.99, 'gae_lambda': 0.95, 'max_kl': 0.01, 'damping': 0.2, 'has_continuous_action_space': False, 'action_std_init': 0.6}
2025-08-04 01:24:15,378 - cartpole_trpo_wandb_seed_4 - INFO -   network: {'hidden_dims': [64, 64], 'activation': 'tanh'}
2025-08-04 01:24:15,378 - cartpole_trpo_wandb_seed_4 - INFO -   training: {'max_episodes': 100, 'max_steps_per_episode': 500, 'update_interval': 2048, 'eval_interval': 10, 'save_interval': 300, 'log_interval': 10}
2025-08-04 01:24:15,378 - cartpole_trpo_wandb_seed_4 - INFO -   experiment: {'name': 'cartpole_trpo_wandb', 'seeds': [0, 1, 2, 3, 4], 'device': 'cuda', 'save_dir': 'results/cartpole_trpo_wandb'}
2025-08-04 01:24:15,378 - cartpole_trpo_wandb_seed_4 - INFO -   logging: {'tensorboard': False, 'save_metrics': True, 'plot_interval': 25, 'use_wandb': True, 'wandb_project': 'rl-framework-cartpole', 'wandb_entity': 'tatalintelli-university-of-seoul', 'enable_step_logging': True, 'step_log_interval': 1000}
2025-08-04 01:24:15,434 - cartpole_trpo_wandb_seed_4 - INFO - Episode 0: Reward=29.00, Length=29, Avg Reward (last 10)=29.00
2025-08-04 01:24:16,783 - cartpole_trpo_wandb_seed_4 - INFO - Episode 10: Reward=15.00, Length=15, Avg Reward (last 10)=28.60
2025-08-04 01:24:17,692 - cartpole_trpo_wandb_seed_4 - INFO - Episode 20: Reward=51.00, Length=51, Avg Reward (last 10)=20.10
2025-08-04 01:24:18,688 - cartpole_trpo_wandb_seed_4 - INFO - Episode 30: Reward=18.00, Length=18, Avg Reward (last 10)=22.10
2025-08-04 01:24:19,542 - cartpole_trpo_wandb_seed_4 - INFO - Episode 40: Reward=13.00, Length=13, Avg Reward (last 10)=18.40
2025-08-04 01:24:20,058 - cartpole_trpo_wandb_seed_4 - INFO - Step 1034: Avg Reward=23.50, Running Avg=23.50, Episodes=44
2025-08-04 01:24:21,084 - cartpole_trpo_wandb_seed_4 - INFO - Episode 50: Reward=18.00, Length=18, Avg Reward (last 10)=33.30
2025-08-04 01:24:22,040 - cartpole_trpo_wandb_seed_4 - INFO - Episode 60: Reward=31.00, Length=31, Avg Reward (last 10)=24.30
2025-08-04 01:24:22,928 - cartpole_trpo_wandb_seed_4 - INFO - Episode 70: Reward=12.00, Length=12, Avg Reward (last 10)=20.40
2025-08-04 01:24:23,683 - cartpole_trpo_wandb_seed_4 - INFO - Episode 80: Reward=13.00, Length=13, Avg Reward (last 10)=18.60
2025-08-04 01:24:26,303 - cartpole_trpo_wandb_seed_4 - INFO - Step 2063: Avg Reward=22.55, Running Avg=23.02, Episodes=44
2025-08-04 01:24:26,706 - cartpole_trpo_wandb_seed_4 - INFO - Episode 90: Reward=28.00, Length=28, Avg Reward (last 10)=22.40
2025-08-04 01:24:27,832 - cartpole_trpo_wandb_seed_4 - INFO - Episode 100: Reward=13.00, Length=13, Avg Reward (last 10)=24.50
2025-08-04 01:24:28,993 - cartpole_trpo_wandb_seed_4 - INFO - Episode 110: Reward=13.00, Length=13, Avg Reward (last 10)=25.50
2025-08-04 01:24:29,916 - cartpole_trpo_wandb_seed_4 - INFO - Episode 120: Reward=55.00, Length=55, Avg Reward (last 10)=21.20
2025-08-04 01:24:30,776 - cartpole_trpo_wandb_seed_4 - INFO - Episode 130: Reward=10.00, Length=10, Avg Reward (last 10)=18.50
2025-08-04 01:24:30,932 - cartpole_trpo_wandb_seed_4 - INFO - Step 3073: Avg Reward=22.95, Running Avg=23.00, Episodes=44
2025-08-04 01:24:31,780 - cartpole_trpo_wandb_seed_4 - INFO - Episode 140: Reward=32.00, Length=32, Avg Reward (last 10)=20.80
2025-08-04 01:24:32,825 - cartpole_trpo_wandb_seed_4 - INFO - Episode 150: Reward=17.00, Length=17, Avg Reward (last 10)=23.90
2025-08-04 01:24:33,947 - cartpole_trpo_wandb_seed_4 - INFO - Episode 160: Reward=19.00, Length=19, Avg Reward (last 10)=23.20
2025-08-04 01:24:34,864 - cartpole_trpo_wandb_seed_4 - INFO - Episode 170: Reward=26.00, Length=26, Avg Reward (last 10)=20.20
2025-08-04 01:24:35,696 - cartpole_trpo_wandb_seed_4 - INFO - Step 4088: Avg Reward=22.07, Running Avg=22.76, Episodes=46
2025-08-04 01:24:36,743 - cartpole_trpo_wandb_seed_4 - INFO - Episode 180: Reward=15.00, Length=15, Avg Reward (last 10)=22.00
2025-08-04 01:24:38,298 - cartpole_trpo_wandb_seed_4 - INFO - Episode 190: Reward=11.00, Length=11, Avg Reward (last 10)=34.40
2025-08-04 01:24:39,496 - cartpole_trpo_wandb_seed_4 - INFO - Episode 200: Reward=42.00, Length=42, Avg Reward (last 10)=26.40
2025-08-04 01:24:40,778 - cartpole_trpo_wandb_seed_4 - INFO - Episode 210: Reward=15.00, Length=15, Avg Reward (last 10)=26.90
2025-08-04 01:24:41,023 - cartpole_trpo_wandb_seed_4 - INFO - Step 5098: Avg Reward=28.63, Running Avg=23.72, Episodes=35
2025-08-04 01:24:41,852 - cartpole_trpo_wandb_seed_4 - INFO - Episode 220: Reward=22.00, Length=22, Avg Reward (last 10)=23.60
2025-08-04 01:24:43,522 - cartpole_trpo_wandb_seed_4 - INFO - Episode 230: Reward=17.00, Length=17, Avg Reward (last 10)=29.70
2025-08-04 01:24:45,106 - cartpole_trpo_wandb_seed_4 - INFO - Episode 240: Reward=41.00, Length=41, Avg Reward (last 10)=36.20
2025-08-04 01:24:46,108 - cartpole_trpo_wandb_seed_4 - INFO - Step 6142: Avg Reward=28.22, Running Avg=24.39, Episodes=37
2025-08-04 01:24:46,951 - cartpole_trpo_wandb_seed_4 - INFO - Episode 250: Reward=31.00, Length=31, Avg Reward (last 10)=24.70
2025-08-04 01:24:48,298 - cartpole_trpo_wandb_seed_4 - INFO - Episode 260: Reward=21.00, Length=21, Avg Reward (last 10)=28.90
2025-08-04 01:24:50,117 - cartpole_trpo_wandb_seed_4 - INFO - Episode 270: Reward=48.00, Length=48, Avg Reward (last 10)=38.80
2025-08-04 01:24:51,213 - cartpole_trpo_wandb_seed_4 - INFO - Episode 280: Reward=15.00, Length=15, Avg Reward (last 10)=25.80
2025-08-04 01:24:51,723 - cartpole_trpo_wandb_seed_4 - INFO - Step 7225: Avg Reward=33.78, Running Avg=25.45, Episodes=32
2025-08-04 01:24:52,855 - cartpole_trpo_wandb_seed_4 - INFO - Episode 290: Reward=27.00, Length=27, Avg Reward (last 10)=36.40
2025-08-04 01:24:54,637 - cartpole_trpo_wandb_seed_4 - INFO - Episode 300: Reward=50.00, Length=50, Avg Reward (last 10)=40.20
2025-08-04 01:24:57,102 - cartpole_trpo_wandb_seed_4 - INFO - Step 8264: Avg Reward=36.14, Running Avg=26.42, Episodes=28
2025-08-04 01:24:57,230 - cartpole_trpo_wandb_seed_4 - INFO - Episode 310: Reward=23.00, Length=23, Avg Reward (last 10)=38.40
2025-08-04 01:24:59,977 - cartpole_trpo_wandb_seed_4 - INFO - Episode 320: Reward=23.00, Length=23, Avg Reward (last 10)=60.50
2025-08-04 01:25:01,719 - cartpole_trpo_wandb_seed_4 - INFO - Step 9273: Avg Reward=53.11, Running Avg=27.96, Episodes=19
2025-08-04 01:25:02,205 - cartpole_trpo_wandb_seed_4 - INFO - Episode 330: Reward=37.00, Length=37, Avg Reward (last 10)=47.90
2025-08-04 01:25:04,320 - cartpole_trpo_wandb_seed_4 - INFO - Episode 340: Reward=58.00, Length=58, Avg Reward (last 10)=48.00
2025-08-04 01:25:07,049 - cartpole_trpo_wandb_seed_4 - INFO - Step 10294: Avg Reward=44.55, Running Avg=29.00, Episodes=22
2025-08-04 01:25:07,050 - cartpole_trpo_wandb_seed_4 - INFO - Episode 350: Reward=54.00, Length=54, Avg Reward (last 10)=40.20
2025-08-04 01:25:10,085 - cartpole_trpo_wandb_seed_4 - INFO - Episode 360: Reward=117.00, Length=117, Avg Reward (last 10)=69.40
2025-08-04 01:25:11,558 - cartpole_trpo_wandb_seed_4 - INFO - Step 11299: Avg Reward=62.81, Running Avg=30.47, Episodes=16
2025-08-04 01:25:12,831 - cartpole_trpo_wandb_seed_4 - INFO - Episode 370: Reward=69.00, Length=69, Avg Reward (last 10)=60.20
2025-08-04 01:25:16,816 - cartpole_trpo_wandb_seed_4 - INFO - Step 12411: Avg Reward=76.57, Running Avg=32.17, Episodes=14
2025-08-04 01:25:16,817 - cartpole_trpo_wandb_seed_4 - INFO - Episode 380: Reward=123.00, Length=123, Avg Reward (last 10)=78.10
2025-08-04 01:25:18,446 - cartpole_trpo_wandb_seed_4 - INFO - Episode 390: Reward=86.00, Length=86, Avg Reward (last 10)=94.00
2025-08-04 01:25:18,609 - cartpole_trpo_wandb_seed_4 - INFO - Step 13441: Avg Reward=93.64, Running Avg=33.89, Episodes=11
2025-08-04 01:25:20,098 - cartpole_trpo_wandb_seed_4 - INFO - Episode 400: Reward=86.00, Length=86, Avg Reward (last 10)=91.00
2025-08-04 01:25:21,075 - cartpole_trpo_wandb_seed_4 - INFO - Step 14451: Avg Reward=93.50, Running Avg=35.38, Episodes=10
2025-08-04 01:25:22,934 - cartpole_trpo_wandb_seed_4 - INFO - Step 15476: Avg Reward=146.43, Running Avg=37.28, Episodes=7
2025-08-04 01:25:23,372 - cartpole_trpo_wandb_seed_4 - INFO - Episode 410: Reward=162.00, Length=162, Avg Reward (last 10)=138.70
2025-08-04 01:25:25,961 - cartpole_trpo_wandb_seed_4 - INFO - Step 16868: Avg Reward=153.89, Running Avg=39.79, Episodes=9
2025-08-04 01:25:27,451 - cartpole_trpo_wandb_seed_4 - INFO - Episode 420: Reward=349.00, Length=349, Avg Reward (last 10)=210.00
2025-08-04 01:25:27,763 - cartpole_trpo_wandb_seed_4 - INFO - Step 18040: Avg Reward=293.00, Running Avg=42.19, Episodes=4
2025-08-04 01:25:30,921 - cartpole_trpo_wandb_seed_4 - INFO - Step 19534: Avg Reward=288.60, Running Avg=45.07, Episodes=5
2025-08-04 01:25:33,863 - cartpole_trpo_wandb_seed_4 - INFO - Step 20845: Avg Reward=325.25, Running Avg=47.67, Episodes=4
2025-08-04 01:25:33,864 - cartpole_trpo_wandb_seed_4 - INFO - Episode 430: Reward=365.00, Length=365, Avg Reward (last 10)=295.40
2025-08-04 01:25:35,647 - cartpole_trpo_wandb_seed_4 - INFO - Step 21845: Avg Reward=500.00, Running Avg=49.76, Episodes=2
2025-08-04 01:25:44,882 - cartpole_trpo_wandb_seed_4 - INFO - Step 23028: Avg Reward=395.50, Running Avg=51.35, Episodes=2
2025-08-04 01:25:46,341 - cartpole_trpo_wandb_seed_4 - INFO - Step 24184: Avg Reward=385.33, Running Avg=53.64, Episodes=3
2025-08-04 01:25:48,673 - cartpole_trpo_wandb_seed_4 - INFO - Step 25269: Avg Reward=346.50, Running Avg=54.97, Episodes=2
2025-08-04 01:25:48,846 - cartpole_trpo_wandb_seed_4 - INFO - Episode 440: Reward=112.00, Length=112, Avg Reward (last 10)=375.20
2025-08-04 01:25:50,396 - cartpole_trpo_wandb_seed_4 - INFO - Step 26381: Avg Reward=370.67, Running Avg=57.11, Episodes=3
2025-08-04 01:25:52,579 - cartpole_trpo_wandb_seed_4 - INFO - Step 27533: Avg Reward=303.00, Running Avg=58.76, Episodes=3
2025-08-04 01:25:55,405 - cartpole_trpo_wandb_seed_4 - INFO - Step 28876: Avg Reward=335.33, Running Avg=60.61, Episodes=3
2025-08-04 01:25:56,748 - cartpole_trpo_wandb_seed_4 - INFO - Episode 450: Reward=422.00, Length=422, Avg Reward (last 10)=369.20
2025-08-04 01:25:57,501 - cartpole_trpo_wandb_seed_4 - INFO - Step 30087: Avg Reward=403.67, Running Avg=62.89, Episodes=3
2025-08-04 01:26:00,038 - cartpole_trpo_wandb_seed_4 - INFO - Step 31220: Avg Reward=500.00, Running Avg=64.81, Episodes=2
2025-08-04 01:26:02,034 - cartpole_trpo_wandb_seed_4 - INFO - Step 32326: Avg Reward=368.67, Running Avg=66.81, Episodes=3
2025-08-04 01:26:04,775 - cartpole_trpo_wandb_seed_4 - INFO - Step 33718: Avg Reward=451.33, Running Avg=69.32, Episodes=3
2025-08-04 01:26:05,504 - cartpole_trpo_wandb_seed_4 - INFO - Episode 460: Reward=500.00, Length=500, Avg Reward (last 10)=439.40
2025-08-04 01:26:06,347 - cartpole_trpo_wandb_seed_4 - INFO - Step 34718: Avg Reward=500.00, Running Avg=71.18, Episodes=2
2025-08-04 01:26:09,331 - cartpole_trpo_wandb_seed_4 - INFO - Step 36092: Avg Reward=212.67, Running Avg=72.99, Episodes=6
2025-08-04 01:26:10,425 - cartpole_trpo_wandb_seed_4 - INFO - Episode 470: Reward=177.00, Length=177, Avg Reward (last 10)=238.30
2025-08-04 01:26:11,857 - cartpole_trpo_wandb_seed_4 - INFO - Step 37185: Avg Reward=232.00, Running Avg=74.34, Episodes=4
2025-08-04 01:26:13,605 - cartpole_trpo_wandb_seed_4 - INFO - Step 38335: Avg Reward=287.50, Running Avg=76.13, Episodes=4
2025-08-04 01:26:15,693 - cartpole_trpo_wandb_seed_4 - INFO - Step 39380: Avg Reward=247.00, Running Avg=77.56, Episodes=4
2025-08-04 01:26:16,342 - cartpole_trpo_wandb_seed_4 - INFO - Episode 480: Reward=407.00, Length=407, Avg Reward (last 10)=286.60
2025-08-04 01:26:17,599 - cartpole_trpo_wandb_seed_4 - INFO - Step 40474: Avg Reward=273.50, Running Avg=79.18, Episodes=4
2025-08-04 01:26:22,710 - cartpole_trpo_wandb_seed_4 - INFO - Step 41601: Avg Reward=318.33, Running Avg=80.65, Episodes=3
2025-08-04 01:26:28,070 - cartpole_trpo_wandb_seed_4 - INFO - Step 42880: Avg Reward=426.33, Running Avg=82.77, Episodes=3
2025-08-04 01:26:45,054 - cartpole_trpo_wandb_seed_4 - INFO - Episode 490: Reward=267.00, Length=267, Avg Reward (last 10)=318.80
2025-08-04 01:26:48,024 - cartpole_trpo_wandb_seed_4 - INFO - Step 44207: Avg Reward=399.67, Running Avg=84.69, Episodes=3
2025-08-04 01:26:52,102 - cartpole_trpo_wandb_seed_4 - INFO - Step 45256: Avg Reward=329.50, Running Avg=85.68, Episodes=2
2025-08-04 01:26:55,878 - cartpole_trpo_wandb_seed_4 - INFO - Step 46445: Avg Reward=237.80, Running Avg=87.20, Episodes=5
2025-08-04 01:26:56,410 - cartpole_trpo_wandb_seed_4 - INFO - Episode 500: Reward=157.00, Length=157, Avg Reward (last 10)=293.70
2025-08-04 01:27:00,708 - cartpole_trpo_wandb_seed_4 - INFO - Step 47592: Avg Reward=203.50, Running Avg=88.13, Episodes=4
2025-08-04 01:27:05,624 - cartpole_trpo_wandb_seed_4 - INFO - Step 48686: Avg Reward=273.50, Running Avg=89.59, Episodes=4
2025-08-04 01:27:12,933 - cartpole_trpo_wandb_seed_4 - INFO - Step 50152: Avg Reward=397.00, Running Avg=91.39, Episodes=3
2025-08-04 01:27:12,934 - cartpole_trpo_wandb_seed_4 - INFO - Episode 510: Reward=500.00, Length=500, Avg Reward (last 10)=294.20
2025-08-04 01:27:19,295 - cartpole_trpo_wandb_seed_4 - INFO - Step 51383: Avg Reward=380.00, Running Avg=93.08, Episodes=3
2025-08-04 01:27:24,691 - cartpole_trpo_wandb_seed_4 - INFO - Step 52579: Avg Reward=398.67, Running Avg=94.85, Episodes=3
2025-08-04 01:27:30,858 - cartpole_trpo_wandb_seed_4 - INFO - Step 53831: Avg Reward=291.00, Running Avg=96.36, Episodes=4
2025-08-04 01:27:30,860 - cartpole_trpo_wandb_seed_4 - INFO - Episode 520: Reward=368.00, Length=368, Avg Reward (last 10)=350.00
2025-08-04 01:27:37,192 - cartpole_trpo_wandb_seed_4 - INFO - Step 55250: Avg Reward=473.00, Running Avg=98.51, Episodes=3
2025-08-04 01:27:44,338 - cartpole_trpo_wandb_seed_4 - INFO - Step 56720: Avg Reward=356.00, Running Avg=100.46, Episodes=4
2025-08-04 01:27:49,074 - cartpole_trpo_wandb_seed_4 - INFO - Step 57844: Avg Reward=500.00, Running Avg=101.97, Episodes=2
2025-08-04 01:27:50,419 - cartpole_trpo_wandb_seed_4 - INFO - Episode 530: Reward=284.00, Length=284, Avg Reward (last 10)=412.70
2025-08-04 01:27:53,717 - cartpole_trpo_wandb_seed_4 - INFO - Step 58942: Avg Reward=219.60, Running Avg=103.07, Episodes=5
2025-08-04 01:27:58,677 - cartpole_trpo_wandb_seed_4 - INFO - Step 60243: Avg Reward=259.00, Running Avg=104.51, Episodes=5
2025-08-04 01:27:59,296 - cartpole_trpo_wandb_seed_4 - INFO - Episode 540: Reward=164.00, Length=164, Avg Reward (last 10)=227.30
2025-08-04 01:28:02,870 - cartpole_trpo_wandb_seed_4 - INFO - Step 61265: Avg Reward=204.40, Running Avg=105.43, Episodes=5
2025-08-04 01:28:05,759 - cartpole_trpo_wandb_seed_4 - INFO - Episode 550: Reward=89.00, Length=89, Avg Reward (last 10)=131.80
2025-08-04 01:28:07,459 - cartpole_trpo_wandb_seed_4 - INFO - Episode 560: Reward=24.00, Length=24, Avg Reward (last 10)=40.10
2025-08-04 01:28:08,017 - cartpole_trpo_wandb_seed_4 - INFO - Step 62277: Avg Reward=51.95, Running Avg=103.63, Episodes=19
2025-08-04 01:28:09,306 - cartpole_trpo_wandb_seed_4 - INFO - Episode 570: Reward=19.00, Length=19, Avg Reward (last 10)=43.70
2025-08-04 01:28:11,993 - cartpole_trpo_wandb_seed_4 - INFO - Episode 580: Reward=106.00, Length=106, Avg Reward (last 10)=66.50
2025-08-04 01:28:12,065 - cartpole_trpo_wandb_seed_4 - INFO - Step 63283: Avg Reward=55.89, Running Avg=102.15, Episodes=18
2025-08-04 01:28:19,216 - cartpole_trpo_wandb_seed_4 - INFO - Episode 590: Reward=110.00, Length=110, Avg Reward (last 10)=70.90
2025-08-04 01:28:20,918 - cartpole_trpo_wandb_seed_4 - INFO - Step 64383: Avg Reward=80.62, Running Avg=101.68, Episodes=13
2025-08-04 01:28:23,298 - cartpole_trpo_wandb_seed_4 - INFO - Episode 600: Reward=28.00, Length=28, Avg Reward (last 10)=89.80
2025-08-04 01:28:25,768 - cartpole_trpo_wandb_seed_4 - INFO - Step 65455: Avg Reward=97.45, Running Avg=101.60, Episodes=11
2025-08-04 01:28:29,395 - cartpole_trpo_wandb_seed_4 - INFO - Episode 610: Reward=125.00, Length=125, Avg Reward (last 10)=111.90
2025-08-04 01:28:31,688 - cartpole_trpo_wandb_seed_4 - INFO - Step 66563: Avg Reward=119.22, Running Avg=101.86, Episodes=9
2025-08-04 01:28:34,428 - cartpole_trpo_wandb_seed_4 - INFO - Episode 620: Reward=108.00, Length=108, Avg Reward (last 10)=122.60
2025-08-04 01:28:35,372 - cartpole_trpo_wandb_seed_4 - INFO - Step 67565: Avg Reward=125.25, Running Avg=102.16, Episodes=8
2025-08-04 01:28:40,707 - cartpole_trpo_wandb_seed_4 - INFO - Step 68646: Avg Reward=151.71, Running Avg=102.71, Episodes=7
2025-08-04 01:28:41,363 - cartpole_trpo_wandb_seed_4 - INFO - Episode 630: Reward=132.00, Length=132, Avg Reward (last 10)=146.70
2025-08-04 01:28:45,901 - cartpole_trpo_wandb_seed_4 - INFO - Step 69789: Avg Reward=138.25, Running Avg=103.16, Episodes=8
2025-08-04 01:28:49,967 - cartpole_trpo_wandb_seed_4 - INFO - Step 70789: Avg Reward=500.00, Running Avg=104.40, Episodes=2
2025-08-04 01:28:52,244 - cartpole_trpo_wandb_seed_4 - INFO - Episode 640: Reward=500.00, Length=500, Avg Reward (last 10)=247.40
2025-08-04 01:28:54,984 - cartpole_trpo_wandb_seed_4 - INFO - Step 71838: Avg Reward=252.75, Running Avg=105.32, Episodes=4
2025-08-04 01:29:00,914 - cartpole_trpo_wandb_seed_4 - INFO - Step 73155: Avg Reward=329.25, Running Avg=106.70, Episodes=4
2025-08-04 01:29:06,585 - cartpole_trpo_wandb_seed_4 - INFO - Step 74228: Avg Reward=500.00, Running Avg=107.91, Episodes=2
2025-08-04 01:29:07,565 - cartpole_trpo_wandb_seed_4 - INFO - Episode 650: Reward=500.00, Length=500, Avg Reward (last 10)=332.80
2025-08-04 01:29:08,504 - cartpole_trpo_wandb_seed_4 - INFO - Step 75228: Avg Reward=500.00, Running Avg=109.12, Episodes=2
2025-08-04 01:29:11,001 - cartpole_trpo_wandb_seed_4 - INFO - Step 76276: Avg Reward=500.00, Running Avg=110.31, Episodes=2
2025-08-04 01:29:12,794 - cartpole_trpo_wandb_seed_4 - INFO - Step 77276: Avg Reward=500.00, Running Avg=111.50, Episodes=2
2025-08-04 01:29:15,041 - cartpole_trpo_wandb_seed_4 - INFO - Step 78324: Avg Reward=500.00, Running Avg=112.68, Episodes=2
2025-08-04 01:29:16,806 - cartpole_trpo_wandb_seed_4 - INFO - Step 79324: Avg Reward=500.00, Running Avg=113.85, Episodes=2
2025-08-04 01:29:17,696 - cartpole_trpo_wandb_seed_4 - INFO - Episode 660: Reward=500.00, Length=500, Avg Reward (last 10)=500.00
2025-08-04 01:29:19,563 - cartpole_trpo_wandb_seed_4 - INFO - Step 80354: Avg Reward=491.00, Running Avg=114.99, Episodes=2
2025-08-04 01:29:21,286 - cartpole_trpo_wandb_seed_4 - INFO - Step 81354: Avg Reward=500.00, Running Avg=116.15, Episodes=2
2025-08-04 01:29:23,739 - cartpole_trpo_wandb_seed_4 - INFO - Step 82420: Avg Reward=500.00, Running Avg=117.30, Episodes=2
2025-08-04 01:29:25,489 - cartpole_trpo_wandb_seed_4 - INFO - Step 83420: Avg Reward=500.00, Running Avg=118.45, Episodes=2
2025-08-04 01:29:33,848 - cartpole_trpo_wandb_seed_4 - INFO - Step 84637: Avg Reward=389.67, Running Avg=119.66, Episodes=3
2025-08-04 01:29:33,850 - cartpole_trpo_wandb_seed_4 - INFO - Episode 670: Reward=500.00, Length=500, Avg Reward (last 10)=465.10
2025-08-04 01:29:36,005 - cartpole_trpo_wandb_seed_4 - INFO - Step 85811: Avg Reward=234.80, Running Avg=120.51, Episodes=5
2025-08-04 01:29:39,283 - cartpole_trpo_wandb_seed_4 - INFO - Step 87016: Avg Reward=381.33, Running Avg=121.67, Episodes=3
2025-08-04 01:29:40,966 - cartpole_trpo_wandb_seed_4 - INFO - Episode 680: Reward=449.00, Length=449, Avg Reward (last 10)=326.70
2025-08-04 01:29:41,984 - cartpole_trpo_wandb_seed_4 - INFO - Step 88219: Avg Reward=368.00, Running Avg=122.75, Episodes=3
2025-08-04 01:29:43,831 - cartpole_trpo_wandb_seed_4 - INFO - Step 89219: Avg Reward=500.00, Running Avg=123.85, Episodes=2
2025-08-04 01:29:46,919 - cartpole_trpo_wandb_seed_4 - INFO - Step 90612: Avg Reward=500.00, Running Avg=124.95, Episodes=2
2025-08-04 01:29:48,940 - cartpole_trpo_wandb_seed_4 - INFO - Step 91779: Avg Reward=389.00, Running Avg=126.10, Episodes=3
2025-08-04 01:29:51,925 - cartpole_trpo_wandb_seed_4 - INFO - Step 93160: Avg Reward=500.00, Running Avg=127.18, Episodes=2
2025-08-04 01:29:51,927 - cartpole_trpo_wandb_seed_4 - INFO - Episode 690: Reward=500.00, Length=500, Avg Reward (last 10)=432.20
2025-08-04 01:29:53,713 - cartpole_trpo_wandb_seed_4 - INFO - Step 94160: Avg Reward=500.00, Running Avg=128.26, Episodes=2
2025-08-04 01:29:55,776 - cartpole_trpo_wandb_seed_4 - INFO - Step 95208: Avg Reward=500.00, Running Avg=129.33, Episodes=2
2025-08-04 01:29:57,330 - cartpole_trpo_wandb_seed_4 - INFO - Step 96208: Avg Reward=500.00, Running Avg=130.39, Episodes=2
2025-08-04 01:29:59,603 - cartpole_trpo_wandb_seed_4 - INFO - Step 97256: Avg Reward=500.00, Running Avg=131.45, Episodes=2
2025-08-04 01:30:01,107 - cartpole_trpo_wandb_seed_4 - INFO - Step 98256: Avg Reward=500.00, Running Avg=132.50, Episodes=2
2025-08-04 01:30:01,109 - cartpole_trpo_wandb_seed_4 - INFO - Episode 700: Reward=500.00, Length=500, Avg Reward (last 10)=500.00
2025-08-04 01:30:03,543 - cartpole_trpo_wandb_seed_4 - INFO - Step 99304: Avg Reward=500.00, Running Avg=133.55, Episodes=2
2025-08-04 01:30:05,335 - cartpole_trpo_wandb_seed_4 - INFO - Step 100304: Avg Reward=500.00, Running Avg=134.59, Episodes=2
2025-08-04 01:30:07,732 - cartpole_trpo_wandb_seed_4 - INFO - Step 101352: Avg Reward=500.00, Running Avg=135.62, Episodes=2
2025-08-04 01:30:09,554 - cartpole_trpo_wandb_seed_4 - INFO - Step 102352: Avg Reward=500.00, Running Avg=136.65, Episodes=2
2025-08-04 01:30:11,858 - cartpole_trpo_wandb_seed_4 - INFO - Step 103400: Avg Reward=500.00, Running Avg=137.67, Episodes=2
2025-08-04 01:30:11,859 - cartpole_trpo_wandb_seed_4 - INFO - Episode 710: Reward=500.00, Length=500, Avg Reward (last 10)=500.00
2025-08-04 01:30:14,271 - cartpole_trpo_wandb_seed_4 - INFO - Step 104400: Avg Reward=500.00, Running Avg=138.69, Episodes=2
2025-08-04 01:30:40,315 - cartpole_trpo_wandb_seed_4 - INFO - Step 105448: Avg Reward=500.00, Running Avg=139.70, Episodes=2
2025-08-04 01:30:43,464 - cartpole_trpo_wandb_seed_4 - INFO - Step 106448: Avg Reward=500.00, Running Avg=140.70, Episodes=2
2025-08-04 01:30:48,961 - cartpole_trpo_wandb_seed_4 - INFO - Step 107496: Avg Reward=500.00, Running Avg=141.70, Episodes=2
2025-08-04 01:30:53,294 - cartpole_trpo_wandb_seed_4 - INFO - Step 108496: Avg Reward=500.00, Running Avg=142.69, Episodes=2
2025-08-04 01:30:53,295 - cartpole_trpo_wandb_seed_4 - INFO - Episode 720: Reward=500.00, Length=500, Avg Reward (last 10)=500.00
2025-08-04 01:30:58,629 - cartpole_trpo_wandb_seed_4 - INFO - Step 109544: Avg Reward=500.00, Running Avg=143.68, Episodes=2
2025-08-04 01:31:02,964 - cartpole_trpo_wandb_seed_4 - INFO - Step 110544: Avg Reward=500.00, Running Avg=144.67, Episodes=2
2025-08-04 01:31:08,406 - cartpole_trpo_wandb_seed_4 - INFO - Step 111592: Avg Reward=500.00, Running Avg=145.64, Episodes=2
2025-08-04 01:31:12,216 - cartpole_trpo_wandb_seed_4 - INFO - Step 112592: Avg Reward=500.00, Running Avg=146.62, Episodes=2
2025-08-04 01:31:17,210 - cartpole_trpo_wandb_seed_4 - INFO - Step 113640: Avg Reward=500.00, Running Avg=147.58, Episodes=2
2025-08-04 01:31:17,211 - cartpole_trpo_wandb_seed_4 - INFO - Episode 730: Reward=500.00, Length=500, Avg Reward (last 10)=500.00
2025-08-04 01:31:23,232 - cartpole_trpo_wandb_seed_4 - INFO - Step 115073: Avg Reward=328.00, Running Avg=148.32, Episodes=3
2025-08-04 01:31:28,347 - cartpole_trpo_wandb_seed_4 - INFO - Step 116208: Avg Reward=283.75, Running Avg=149.05, Episodes=4
2025-08-04 01:31:31,261 - cartpole_trpo_wandb_seed_4 - INFO - Episode 740: Reward=11.00, Length=11, Avg Reward (last 10)=258.40
2025-08-04 01:31:31,755 - cartpole_trpo_wandb_seed_4 - INFO - Episode 750: Reward=13.00, Length=13, Avg Reward (last 10)=11.60
2025-08-04 01:31:32,243 - cartpole_trpo_wandb_seed_4 - INFO - Episode 760: Reward=9.00, Length=9, Avg Reward (last 10)=11.40
2025-08-04 01:31:32,739 - cartpole_trpo_wandb_seed_4 - INFO - Episode 770: Reward=9.00, Length=9, Avg Reward (last 10)=11.40
2025-08-04 01:31:33,231 - cartpole_trpo_wandb_seed_4 - INFO - Episode 780: Reward=9.00, Length=9, Avg Reward (last 10)=10.90
2025-08-04 01:31:33,269 - cartpole_trpo_wandb_seed_4 - INFO - Step 117213: Avg Reward=21.16, Running Avg=141.86, Episodes=44
2025-08-04 01:31:33,767 - cartpole_trpo_wandb_seed_4 - INFO - Episode 790: Reward=14.00, Length=14, Avg Reward (last 10)=11.50
2025-08-04 01:31:34,299 - cartpole_trpo_wandb_seed_4 - INFO - Episode 800: Reward=12.00, Length=12, Avg Reward (last 10)=12.40
2025-08-04 01:31:34,814 - cartpole_trpo_wandb_seed_4 - INFO - Episode 810: Reward=9.00, Length=9, Avg Reward (last 10)=11.10
2025-08-04 01:31:35,350 - cartpole_trpo_wandb_seed_4 - INFO - Episode 820: Reward=14.00, Length=14, Avg Reward (last 10)=11.50
2025-08-04 01:31:35,904 - cartpole_trpo_wandb_seed_4 - INFO - Episode 830: Reward=12.00, Length=12, Avg Reward (last 10)=11.20
2025-08-04 01:31:36,484 - cartpole_trpo_wandb_seed_4 - INFO - Episode 840: Reward=13.00, Length=13, Avg Reward (last 10)=11.40
2025-08-04 01:31:37,004 - cartpole_trpo_wandb_seed_4 - INFO - Episode 850: Reward=10.00, Length=10, Avg Reward (last 10)=10.30
2025-08-04 01:31:37,523 - cartpole_trpo_wandb_seed_4 - INFO - Episode 860: Reward=10.00, Length=10, Avg Reward (last 10)=11.00
2025-08-04 01:31:38,035 - cartpole_trpo_wandb_seed_4 - INFO - Step 118215: Avg Reward=11.39, Running Avg=128.66, Episodes=88
2025-08-04 01:31:38,091 - cartpole_trpo_wandb_seed_4 - INFO - Episode 870: Reward=14.00, Length=14, Avg Reward (last 10)=12.50
2025-08-04 01:31:38,668 - cartpole_trpo_wandb_seed_4 - INFO - Episode 880: Reward=12.00, Length=12, Avg Reward (last 10)=11.70
2025-08-04 01:31:39,229 - cartpole_trpo_wandb_seed_4 - INFO - Episode 890: Reward=10.00, Length=10, Avg Reward (last 10)=12.00
2025-08-04 01:31:39,676 - cartpole_trpo_wandb_seed_4 - INFO - Episode 900: Reward=15.00, Length=15, Avg Reward (last 10)=11.00
2025-08-04 01:31:40,264 - cartpole_trpo_wandb_seed_4 - INFO - Episode 910: Reward=14.00, Length=14, Avg Reward (last 10)=12.10
2025-08-04 01:31:41,602 - cartpole_trpo_wandb_seed_4 - INFO - Episode 920: Reward=15.00, Length=15, Avg Reward (last 10)=11.90
2025-08-04 01:31:42,184 - cartpole_trpo_wandb_seed_4 - INFO - Episode 930: Reward=12.00, Length=12, Avg Reward (last 10)=13.90
2025-08-04 01:31:42,844 - cartpole_trpo_wandb_seed_4 - INFO - Episode 940: Reward=20.00, Length=20, Avg Reward (last 10)=13.50
2025-08-04 01:31:43,374 - cartpole_trpo_wandb_seed_4 - INFO - Step 119222: Avg Reward=12.47, Running Avg=118.88, Episodes=80
2025-08-04 01:31:43,439 - cartpole_trpo_wandb_seed_4 - INFO - Episode 950: Reward=15.00, Length=15, Avg Reward (last 10)=13.80
2025-08-04 01:31:44,063 - cartpole_trpo_wandb_seed_4 - INFO - Episode 960: Reward=13.00, Length=13, Avg Reward (last 10)=14.00
2025-08-04 01:31:44,591 - cartpole_trpo_wandb_seed_4 - INFO - Episode 970: Reward=14.00, Length=14, Avg Reward (last 10)=12.40
2025-08-04 01:31:45,290 - cartpole_trpo_wandb_seed_4 - INFO - Episode 980: Reward=15.00, Length=15, Avg Reward (last 10)=15.70
2025-08-04 01:31:45,979 - cartpole_trpo_wandb_seed_4 - INFO - Episode 990: Reward=12.00, Length=12, Avg Reward (last 10)=15.20
2025-08-04 01:31:46,668 - cartpole_trpo_wandb_seed_4 - INFO - Episode 1000: Reward=12.00, Length=12, Avg Reward (last 10)=14.60
2025-08-04 01:31:47,428 - cartpole_trpo_wandb_seed_4 - INFO - Episode 1010: Reward=10.00, Length=10, Avg Reward (last 10)=18.40
2025-08-04 01:31:47,900 - cartpole_trpo_wandb_seed_4 - INFO - Step 120231: Avg Reward=15.06, Running Avg=112.04, Episodes=67
2025-08-04 01:31:48,105 - cartpole_trpo_wandb_seed_4 - INFO - Episode 1020: Reward=13.00, Length=13, Avg Reward (last 10)=14.80
2025-08-04 01:31:48,935 - cartpole_trpo_wandb_seed_4 - INFO - Episode 1030: Reward=13.00, Length=13, Avg Reward (last 10)=16.60
2025-08-04 01:31:51,572 - cartpole_trpo_wandb_seed_4 - INFO - Episode 1040: Reward=19.00, Length=19, Avg Reward (last 10)=43.90
2025-08-04 01:31:52,570 - cartpole_trpo_wandb_seed_4 - INFO - Episode 1050: Reward=13.00, Length=13, Avg Reward (last 10)=20.60
2025-08-04 01:31:55,175 - cartpole_trpo_wandb_seed_4 - INFO - Step 121689: Avg Reward=35.39, Running Avg=109.07, Episodes=41
2025-08-04 01:31:55,424 - cartpole_trpo_wandb_seed_4 - INFO - Episode 1060: Reward=16.00, Length=16, Avg Reward (last 10)=62.60
2025-08-04 01:31:58,332 - cartpole_trpo_wandb_seed_4 - INFO - Episode 1070: Reward=19.00, Length=19, Avg Reward (last 10)=64.20
2025-08-04 01:31:59,229 - cartpole_trpo_wandb_seed_4 - INFO - Episode 1080: Reward=12.00, Length=12, Avg Reward (last 10)=19.50
2025-08-04 01:32:01,457 - cartpole_trpo_wandb_seed_4 - INFO - Step 122893: Avg Reward=34.00, Running Avg=107.13, Episodes=28
2025-08-04 01:32:01,811 - cartpole_trpo_wandb_seed_4 - INFO - Episode 1090: Reward=17.00, Length=17, Avg Reward (last 10)=15.00
2025-08-04 01:32:04,840 - cartpole_trpo_wandb_seed_4 - INFO - Episode 1100: Reward=12.00, Length=12, Avg Reward (last 10)=64.20
2025-08-04 01:32:07,226 - cartpole_trpo_wandb_seed_4 - INFO - Step 124155: Avg Reward=66.42, Running Avg=106.43, Episodes=19
2025-08-04 01:32:09,327 - cartpole_trpo_wandb_seed_4 - INFO - Episode 1110: Reward=11.00, Length=11, Avg Reward (last 10)=113.30
2025-08-04 01:32:16,055 - cartpole_trpo_wandb_seed_4 - INFO - Step 125482: Avg Reward=105.09, Running Avg=106.42, Episodes=11
2025-08-04 01:32:20,682 - cartpole_trpo_wandb_seed_4 - INFO - Step 126533: Avg Reward=210.20, Running Avg=106.88, Episodes=5
2025-08-04 01:32:20,683 - cartpole_trpo_wandb_seed_4 - INFO - Episode 1120: Reward=500.00, Length=500, Avg Reward (last 10)=161.60
2025-08-04 01:32:27,780 - cartpole_trpo_wandb_seed_4 - INFO - Step 127976: Avg Reward=338.67, Running Avg=107.50, Episodes=3
2025-08-04 01:32:32,516 - cartpole_trpo_wandb_seed_4 - INFO - Step 128995: Avg Reward=339.67, Running Avg=108.12, Episodes=3
2025-08-04 01:32:37,871 - cartpole_trpo_wandb_seed_4 - INFO - Step 130024: Avg Reward=338.67, Running Avg=108.73, Episodes=3
2025-08-04 01:32:40,098 - cartpole_trpo_wandb_seed_4 - INFO - Episode 1130: Reward=500.00, Length=500, Avg Reward (last 10)=355.10
2025-08-04 01:32:42,325 - cartpole_trpo_wandb_seed_4 - INFO - Step 131024: Avg Reward=500.00, Running Avg=109.42, Episodes=2
2025-08-04 01:32:47,669 - cartpole_trpo_wandb_seed_4 - INFO - Step 132072: Avg Reward=500.00, Running Avg=110.11, Episodes=2
2025-08-04 01:32:51,812 - cartpole_trpo_wandb_seed_4 - INFO - Step 133072: Avg Reward=500.00, Running Avg=110.80, Episodes=2
2025-08-04 01:32:57,016 - cartpole_trpo_wandb_seed_4 - INFO - Step 134120: Avg Reward=500.00, Running Avg=111.48, Episodes=2
2025-08-04 01:33:00,445 - cartpole_trpo_wandb_seed_4 - INFO - Step 135120: Avg Reward=500.00, Running Avg=112.16, Episodes=2
2025-08-04 01:33:02,527 - cartpole_trpo_wandb_seed_4 - INFO - Episode 1140: Reward=500.00, Length=500, Avg Reward (last 10)=500.00
2025-08-04 01:33:03,431 - cartpole_trpo_wandb_seed_4 - INFO - Step 136168: Avg Reward=500.00, Running Avg=112.84, Episodes=2
2025-08-04 01:33:04,551 - cartpole_trpo_wandb_seed_4 - INFO - Step 137168: Avg Reward=500.00, Running Avg=113.52, Episodes=2
2025-08-04 01:33:06,620 - cartpole_trpo_wandb_seed_4 - INFO - Step 138216: Avg Reward=500.00, Running Avg=114.19, Episodes=2
2025-08-04 01:33:08,396 - cartpole_trpo_wandb_seed_4 - INFO - Step 139216: Avg Reward=500.00, Running Avg=114.86, Episodes=2
2025-08-04 01:33:10,826 - cartpole_trpo_wandb_seed_4 - INFO - Step 140264: Avg Reward=500.00, Running Avg=115.53, Episodes=2
2025-08-04 01:33:11,706 - cartpole_trpo_wandb_seed_4 - INFO - Episode 1150: Reward=500.00, Length=500, Avg Reward (last 10)=500.00
2025-08-04 01:33:12,587 - cartpole_trpo_wandb_seed_4 - INFO - Step 141264: Avg Reward=500.00, Running Avg=116.20, Episodes=2
2025-08-04 01:33:15,088 - cartpole_trpo_wandb_seed_4 - INFO - Step 142312: Avg Reward=500.00, Running Avg=116.87, Episodes=2
2025-08-04 01:33:16,924 - cartpole_trpo_wandb_seed_4 - INFO - Step 143312: Avg Reward=500.00, Running Avg=117.53, Episodes=2
2025-08-04 01:33:19,422 - cartpole_trpo_wandb_seed_4 - INFO - Step 144360: Avg Reward=500.00, Running Avg=118.19, Episodes=2
2025-08-04 01:33:21,193 - cartpole_trpo_wandb_seed_4 - INFO - Step 145360: Avg Reward=500.00, Running Avg=118.85, Episodes=2
2025-08-04 01:33:30,616 - cartpole_trpo_wandb_seed_4 - INFO - Episode 1160: Reward=500.00, Length=500, Avg Reward (last 10)=500.00
2025-08-04 01:33:31,147 - cartpole_trpo_wandb_seed_4 - INFO - Step 146408: Avg Reward=500.00, Running Avg=119.51, Episodes=2
2025-08-04 01:33:32,386 - cartpole_trpo_wandb_seed_4 - INFO - Step 147408: Avg Reward=500.00, Running Avg=120.16, Episodes=2
2025-08-04 01:33:34,840 - cartpole_trpo_wandb_seed_4 - INFO - Step 148456: Avg Reward=500.00, Running Avg=120.81, Episodes=2
2025-08-04 01:33:36,332 - cartpole_trpo_wandb_seed_4 - INFO - Step 149456: Avg Reward=500.00, Running Avg=121.46, Episodes=2
2025-08-04 01:33:38,711 - cartpole_trpo_wandb_seed_4 - INFO - Step 150504: Avg Reward=500.00, Running Avg=122.11, Episodes=2
2025-08-04 01:33:39,591 - cartpole_trpo_wandb_seed_4 - INFO - Episode 1170: Reward=500.00, Length=500, Avg Reward (last 10)=500.00
2025-08-04 01:33:40,474 - cartpole_trpo_wandb_seed_4 - INFO - Step 151504: Avg Reward=500.00, Running Avg=122.75, Episodes=2
2025-08-04 01:33:42,851 - cartpole_trpo_wandb_seed_4 - INFO - Step 152552: Avg Reward=500.00, Running Avg=123.39, Episodes=2
2025-08-04 01:33:44,711 - cartpole_trpo_wandb_seed_4 - INFO - Step 153552: Avg Reward=500.00, Running Avg=124.03, Episodes=2
2025-08-04 01:33:47,219 - cartpole_trpo_wandb_seed_4 - INFO - Step 154600: Avg Reward=500.00, Running Avg=124.67, Episodes=2
2025-08-04 01:33:48,996 - cartpole_trpo_wandb_seed_4 - INFO - Step 155600: Avg Reward=500.00, Running Avg=125.31, Episodes=2
2025-08-04 01:33:50,497 - cartpole_trpo_wandb_seed_4 - INFO - Episode 1180: Reward=500.00, Length=500, Avg Reward (last 10)=500.00
2025-08-04 01:33:51,418 - cartpole_trpo_wandb_seed_4 - INFO - Step 156648: Avg Reward=500.00, Running Avg=125.94, Episodes=2
2025-08-04 01:33:53,210 - cartpole_trpo_wandb_seed_4 - INFO - Step 157648: Avg Reward=500.00, Running Avg=126.58, Episodes=2
2025-08-04 01:33:55,536 - cartpole_trpo_wandb_seed_4 - INFO - Step 158696: Avg Reward=500.00, Running Avg=127.20, Episodes=2
2025-08-04 01:33:57,119 - cartpole_trpo_wandb_seed_4 - INFO - Step 159696: Avg Reward=500.00, Running Avg=127.83, Episodes=2
2025-08-04 01:33:59,598 - cartpole_trpo_wandb_seed_4 - INFO - Step 160744: Avg Reward=500.00, Running Avg=128.46, Episodes=2
2025-08-04 01:34:00,491 - cartpole_trpo_wandb_seed_4 - INFO - Episode 1190: Reward=500.00, Length=500, Avg Reward (last 10)=500.00
2025-08-04 01:34:01,390 - cartpole_trpo_wandb_seed_4 - INFO - Step 161744: Avg Reward=500.00, Running Avg=129.08, Episodes=2
2025-08-04 01:34:03,762 - cartpole_trpo_wandb_seed_4 - INFO - Step 162792: Avg Reward=500.00, Running Avg=129.70, Episodes=2
2025-08-04 01:34:05,543 - cartpole_trpo_wandb_seed_4 - INFO - Step 163792: Avg Reward=500.00, Running Avg=130.32, Episodes=2
2025-08-04 01:34:07,980 - cartpole_trpo_wandb_seed_4 - INFO - Step 164840: Avg Reward=500.00, Running Avg=130.94, Episodes=2
2025-08-04 01:34:09,751 - cartpole_trpo_wandb_seed_4 - INFO - Step 165840: Avg Reward=500.00, Running Avg=131.55, Episodes=2
2025-08-04 01:34:28,588 - cartpole_trpo_wandb_seed_4 - INFO - Episode 1200: Reward=411.00, Length=411, Avg Reward (last 10)=491.10
2025-08-04 01:34:30,879 - cartpole_trpo_wandb_seed_4 - INFO - Step 166970: Avg Reward=360.67, Running Avg=132.13, Episodes=3
2025-08-04 01:34:36,992 - cartpole_trpo_wandb_seed_4 - INFO - Step 168436: Avg Reward=500.00, Running Avg=132.74, Episodes=2
2025-08-04 01:34:41,287 - cartpole_trpo_wandb_seed_4 - INFO - Step 169436: Avg Reward=500.00, Running Avg=133.34, Episodes=2
2025-08-04 01:34:45,823 - cartpole_trpo_wandb_seed_4 - INFO - Step 170484: Avg Reward=449.00, Running Avg=133.87, Episodes=2
2025-08-04 01:34:50,056 - cartpole_trpo_wandb_seed_4 - INFO - Step 171484: Avg Reward=500.00, Running Avg=134.47, Episodes=2
2025-08-04 01:34:50,057 - cartpole_trpo_wandb_seed_4 - INFO - Episode 1210: Reward=500.00, Length=500, Avg Reward (last 10)=456.90
2025-08-04 01:34:54,485 - cartpole_trpo_wandb_seed_4 - INFO - Step 172532: Avg Reward=500.00, Running Avg=135.07, Episodes=2
2025-08-04 01:34:59,039 - cartpole_trpo_wandb_seed_4 - INFO - Step 173532: Avg Reward=500.00, Running Avg=135.67, Episodes=2
2025-08-04 01:35:04,538 - cartpole_trpo_wandb_seed_4 - INFO - Step 174580: Avg Reward=500.00, Running Avg=136.27, Episodes=2
2025-08-04 01:35:09,003 - cartpole_trpo_wandb_seed_4 - INFO - Step 175580: Avg Reward=500.00, Running Avg=136.87, Episodes=2
2025-08-04 01:35:14,332 - cartpole_trpo_wandb_seed_4 - INFO - Step 176628: Avg Reward=500.00, Running Avg=137.47, Episodes=2
2025-08-04 01:35:14,334 - cartpole_trpo_wandb_seed_4 - INFO - Episode 1220: Reward=500.00, Length=500, Avg Reward (last 10)=500.00
2025-08-04 01:35:19,491 - cartpole_trpo_wandb_seed_4 - INFO - Step 177813: Avg Reward=395.00, Running Avg=138.10, Episodes=3
2025-08-04 01:35:25,714 - cartpole_trpo_wandb_seed_4 - INFO - Step 179176: Avg Reward=500.00, Running Avg=138.69, Episodes=2
2025-08-04 01:35:30,185 - cartpole_trpo_wandb_seed_4 - INFO - Step 180176: Avg Reward=500.00, Running Avg=139.28, Episodes=2
2025-08-04 01:35:36,928 - cartpole_trpo_wandb_seed_4 - INFO - Step 181577: Avg Reward=451.00, Running Avg=140.03, Episodes=3
2025-08-04 01:35:36,928 - cartpole_trpo_wandb_seed_4 - INFO - Episode 1230: Reward=450.00, Length=450, Avg Reward (last 10)=453.80
2025-08-04 01:35:41,708 - cartpole_trpo_wandb_seed_4 - INFO - Step 182755: Avg Reward=491.50, Running Avg=140.61, Episodes=2
2025-08-04 01:35:47,679 - cartpole_trpo_wandb_seed_4 - INFO - Step 184134: Avg Reward=459.67, Running Avg=141.38, Episodes=3
2025-08-04 01:35:53,374 - cartpole_trpo_wandb_seed_4 - INFO - Step 185255: Avg Reward=311.67, Running Avg=141.79, Episodes=3
2025-08-04 01:35:56,400 - cartpole_trpo_wandb_seed_4 - INFO - Episode 1240: Reward=403.00, Length=403, Avg Reward (last 10)=396.20
2025-08-04 01:36:14,695 - cartpole_trpo_wandb_seed_4 - INFO - Step 186656: Avg Reward=313.50, Running Avg=142.34, Episodes=4
2025-08-04 01:36:19,757 - cartpole_trpo_wandb_seed_4 - INFO - Step 187812: Avg Reward=289.00, Running Avg=142.81, Episodes=4
2025-08-04 01:36:25,624 - cartpole_trpo_wandb_seed_4 - INFO - Step 188935: Avg Reward=318.67, Running Avg=143.24, Episodes=3
2025-08-04 01:36:26,983 - cartpole_trpo_wandb_seed_4 - INFO - Episode 1250: Reward=299.00, Length=299, Avg Reward (last 10)=300.00
2025-08-04 01:36:30,713 - cartpole_trpo_wandb_seed_4 - INFO - Step 190112: Avg Reward=294.25, Running Avg=143.72, Episodes=4
2025-08-04 01:36:35,969 - cartpole_trpo_wandb_seed_4 - INFO - Step 191125: Avg Reward=219.75, Running Avg=143.96, Episodes=4
2025-08-04 01:36:39,530 - cartpole_trpo_wandb_seed_4 - INFO - Episode 1260: Reward=230.00, Length=230, Avg Reward (last 10)=256.70
2025-08-04 01:36:40,922 - cartpole_trpo_wandb_seed_4 - INFO - Step 192253: Avg Reward=282.00, Running Avg=144.40, Episodes=4
2025-08-04 01:36:46,999 - cartpole_trpo_wandb_seed_4 - INFO - Step 193480: Avg Reward=241.80, Running Avg=144.78, Episodes=5
2025-08-04 01:36:51,505 - cartpole_trpo_wandb_seed_4 - INFO - Step 194542: Avg Reward=265.50, Running Avg=145.16, Episodes=4
2025-08-04 01:36:51,506 - cartpole_trpo_wandb_seed_4 - INFO - Episode 1270: Reward=195.00, Length=195, Avg Reward (last 10)=258.90
2025-08-04 01:36:56,757 - cartpole_trpo_wandb_seed_4 - INFO - Step 195561: Avg Reward=250.25, Running Avg=145.49, Episodes=4
2025-08-04 01:37:01,174 - cartpole_trpo_wandb_seed_4 - INFO - Step 196585: Avg Reward=256.00, Running Avg=145.84, Episodes=4
2025-08-04 01:37:03,026 - cartpole_trpo_wandb_seed_4 - INFO - Episode 1280: Reward=360.00, Length=360, Avg Reward (last 10)=271.30
2025-08-04 01:37:04,023 - cartpole_trpo_wandb_seed_4 - INFO - Step 197846: Avg Reward=309.50, Running Avg=146.35, Episodes=4
2025-08-04 01:37:06,611 - cartpole_trpo_wandb_seed_4 - INFO - Step 198987: Avg Reward=302.67, Running Avg=146.71, Episodes=3
2025-08-04 01:37:08,556 - cartpole_trpo_wandb_seed_4 - INFO - Step 200099: Avg Reward=278.00, Running Avg=147.12, Episodes=4
2025-08-04 01:37:09,099 - cartpole_trpo_wandb_seed_4 - INFO - Episode 1290: Reward=305.00, Length=305, Avg Reward (last 10)=287.50
2025-08-04 01:37:11,185 - cartpole_trpo_wandb_seed_4 - INFO - Step 201227: Avg Reward=267.75, Running Avg=147.49, Episodes=4
2025-08-04 01:37:13,180 - cartpole_trpo_wandb_seed_4 - INFO - Step 202477: Avg Reward=416.67, Running Avg=148.11, Episodes=3
2025-08-04 01:37:15,725 - cartpole_trpo_wandb_seed_4 - INFO - Step 203820: Avg Reward=356.00, Running Avg=148.59, Episodes=3
2025-08-04 01:37:16,433 - cartpole_trpo_wandb_seed_4 - INFO - Episode 1300: Reward=465.00, Length=465, Avg Reward (last 10)=354.90
2025-08-04 01:37:17,925 - cartpole_trpo_wandb_seed_4 - INFO - Metrics saved to results/cartpole_trpo_wandb/seed_4/metrics.json
2025-08-04 01:37:20,484 - cartpole_trpo_wandb_seed_4 - INFO - Experiment completed.
