2025-08-04 01:14:21,884 - cartpole_trpo_wandb_seed_3 - INFO - Hyperparameters:
2025-08-04 01:14:21,884 - cartpole_trpo_wandb_seed_3 - INFO -   environment: {'name': 'CartPole-v1', 'seed': 42}
2025-08-04 01:14:21,884 - cartpole_trpo_wandb_seed_3 - INFO -   algorithm: {'name': 'TRPO', 'lr': '3e-4', 'gamma': 0.99, 'gae_lambda': 0.95, 'max_kl': 0.01, 'damping': 0.2, 'has_continuous_action_space': False, 'action_std_init': 0.6}
2025-08-04 01:14:21,885 - cartpole_trpo_wandb_seed_3 - INFO -   network: {'hidden_dims': [64, 64], 'activation': 'tanh'}
2025-08-04 01:14:21,885 - cartpole_trpo_wandb_seed_3 - INFO -   training: {'max_episodes': 100, 'max_steps_per_episode': 500, 'update_interval': 2048, 'eval_interval': 10, 'save_interval': 300, 'log_interval': 10}
2025-08-04 01:14:21,885 - cartpole_trpo_wandb_seed_3 - INFO -   experiment: {'name': 'cartpole_trpo_wandb', 'seeds': [0, 1, 2, 3, 4], 'device': 'cuda', 'save_dir': 'results/cartpole_trpo_wandb'}
2025-08-04 01:14:21,885 - cartpole_trpo_wandb_seed_3 - INFO -   logging: {'tensorboard': False, 'save_metrics': True, 'plot_interval': 25, 'use_wandb': True, 'wandb_project': 'rl-framework-cartpole', 'wandb_entity': 'tatalintelli-university-of-seoul', 'enable_step_logging': True, 'step_log_interval': 1000}
2025-08-04 01:14:21,932 - cartpole_trpo_wandb_seed_3 - INFO - Episode 0: Reward=28.00, Length=28, Avg Reward (last 10)=28.00
2025-08-04 01:14:22,204 - cartpole_trpo_wandb_seed_3 - INFO - Episode 10: Reward=22.00, Length=22, Avg Reward (last 10)=16.80
2025-08-04 01:14:22,568 - cartpole_trpo_wandb_seed_3 - INFO - Episode 20: Reward=15.00, Length=15, Avg Reward (last 10)=23.10
2025-08-04 01:14:22,888 - cartpole_trpo_wandb_seed_3 - INFO - Episode 30: Reward=32.00, Length=32, Avg Reward (last 10)=20.40
2025-08-04 01:14:23,273 - cartpole_trpo_wandb_seed_3 - INFO - Episode 40: Reward=30.00, Length=30, Avg Reward (last 10)=24.60
2025-08-04 01:14:23,484 - cartpole_trpo_wandb_seed_3 - INFO - Step 1011: Avg Reward=21.98, Running Avg=21.98, Episodes=46
2025-08-04 01:14:23,633 - cartpole_trpo_wandb_seed_3 - INFO - Episode 50: Reward=36.00, Length=36, Avg Reward (last 10)=22.90
2025-08-04 01:14:23,915 - cartpole_trpo_wandb_seed_3 - INFO - Episode 60: Reward=11.00, Length=11, Avg Reward (last 10)=17.90
2025-08-04 01:14:24,359 - cartpole_trpo_wandb_seed_3 - INFO - Episode 70: Reward=16.00, Length=16, Avg Reward (last 10)=28.60
2025-08-04 01:14:24,673 - cartpole_trpo_wandb_seed_3 - INFO - Episode 80: Reward=17.00, Length=17, Avg Reward (last 10)=20.50
2025-08-04 01:14:25,043 - cartpole_trpo_wandb_seed_3 - INFO - Step 2019: Avg Reward=23.44, Running Avg=22.69, Episodes=43
2025-08-04 01:14:25,082 - cartpole_trpo_wandb_seed_3 - INFO - Episode 90: Reward=12.00, Length=12, Avg Reward (last 10)=26.70
2025-08-04 01:14:26,210 - cartpole_trpo_wandb_seed_3 - INFO - Episode 100: Reward=22.00, Length=22, Avg Reward (last 10)=21.30
2025-08-04 01:14:26,524 - cartpole_trpo_wandb_seed_3 - INFO - Episode 110: Reward=30.00, Length=30, Avg Reward (last 10)=19.60
2025-08-04 01:14:26,838 - cartpole_trpo_wandb_seed_3 - INFO - Episode 120: Reward=11.00, Length=11, Avg Reward (last 10)=20.30
2025-08-04 01:14:27,236 - cartpole_trpo_wandb_seed_3 - INFO - Episode 130: Reward=24.00, Length=24, Avg Reward (last 10)=25.20
2025-08-04 01:14:27,406 - cartpole_trpo_wandb_seed_3 - INFO - Step 3023: Avg Reward=21.26, Running Avg=22.19, Episodes=47
2025-08-04 01:14:27,569 - cartpole_trpo_wandb_seed_3 - INFO - Episode 140: Reward=14.00, Length=14, Avg Reward (last 10)=21.50
2025-08-04 01:14:27,884 - cartpole_trpo_wandb_seed_3 - INFO - Episode 150: Reward=23.00, Length=23, Avg Reward (last 10)=19.60
2025-08-04 01:14:28,285 - cartpole_trpo_wandb_seed_3 - INFO - Episode 160: Reward=16.00, Length=16, Avg Reward (last 10)=23.10
2025-08-04 01:14:28,721 - cartpole_trpo_wandb_seed_3 - INFO - Episode 170: Reward=72.00, Length=72, Avg Reward (last 10)=24.70
2025-08-04 01:14:29,071 - cartpole_trpo_wandb_seed_3 - INFO - Episode 180: Reward=32.00, Length=32, Avg Reward (last 10)=20.10
2025-08-04 01:14:29,109 - cartpole_trpo_wandb_seed_3 - INFO - Step 4023: Avg Reward=21.74, Running Avg=22.08, Episodes=46
2025-08-04 01:14:30,309 - cartpole_trpo_wandb_seed_3 - INFO - Episode 190: Reward=45.00, Length=45, Avg Reward (last 10)=33.60
2025-08-04 01:14:30,886 - cartpole_trpo_wandb_seed_3 - INFO - Episode 200: Reward=31.00, Length=31, Avg Reward (last 10)=26.80
2025-08-04 01:14:31,230 - cartpole_trpo_wandb_seed_3 - INFO - Episode 210: Reward=10.00, Length=10, Avg Reward (last 10)=18.60
2025-08-04 01:14:31,692 - cartpole_trpo_wandb_seed_3 - INFO - Step 5053: Avg Reward=27.49, Running Avg=22.99, Episodes=37
2025-08-04 01:14:31,749 - cartpole_trpo_wandb_seed_3 - INFO - Episode 220: Reward=17.00, Length=17, Avg Reward (last 10)=27.90
2025-08-04 01:14:32,188 - cartpole_trpo_wandb_seed_3 - INFO - Episode 230: Reward=14.00, Length=14, Avg Reward (last 10)=24.10
2025-08-04 01:14:32,688 - cartpole_trpo_wandb_seed_3 - INFO - Episode 240: Reward=26.00, Length=26, Avg Reward (last 10)=26.50
2025-08-04 01:14:33,144 - cartpole_trpo_wandb_seed_3 - INFO - Episode 250: Reward=37.00, Length=37, Avg Reward (last 10)=25.60
2025-08-04 01:14:33,523 - cartpole_trpo_wandb_seed_3 - INFO - Step 6060: Avg Reward=25.18, Running Avg=23.33, Episodes=40
2025-08-04 01:14:33,613 - cartpole_trpo_wandb_seed_3 - INFO - Episode 260: Reward=33.00, Length=33, Avg Reward (last 10)=26.40
2025-08-04 01:14:34,810 - cartpole_trpo_wandb_seed_3 - INFO - Episode 270: Reward=21.00, Length=21, Avg Reward (last 10)=30.60
2025-08-04 01:14:35,261 - cartpole_trpo_wandb_seed_3 - INFO - Episode 280: Reward=21.00, Length=21, Avg Reward (last 10)=24.70
2025-08-04 01:14:35,951 - cartpole_trpo_wandb_seed_3 - INFO - Step 7082: Avg Reward=30.88, Running Avg=24.16, Episodes=32
2025-08-04 01:14:35,952 - cartpole_trpo_wandb_seed_3 - INFO - Episode 290: Reward=63.00, Length=63, Avg Reward (last 10)=38.50
2025-08-04 01:14:36,852 - cartpole_trpo_wandb_seed_3 - INFO - Episode 300: Reward=26.00, Length=26, Avg Reward (last 10)=33.10
2025-08-04 01:14:37,385 - cartpole_trpo_wandb_seed_3 - INFO - Episode 310: Reward=14.00, Length=14, Avg Reward (last 10)=29.20
2025-08-04 01:14:38,094 - cartpole_trpo_wandb_seed_3 - INFO - Step 8096: Avg Reward=34.97, Running Avg=25.14, Episodes=29
2025-08-04 01:14:38,146 - cartpole_trpo_wandb_seed_3 - INFO - Episode 320: Reward=28.00, Length=28, Avg Reward (last 10)=41.90
2025-08-04 01:14:39,560 - cartpole_trpo_wandb_seed_3 - INFO - Episode 330: Reward=59.00, Length=59, Avg Reward (last 10)=45.20
2025-08-04 01:14:40,181 - cartpole_trpo_wandb_seed_3 - INFO - Episode 340: Reward=17.00, Length=17, Avg Reward (last 10)=35.20
2025-08-04 01:14:40,536 - cartpole_trpo_wandb_seed_3 - INFO - Step 9126: Avg Reward=42.67, Running Avg=26.36, Episodes=24
2025-08-04 01:14:41,024 - cartpole_trpo_wandb_seed_3 - INFO - Episode 350: Reward=46.00, Length=46, Avg Reward (last 10)=45.70
2025-08-04 01:14:42,120 - cartpole_trpo_wandb_seed_3 - INFO - Episode 360: Reward=100.00, Length=100, Avg Reward (last 10)=62.50
2025-08-04 01:14:42,320 - cartpole_trpo_wandb_seed_3 - INFO - Step 10126: Avg Reward=50.00, Running Avg=27.66, Episodes=20
2025-08-04 01:14:43,914 - cartpole_trpo_wandb_seed_3 - INFO - Episode 370: Reward=97.00, Length=97, Avg Reward (last 10)=64.00
2025-08-04 01:14:44,676 - cartpole_trpo_wandb_seed_3 - INFO - Step 11140: Avg Reward=88.00, Running Avg=29.43, Episodes=11
2025-08-04 01:14:45,830 - cartpole_trpo_wandb_seed_3 - INFO - Episode 380: Reward=26.00, Length=26, Avg Reward (last 10)=107.50
2025-08-04 01:14:46,672 - cartpole_trpo_wandb_seed_3 - INFO - Step 12256: Avg Reward=93.00, Running Avg=31.40, Episodes=12
2025-08-04 01:14:47,614 - cartpole_trpo_wandb_seed_3 - INFO - Episode 390: Reward=48.00, Length=48, Avg Reward (last 10)=63.70
2025-08-04 01:14:49,044 - cartpole_trpo_wandb_seed_3 - INFO - Step 13260: Avg Reward=108.00, Running Avg=33.14, Episodes=9
2025-08-04 01:14:49,862 - cartpole_trpo_wandb_seed_3 - INFO - Episode 400: Reward=14.00, Length=14, Avg Reward (last 10)=127.80
2025-08-04 01:14:51,969 - cartpole_trpo_wandb_seed_3 - INFO - Step 14579: Avg Reward=99.25, Running Avg=35.09, Episodes=12
2025-08-04 01:14:53,101 - cartpole_trpo_wandb_seed_3 - INFO - Episode 410: Reward=238.00, Length=238, Avg Reward (last 10)=133.10
2025-08-04 01:14:53,915 - cartpole_trpo_wandb_seed_3 - INFO - Step 15639: Avg Reward=212.00, Running Avg=37.23, Episodes=5
2025-08-04 01:14:57,063 - cartpole_trpo_wandb_seed_3 - INFO - Step 17075: Avg Reward=159.75, Running Avg=39.56, Episodes=8
2025-08-04 01:14:57,064 - cartpole_trpo_wandb_seed_3 - INFO - Episode 420: Reward=500.00, Length=500, Avg Reward (last 10)=173.40
2025-08-04 01:14:59,070 - cartpole_trpo_wandb_seed_3 - INFO - Step 18207: Avg Reward=226.40, Running Avg=41.75, Episodes=5
2025-08-04 01:15:01,606 - cartpole_trpo_wandb_seed_3 - INFO - Step 19287: Avg Reward=252.50, Running Avg=43.71, Episodes=4
2025-08-04 01:15:02,197 - cartpole_trpo_wandb_seed_3 - INFO - Episode 430: Reward=323.00, Length=323, Avg Reward (last 10)=246.50
2025-08-04 01:15:04,875 - cartpole_trpo_wandb_seed_3 - INFO - Step 20710: Avg Reward=351.00, Running Avg=45.84, Episodes=3
2025-08-04 01:15:06,954 - cartpole_trpo_wandb_seed_3 - INFO - Step 22075: Avg Reward=455.00, Running Avg=48.65, Episodes=3
2025-08-04 01:15:15,236 - cartpole_trpo_wandb_seed_3 - INFO - Step 23089: Avg Reward=280.50, Running Avg=49.71, Episodes=2
2025-08-04 01:15:17,094 - cartpole_trpo_wandb_seed_3 - INFO - Step 24253: Avg Reward=388.00, Running Avg=52.01, Episodes=3
2025-08-04 01:15:17,095 - cartpole_trpo_wandb_seed_3 - INFO - Episode 440: Reward=473.00, Length=473, Avg Reward (last 10)=382.00
2025-08-04 01:15:19,748 - cartpole_trpo_wandb_seed_3 - INFO - Step 25317: Avg Reward=370.50, Running Avg=53.45, Episodes=2
2025-08-04 01:15:21,530 - cartpole_trpo_wandb_seed_3 - INFO - Step 26587: Avg Reward=423.33, Running Avg=55.94, Episodes=3
2025-08-04 01:15:23,621 - cartpole_trpo_wandb_seed_3 - INFO - Step 27624: Avg Reward=500.00, Running Avg=57.92, Episodes=2
2025-08-04 01:15:26,536 - cartpole_trpo_wandb_seed_3 - INFO - Step 29172: Avg Reward=392.67, Running Avg=60.15, Episodes=3
2025-08-04 01:15:26,537 - cartpole_trpo_wandb_seed_3 - INFO - Episode 450: Reward=500.00, Length=500, Avg Reward (last 10)=418.90
2025-08-04 01:15:28,072 - cartpole_trpo_wandb_seed_3 - INFO - Step 30172: Avg Reward=500.00, Running Avg=62.09, Episodes=2
2025-08-04 01:15:30,575 - cartpole_trpo_wandb_seed_3 - INFO - Step 31220: Avg Reward=500.00, Running Avg=64.02, Episodes=2
2025-08-04 01:15:32,786 - cartpole_trpo_wandb_seed_3 - INFO - Step 32443: Avg Reward=407.67, Running Avg=66.27, Episodes=3
2025-08-04 01:15:35,696 - cartpole_trpo_wandb_seed_3 - INFO - Step 33768: Avg Reward=500.00, Running Avg=68.15, Episodes=2
2025-08-04 01:15:36,561 - cartpole_trpo_wandb_seed_3 - INFO - Episode 460: Reward=500.00, Length=500, Avg Reward (last 10)=472.30
2025-08-04 01:15:37,445 - cartpole_trpo_wandb_seed_3 - INFO - Step 34768: Avg Reward=500.00, Running Avg=70.02, Episodes=2
2025-08-04 01:15:40,379 - cartpole_trpo_wandb_seed_3 - INFO - Step 36040: Avg Reward=408.00, Running Avg=72.20, Episodes=3
2025-08-04 01:15:43,304 - cartpole_trpo_wandb_seed_3 - INFO - Step 37364: Avg Reward=500.00, Running Avg=74.03, Episodes=2
2025-08-04 01:15:45,034 - cartpole_trpo_wandb_seed_3 - INFO - Step 38364: Avg Reward=500.00, Running Avg=75.85, Episodes=2
2025-08-04 01:15:46,571 - cartpole_trpo_wandb_seed_3 - INFO - Episode 470: Reward=12.00, Length=12, Avg Reward (last 10)=423.60
2025-08-04 01:15:46,765 - cartpole_trpo_wandb_seed_3 - INFO - Episode 480: Reward=13.00, Length=13, Avg Reward (last 10)=10.70
2025-08-04 01:15:46,960 - cartpole_trpo_wandb_seed_3 - INFO - Episode 490: Reward=12.00, Length=12, Avg Reward (last 10)=10.70
2025-08-04 01:15:47,162 - cartpole_trpo_wandb_seed_3 - INFO - Episode 500: Reward=8.00, Length=8, Avg Reward (last 10)=11.30
2025-08-04 01:15:47,377 - cartpole_trpo_wandb_seed_3 - INFO - Step 39373: Avg Reward=22.88, Running Avg=71.50, Episodes=42
2025-08-04 01:15:47,378 - cartpole_trpo_wandb_seed_3 - INFO - Episode 510: Reward=10.00, Length=10, Avg Reward (last 10)=12.20
2025-08-04 01:15:47,587 - cartpole_trpo_wandb_seed_3 - INFO - Episode 520: Reward=12.00, Length=12, Avg Reward (last 10)=11.10
2025-08-04 01:15:47,798 - cartpole_trpo_wandb_seed_3 - INFO - Episode 530: Reward=13.00, Length=13, Avg Reward (last 10)=10.90
2025-08-04 01:15:47,994 - cartpole_trpo_wandb_seed_3 - INFO - Episode 540: Reward=9.00, Length=9, Avg Reward (last 10)=10.60
2025-08-04 01:15:48,199 - cartpole_trpo_wandb_seed_3 - INFO - Episode 550: Reward=11.00, Length=11, Avg Reward (last 10)=10.60
2025-08-04 01:15:48,397 - cartpole_trpo_wandb_seed_3 - INFO - Episode 560: Reward=10.00, Length=10, Avg Reward (last 10)=11.00
2025-08-04 01:15:48,592 - cartpole_trpo_wandb_seed_3 - INFO - Episode 570: Reward=11.00, Length=11, Avg Reward (last 10)=10.80
2025-08-04 01:15:48,790 - cartpole_trpo_wandb_seed_3 - INFO - Episode 580: Reward=11.00, Length=11, Avg Reward (last 10)=10.00
2025-08-04 01:15:49,014 - cartpole_trpo_wandb_seed_3 - INFO - Episode 590: Reward=8.00, Length=8, Avg Reward (last 10)=10.80
2025-08-04 01:15:49,217 - cartpole_trpo_wandb_seed_3 - INFO - Episode 600: Reward=9.00, Length=9, Avg Reward (last 10)=11.10
2025-08-04 01:15:49,279 - cartpole_trpo_wandb_seed_3 - INFO - Step 40376: Avg Reward=10.78, Running Avg=62.15, Episodes=93
2025-08-04 01:15:49,416 - cartpole_trpo_wandb_seed_3 - INFO - Episode 610: Reward=11.00, Length=11, Avg Reward (last 10)=10.90
2025-08-04 01:15:49,605 - cartpole_trpo_wandb_seed_3 - INFO - Episode 620: Reward=9.00, Length=9, Avg Reward (last 10)=10.30
2025-08-04 01:15:49,801 - cartpole_trpo_wandb_seed_3 - INFO - Episode 630: Reward=11.00, Length=11, Avg Reward (last 10)=10.70
2025-08-04 01:15:50,000 - cartpole_trpo_wandb_seed_3 - INFO - Episode 640: Reward=11.00, Length=11, Avg Reward (last 10)=10.70
2025-08-04 01:15:50,204 - cartpole_trpo_wandb_seed_3 - INFO - Episode 650: Reward=10.00, Length=10, Avg Reward (last 10)=11.20
2025-08-04 01:15:50,954 - cartpole_trpo_wandb_seed_3 - INFO - Episode 660: Reward=9.00, Length=9, Avg Reward (last 10)=10.50
2025-08-04 01:15:51,141 - cartpole_trpo_wandb_seed_3 - INFO - Episode 670: Reward=10.00, Length=10, Avg Reward (last 10)=10.00
2025-08-04 01:15:51,322 - cartpole_trpo_wandb_seed_3 - INFO - Episode 680: Reward=11.00, Length=11, Avg Reward (last 10)=9.80
2025-08-04 01:15:51,508 - cartpole_trpo_wandb_seed_3 - INFO - Episode 690: Reward=9.00, Length=9, Avg Reward (last 10)=10.00
2025-08-04 01:15:51,686 - cartpole_trpo_wandb_seed_3 - INFO - Step 41383: Avg Reward=10.35, Running Avg=54.98, Episodes=97
2025-08-04 01:15:51,687 - cartpole_trpo_wandb_seed_3 - INFO - Episode 700: Reward=11.00, Length=11, Avg Reward (last 10)=9.70
2025-08-04 01:15:51,862 - cartpole_trpo_wandb_seed_3 - INFO - Episode 710: Reward=9.00, Length=9, Avg Reward (last 10)=9.50
2025-08-04 01:15:52,034 - cartpole_trpo_wandb_seed_3 - INFO - Episode 720: Reward=10.00, Length=10, Avg Reward (last 10)=9.40
2025-08-04 01:15:52,219 - cartpole_trpo_wandb_seed_3 - INFO - Episode 730: Reward=10.00, Length=10, Avg Reward (last 10)=10.10
2025-08-04 01:15:52,433 - cartpole_trpo_wandb_seed_3 - INFO - Episode 740: Reward=10.00, Length=10, Avg Reward (last 10)=10.30
2025-08-04 01:15:52,619 - cartpole_trpo_wandb_seed_3 - INFO - Episode 750: Reward=10.00, Length=10, Avg Reward (last 10)=10.10
2025-08-04 01:15:52,808 - cartpole_trpo_wandb_seed_3 - INFO - Episode 760: Reward=9.00, Length=9, Avg Reward (last 10)=10.20
2025-08-04 01:15:53,001 - cartpole_trpo_wandb_seed_3 - INFO - Episode 770: Reward=11.00, Length=11, Avg Reward (last 10)=10.40
2025-08-04 01:15:53,183 - cartpole_trpo_wandb_seed_3 - INFO - Episode 780: Reward=10.00, Length=10, Avg Reward (last 10)=9.90
2025-08-04 01:15:53,374 - cartpole_trpo_wandb_seed_3 - INFO - Episode 790: Reward=10.00, Length=10, Avg Reward (last 10)=10.30
2025-08-04 01:15:53,564 - cartpole_trpo_wandb_seed_3 - INFO - Step 42387: Avg Reward=10.04, Running Avg=49.37, Episodes=100
2025-08-04 01:15:53,565 - cartpole_trpo_wandb_seed_3 - INFO - Episode 800: Reward=10.00, Length=10, Avg Reward (last 10)=10.20
2025-08-04 01:15:53,753 - cartpole_trpo_wandb_seed_3 - INFO - Episode 810: Reward=10.00, Length=10, Avg Reward (last 10)=10.20
2025-08-04 01:15:53,935 - cartpole_trpo_wandb_seed_3 - INFO - Episode 820: Reward=11.00, Length=11, Avg Reward (last 10)=9.90
2025-08-04 01:15:54,115 - cartpole_trpo_wandb_seed_3 - INFO - Episode 830: Reward=11.00, Length=11, Avg Reward (last 10)=9.80
2025-08-04 01:15:54,302 - cartpole_trpo_wandb_seed_3 - INFO - Episode 840: Reward=10.00, Length=10, Avg Reward (last 10)=9.90
2025-08-04 01:15:54,485 - cartpole_trpo_wandb_seed_3 - INFO - Episode 850: Reward=12.00, Length=12, Avg Reward (last 10)=10.00
2025-08-04 01:15:54,670 - cartpole_trpo_wandb_seed_3 - INFO - Episode 860: Reward=10.00, Length=10, Avg Reward (last 10)=10.00
2025-08-04 01:15:55,593 - cartpole_trpo_wandb_seed_3 - INFO - Episode 870: Reward=9.00, Length=9, Avg Reward (last 10)=10.20
2025-08-04 01:15:55,776 - cartpole_trpo_wandb_seed_3 - INFO - Episode 880: Reward=10.00, Length=10, Avg Reward (last 10)=9.70
2025-08-04 01:15:55,965 - cartpole_trpo_wandb_seed_3 - INFO - Episode 890: Reward=10.00, Length=10, Avg Reward (last 10)=9.80
2025-08-04 01:15:56,146 - cartpole_trpo_wandb_seed_3 - INFO - Episode 900: Reward=8.00, Length=8, Avg Reward (last 10)=9.60
2025-08-04 01:15:56,160 - cartpole_trpo_wandb_seed_3 - INFO - Step 43388: Avg Reward=9.89, Running Avg=44.95, Episodes=101
2025-08-04 01:15:56,340 - cartpole_trpo_wandb_seed_3 - INFO - Episode 910: Reward=10.00, Length=10, Avg Reward (last 10)=10.30
2025-08-04 01:15:56,543 - cartpole_trpo_wandb_seed_3 - INFO - Episode 920: Reward=10.00, Length=10, Avg Reward (last 10)=10.70
2025-08-04 01:15:56,731 - cartpole_trpo_wandb_seed_3 - INFO - Episode 930: Reward=10.00, Length=10, Avg Reward (last 10)=9.70
2025-08-04 01:15:56,945 - cartpole_trpo_wandb_seed_3 - INFO - Episode 940: Reward=10.00, Length=10, Avg Reward (last 10)=11.20
2025-08-04 01:15:57,148 - cartpole_trpo_wandb_seed_3 - INFO - Episode 950: Reward=12.00, Length=12, Avg Reward (last 10)=10.60
2025-08-04 01:15:57,343 - cartpole_trpo_wandb_seed_3 - INFO - Episode 960: Reward=11.00, Length=11, Avg Reward (last 10)=10.10
2025-08-04 01:15:57,535 - cartpole_trpo_wandb_seed_3 - INFO - Episode 970: Reward=9.00, Length=9, Avg Reward (last 10)=10.00
2025-08-04 01:15:57,730 - cartpole_trpo_wandb_seed_3 - INFO - Episode 980: Reward=10.00, Length=10, Avg Reward (last 10)=10.00
2025-08-04 01:15:57,925 - cartpole_trpo_wandb_seed_3 - INFO - Episode 990: Reward=11.00, Length=11, Avg Reward (last 10)=9.80
2025-08-04 01:15:58,089 - cartpole_trpo_wandb_seed_3 - INFO - Step 44392: Avg Reward=10.24, Running Avg=41.55, Episodes=98
2025-08-04 01:15:58,109 - cartpole_trpo_wandb_seed_3 - INFO - Episode 1000: Reward=10.00, Length=10, Avg Reward (last 10)=9.80
2025-08-04 01:15:58,303 - cartpole_trpo_wandb_seed_3 - INFO - Episode 1010: Reward=11.00, Length=11, Avg Reward (last 10)=10.10
2025-08-04 01:15:58,501 - cartpole_trpo_wandb_seed_3 - INFO - Episode 1020: Reward=10.00, Length=10, Avg Reward (last 10)=10.10
2025-08-04 01:15:58,700 - cartpole_trpo_wandb_seed_3 - INFO - Episode 1030: Reward=9.00, Length=9, Avg Reward (last 10)=10.10
2025-08-04 01:15:58,903 - cartpole_trpo_wandb_seed_3 - INFO - Episode 1040: Reward=10.00, Length=10, Avg Reward (last 10)=10.40
2025-08-04 01:15:59,092 - cartpole_trpo_wandb_seed_3 - INFO - Episode 1050: Reward=10.00, Length=10, Avg Reward (last 10)=9.70
2025-08-04 01:15:59,300 - cartpole_trpo_wandb_seed_3 - INFO - Episode 1060: Reward=9.00, Length=9, Avg Reward (last 10)=10.70
2025-08-04 01:16:00,130 - cartpole_trpo_wandb_seed_3 - INFO - Episode 1070: Reward=9.00, Length=9, Avg Reward (last 10)=11.20
2025-08-04 01:16:00,305 - cartpole_trpo_wandb_seed_3 - INFO - Episode 1080: Reward=9.00, Length=9, Avg Reward (last 10)=9.50
2025-08-04 01:16:00,503 - cartpole_trpo_wandb_seed_3 - INFO - Episode 1090: Reward=11.00, Length=11, Avg Reward (last 10)=10.80
2025-08-04 01:16:00,635 - cartpole_trpo_wandb_seed_3 - INFO - Step 45402: Avg Reward=10.31, Running Avg=38.76, Episodes=98
2025-08-04 01:16:00,691 - cartpole_trpo_wandb_seed_3 - INFO - Episode 1100: Reward=11.00, Length=11, Avg Reward (last 10)=10.40
2025-08-04 01:16:00,878 - cartpole_trpo_wandb_seed_3 - INFO - Episode 1110: Reward=11.00, Length=11, Avg Reward (last 10)=10.30
2025-08-04 01:16:01,077 - cartpole_trpo_wandb_seed_3 - INFO - Episode 1120: Reward=10.00, Length=10, Avg Reward (last 10)=10.70
2025-08-04 01:16:01,274 - cartpole_trpo_wandb_seed_3 - INFO - Episode 1130: Reward=11.00, Length=11, Avg Reward (last 10)=10.70
2025-08-04 01:16:01,464 - cartpole_trpo_wandb_seed_3 - INFO - Episode 1140: Reward=11.00, Length=11, Avg Reward (last 10)=10.30
2025-08-04 01:16:01,652 - cartpole_trpo_wandb_seed_3 - INFO - Episode 1150: Reward=11.00, Length=11, Avg Reward (last 10)=10.00
2025-08-04 01:16:01,850 - cartpole_trpo_wandb_seed_3 - INFO - Episode 1160: Reward=12.00, Length=12, Avg Reward (last 10)=10.60
2025-08-04 01:16:02,045 - cartpole_trpo_wandb_seed_3 - INFO - Episode 1170: Reward=10.00, Length=10, Avg Reward (last 10)=10.40
2025-08-04 01:16:02,239 - cartpole_trpo_wandb_seed_3 - INFO - Episode 1180: Reward=10.00, Length=10, Avg Reward (last 10)=10.30
2025-08-04 01:16:02,437 - cartpole_trpo_wandb_seed_3 - INFO - Episode 1190: Reward=11.00, Length=11, Avg Reward (last 10)=10.70
2025-08-04 01:16:02,499 - cartpole_trpo_wandb_seed_3 - INFO - Step 46405: Avg Reward=10.45, Running Avg=36.48, Episodes=96
2025-08-04 01:16:02,635 - cartpole_trpo_wandb_seed_3 - INFO - Episode 1200: Reward=11.00, Length=11, Avg Reward (last 10)=10.50
2025-08-04 01:16:02,836 - cartpole_trpo_wandb_seed_3 - INFO - Episode 1210: Reward=14.00, Length=14, Avg Reward (last 10)=10.80
2025-08-04 01:16:03,030 - cartpole_trpo_wandb_seed_3 - INFO - Episode 1220: Reward=11.00, Length=11, Avg Reward (last 10)=10.30
2025-08-04 01:16:03,227 - cartpole_trpo_wandb_seed_3 - INFO - Episode 1230: Reward=13.00, Length=13, Avg Reward (last 10)=10.70
2025-08-04 01:16:03,428 - cartpole_trpo_wandb_seed_3 - INFO - Episode 1240: Reward=13.00, Length=13, Avg Reward (last 10)=10.80
2025-08-04 01:16:03,630 - cartpole_trpo_wandb_seed_3 - INFO - Episode 1250: Reward=10.00, Length=10, Avg Reward (last 10)=10.60
2025-08-04 01:16:04,440 - cartpole_trpo_wandb_seed_3 - INFO - Episode 1260: Reward=11.00, Length=11, Avg Reward (last 10)=10.00
2025-08-04 01:16:04,638 - cartpole_trpo_wandb_seed_3 - INFO - Episode 1270: Reward=11.00, Length=11, Avg Reward (last 10)=10.50
2025-08-04 01:16:05,102 - cartpole_trpo_wandb_seed_3 - INFO - Episode 1280: Reward=10.00, Length=10, Avg Reward (last 10)=10.30
2025-08-04 01:16:05,272 - cartpole_trpo_wandb_seed_3 - INFO - Step 47414: Avg Reward=10.45, Running Avg=34.55, Episodes=96
2025-08-04 01:16:05,293 - cartpole_trpo_wandb_seed_3 - INFO - Episode 1290: Reward=10.00, Length=10, Avg Reward (last 10)=10.10
2025-08-04 01:16:05,503 - cartpole_trpo_wandb_seed_3 - INFO - Episode 1300: Reward=11.00, Length=11, Avg Reward (last 10)=11.10
2025-08-04 01:16:05,697 - cartpole_trpo_wandb_seed_3 - INFO - Episode 1310: Reward=12.00, Length=12, Avg Reward (last 10)=12.00
2025-08-04 01:16:05,853 - cartpole_trpo_wandb_seed_3 - INFO - Episode 1320: Reward=10.00, Length=10, Avg Reward (last 10)=10.10
2025-08-04 01:16:06,037 - cartpole_trpo_wandb_seed_3 - INFO - Episode 1330: Reward=11.00, Length=11, Avg Reward (last 10)=10.10
2025-08-04 01:16:06,222 - cartpole_trpo_wandb_seed_3 - INFO - Episode 1340: Reward=10.00, Length=10, Avg Reward (last 10)=10.00
2025-08-04 01:16:06,404 - cartpole_trpo_wandb_seed_3 - INFO - Episode 1350: Reward=10.00, Length=10, Avg Reward (last 10)=9.80
2025-08-04 01:16:06,585 - cartpole_trpo_wandb_seed_3 - INFO - Episode 1360: Reward=9.00, Length=9, Avg Reward (last 10)=9.80
2025-08-04 01:16:06,774 - cartpole_trpo_wandb_seed_3 - INFO - Episode 1370: Reward=12.00, Length=12, Avg Reward (last 10)=10.20
2025-08-04 01:16:06,959 - cartpole_trpo_wandb_seed_3 - INFO - Episode 1380: Reward=10.00, Length=10, Avg Reward (last 10)=10.00
2025-08-04 01:16:07,072 - cartpole_trpo_wandb_seed_3 - INFO - Step 48416: Avg Reward=10.33, Running Avg=32.85, Episodes=97
2025-08-04 01:16:07,142 - cartpole_trpo_wandb_seed_3 - INFO - Episode 1390: Reward=10.00, Length=10, Avg Reward (last 10)=9.80
2025-08-04 01:16:07,337 - cartpole_trpo_wandb_seed_3 - INFO - Episode 1400: Reward=11.00, Length=11, Avg Reward (last 10)=10.60
2025-08-04 01:16:07,530 - cartpole_trpo_wandb_seed_3 - INFO - Episode 1410: Reward=12.00, Length=12, Avg Reward (last 10)=10.40
2025-08-04 01:16:07,723 - cartpole_trpo_wandb_seed_3 - INFO - Episode 1420: Reward=12.00, Length=12, Avg Reward (last 10)=10.50
2025-08-04 01:16:07,907 - cartpole_trpo_wandb_seed_3 - INFO - Episode 1430: Reward=11.00, Length=11, Avg Reward (last 10)=10.00
2025-08-04 01:16:08,101 - cartpole_trpo_wandb_seed_3 - INFO - Episode 1440: Reward=9.00, Length=9, Avg Reward (last 10)=10.40
2025-08-04 01:16:08,282 - cartpole_trpo_wandb_seed_3 - INFO - Episode 1450: Reward=8.00, Length=8, Avg Reward (last 10)=9.70
2025-08-04 01:16:09,126 - cartpole_trpo_wandb_seed_3 - INFO - Episode 1460: Reward=12.00, Length=12, Avg Reward (last 10)=10.10
2025-08-04 01:16:09,349 - cartpole_trpo_wandb_seed_3 - INFO - Episode 1470: Reward=11.00, Length=11, Avg Reward (last 10)=10.10
2025-08-04 01:16:09,565 - cartpole_trpo_wandb_seed_3 - INFO - Episode 1480: Reward=13.00, Length=13, Avg Reward (last 10)=11.20
2025-08-04 01:16:09,626 - cartpole_trpo_wandb_seed_3 - INFO - Step 49420: Avg Reward=10.31, Running Avg=31.38, Episodes=97
2025-08-04 01:16:09,764 - cartpole_trpo_wandb_seed_3 - INFO - Episode 1490: Reward=10.00, Length=10, Avg Reward (last 10)=10.90
2025-08-04 01:16:09,962 - cartpole_trpo_wandb_seed_3 - INFO - Episode 1500: Reward=11.00, Length=11, Avg Reward (last 10)=10.80
2025-08-04 01:16:10,152 - cartpole_trpo_wandb_seed_3 - INFO - Episode 1510: Reward=12.00, Length=12, Avg Reward (last 10)=10.10
2025-08-04 01:16:10,345 - cartpole_trpo_wandb_seed_3 - INFO - Episode 1520: Reward=9.00, Length=9, Avg Reward (last 10)=10.30
2025-08-04 01:16:10,536 - cartpole_trpo_wandb_seed_3 - INFO - Episode 1530: Reward=10.00, Length=10, Avg Reward (last 10)=10.20
2025-08-04 01:16:10,730 - cartpole_trpo_wandb_seed_3 - INFO - Episode 1540: Reward=10.00, Length=10, Avg Reward (last 10)=10.30
2025-08-04 01:16:10,928 - cartpole_trpo_wandb_seed_3 - INFO - Episode 1550: Reward=10.00, Length=10, Avg Reward (last 10)=10.70
2025-08-04 01:16:11,124 - cartpole_trpo_wandb_seed_3 - INFO - Episode 1560: Reward=12.00, Length=12, Avg Reward (last 10)=10.40
2025-08-04 01:16:11,327 - cartpole_trpo_wandb_seed_3 - INFO - Episode 1570: Reward=13.00, Length=13, Avg Reward (last 10)=10.80
2025-08-04 01:16:11,511 - cartpole_trpo_wandb_seed_3 - INFO - Step 50430: Avg Reward=10.52, Running Avg=30.11, Episodes=96
2025-08-04 01:16:11,535 - cartpole_trpo_wandb_seed_3 - INFO - Episode 1580: Reward=12.00, Length=12, Avg Reward (last 10)=11.00
2025-08-04 01:16:11,748 - cartpole_trpo_wandb_seed_3 - INFO - Episode 1590: Reward=10.00, Length=10, Avg Reward (last 10)=11.30
2025-08-04 01:16:11,948 - cartpole_trpo_wandb_seed_3 - INFO - Episode 1600: Reward=12.00, Length=12, Avg Reward (last 10)=10.60
2025-08-04 01:16:12,151 - cartpole_trpo_wandb_seed_3 - INFO - Episode 1610: Reward=10.00, Length=10, Avg Reward (last 10)=10.70
2025-08-04 01:16:12,349 - cartpole_trpo_wandb_seed_3 - INFO - Episode 1620: Reward=11.00, Length=11, Avg Reward (last 10)=10.40
2025-08-04 01:16:12,699 - cartpole_trpo_wandb_seed_3 - INFO - Episode 1630: Reward=10.00, Length=10, Avg Reward (last 10)=19.00
2025-08-04 01:16:12,901 - cartpole_trpo_wandb_seed_3 - INFO - Episode 1640: Reward=10.00, Length=10, Avg Reward (last 10)=10.60
2025-08-04 01:16:13,726 - cartpole_trpo_wandb_seed_3 - INFO - Episode 1650: Reward=12.00, Length=12, Avg Reward (last 10)=10.80
2025-08-04 01:16:13,912 - cartpole_trpo_wandb_seed_3 - INFO - Episode 1660: Reward=10.00, Length=10, Avg Reward (last 10)=9.70
2025-08-04 01:16:14,023 - cartpole_trpo_wandb_seed_3 - INFO - Step 51438: Avg Reward=11.51, Running Avg=29.14, Episodes=87
2025-08-04 01:16:14,094 - cartpole_trpo_wandb_seed_3 - INFO - Episode 1670: Reward=9.00, Length=9, Avg Reward (last 10)=9.50
2025-08-04 01:16:14,290 - cartpole_trpo_wandb_seed_3 - INFO - Episode 1680: Reward=13.00, Length=13, Avg Reward (last 10)=10.40
2025-08-04 01:16:14,477 - cartpole_trpo_wandb_seed_3 - INFO - Episode 1690: Reward=10.00, Length=10, Avg Reward (last 10)=10.20
2025-08-04 01:16:14,657 - cartpole_trpo_wandb_seed_3 - INFO - Episode 1700: Reward=9.00, Length=9, Avg Reward (last 10)=10.80
2025-08-04 01:16:14,825 - cartpole_trpo_wandb_seed_3 - INFO - Episode 1710: Reward=9.00, Length=9, Avg Reward (last 10)=9.90
2025-08-04 01:16:14,999 - cartpole_trpo_wandb_seed_3 - INFO - Episode 1720: Reward=10.00, Length=10, Avg Reward (last 10)=10.20
2025-08-04 01:16:15,167 - cartpole_trpo_wandb_seed_3 - INFO - Episode 1730: Reward=9.00, Length=9, Avg Reward (last 10)=10.00
2025-08-04 01:16:15,340 - cartpole_trpo_wandb_seed_3 - INFO - Episode 1740: Reward=10.00, Length=10, Avg Reward (last 10)=10.50
2025-08-04 01:16:15,508 - cartpole_trpo_wandb_seed_3 - INFO - Episode 1750: Reward=9.00, Length=9, Avg Reward (last 10)=10.00
2025-08-04 01:16:15,671 - cartpole_trpo_wandb_seed_3 - INFO - Episode 1760: Reward=9.00, Length=9, Avg Reward (last 10)=10.20
2025-08-04 01:16:15,735 - cartpole_trpo_wandb_seed_3 - INFO - Step 52438: Avg Reward=10.20, Running Avg=28.09, Episodes=98
2025-08-04 01:16:15,846 - cartpole_trpo_wandb_seed_3 - INFO - Episode 1770: Reward=9.00, Length=9, Avg Reward (last 10)=10.70
2025-08-04 01:16:16,009 - cartpole_trpo_wandb_seed_3 - INFO - Episode 1780: Reward=11.00, Length=11, Avg Reward (last 10)=10.30
2025-08-04 01:16:16,177 - cartpole_trpo_wandb_seed_3 - INFO - Episode 1790: Reward=12.00, Length=12, Avg Reward (last 10)=10.60
2025-08-04 01:16:16,340 - cartpole_trpo_wandb_seed_3 - INFO - Episode 1800: Reward=9.00, Length=9, Avg Reward (last 10)=10.30
2025-08-04 01:16:16,503 - cartpole_trpo_wandb_seed_3 - INFO - Episode 1810: Reward=10.00, Length=10, Avg Reward (last 10)=10.20
2025-08-04 01:16:16,685 - cartpole_trpo_wandb_seed_3 - INFO - Episode 1820: Reward=15.00, Length=15, Avg Reward (last 10)=11.40
2025-08-04 01:16:16,861 - cartpole_trpo_wandb_seed_3 - INFO - Episode 1830: Reward=9.00, Length=9, Avg Reward (last 10)=10.80
2025-08-04 01:16:17,024 - cartpole_trpo_wandb_seed_3 - INFO - Episode 1840: Reward=10.00, Length=10, Avg Reward (last 10)=9.90
2025-08-04 01:16:17,741 - cartpole_trpo_wandb_seed_3 - INFO - Episode 1850: Reward=11.00, Length=11, Avg Reward (last 10)=10.90
2025-08-04 01:16:17,891 - cartpole_trpo_wandb_seed_3 - INFO - Step 53441: Avg Reward=10.69, Running Avg=27.22, Episodes=93
2025-08-04 01:16:17,955 - cartpole_trpo_wandb_seed_3 - INFO - Episode 1860: Reward=9.00, Length=9, Avg Reward (last 10)=11.50
2025-08-04 01:16:18,199 - cartpole_trpo_wandb_seed_3 - INFO - Episode 1870: Reward=11.00, Length=11, Avg Reward (last 10)=11.70
2025-08-04 01:16:18,444 - cartpole_trpo_wandb_seed_3 - INFO - Episode 1880: Reward=10.00, Length=10, Avg Reward (last 10)=10.50
2025-08-04 01:16:18,672 - cartpole_trpo_wandb_seed_3 - INFO - Episode 1890: Reward=10.00, Length=10, Avg Reward (last 10)=11.20
2025-08-04 01:16:18,899 - cartpole_trpo_wandb_seed_3 - INFO - Episode 1900: Reward=9.00, Length=9, Avg Reward (last 10)=11.30
2025-08-04 01:16:19,234 - cartpole_trpo_wandb_seed_3 - INFO - Episode 1910: Reward=9.00, Length=9, Avg Reward (last 10)=17.50
2025-08-04 01:16:19,464 - cartpole_trpo_wandb_seed_3 - INFO - Episode 1920: Reward=11.00, Length=11, Avg Reward (last 10)=11.50
2025-08-04 01:16:19,701 - cartpole_trpo_wandb_seed_3 - INFO - Episode 1930: Reward=12.00, Length=12, Avg Reward (last 10)=12.00
2025-08-04 01:16:19,924 - cartpole_trpo_wandb_seed_3 - INFO - Step 54444: Avg Reward=12.08, Running Avg=26.57, Episodes=83
2025-08-04 01:16:19,925 - cartpole_trpo_wandb_seed_3 - INFO - Episode 1940: Reward=11.00, Length=11, Avg Reward (last 10)=11.50
2025-08-04 01:16:20,131 - cartpole_trpo_wandb_seed_3 - INFO - Episode 1950: Reward=12.00, Length=12, Avg Reward (last 10)=10.20
2025-08-04 01:16:20,362 - cartpole_trpo_wandb_seed_3 - INFO - Episode 1960: Reward=12.00, Length=12, Avg Reward (last 10)=10.90
2025-08-04 01:16:20,546 - cartpole_trpo_wandb_seed_3 - INFO - Episode 1970: Reward=10.00, Length=10, Avg Reward (last 10)=10.70
2025-08-04 01:16:20,758 - cartpole_trpo_wandb_seed_3 - INFO - Episode 1980: Reward=11.00, Length=11, Avg Reward (last 10)=11.00
2025-08-04 01:16:20,961 - cartpole_trpo_wandb_seed_3 - INFO - Episode 1990: Reward=9.00, Length=9, Avg Reward (last 10)=10.70
2025-08-04 01:16:21,182 - cartpole_trpo_wandb_seed_3 - INFO - Episode 2000: Reward=13.00, Length=13, Avg Reward (last 10)=11.40
2025-08-04 01:16:21,389 - cartpole_trpo_wandb_seed_3 - INFO - Episode 2010: Reward=11.00, Length=11, Avg Reward (last 10)=10.70
2025-08-04 01:16:22,218 - cartpole_trpo_wandb_seed_3 - INFO - Episode 2020: Reward=10.00, Length=10, Avg Reward (last 10)=11.60
2025-08-04 01:16:22,527 - cartpole_trpo_wandb_seed_3 - INFO - Step 55483: Avg Reward=11.52, Running Avg=25.90, Episodes=90
2025-08-04 01:16:22,528 - cartpole_trpo_wandb_seed_3 - INFO - Episode 2030: Reward=58.00, Length=58, Avg Reward (last 10)=16.50
2025-08-04 01:16:22,799 - cartpole_trpo_wandb_seed_3 - INFO - Episode 2040: Reward=10.00, Length=10, Avg Reward (last 10)=14.20
2025-08-04 01:16:23,012 - cartpole_trpo_wandb_seed_3 - INFO - Episode 2050: Reward=10.00, Length=10, Avg Reward (last 10)=11.50
2025-08-04 01:16:23,236 - cartpole_trpo_wandb_seed_3 - INFO - Episode 2060: Reward=11.00, Length=11, Avg Reward (last 10)=11.70
2025-08-04 01:16:23,452 - cartpole_trpo_wandb_seed_3 - INFO - Episode 2070: Reward=15.00, Length=15, Avg Reward (last 10)=11.30
2025-08-04 01:16:23,679 - cartpole_trpo_wandb_seed_3 - INFO - Episode 2080: Reward=11.00, Length=11, Avg Reward (last 10)=12.00
2025-08-04 01:16:23,926 - cartpole_trpo_wandb_seed_3 - INFO - Episode 2090: Reward=11.00, Length=11, Avg Reward (last 10)=11.80
2025-08-04 01:16:24,145 - cartpole_trpo_wandb_seed_3 - INFO - Episode 2100: Reward=12.00, Length=12, Avg Reward (last 10)=11.40
2025-08-04 01:16:24,349 - cartpole_trpo_wandb_seed_3 - INFO - Episode 2110: Reward=10.00, Length=10, Avg Reward (last 10)=11.00
2025-08-04 01:16:24,455 - cartpole_trpo_wandb_seed_3 - INFO - Step 56487: Avg Reward=11.81, Running Avg=25.34, Episodes=85
2025-08-04 01:16:24,570 - cartpole_trpo_wandb_seed_3 - INFO - Episode 2120: Reward=11.00, Length=11, Avg Reward (last 10)=11.70
2025-08-04 01:16:24,790 - cartpole_trpo_wandb_seed_3 - INFO - Episode 2130: Reward=9.00, Length=9, Avg Reward (last 10)=11.50
2025-08-04 01:16:24,995 - cartpole_trpo_wandb_seed_3 - INFO - Episode 2140: Reward=12.00, Length=12, Avg Reward (last 10)=10.50
2025-08-04 01:16:25,288 - cartpole_trpo_wandb_seed_3 - INFO - Episode 2150: Reward=10.00, Length=10, Avg Reward (last 10)=15.50
2025-08-04 01:16:25,506 - cartpole_trpo_wandb_seed_3 - INFO - Episode 2160: Reward=11.00, Length=11, Avg Reward (last 10)=11.20
2025-08-04 01:16:25,713 - cartpole_trpo_wandb_seed_3 - INFO - Episode 2170: Reward=13.00, Length=13, Avg Reward (last 10)=11.00
2025-08-04 01:16:25,926 - cartpole_trpo_wandb_seed_3 - INFO - Episode 2180: Reward=13.00, Length=13, Avg Reward (last 10)=11.00
2025-08-04 01:16:26,681 - cartpole_trpo_wandb_seed_3 - INFO - Episode 2190: Reward=12.00, Length=12, Avg Reward (last 10)=14.30
2025-08-04 01:16:26,882 - cartpole_trpo_wandb_seed_3 - INFO - Step 57524: Avg Reward=13.09, Running Avg=24.90, Episodes=79
2025-08-04 01:16:27,137 - cartpole_trpo_wandb_seed_3 - INFO - Episode 2200: Reward=90.00, Length=90, Avg Reward (last 10)=27.60
2025-08-04 01:16:27,353 - cartpole_trpo_wandb_seed_3 - INFO - Episode 2210: Reward=12.00, Length=12, Avg Reward (last 10)=13.10
2025-08-04 01:16:27,546 - cartpole_trpo_wandb_seed_3 - INFO - Episode 2220: Reward=11.00, Length=11, Avg Reward (last 10)=11.30
2025-08-04 01:16:27,763 - cartpole_trpo_wandb_seed_3 - INFO - Episode 2230: Reward=11.00, Length=11, Avg Reward (last 10)=12.70
2025-08-04 01:16:27,945 - cartpole_trpo_wandb_seed_3 - INFO - Episode 2240: Reward=12.00, Length=12, Avg Reward (last 10)=10.70
2025-08-04 01:16:28,160 - cartpole_trpo_wandb_seed_3 - INFO - Episode 2250: Reward=10.00, Length=10, Avg Reward (last 10)=12.80
2025-08-04 01:16:28,347 - cartpole_trpo_wandb_seed_3 - INFO - Episode 2260: Reward=12.00, Length=12, Avg Reward (last 10)=10.80
2025-08-04 01:16:28,581 - cartpole_trpo_wandb_seed_3 - INFO - Step 58533: Avg Reward=13.28, Running Avg=24.51, Episodes=76
2025-08-04 01:16:28,582 - cartpole_trpo_wandb_seed_3 - INFO - Episode 2270: Reward=14.00, Length=14, Avg Reward (last 10)=14.10
2025-08-04 01:16:28,795 - cartpole_trpo_wandb_seed_3 - INFO - Episode 2280: Reward=9.00, Length=9, Avg Reward (last 10)=12.40
2025-08-04 01:16:29,197 - cartpole_trpo_wandb_seed_3 - INFO - Episode 2290: Reward=11.00, Length=11, Avg Reward (last 10)=25.60
2025-08-04 01:16:29,498 - cartpole_trpo_wandb_seed_3 - INFO - Episode 2300: Reward=13.00, Length=13, Avg Reward (last 10)=18.90
2025-08-04 01:16:29,669 - cartpole_trpo_wandb_seed_3 - INFO - Episode 2310: Reward=13.00, Length=13, Avg Reward (last 10)=12.10
2025-08-04 01:16:29,842 - cartpole_trpo_wandb_seed_3 - INFO - Episode 2320: Reward=10.00, Length=10, Avg Reward (last 10)=13.20
2025-08-04 01:16:30,546 - cartpole_trpo_wandb_seed_3 - INFO - Step 59544: Avg Reward=16.83, Running Avg=24.31, Episodes=60
2025-08-04 01:16:30,547 - cartpole_trpo_wandb_seed_3 - INFO - Episode 2330: Reward=12.00, Length=12, Avg Reward (last 10)=18.80
2025-08-04 01:16:30,792 - cartpole_trpo_wandb_seed_3 - INFO - Episode 2340: Reward=13.00, Length=13, Avg Reward (last 10)=15.20
2025-08-04 01:16:31,007 - cartpole_trpo_wandb_seed_3 - INFO - Episode 2350: Reward=9.00, Length=9, Avg Reward (last 10)=13.20
2025-08-04 01:16:31,275 - cartpole_trpo_wandb_seed_3 - INFO - Episode 2360: Reward=15.00, Length=15, Avg Reward (last 10)=16.90
2025-08-04 01:16:31,660 - cartpole_trpo_wandb_seed_3 - INFO - Episode 2370: Reward=10.00, Length=10, Avg Reward (last 10)=24.50
2025-08-04 01:16:32,024 - cartpole_trpo_wandb_seed_3 - INFO - Episode 2380: Reward=61.00, Length=61, Avg Reward (last 10)=23.00
2025-08-04 01:16:32,160 - cartpole_trpo_wandb_seed_3 - INFO - Step 60553: Avg Reward=18.02, Running Avg=24.16, Episodes=56
2025-08-04 01:16:32,342 - cartpole_trpo_wandb_seed_3 - INFO - Episode 2390: Reward=42.00, Length=42, Avg Reward (last 10)=22.90
2025-08-04 01:16:32,545 - cartpole_trpo_wandb_seed_3 - INFO - Episode 2400: Reward=12.00, Length=12, Avg Reward (last 10)=12.40
2025-08-04 01:16:33,151 - cartpole_trpo_wandb_seed_3 - INFO - Episode 2410: Reward=13.00, Length=13, Avg Reward (last 10)=37.50
2025-08-04 01:16:33,358 - cartpole_trpo_wandb_seed_3 - INFO - Episode 2420: Reward=14.00, Length=14, Avg Reward (last 10)=13.00
2025-08-04 01:16:34,029 - cartpole_trpo_wandb_seed_3 - INFO - Episode 2430: Reward=10.00, Length=10, Avg Reward (last 10)=11.80
2025-08-04 01:16:34,274 - cartpole_trpo_wandb_seed_3 - INFO - Step 61616: Avg Reward=21.65, Running Avg=24.11, Episodes=49
2025-08-04 01:16:34,380 - cartpole_trpo_wandb_seed_3 - INFO - Episode 2440: Reward=10.00, Length=10, Avg Reward (last 10)=23.30
2025-08-04 01:16:34,868 - cartpole_trpo_wandb_seed_3 - INFO - Episode 2450: Reward=12.00, Length=12, Avg Reward (last 10)=31.30
2025-08-04 01:16:35,268 - cartpole_trpo_wandb_seed_3 - INFO - Episode 2460: Reward=13.00, Length=13, Avg Reward (last 10)=25.30
2025-08-04 01:16:35,849 - cartpole_trpo_wandb_seed_3 - INFO - Step 62626: Avg Reward=32.58, Running Avg=24.22, Episodes=31
2025-08-04 01:16:36,081 - cartpole_trpo_wandb_seed_3 - INFO - Episode 2470: Reward=15.00, Length=15, Avg Reward (last 10)=50.90
2025-08-04 01:16:36,533 - cartpole_trpo_wandb_seed_3 - INFO - Episode 2480: Reward=14.00, Length=14, Avg Reward (last 10)=25.20
2025-08-04 01:16:37,292 - cartpole_trpo_wandb_seed_3 - INFO - Episode 2490: Reward=11.00, Length=11, Avg Reward (last 10)=42.10
2025-08-04 01:16:38,605 - cartpole_trpo_wandb_seed_3 - INFO - Step 63633: Avg Reward=28.79, Running Avg=24.28, Episodes=33
2025-08-04 01:16:38,634 - cartpole_trpo_wandb_seed_3 - INFO - Episode 2500: Reward=15.00, Length=15, Avg Reward (last 10)=16.00
2025-08-04 01:16:39,147 - cartpole_trpo_wandb_seed_3 - INFO - Episode 2510: Reward=11.00, Length=11, Avg Reward (last 10)=28.70
2025-08-04 01:16:39,533 - cartpole_trpo_wandb_seed_3 - INFO - Episode 2520: Reward=22.00, Length=22, Avg Reward (last 10)=20.90
2025-08-04 01:16:39,970 - cartpole_trpo_wandb_seed_3 - INFO - Episode 2530: Reward=11.00, Length=11, Avg Reward (last 10)=23.90
2025-08-04 01:16:40,390 - cartpole_trpo_wandb_seed_3 - INFO - Episode 2540: Reward=93.00, Length=93, Avg Reward (last 10)=23.10
2025-08-04 01:16:40,452 - cartpole_trpo_wandb_seed_3 - INFO - Step 64648: Avg Reward=23.60, Running Avg=24.27, Episodes=43
2025-08-04 01:16:40,845 - cartpole_trpo_wandb_seed_3 - INFO - Episode 2550: Reward=38.00, Length=38, Avg Reward (last 10)=25.20
2025-08-04 01:16:41,430 - cartpole_trpo_wandb_seed_3 - INFO - Episode 2560: Reward=19.00, Length=19, Avg Reward (last 10)=32.80
2025-08-04 01:16:41,919 - cartpole_trpo_wandb_seed_3 - INFO - Episode 2570: Reward=12.00, Length=12, Avg Reward (last 10)=27.30
2025-08-04 01:16:43,129 - cartpole_trpo_wandb_seed_3 - INFO - Step 65779: Avg Reward=34.16, Running Avg=24.39, Episodes=32
2025-08-04 01:16:44,066 - cartpole_trpo_wandb_seed_3 - INFO - Episode 2580: Reward=127.00, Length=127, Avg Reward (last 10)=78.80
2025-08-04 01:16:44,684 - cartpole_trpo_wandb_seed_3 - INFO - Episode 2590: Reward=16.00, Length=16, Avg Reward (last 10)=33.80
2025-08-04 01:16:44,961 - cartpole_trpo_wandb_seed_3 - INFO - Step 66783: Avg Reward=47.81, Running Avg=24.58, Episodes=21
2025-08-04 01:16:45,246 - cartpole_trpo_wandb_seed_3 - INFO - Episode 2600: Reward=19.00, Length=19, Avg Reward (last 10)=30.70
2025-08-04 01:16:46,005 - cartpole_trpo_wandb_seed_3 - INFO - Episode 2610: Reward=12.00, Length=12, Avg Reward (last 10)=45.20
2025-08-04 01:16:47,216 - cartpole_trpo_wandb_seed_3 - INFO - Step 67917: Avg Reward=55.45, Running Avg=24.82, Episodes=20
2025-08-04 01:16:47,789 - cartpole_trpo_wandb_seed_3 - INFO - Episode 2620: Reward=155.00, Length=155, Avg Reward (last 10)=85.60
2025-08-04 01:16:48,938 - cartpole_trpo_wandb_seed_3 - INFO - Episode 2630: Reward=19.00, Length=19, Avg Reward (last 10)=63.80
2025-08-04 01:16:48,970 - cartpole_trpo_wandb_seed_3 - INFO - Step 68926: Avg Reward=63.06, Running Avg=25.05, Episodes=16
2025-08-04 01:16:51,314 - cartpole_trpo_wandb_seed_3 - INFO - Episode 2640: Reward=60.00, Length=60, Avg Reward (last 10)=79.00
2025-08-04 01:16:51,870 - cartpole_trpo_wandb_seed_3 - INFO - Step 70054: Avg Reward=98.27, Running Avg=25.35, Episodes=11
2025-08-04 01:16:53,314 - cartpole_trpo_wandb_seed_3 - INFO - Episode 2650: Reward=201.00, Length=201, Avg Reward (last 10)=111.40
2025-08-04 01:16:53,864 - cartpole_trpo_wandb_seed_3 - INFO - Step 71171: Avg Reward=111.70, Running Avg=25.68, Episodes=10
2025-08-04 01:16:55,909 - cartpole_trpo_wandb_seed_3 - INFO - Step 72183: Avg Reward=120.75, Running Avg=25.97, Episodes=8
2025-08-04 01:16:55,910 - cartpole_trpo_wandb_seed_3 - INFO - Episode 2660: Reward=167.00, Length=167, Avg Reward (last 10)=127.70
2025-08-04 01:16:57,500 - cartpole_trpo_wandb_seed_3 - INFO - Step 73222: Avg Reward=173.17, Running Avg=26.30, Episodes=6
2025-08-04 01:16:59,115 - cartpole_trpo_wandb_seed_3 - INFO - Episode 2670: Reward=141.00, Length=141, Avg Reward (last 10)=153.90
2025-08-04 01:16:59,865 - cartpole_trpo_wandb_seed_3 - INFO - Step 74302: Avg Reward=133.29, Running Avg=26.58, Episodes=7
2025-08-04 01:17:01,618 - cartpole_trpo_wandb_seed_3 - INFO - Step 75316: Avg Reward=144.86, Running Avg=26.89, Episodes=7
2025-08-04 01:17:01,620 - cartpole_trpo_wandb_seed_3 - INFO - Episode 2680: Reward=151.00, Length=151, Avg Reward (last 10)=144.70
2025-08-04 01:17:04,241 - cartpole_trpo_wandb_seed_3 - INFO - Step 76498: Avg Reward=168.29, Running Avg=27.25, Episodes=7
2025-08-04 01:17:05,084 - cartpole_trpo_wandb_seed_3 - INFO - Episode 2690: Reward=178.00, Length=178, Avg Reward (last 10)=164.40
2025-08-04 01:17:06,194 - cartpole_trpo_wandb_seed_3 - INFO - Step 77604: Avg Reward=158.00, Running Avg=27.59, Episodes=7
2025-08-04 01:17:08,576 - cartpole_trpo_wandb_seed_3 - INFO - Step 78610: Avg Reward=158.00, Running Avg=27.88, Episodes=6
2025-08-04 01:17:08,578 - cartpole_trpo_wandb_seed_3 - INFO - Episode 2700: Reward=145.00, Length=145, Avg Reward (last 10)=158.80
2025-08-04 01:17:10,363 - cartpole_trpo_wandb_seed_3 - INFO - Step 79721: Avg Reward=158.71, Running Avg=28.22, Episodes=7
2025-08-04 01:17:11,872 - cartpole_trpo_wandb_seed_3 - INFO - Episode 2710: Reward=168.00, Length=168, Avg Reward (last 10)=157.90
2025-08-04 01:17:12,715 - cartpole_trpo_wandb_seed_3 - INFO - Step 80881: Avg Reward=168.17, Running Avg=28.53, Episodes=6
2025-08-04 01:17:15,060 - cartpole_trpo_wandb_seed_3 - INFO - Step 82057: Avg Reward=175.00, Running Avg=28.85, Episodes=6
2025-08-04 01:17:15,375 - cartpole_trpo_wandb_seed_3 - INFO - Episode 2720: Reward=207.00, Length=207, Avg Reward (last 10)=179.80
2025-08-04 01:17:16,543 - cartpole_trpo_wandb_seed_3 - INFO - Step 83062: Avg Reward=167.50, Running Avg=29.16, Episodes=6
2025-08-04 01:17:17,801 - cartpole_trpo_wandb_seed_3 - INFO - Episode 2730: Reward=176.00, Length=176, Avg Reward (last 10)=163.00
2025-08-04 01:17:21,561 - cartpole_trpo_wandb_seed_3 - INFO - Step 84146: Avg Reward=168.33, Running Avg=29.46, Episodes=6
2025-08-04 01:17:23,142 - cartpole_trpo_wandb_seed_3 - INFO - Step 85253: Avg Reward=221.40, Running Avg=29.81, Episodes=5
2025-08-04 01:17:24,091 - cartpole_trpo_wandb_seed_3 - INFO - Episode 2740: Reward=98.00, Length=98, Avg Reward (last 10)=203.80
2025-08-04 01:17:25,352 - cartpole_trpo_wandb_seed_3 - INFO - Step 86337: Avg Reward=179.00, Running Avg=30.14, Episodes=6
2025-08-04 01:17:27,007 - cartpole_trpo_wandb_seed_3 - INFO - Step 87490: Avg Reward=164.71, Running Avg=30.48, Episodes=7
2025-08-04 01:17:27,331 - cartpole_trpo_wandb_seed_3 - INFO - Episode 2750: Reward=199.00, Length=199, Avg Reward (last 10)=167.30
2025-08-04 01:17:29,328 - cartpole_trpo_wandb_seed_3 - INFO - Step 88624: Avg Reward=227.75, Running Avg=30.77, Episodes=4
2025-08-04 01:17:30,944 - cartpole_trpo_wandb_seed_3 - INFO - Step 89700: Avg Reward=179.33, Running Avg=31.09, Episodes=6
2025-08-04 01:17:31,298 - cartpole_trpo_wandb_seed_3 - INFO - Episode 2760: Reward=244.00, Length=244, Avg Reward (last 10)=203.20
2025-08-04 01:17:32,401 - cartpole_trpo_wandb_seed_3 - INFO - Episode 2770: Reward=27.00, Length=27, Avg Reward (last 10)=23.80
2025-08-04 01:17:32,865 - cartpole_trpo_wandb_seed_3 - INFO - Episode 2780: Reward=26.00, Length=26, Avg Reward (last 10)=29.40
2025-08-04 01:17:33,001 - cartpole_trpo_wandb_seed_3 - INFO - Step 90729: Avg Reward=35.88, Running Avg=31.13, Episodes=24
2025-08-04 01:17:33,270 - cartpole_trpo_wandb_seed_3 - INFO - Episode 2790: Reward=11.00, Length=11, Avg Reward (last 10)=24.90
2025-08-04 01:17:33,618 - cartpole_trpo_wandb_seed_3 - INFO - Episode 2800: Reward=16.00, Length=16, Avg Reward (last 10)=21.30
2025-08-04 01:17:33,939 - cartpole_trpo_wandb_seed_3 - INFO - Episode 2810: Reward=13.00, Length=13, Avg Reward (last 10)=20.10
2025-08-04 01:17:34,439 - cartpole_trpo_wandb_seed_3 - INFO - Episode 2820: Reward=52.00, Length=52, Avg Reward (last 10)=31.00
2025-08-04 01:17:34,652 - cartpole_trpo_wandb_seed_3 - INFO - Step 91747: Avg Reward=24.24, Running Avg=31.03, Episodes=42
2025-08-04 01:17:34,873 - cartpole_trpo_wandb_seed_3 - INFO - Episode 2830: Reward=22.00, Length=22, Avg Reward (last 10)=26.70
2025-08-04 01:17:35,216 - cartpole_trpo_wandb_seed_3 - INFO - Episode 2840: Reward=15.00, Length=15, Avg Reward (last 10)=21.00
2025-08-04 01:17:36,390 - cartpole_trpo_wandb_seed_3 - INFO - Episode 2850: Reward=41.00, Length=41, Avg Reward (last 10)=37.00
2025-08-04 01:17:36,831 - cartpole_trpo_wandb_seed_3 - INFO - Step 92776: Avg Reward=30.97, Running Avg=31.03, Episodes=32
2025-08-04 01:17:37,009 - cartpole_trpo_wandb_seed_3 - INFO - Episode 2860: Reward=50.00, Length=50, Avg Reward (last 10)=38.60
2025-08-04 01:17:37,522 - cartpole_trpo_wandb_seed_3 - INFO - Episode 2870: Reward=30.00, Length=30, Avg Reward (last 10)=33.20
2025-08-04 01:17:38,096 - cartpole_trpo_wandb_seed_3 - INFO - Episode 2880: Reward=33.00, Length=33, Avg Reward (last 10)=36.40
2025-08-04 01:17:38,484 - cartpole_trpo_wandb_seed_3 - INFO - Step 93823: Avg Reward=34.90, Running Avg=31.07, Episodes=30
2025-08-04 01:17:38,695 - cartpole_trpo_wandb_seed_3 - INFO - Episode 2890: Reward=37.00, Length=37, Avg Reward (last 10)=37.40
2025-08-04 01:17:39,885 - cartpole_trpo_wandb_seed_3 - INFO - Episode 2900: Reward=13.00, Length=13, Avg Reward (last 10)=40.50
2025-08-04 01:17:40,332 - cartpole_trpo_wandb_seed_3 - INFO - Episode 2910: Reward=17.00, Length=17, Avg Reward (last 10)=31.20
2025-08-04 01:17:40,535 - cartpole_trpo_wandb_seed_3 - INFO - Step 94843: Avg Reward=35.57, Running Avg=31.11, Episodes=28
2025-08-04 01:17:40,790 - cartpole_trpo_wandb_seed_3 - INFO - Episode 2920: Reward=22.00, Length=22, Avg Reward (last 10)=30.80
2025-08-04 01:17:41,195 - cartpole_trpo_wandb_seed_3 - INFO - Episode 2930: Reward=21.00, Length=21, Avg Reward (last 10)=26.20
2025-08-04 01:17:41,788 - cartpole_trpo_wandb_seed_3 - INFO - Episode 2940: Reward=54.00, Length=54, Avg Reward (last 10)=36.80
2025-08-04 01:17:42,210 - cartpole_trpo_wandb_seed_3 - INFO - Step 95882: Avg Reward=34.63, Running Avg=31.15, Episodes=30
2025-08-04 01:17:42,514 - cartpole_trpo_wandb_seed_3 - INFO - Episode 2950: Reward=41.00, Length=41, Avg Reward (last 10)=43.10
2025-08-04 01:17:43,806 - cartpole_trpo_wandb_seed_3 - INFO - Episode 2960: Reward=51.00, Length=51, Avg Reward (last 10)=37.00
2025-08-04 01:17:44,586 - cartpole_trpo_wandb_seed_3 - INFO - Episode 2970: Reward=69.00, Length=69, Avg Reward (last 10)=42.10
2025-08-04 01:17:44,661 - cartpole_trpo_wandb_seed_3 - INFO - Step 96905: Avg Reward=39.15, Running Avg=31.22, Episodes=26
2025-08-04 01:17:45,344 - cartpole_trpo_wandb_seed_3 - INFO - Episode 2980: Reward=72.00, Length=72, Avg Reward (last 10)=40.00
2025-08-04 01:17:46,137 - cartpole_trpo_wandb_seed_3 - INFO - Episode 2990: Reward=48.00, Length=48, Avg Reward (last 10)=42.60
2025-08-04 01:17:46,580 - cartpole_trpo_wandb_seed_3 - INFO - Step 97939: Avg Reward=43.08, Running Avg=31.32, Episodes=24
2025-08-04 01:17:47,010 - cartpole_trpo_wandb_seed_3 - INFO - Episode 3000: Reward=72.00, Length=72, Avg Reward (last 10)=49.70
2025-08-04 01:17:48,196 - cartpole_trpo_wandb_seed_3 - INFO - Episode 3010: Reward=66.00, Length=66, Avg Reward (last 10)=36.00
2025-08-04 01:17:48,812 - cartpole_trpo_wandb_seed_3 - INFO - Step 98959: Avg Reward=42.17, Running Avg=31.40, Episodes=24
2025-08-04 01:17:48,877 - cartpole_trpo_wandb_seed_3 - INFO - Episode 3020: Reward=43.00, Length=43, Avg Reward (last 10)=44.70
2025-08-04 01:17:49,568 - cartpole_trpo_wandb_seed_3 - INFO - Episode 3030: Reward=49.00, Length=49, Avg Reward (last 10)=44.50
2025-08-04 01:17:50,205 - cartpole_trpo_wandb_seed_3 - INFO - Episode 3040: Reward=47.00, Length=47, Avg Reward (last 10)=40.40
2025-08-04 01:17:50,386 - cartpole_trpo_wandb_seed_3 - INFO - Step 99965: Avg Reward=41.92, Running Avg=31.48, Episodes=24
2025-08-04 01:17:51,749 - cartpole_trpo_wandb_seed_3 - INFO - Episode 3050: Reward=64.00, Length=64, Avg Reward (last 10)=50.60
2025-08-04 01:17:52,671 - cartpole_trpo_wandb_seed_3 - INFO - Episode 3060: Reward=59.00, Length=59, Avg Reward (last 10)=53.30
2025-08-04 01:17:52,757 - cartpole_trpo_wandb_seed_3 - INFO - Step 100996: Avg Reward=54.00, Running Avg=31.62, Episodes=18
2025-08-04 01:17:53,584 - cartpole_trpo_wandb_seed_3 - INFO - Episode 3070: Reward=15.00, Length=15, Avg Reward (last 10)=50.30
2025-08-04 01:17:54,647 - cartpole_trpo_wandb_seed_3 - INFO - Step 102020: Avg Reward=53.89, Running Avg=31.75, Episodes=19
2025-08-04 01:17:54,649 - cartpole_trpo_wandb_seed_3 - INFO - Episode 3080: Reward=37.00, Length=37, Avg Reward (last 10)=56.80
2025-08-04 01:17:56,408 - cartpole_trpo_wandb_seed_3 - INFO - Episode 3090: Reward=66.00, Length=66, Avg Reward (last 10)=57.30
2025-08-04 01:17:57,117 - cartpole_trpo_wandb_seed_3 - INFO - Step 103029: Avg Reward=56.59, Running Avg=31.89, Episodes=17
2025-08-04 01:17:57,376 - cartpole_trpo_wandb_seed_3 - INFO - Episode 3100: Reward=63.00, Length=63, Avg Reward (last 10)=53.30
2025-08-04 01:17:58,414 - cartpole_trpo_wandb_seed_3 - INFO - Episode 3110: Reward=70.00, Length=70, Avg Reward (last 10)=54.50
2025-08-04 01:17:58,983 - cartpole_trpo_wandb_seed_3 - INFO - Step 104029: Avg Reward=52.63, Running Avg=32.02, Episodes=19
2025-08-04 01:17:59,295 - cartpole_trpo_wandb_seed_3 - INFO - Episode 3120: Reward=50.00, Length=50, Avg Reward (last 10)=51.50
2025-08-04 01:18:02,264 - cartpole_trpo_wandb_seed_3 - INFO - Episode 3130: Reward=76.00, Length=76, Avg Reward (last 10)=65.30
2025-08-04 01:18:02,479 - cartpole_trpo_wandb_seed_3 - INFO - Step 105040: Avg Reward=60.94, Running Avg=32.16, Episodes=16
2025-08-04 01:18:03,491 - cartpole_trpo_wandb_seed_3 - INFO - Episode 3140: Reward=74.00, Length=74, Avg Reward (last 10)=67.10
2025-08-04 01:18:04,438 - cartpole_trpo_wandb_seed_3 - INFO - Step 106100: Avg Reward=66.25, Running Avg=32.34, Episodes=16
2025-08-04 01:18:04,590 - cartpole_trpo_wandb_seed_3 - INFO - Episode 3150: Reward=15.00, Length=15, Avg Reward (last 10)=58.80
2025-08-04 01:18:06,498 - cartpole_trpo_wandb_seed_3 - INFO - Episode 3160: Reward=72.00, Length=72, Avg Reward (last 10)=68.70
2025-08-04 01:18:06,862 - cartpole_trpo_wandb_seed_3 - INFO - Step 107100: Avg Reward=61.56, Running Avg=32.49, Episodes=16
2025-08-04 01:18:07,538 - cartpole_trpo_wandb_seed_3 - INFO - Episode 3170: Reward=68.00, Length=68, Avg Reward (last 10)=60.30
2025-08-04 01:18:09,004 - cartpole_trpo_wandb_seed_3 - INFO - Step 108141: Avg Reward=65.06, Running Avg=32.65, Episodes=16
2025-08-04 01:18:09,005 - cartpole_trpo_wandb_seed_3 - INFO - Episode 3180: Reward=59.00, Length=59, Avg Reward (last 10)=65.50
2025-08-04 01:18:10,663 - cartpole_trpo_wandb_seed_3 - INFO - Episode 3190: Reward=75.00, Length=75, Avg Reward (last 10)=72.80
2025-08-04 01:18:11,047 - cartpole_trpo_wandb_seed_3 - INFO - Step 109141: Avg Reward=73.00, Running Avg=32.81, Episodes=13
2025-08-04 01:18:11,984 - cartpole_trpo_wandb_seed_3 - INFO - Episode 3200: Reward=88.00, Length=88, Avg Reward (last 10)=73.30
2025-08-04 01:18:12,905 - cartpole_trpo_wandb_seed_3 - INFO - Step 110163: Avg Reward=68.13, Running Avg=32.98, Episodes=15
2025-08-04 01:18:13,077 - cartpole_trpo_wandb_seed_3 - INFO - Episode 3210: Reward=43.00, Length=43, Avg Reward (last 10)=61.20
2025-08-04 01:18:14,891 - cartpole_trpo_wandb_seed_3 - INFO - Episode 3220: Reward=80.00, Length=80, Avg Reward (last 10)=67.80
2025-08-04 01:18:15,410 - cartpole_trpo_wandb_seed_3 - INFO - Step 111217: Avg Reward=65.69, Running Avg=33.14, Episodes=16
2025-08-04 01:18:16,269 - cartpole_trpo_wandb_seed_3 - INFO - Episode 3230: Reward=81.00, Length=81, Avg Reward (last 10)=74.50
2025-08-04 01:18:17,367 - cartpole_trpo_wandb_seed_3 - INFO - Step 112299: Avg Reward=77.29, Running Avg=33.33, Episodes=14
2025-08-04 01:18:17,605 - cartpole_trpo_wandb_seed_3 - INFO - Episode 3240: Reward=82.00, Length=82, Avg Reward (last 10)=73.60
2025-08-04 01:18:19,768 - cartpole_trpo_wandb_seed_3 - INFO - Step 113304: Avg Reward=79.25, Running Avg=33.50, Episodes=12
2025-08-04 01:18:19,770 - cartpole_trpo_wandb_seed_3 - INFO - Episode 3250: Reward=80.00, Length=80, Avg Reward (last 10)=82.30
2025-08-04 01:18:21,239 - cartpole_trpo_wandb_seed_3 - INFO - Episode 3260: Reward=55.00, Length=55, Avg Reward (last 10)=78.20
2025-08-04 01:18:21,691 - cartpole_trpo_wandb_seed_3 - INFO - Step 114340: Avg Reward=79.69, Running Avg=33.69, Episodes=13
2025-08-04 01:18:23,356 - cartpole_trpo_wandb_seed_3 - INFO - Episode 3270: Reward=86.00, Length=86, Avg Reward (last 10)=84.20
2025-08-04 01:18:24,083 - cartpole_trpo_wandb_seed_3 - INFO - Step 115363: Avg Reward=76.38, Running Avg=33.85, Episodes=13
2025-08-04 01:18:24,655 - cartpole_trpo_wandb_seed_3 - INFO - Episode 3280: Reward=79.00, Length=79, Avg Reward (last 10)=72.50
2025-08-04 01:18:25,907 - cartpole_trpo_wandb_seed_3 - INFO - Step 116385: Avg Reward=85.17, Running Avg=34.04, Episodes=12
2025-08-04 01:18:26,195 - cartpole_trpo_wandb_seed_3 - INFO - Episode 3290: Reward=74.00, Length=74, Avg Reward (last 10)=86.50
2025-08-04 01:18:30,062 - cartpole_trpo_wandb_seed_3 - INFO - Step 117389: Avg Reward=86.64, Running Avg=34.22, Episodes=11
2025-08-04 01:18:30,426 - cartpole_trpo_wandb_seed_3 - INFO - Episode 3300: Reward=95.00, Length=95, Avg Reward (last 10)=88.50
2025-08-04 01:18:34,274 - cartpole_trpo_wandb_seed_3 - INFO - Step 118391: Avg Reward=91.09, Running Avg=34.41, Episodes=11
2025-08-04 01:18:34,276 - cartpole_trpo_wandb_seed_3 - INFO - Episode 3310: Reward=91.00, Length=91, Avg Reward (last 10)=90.70
2025-08-04 01:18:39,169 - cartpole_trpo_wandb_seed_3 - INFO - Episode 3320: Reward=99.00, Length=99, Avg Reward (last 10)=93.10
2025-08-04 01:18:39,596 - cartpole_trpo_wandb_seed_3 - INFO - Step 119444: Avg Reward=93.27, Running Avg=34.60, Episodes=11
2025-08-04 01:18:43,619 - cartpole_trpo_wandb_seed_3 - INFO - Episode 3330: Reward=95.00, Length=95, Avg Reward (last 10)=100.70
2025-08-04 01:18:44,081 - cartpole_trpo_wandb_seed_3 - INFO - Step 120457: Avg Reward=101.30, Running Avg=34.80, Episodes=10
2025-08-04 01:18:47,785 - cartpole_trpo_wandb_seed_3 - INFO - Episode 3340: Reward=108.00, Length=108, Avg Reward (last 10)=99.70
2025-08-04 01:18:48,633 - cartpole_trpo_wandb_seed_3 - INFO - Step 121557: Avg Reward=99.73, Running Avg=35.01, Episodes=11
2025-08-04 01:18:52,217 - cartpole_trpo_wandb_seed_3 - INFO - Episode 3350: Reward=98.00, Length=98, Avg Reward (last 10)=103.80
2025-08-04 01:18:53,109 - cartpole_trpo_wandb_seed_3 - INFO - Step 122591: Avg Reward=103.40, Running Avg=35.22, Episodes=10
2025-08-04 01:18:57,808 - cartpole_trpo_wandb_seed_3 - INFO - Episode 3360: Reward=107.00, Length=107, Avg Reward (last 10)=101.00
2025-08-04 01:18:58,390 - cartpole_trpo_wandb_seed_3 - INFO - Step 123604: Avg Reward=103.11, Running Avg=35.40, Episodes=9
2025-08-04 01:19:02,722 - cartpole_trpo_wandb_seed_3 - INFO - Episode 3370: Reward=117.00, Length=117, Avg Reward (last 10)=108.90
2025-08-04 01:19:03,214 - cartpole_trpo_wandb_seed_3 - INFO - Step 124681: Avg Reward=107.70, Running Avg=35.62, Episodes=10
2025-08-04 01:19:12,877 - cartpole_trpo_wandb_seed_3 - INFO - Step 125696: Avg Reward=108.44, Running Avg=35.81, Episodes=9
2025-08-04 01:19:12,878 - cartpole_trpo_wandb_seed_3 - INFO - Episode 3380: Reward=92.00, Length=92, Avg Reward (last 10)=107.90
2025-08-04 01:19:16,185 - cartpole_trpo_wandb_seed_3 - INFO - Step 126702: Avg Reward=111.78, Running Avg=36.01, Episodes=9
2025-08-04 01:19:16,790 - cartpole_trpo_wandb_seed_3 - INFO - Episode 3390: Reward=109.00, Length=109, Avg Reward (last 10)=111.50
2025-08-04 01:19:21,373 - cartpole_trpo_wandb_seed_3 - INFO - Step 127750: Avg Reward=109.89, Running Avg=36.21, Episodes=9
2025-08-04 01:19:22,277 - cartpole_trpo_wandb_seed_3 - INFO - Episode 3400: Reward=109.00, Length=109, Avg Reward (last 10)=110.30
2025-08-04 01:19:25,737 - cartpole_trpo_wandb_seed_3 - INFO - Step 128762: Avg Reward=112.44, Running Avg=36.41, Episodes=9
2025-08-04 01:19:28,054 - cartpole_trpo_wandb_seed_3 - INFO - Episode 3410: Reward=109.00, Length=109, Avg Reward (last 10)=112.50
2025-08-04 01:19:30,900 - cartpole_trpo_wandb_seed_3 - INFO - Step 129764: Avg Reward=107.44, Running Avg=36.59, Episodes=9
2025-08-04 01:19:32,990 - cartpole_trpo_wandb_seed_3 - INFO - Episode 3420: Reward=111.00, Length=111, Avg Reward (last 10)=108.10
2025-08-04 01:19:35,335 - cartpole_trpo_wandb_seed_3 - INFO - Step 130862: Avg Reward=109.80, Running Avg=36.81, Episodes=10
2025-08-04 01:19:38,488 - cartpole_trpo_wandb_seed_3 - INFO - Episode 3430: Reward=111.00, Length=111, Avg Reward (last 10)=109.40
2025-08-04 01:19:40,875 - cartpole_trpo_wandb_seed_3 - INFO - Step 131924: Avg Reward=106.33, Running Avg=36.99, Episodes=9
2025-08-04 01:19:43,604 - cartpole_trpo_wandb_seed_3 - INFO - Episode 3440: Reward=124.00, Length=124, Avg Reward (last 10)=110.00
2025-08-04 01:19:45,641 - cartpole_trpo_wandb_seed_3 - INFO - Step 132946: Avg Reward=113.56, Running Avg=37.19, Episodes=9
2025-08-04 01:19:49,772 - cartpole_trpo_wandb_seed_3 - INFO - Episode 3450: Reward=113.00, Length=113, Avg Reward (last 10)=112.70
2025-08-04 01:19:51,303 - cartpole_trpo_wandb_seed_3 - INFO - Step 134026: Avg Reward=113.89, Running Avg=37.39, Episodes=9
2025-08-04 01:19:54,922 - cartpole_trpo_wandb_seed_3 - INFO - Episode 3460: Reward=115.00, Length=115, Avg Reward (last 10)=111.70
2025-08-04 01:19:56,010 - cartpole_trpo_wandb_seed_3 - INFO - Step 135039: Avg Reward=112.56, Running Avg=37.59, Episodes=9
2025-08-04 01:20:01,082 - cartpole_trpo_wandb_seed_3 - INFO - Episode 3470: Reward=104.00, Length=104, Avg Reward (last 10)=113.50
2025-08-04 01:20:01,588 - cartpole_trpo_wandb_seed_3 - INFO - Step 136071: Avg Reward=113.00, Running Avg=37.78, Episodes=9
2025-08-04 01:20:06,236 - cartpole_trpo_wandb_seed_3 - INFO - Step 137093: Avg Reward=113.56, Running Avg=37.98, Episodes=9
2025-08-04 01:20:06,238 - cartpole_trpo_wandb_seed_3 - INFO - Episode 3480: Reward=119.00, Length=119, Avg Reward (last 10)=113.10
2025-08-04 01:20:11,975 - cartpole_trpo_wandb_seed_3 - INFO - Step 138199: Avg Reward=109.22, Running Avg=38.16, Episodes=9
2025-08-04 01:20:12,364 - cartpole_trpo_wandb_seed_3 - INFO - Episode 3490: Reward=112.00, Length=112, Avg Reward (last 10)=109.50
2025-08-04 01:20:18,006 - cartpole_trpo_wandb_seed_3 - INFO - Step 139380: Avg Reward=109.80, Running Avg=38.37, Episodes=10
2025-08-04 01:20:18,573 - cartpole_trpo_wandb_seed_3 - INFO - Episode 3500: Reward=119.00, Length=119, Avg Reward (last 10)=110.50
2025-08-04 01:20:22,703 - cartpole_trpo_wandb_seed_3 - INFO - Step 140422: Avg Reward=115.78, Running Avg=38.56, Episodes=9
2025-08-04 01:20:23,760 - cartpole_trpo_wandb_seed_3 - INFO - Episode 3510: Reward=111.00, Length=111, Avg Reward (last 10)=115.20
2025-08-04 01:20:28,317 - cartpole_trpo_wandb_seed_3 - INFO - Step 141493: Avg Reward=112.78, Running Avg=38.75, Episodes=9
2025-08-04 01:20:29,172 - cartpole_trpo_wandb_seed_3 - INFO - Episode 3520: Reward=90.00, Length=90, Avg Reward (last 10)=96.90
2025-08-04 01:20:31,860 - cartpole_trpo_wandb_seed_3 - INFO - Episode 3530: Reward=101.00, Length=101, Avg Reward (last 10)=58.80
2025-08-04 01:20:33,160 - cartpole_trpo_wandb_seed_3 - INFO - Step 142546: Avg Reward=58.50, Running Avg=38.85, Episodes=18
2025-08-04 01:20:34,353 - cartpole_trpo_wandb_seed_3 - INFO - Episode 3540: Reward=69.00, Length=69, Avg Reward (last 10)=61.90
2025-08-04 01:20:37,879 - cartpole_trpo_wandb_seed_3 - INFO - Episode 3550: Reward=71.00, Length=71, Avg Reward (last 10)=63.50
2025-08-04 01:20:38,004 - cartpole_trpo_wandb_seed_3 - INFO - Step 143553: Avg Reward=62.75, Running Avg=38.96, Episodes=16
2025-08-04 01:20:40,294 - cartpole_trpo_wandb_seed_3 - INFO - Episode 3560: Reward=57.00, Length=57, Avg Reward (last 10)=53.90
2025-08-04 01:20:42,615 - cartpole_trpo_wandb_seed_3 - INFO - Step 144587: Avg Reward=60.82, Running Avg=39.07, Episodes=17
2025-08-04 01:20:42,953 - cartpole_trpo_wandb_seed_3 - INFO - Episode 3570: Reward=48.00, Length=48, Avg Reward (last 10)=59.70
2025-08-04 01:20:45,560 - cartpole_trpo_wandb_seed_3 - INFO - Episode 3580: Reward=41.00, Length=41, Avg Reward (last 10)=57.40
2025-08-04 01:20:51,434 - cartpole_trpo_wandb_seed_3 - INFO - Step 145636: Avg Reward=56.44, Running Avg=39.15, Episodes=18
2025-08-04 01:20:52,793 - cartpole_trpo_wandb_seed_3 - INFO - Episode 3590: Reward=103.00, Length=103, Avg Reward (last 10)=66.70
2025-08-04 01:20:55,084 - cartpole_trpo_wandb_seed_3 - INFO - Episode 3600: Reward=76.00, Length=76, Avg Reward (last 10)=60.60
2025-08-04 01:20:55,569 - cartpole_trpo_wandb_seed_3 - INFO - Step 146650: Avg Reward=63.38, Running Avg=39.26, Episodes=16
2025-08-04 01:20:57,960 - cartpole_trpo_wandb_seed_3 - INFO - Episode 3610: Reward=81.00, Length=81, Avg Reward (last 10)=65.00
2025-08-04 01:21:01,340 - cartpole_trpo_wandb_seed_3 - INFO - Step 147659: Avg Reward=68.86, Running Avg=39.38, Episodes=14
2025-08-04 01:21:02,732 - cartpole_trpo_wandb_seed_3 - INFO - Episode 3620: Reward=36.00, Length=36, Avg Reward (last 10)=73.60
2025-08-04 01:21:06,176 - cartpole_trpo_wandb_seed_3 - INFO - Step 148690: Avg Reward=73.64, Running Avg=39.51, Episodes=14
2025-08-04 01:21:06,178 - cartpole_trpo_wandb_seed_3 - INFO - Episode 3630: Reward=43.00, Length=43, Avg Reward (last 10)=72.20
2025-08-04 01:21:11,109 - cartpole_trpo_wandb_seed_3 - INFO - Episode 3640: Reward=99.00, Length=99, Avg Reward (last 10)=84.80
2025-08-04 01:21:11,827 - cartpole_trpo_wandb_seed_3 - INFO - Step 149760: Avg Reward=83.75, Running Avg=39.65, Episodes=12
2025-08-04 01:21:14,976 - cartpole_trpo_wandb_seed_3 - INFO - Episode 3650: Reward=96.00, Length=96, Avg Reward (last 10)=83.20
2025-08-04 01:21:16,561 - cartpole_trpo_wandb_seed_3 - INFO - Step 150773: Avg Reward=84.42, Running Avg=39.80, Episodes=12
2025-08-04 01:21:17,796 - cartpole_trpo_wandb_seed_3 - INFO - Episode 3660: Reward=92.00, Length=92, Avg Reward (last 10)=82.30
2025-08-04 01:21:19,480 - cartpole_trpo_wandb_seed_3 - INFO - Step 151807: Avg Reward=76.00, Running Avg=39.93, Episodes=13
2025-08-04 01:21:19,971 - cartpole_trpo_wandb_seed_3 - INFO - Episode 3670: Reward=89.00, Length=89, Avg Reward (last 10)=77.60
2025-08-04 01:21:21,343 - cartpole_trpo_wandb_seed_3 - INFO - Step 152838: Avg Reward=93.73, Running Avg=40.09, Episodes=11
2025-08-04 01:21:21,689 - cartpole_trpo_wandb_seed_3 - INFO - Episode 3680: Reward=102.00, Length=102, Avg Reward (last 10)=94.90
2025-08-04 01:21:23,778 - cartpole_trpo_wandb_seed_3 - INFO - Step 153864: Avg Reward=88.82, Running Avg=40.23, Episodes=11
2025-08-04 01:21:23,970 - cartpole_trpo_wandb_seed_3 - INFO - Episode 3690: Reward=104.00, Length=104, Avg Reward (last 10)=89.00
2025-08-04 01:21:25,586 - cartpole_trpo_wandb_seed_3 - INFO - Step 154933: Avg Reward=97.18, Running Avg=40.40, Episodes=11
2025-08-04 01:21:25,588 - cartpole_trpo_wandb_seed_3 - INFO - Episode 3700: Reward=103.00, Length=103, Avg Reward (last 10)=96.50
2025-08-04 01:21:27,860 - cartpole_trpo_wandb_seed_3 - INFO - Episode 3710: Reward=99.00, Length=99, Avg Reward (last 10)=89.10
2025-08-04 01:21:28,049 - cartpole_trpo_wandb_seed_3 - INFO - Step 155958: Avg Reward=90.55, Running Avg=40.55, Episodes=11
2025-08-04 01:21:29,594 - cartpole_trpo_wandb_seed_3 - INFO - Episode 3720: Reward=81.00, Length=81, Avg Reward (last 10)=96.30
2025-08-04 01:21:29,974 - cartpole_trpo_wandb_seed_3 - INFO - Step 157019: Avg Reward=96.45, Running Avg=40.72, Episodes=11
2025-08-04 01:21:32,181 - cartpole_trpo_wandb_seed_3 - INFO - Episode 3730: Reward=103.00, Length=103, Avg Reward (last 10)=102.50
2025-08-04 01:21:32,559 - cartpole_trpo_wandb_seed_3 - INFO - Step 158111: Avg Reward=103.00, Running Avg=40.88, Episodes=10
2025-08-04 01:21:34,118 - cartpole_trpo_wandb_seed_3 - INFO - Episode 3740: Reward=102.00, Length=102, Avg Reward (last 10)=102.40
2025-08-04 01:21:34,475 - cartpole_trpo_wandb_seed_3 - INFO - Step 159122: Avg Reward=101.10, Running Avg=41.05, Episodes=10
2025-08-04 01:21:36,785 - cartpole_trpo_wandb_seed_3 - INFO - Episode 3750: Reward=99.00, Length=99, Avg Reward (last 10)=101.50
2025-08-04 01:21:36,960 - cartpole_trpo_wandb_seed_3 - INFO - Step 160146: Avg Reward=102.00, Running Avg=41.19, Episodes=9
2025-08-04 01:21:38,615 - cartpole_trpo_wandb_seed_3 - INFO - Episode 3760: Reward=106.00, Length=106, Avg Reward (last 10)=101.40
2025-08-04 01:21:38,816 - cartpole_trpo_wandb_seed_3 - INFO - Step 161166: Avg Reward=102.00, Running Avg=41.35, Episodes=10
2025-08-04 01:21:41,157 - cartpole_trpo_wandb_seed_3 - INFO - Episode 3770: Reward=101.00, Length=101, Avg Reward (last 10)=102.00
2025-08-04 01:21:41,337 - cartpole_trpo_wandb_seed_3 - INFO - Step 162204: Avg Reward=101.80, Running Avg=41.51, Episodes=10
2025-08-04 01:21:42,990 - cartpole_trpo_wandb_seed_3 - INFO - Episode 3780: Reward=102.00, Length=102, Avg Reward (last 10)=101.70
2025-08-04 01:21:43,171 - cartpole_trpo_wandb_seed_3 - INFO - Step 163220: Avg Reward=101.60, Running Avg=41.67, Episodes=10
2025-08-04 01:21:45,666 - cartpole_trpo_wandb_seed_3 - INFO - Step 164267: Avg Reward=105.44, Running Avg=41.82, Episodes=9
2025-08-04 01:21:45,667 - cartpole_trpo_wandb_seed_3 - INFO - Episode 3790: Reward=105.00, Length=105, Avg Reward (last 10)=105.00
2025-08-04 01:21:47,520 - cartpole_trpo_wandb_seed_3 - INFO - Step 165308: Avg Reward=104.10, Running Avg=41.99, Episodes=10
2025-08-04 01:21:47,522 - cartpole_trpo_wandb_seed_3 - INFO - Episode 3800: Reward=104.00, Length=104, Avg Reward (last 10)=104.10
2025-08-04 01:21:52,042 - cartpole_trpo_wandb_seed_3 - INFO - Step 166413: Avg Reward=105.30, Running Avg=42.15, Episodes=10
2025-08-04 01:21:52,044 - cartpole_trpo_wandb_seed_3 - INFO - Episode 3810: Reward=107.00, Length=107, Avg Reward (last 10)=105.30
2025-08-04 01:21:53,462 - cartpole_trpo_wandb_seed_3 - INFO - Step 167446: Avg Reward=103.30, Running Avg=42.31, Episodes=10
2025-08-04 01:21:53,463 - cartpole_trpo_wandb_seed_3 - INFO - Episode 3820: Reward=108.00, Length=108, Avg Reward (last 10)=103.30
2025-08-04 01:21:55,601 - cartpole_trpo_wandb_seed_3 - INFO - Step 168446: Avg Reward=103.67, Running Avg=42.46, Episodes=9
2025-08-04 01:21:55,797 - cartpole_trpo_wandb_seed_3 - INFO - Episode 3830: Reward=99.00, Length=99, Avg Reward (last 10)=103.20
2025-08-04 01:21:57,554 - cartpole_trpo_wandb_seed_3 - INFO - Step 169469: Avg Reward=102.30, Running Avg=42.61, Episodes=10
2025-08-04 01:21:57,737 - cartpole_trpo_wandb_seed_3 - INFO - Episode 3840: Reward=96.00, Length=96, Avg Reward (last 10)=102.00
2025-08-04 01:22:00,086 - cartpole_trpo_wandb_seed_3 - INFO - Step 170539: Avg Reward=108.44, Running Avg=42.77, Episodes=9
2025-08-04 01:22:00,472 - cartpole_trpo_wandb_seed_3 - INFO - Episode 3850: Reward=104.00, Length=104, Avg Reward (last 10)=108.30
2025-08-04 01:22:01,979 - cartpole_trpo_wandb_seed_3 - INFO - Step 171583: Avg Reward=104.40, Running Avg=42.93, Episodes=10
2025-08-04 01:22:02,393 - cartpole_trpo_wandb_seed_3 - INFO - Episode 3860: Reward=110.00, Length=110, Avg Reward (last 10)=106.10
2025-08-04 01:22:04,662 - cartpole_trpo_wandb_seed_3 - INFO - Step 172686: Avg Reward=109.10, Running Avg=43.10, Episodes=10
2025-08-04 01:22:05,056 - cartpole_trpo_wandb_seed_3 - INFO - Episode 3870: Reward=103.00, Length=103, Avg Reward (last 10)=108.10
2025-08-04 01:22:06,506 - cartpole_trpo_wandb_seed_3 - INFO - Step 173738: Avg Reward=105.20, Running Avg=43.26, Episodes=10
2025-08-04 01:22:06,880 - cartpole_trpo_wandb_seed_3 - INFO - Episode 3880: Reward=108.00, Length=108, Avg Reward (last 10)=105.00
2025-08-04 01:22:08,938 - cartpole_trpo_wandb_seed_3 - INFO - Step 174824: Avg Reward=106.00, Running Avg=43.42, Episodes=10
2025-08-04 01:22:09,276 - cartpole_trpo_wandb_seed_3 - INFO - Episode 3890: Reward=107.00, Length=107, Avg Reward (last 10)=107.10
2025-08-04 01:22:10,613 - cartpole_trpo_wandb_seed_3 - INFO - Step 175914: Avg Reward=109.00, Running Avg=43.59, Episodes=10
2025-08-04 01:22:11,005 - cartpole_trpo_wandb_seed_3 - INFO - Episode 3900: Reward=100.00, Length=100, Avg Reward (last 10)=107.80
2025-08-04 01:22:13,105 - cartpole_trpo_wandb_seed_3 - INFO - Step 177004: Avg Reward=108.30, Running Avg=43.75, Episodes=10
2025-08-04 01:22:13,487 - cartpole_trpo_wandb_seed_3 - INFO - Episode 3910: Reward=100.00, Length=100, Avg Reward (last 10)=109.10
2025-08-04 01:22:15,079 - cartpole_trpo_wandb_seed_3 - INFO - Step 178108: Avg Reward=110.40, Running Avg=43.92, Episodes=10
2025-08-04 01:22:16,191 - cartpole_trpo_wandb_seed_3 - INFO - Episode 3920: Reward=107.00, Length=107, Avg Reward (last 10)=110.50
2025-08-04 01:22:17,558 - cartpole_trpo_wandb_seed_3 - INFO - Step 179151: Avg Reward=108.33, Running Avg=44.07, Episodes=9
2025-08-04 01:22:18,136 - cartpole_trpo_wandb_seed_3 - INFO - Episode 3930: Reward=108.00, Length=108, Avg Reward (last 10)=108.40
2025-08-04 01:22:20,170 - cartpole_trpo_wandb_seed_3 - INFO - Step 180336: Avg Reward=110.00, Running Avg=44.24, Episodes=10
2025-08-04 01:22:20,775 - cartpole_trpo_wandb_seed_3 - INFO - Episode 3940: Reward=110.00, Length=110, Avg Reward (last 10)=111.10
2025-08-04 01:22:22,165 - cartpole_trpo_wandb_seed_3 - INFO - Step 181443: Avg Reward=110.70, Running Avg=44.41, Episodes=10
2025-08-04 01:22:22,746 - cartpole_trpo_wandb_seed_3 - INFO - Episode 3950: Reward=106.00, Length=106, Avg Reward (last 10)=109.70
2025-08-04 01:22:24,655 - cartpole_trpo_wandb_seed_3 - INFO - Step 182492: Avg Reward=109.22, Running Avg=44.55, Episodes=9
2025-08-04 01:22:25,462 - cartpole_trpo_wandb_seed_3 - INFO - Episode 3960: Reward=107.00, Length=107, Avg Reward (last 10)=108.70
2025-08-04 01:22:27,361 - cartpole_trpo_wandb_seed_3 - INFO - Step 183557: Avg Reward=106.50, Running Avg=44.71, Episodes=10
2025-08-04 01:22:28,989 - cartpole_trpo_wandb_seed_3 - INFO - Episode 3970: Reward=106.00, Length=106, Avg Reward (last 10)=106.40
2025-08-04 01:22:32,502 - cartpole_trpo_wandb_seed_3 - INFO - Step 184646: Avg Reward=109.00, Running Avg=44.86, Episodes=9
2025-08-04 01:22:34,928 - cartpole_trpo_wandb_seed_3 - INFO - Episode 3980: Reward=113.00, Length=113, Avg Reward (last 10)=111.30
2025-08-04 01:22:36,983 - cartpole_trpo_wandb_seed_3 - INFO - Step 185671: Avg Reward=113.89, Running Avg=45.01, Episodes=9
2025-08-04 01:22:39,827 - cartpole_trpo_wandb_seed_3 - INFO - Episode 3990: Reward=109.00, Length=109, Avg Reward (last 10)=111.50
2025-08-04 01:22:46,887 - cartpole_trpo_wandb_seed_3 - INFO - Step 186686: Avg Reward=107.67, Running Avg=45.15, Episodes=9
2025-08-04 01:22:50,262 - cartpole_trpo_wandb_seed_3 - INFO - Episode 4000: Reward=100.00, Length=100, Avg Reward (last 10)=108.90
2025-08-04 01:22:51,631 - cartpole_trpo_wandb_seed_3 - INFO - Step 187773: Avg Reward=108.70, Running Avg=45.31, Episodes=10
2025-08-04 01:22:56,536 - cartpole_trpo_wandb_seed_3 - INFO - Episode 4010: Reward=110.00, Length=110, Avg Reward (last 10)=109.20
2025-08-04 01:22:57,631 - cartpole_trpo_wandb_seed_3 - INFO - Step 188877: Avg Reward=111.78, Running Avg=45.46, Episodes=9
2025-08-04 01:23:01,690 - cartpole_trpo_wandb_seed_3 - INFO - Episode 4020: Reward=103.00, Length=103, Avg Reward (last 10)=112.40
2025-08-04 01:23:02,907 - cartpole_trpo_wandb_seed_3 - INFO - Step 189991: Avg Reward=111.40, Running Avg=45.62, Episodes=10
2025-08-04 01:23:07,770 - cartpole_trpo_wandb_seed_3 - INFO - Episode 4030: Reward=115.00, Length=115, Avg Reward (last 10)=111.50
2025-08-04 01:23:08,279 - cartpole_trpo_wandb_seed_3 - INFO - Step 191024: Avg Reward=111.44, Running Avg=45.77, Episodes=9
2025-08-04 01:23:12,855 - cartpole_trpo_wandb_seed_3 - INFO - Step 192042: Avg Reward=113.11, Running Avg=45.92, Episodes=9
2025-08-04 01:23:12,858 - cartpole_trpo_wandb_seed_3 - INFO - Episode 4040: Reward=118.00, Length=118, Avg Reward (last 10)=112.60
2025-08-04 01:23:18,236 - cartpole_trpo_wandb_seed_3 - INFO - Step 193063: Avg Reward=111.44, Running Avg=46.07, Episodes=9
2025-08-04 01:23:18,848 - cartpole_trpo_wandb_seed_3 - INFO - Episode 4050: Reward=120.00, Length=120, Avg Reward (last 10)=112.30
2025-08-04 01:23:22,506 - cartpole_trpo_wandb_seed_3 - INFO - Step 194069: Avg Reward=111.78, Running Avg=46.21, Episodes=9
2025-08-04 01:23:23,264 - cartpole_trpo_wandb_seed_3 - INFO - Episode 4060: Reward=107.00, Length=107, Avg Reward (last 10)=110.50
2025-08-04 01:23:27,179 - cartpole_trpo_wandb_seed_3 - INFO - Step 195108: Avg Reward=109.78, Running Avg=46.35, Episodes=9
2025-08-04 01:23:28,677 - cartpole_trpo_wandb_seed_3 - INFO - Episode 4070: Reward=113.00, Length=113, Avg Reward (last 10)=111.00
2025-08-04 01:23:31,792 - cartpole_trpo_wandb_seed_3 - INFO - Step 196220: Avg Reward=111.20, Running Avg=46.51, Episodes=10
2025-08-04 01:23:32,982 - cartpole_trpo_wandb_seed_3 - INFO - Episode 4080: Reward=117.00, Length=117, Avg Reward (last 10)=112.50
2025-08-04 01:23:36,501 - cartpole_trpo_wandb_seed_3 - INFO - Step 197275: Avg Reward=113.44, Running Avg=46.66, Episodes=9
2025-08-04 01:23:38,515 - cartpole_trpo_wandb_seed_3 - INFO - Episode 4090: Reward=121.00, Length=121, Avg Reward (last 10)=109.90
2025-08-04 01:23:41,022 - cartpole_trpo_wandb_seed_3 - INFO - Step 198380: Avg Reward=110.50, Running Avg=46.82, Episodes=10
2025-08-04 01:23:43,514 - cartpole_trpo_wandb_seed_3 - INFO - Episode 4100: Reward=109.00, Length=109, Avg Reward (last 10)=111.40
2025-08-04 01:23:45,894 - cartpole_trpo_wandb_seed_3 - INFO - Step 199419: Avg Reward=109.56, Running Avg=46.95, Episodes=9
2025-08-04 01:23:48,303 - cartpole_trpo_wandb_seed_3 - INFO - Episode 4110: Reward=111.00, Length=111, Avg Reward (last 10)=110.30
2025-08-04 01:23:50,714 - cartpole_trpo_wandb_seed_3 - INFO - Step 200520: Avg Reward=110.10, Running Avg=47.11, Episodes=10
2025-08-04 01:23:54,196 - cartpole_trpo_wandb_seed_3 - INFO - Episode 4120: Reward=116.00, Length=116, Avg Reward (last 10)=109.50
2025-08-04 01:23:56,224 - cartpole_trpo_wandb_seed_3 - INFO - Step 201588: Avg Reward=110.11, Running Avg=47.24, Episodes=9
2025-08-04 01:23:59,256 - cartpole_trpo_wandb_seed_3 - INFO - Episode 4130: Reward=115.00, Length=115, Avg Reward (last 10)=111.80
2025-08-04 01:24:00,706 - cartpole_trpo_wandb_seed_3 - INFO - Step 202595: Avg Reward=111.89, Running Avg=47.39, Episodes=9
2025-08-04 01:24:05,285 - cartpole_trpo_wandb_seed_3 - INFO - Episode 4140: Reward=109.00, Length=109, Avg Reward (last 10)=111.10
2025-08-04 01:24:06,208 - cartpole_trpo_wandb_seed_3 - INFO - Step 203653: Avg Reward=111.78, Running Avg=47.52, Episodes=9
2025-08-04 01:24:09,762 - cartpole_trpo_wandb_seed_3 - INFO - Episode 4150: Reward=119.00, Length=119, Avg Reward (last 10)=114.80
2025-08-04 01:24:10,119 - cartpole_trpo_wandb_seed_3 - INFO - Step 204691: Avg Reward=115.33, Running Avg=47.67, Episodes=9
2025-08-04 01:24:11,039 - cartpole_trpo_wandb_seed_3 - INFO - Metrics saved to results/cartpole_trpo_wandb/seed_3/metrics.json
2025-08-04 01:24:14,470 - cartpole_trpo_wandb_seed_3 - INFO - Experiment completed.
