2025-07-20 22:46:44,868 - cartpole_trpo_wandb_seed_1 - INFO - Hyperparameters:
2025-07-20 22:46:44,869 - cartpole_trpo_wandb_seed_1 - INFO -   environment: {'name': 'CartPole-v1', 'seed': 42}
2025-07-20 22:46:44,869 - cartpole_trpo_wandb_seed_1 - INFO -   algorithm: {'name': 'TRPO', 'lr': '3e-4', 'gamma': 0.99, 'gae_lambda': 0.95, 'max_kl': 0.005, 'damping': 0.2, 'has_continuous_action_space': False, 'action_std_init': 0.6}
2025-07-20 22:46:44,870 - cartpole_trpo_wandb_seed_1 - INFO -   network: {'hidden_dims': [64, 64], 'activation': 'tanh'}
2025-07-20 22:46:44,870 - cartpole_trpo_wandb_seed_1 - INFO -   training: {'max_episodes': 100, 'max_steps_per_episode': 500, 'update_interval': 2048, 'eval_interval': 10, 'save_interval': 300, 'log_interval': 10}
2025-07-20 22:46:44,871 - cartpole_trpo_wandb_seed_1 - INFO -   experiment: {'name': 'cartpole_trpo_wandb', 'seeds': [0, 1, 2], 'device': 'cpu', 'save_dir': 'results/cartpole_trpo_wandb'}
2025-07-20 22:46:44,871 - cartpole_trpo_wandb_seed_1 - INFO -   logging: {'tensorboard': False, 'save_metrics': True, 'plot_interval': 25, 'use_wandb': True, 'wandb_project': 'rl-framework-cartpole', 'wandb_entity': 'tatalintelli-university-of-seoul'}
2025-07-20 22:46:44,894 - cartpole_trpo_wandb_seed_1 - INFO - Episode 0: Reward=20.00, Length=20, Avg Reward (last 10)=20.00
2025-07-20 22:46:45,059 - cartpole_trpo_wandb_seed_1 - INFO - Episode 10: Reward=24.00, Length=24, Avg Reward (last 10)=19.20
2025-07-20 22:46:45,357 - cartpole_trpo_wandb_seed_1 - INFO - Episode 20: Reward=22.00, Length=22, Avg Reward (last 10)=20.20
2025-07-20 22:46:45,519 - cartpole_trpo_wandb_seed_1 - INFO - Episode 30: Reward=13.00, Length=13, Avg Reward (last 10)=18.90
2025-07-20 22:46:45,709 - cartpole_trpo_wandb_seed_1 - INFO - Episode 40: Reward=23.00, Length=23, Avg Reward (last 10)=19.40
2025-07-20 22:46:45,932 - cartpole_trpo_wandb_seed_1 - INFO - Episode 50: Reward=13.00, Length=13, Avg Reward (last 10)=20.40
2025-07-20 22:46:46,096 - cartpole_trpo_wandb_seed_1 - INFO - Episode 60: Reward=15.00, Length=15, Avg Reward (last 10)=20.70
2025-07-20 22:46:46,226 - cartpole_trpo_wandb_seed_1 - INFO - Episode 70: Reward=14.00, Length=14, Avg Reward (last 10)=19.70
2025-07-20 22:46:46,378 - cartpole_trpo_wandb_seed_1 - INFO - Episode 80: Reward=32.00, Length=32, Avg Reward (last 10)=21.90
2025-07-20 22:46:46,551 - cartpole_trpo_wandb_seed_1 - INFO - Episode 90: Reward=57.00, Length=57, Avg Reward (last 10)=21.60
2025-07-20 22:46:47,256 - cartpole_trpo_wandb_seed_1 - INFO - Episode 100: Reward=25.00, Length=25, Avg Reward (last 10)=22.50
2025-07-20 22:46:47,390 - cartpole_trpo_wandb_seed_1 - INFO - Episode 110: Reward=49.00, Length=49, Avg Reward (last 10)=20.50
2025-07-20 22:46:47,516 - cartpole_trpo_wandb_seed_1 - INFO - Episode 120: Reward=38.00, Length=38, Avg Reward (last 10)=19.50
2025-07-20 22:46:47,629 - cartpole_trpo_wandb_seed_1 - INFO - Episode 130: Reward=18.00, Length=18, Avg Reward (last 10)=16.70
2025-07-20 22:46:47,747 - cartpole_trpo_wandb_seed_1 - INFO - Episode 140: Reward=15.00, Length=15, Avg Reward (last 10)=17.90
2025-07-20 22:46:47,893 - cartpole_trpo_wandb_seed_1 - INFO - Episode 150: Reward=26.00, Length=26, Avg Reward (last 10)=17.40
2025-07-20 22:46:48,114 - cartpole_trpo_wandb_seed_1 - INFO - Episode 160: Reward=40.00, Length=40, Avg Reward (last 10)=20.90
2025-07-20 22:46:48,246 - cartpole_trpo_wandb_seed_1 - INFO - Episode 170: Reward=12.00, Length=12, Avg Reward (last 10)=18.80
2025-07-20 22:46:48,490 - cartpole_trpo_wandb_seed_1 - INFO - Episode 180: Reward=17.00, Length=17, Avg Reward (last 10)=17.40
2025-07-20 22:46:48,623 - cartpole_trpo_wandb_seed_1 - INFO - Episode 190: Reward=13.00, Length=13, Avg Reward (last 10)=15.40
2025-07-20 22:46:48,795 - cartpole_trpo_wandb_seed_1 - INFO - Episode 200: Reward=11.00, Length=11, Avg Reward (last 10)=20.50
2025-07-20 22:46:49,570 - cartpole_trpo_wandb_seed_1 - INFO - Episode 210: Reward=13.00, Length=13, Avg Reward (last 10)=18.10
2025-07-20 22:46:49,724 - cartpole_trpo_wandb_seed_1 - INFO - Episode 220: Reward=11.00, Length=11, Avg Reward (last 10)=16.30
2025-07-20 22:46:50,089 - cartpole_trpo_wandb_seed_1 - INFO - Episode 230: Reward=25.00, Length=25, Avg Reward (last 10)=21.30
2025-07-20 22:46:50,356 - cartpole_trpo_wandb_seed_1 - INFO - Episode 240: Reward=18.00, Length=18, Avg Reward (last 10)=18.20
2025-07-20 22:46:50,540 - cartpole_trpo_wandb_seed_1 - INFO - Episode 250: Reward=27.00, Length=27, Avg Reward (last 10)=21.70
2025-07-20 22:46:50,711 - cartpole_trpo_wandb_seed_1 - INFO - Episode 260: Reward=60.00, Length=60, Avg Reward (last 10)=22.60
2025-07-20 22:46:50,904 - cartpole_trpo_wandb_seed_1 - INFO - Episode 270: Reward=21.00, Length=21, Avg Reward (last 10)=28.30
2025-07-20 22:46:51,179 - cartpole_trpo_wandb_seed_1 - INFO - Episode 280: Reward=14.00, Length=14, Avg Reward (last 10)=22.40
2025-07-20 22:46:51,369 - cartpole_trpo_wandb_seed_1 - INFO - Episode 290: Reward=17.00, Length=17, Avg Reward (last 10)=19.60
2025-07-20 22:46:51,660 - cartpole_trpo_wandb_seed_1 - INFO - Episode 300: Reward=30.00, Length=30, Avg Reward (last 10)=23.70
2025-07-20 22:46:52,447 - cartpole_trpo_wandb_seed_1 - INFO - Episode 310: Reward=21.00, Length=21, Avg Reward (last 10)=21.90
2025-07-20 22:46:52,621 - cartpole_trpo_wandb_seed_1 - INFO - Episode 320: Reward=20.00, Length=20, Avg Reward (last 10)=23.40
2025-07-20 22:46:52,862 - cartpole_trpo_wandb_seed_1 - INFO - Episode 330: Reward=22.00, Length=22, Avg Reward (last 10)=33.20
2025-07-20 22:46:53,034 - cartpole_trpo_wandb_seed_1 - INFO - Episode 340: Reward=15.00, Length=15, Avg Reward (last 10)=22.80
2025-07-20 22:46:53,234 - cartpole_trpo_wandb_seed_1 - INFO - Episode 350: Reward=13.00, Length=13, Avg Reward (last 10)=29.10
2025-07-20 22:46:53,416 - cartpole_trpo_wandb_seed_1 - INFO - Episode 360: Reward=26.00, Length=26, Avg Reward (last 10)=26.70
2025-07-20 22:46:53,552 - cartpole_trpo_wandb_seed_1 - INFO - Episode 370: Reward=11.00, Length=11, Avg Reward (last 10)=20.30
2025-07-20 22:46:53,669 - cartpole_trpo_wandb_seed_1 - INFO - Episode 380: Reward=17.00, Length=17, Avg Reward (last 10)=18.00
2025-07-20 22:46:54,310 - cartpole_trpo_wandb_seed_1 - INFO - Episode 390: Reward=22.00, Length=22, Avg Reward (last 10)=22.50
2025-07-20 22:46:54,461 - cartpole_trpo_wandb_seed_1 - INFO - Episode 400: Reward=17.00, Length=17, Avg Reward (last 10)=18.60
2025-07-20 22:46:54,820 - cartpole_trpo_wandb_seed_1 - INFO - Episode 410: Reward=19.00, Length=19, Avg Reward (last 10)=31.30
2025-07-20 22:46:55,055 - cartpole_trpo_wandb_seed_1 - INFO - Episode 420: Reward=30.00, Length=30, Avg Reward (last 10)=26.30
2025-07-20 22:46:55,236 - cartpole_trpo_wandb_seed_1 - INFO - Episode 430: Reward=12.00, Length=12, Avg Reward (last 10)=20.10
2025-07-20 22:46:55,504 - cartpole_trpo_wandb_seed_1 - INFO - Episode 440: Reward=43.00, Length=43, Avg Reward (last 10)=33.20
2025-07-20 22:46:55,672 - cartpole_trpo_wandb_seed_1 - INFO - Episode 450: Reward=17.00, Length=17, Avg Reward (last 10)=22.40
2025-07-20 22:46:55,844 - cartpole_trpo_wandb_seed_1 - INFO - Episode 460: Reward=22.00, Length=22, Avg Reward (last 10)=24.20
2025-07-20 22:46:55,966 - cartpole_trpo_wandb_seed_1 - INFO - Episode 470: Reward=29.00, Length=29, Avg Reward (last 10)=17.50
2025-07-20 22:46:56,554 - cartpole_trpo_wandb_seed_1 - INFO - Episode 480: Reward=47.00, Length=47, Avg Reward (last 10)=24.70
2025-07-20 22:46:56,701 - cartpole_trpo_wandb_seed_1 - INFO - Episode 490: Reward=35.00, Length=35, Avg Reward (last 10)=22.50
2025-07-20 22:46:56,893 - cartpole_trpo_wandb_seed_1 - INFO - Episode 500: Reward=65.00, Length=65, Avg Reward (last 10)=28.80
2025-07-20 22:46:57,090 - cartpole_trpo_wandb_seed_1 - INFO - Episode 510: Reward=14.00, Length=14, Avg Reward (last 10)=26.40
2025-07-20 22:46:57,457 - cartpole_trpo_wandb_seed_1 - INFO - Episode 520: Reward=50.00, Length=50, Avg Reward (last 10)=56.00
2025-07-20 22:46:57,660 - cartpole_trpo_wandb_seed_1 - INFO - Episode 530: Reward=27.00, Length=27, Avg Reward (last 10)=30.90
2025-07-20 22:46:58,517 - cartpole_trpo_wandb_seed_1 - INFO - Episode 540: Reward=175.00, Length=175, Avg Reward (last 10)=43.70
2025-07-20 22:46:58,876 - cartpole_trpo_wandb_seed_1 - INFO - Episode 550: Reward=112.00, Length=112, Avg Reward (last 10)=39.10
2025-07-20 22:46:59,289 - cartpole_trpo_wandb_seed_1 - INFO - Episode 560: Reward=13.00, Length=13, Avg Reward (last 10)=28.60
2025-07-20 22:46:59,492 - cartpole_trpo_wandb_seed_1 - INFO - Episode 570: Reward=35.00, Length=35, Avg Reward (last 10)=32.60
2025-07-20 22:46:59,794 - cartpole_trpo_wandb_seed_1 - INFO - Episode 580: Reward=13.00, Length=13, Avg Reward (last 10)=45.00
2025-07-20 22:47:01,073 - cartpole_trpo_wandb_seed_1 - INFO - Episode 590: Reward=97.00, Length=97, Avg Reward (last 10)=76.50
2025-07-20 22:47:01,560 - cartpole_trpo_wandb_seed_1 - INFO - Episode 600: Reward=57.00, Length=57, Avg Reward (last 10)=64.20
2025-07-20 22:47:02,497 - cartpole_trpo_wandb_seed_1 - INFO - Episode 610: Reward=106.00, Length=106, Avg Reward (last 10)=91.70
2025-07-20 22:47:03,559 - cartpole_trpo_wandb_seed_1 - INFO - Episode 620: Reward=68.00, Length=68, Avg Reward (last 10)=75.10
2025-07-20 22:47:04,154 - cartpole_trpo_wandb_seed_1 - INFO - Episode 630: Reward=64.00, Length=64, Avg Reward (last 10)=93.40
2025-07-20 22:47:06,193 - cartpole_trpo_wandb_seed_1 - INFO - Episode 640: Reward=164.00, Length=164, Avg Reward (last 10)=89.30
2025-07-20 22:47:08,905 - cartpole_trpo_wandb_seed_1 - INFO - Episode 650: Reward=13.00, Length=13, Avg Reward (last 10)=122.70
2025-07-20 22:47:10,820 - cartpole_trpo_wandb_seed_1 - INFO - Episode 660: Reward=65.00, Length=65, Avg Reward (last 10)=124.80
2025-07-20 22:47:15,560 - cartpole_trpo_wandb_seed_1 - INFO - Episode 670: Reward=406.00, Length=406, Avg Reward (last 10)=165.30
2025-07-20 22:47:19,326 - cartpole_trpo_wandb_seed_1 - INFO - Episode 680: Reward=241.00, Length=241, Avg Reward (last 10)=222.30
2025-07-20 22:47:23,648 - cartpole_trpo_wandb_seed_1 - INFO - Episode 690: Reward=209.00, Length=209, Avg Reward (last 10)=311.00
2025-07-20 22:47:27,867 - cartpole_trpo_wandb_seed_1 - INFO - Episode 700: Reward=500.00, Length=500, Avg Reward (last 10)=440.80
2025-07-20 22:47:33,996 - cartpole_trpo_wandb_seed_1 - INFO - Episode 710: Reward=480.00, Length=480, Avg Reward (last 10)=435.00
2025-07-20 22:47:44,393 - cartpole_trpo_wandb_seed_1 - INFO - Episode 720: Reward=500.00, Length=500, Avg Reward (last 10)=500.00
2025-07-20 22:47:49,751 - cartpole_trpo_wandb_seed_1 - INFO - Episode 730: Reward=500.00, Length=500, Avg Reward (last 10)=500.00
2025-07-20 22:47:57,380 - cartpole_trpo_wandb_seed_1 - INFO - Episode 740: Reward=404.00, Length=404, Avg Reward (last 10)=473.10
