2025-07-21 15:04:26,582 - cartpole_trpo_wandb_seed_1 - INFO - Hyperparameters:
2025-07-21 15:04:26,583 - cartpole_trpo_wandb_seed_1 - INFO -   environment: {'name': 'CartPole-v1', 'seed': 42}
2025-07-21 15:04:26,585 - cartpole_trpo_wandb_seed_1 - INFO -   algorithm: {'name': 'TRPO', 'lr': '3e-4', 'gamma': 0.99, 'gae_lambda': 0.95, 'max_kl': 0.005, 'damping': 0.2, 'has_continuous_action_space': False, 'action_std_init': 0.6}
2025-07-21 15:04:26,586 - cartpole_trpo_wandb_seed_1 - INFO -   network: {'hidden_dims': [64, 64], 'activation': 'tanh'}
2025-07-21 15:04:26,589 - cartpole_trpo_wandb_seed_1 - INFO -   training: {'max_episodes': 100, 'max_steps_per_episode': 500, 'update_interval': 2048, 'eval_interval': 10, 'save_interval': 300, 'log_interval': 10}
2025-07-21 15:04:26,590 - cartpole_trpo_wandb_seed_1 - INFO -   experiment: {'name': 'cartpole_trpo_wandb', 'seeds': [0, 1, 2], 'device': 'cpu', 'save_dir': 'results/cartpole_trpo_wandb'}
2025-07-21 15:04:26,590 - cartpole_trpo_wandb_seed_1 - INFO -   logging: {'tensorboard': False, 'save_metrics': True, 'plot_interval': 25, 'use_wandb': True, 'wandb_project': 'rl-framework-cartpole', 'wandb_entity': 'tatalintelli-university-of-seoul'}
2025-07-21 15:04:26,661 - cartpole_trpo_wandb_seed_1 - INFO - Episode 0: Reward=20.00, Length=20, Avg Reward (last 10)=20.00
2025-07-21 15:04:27,152 - cartpole_trpo_wandb_seed_1 - INFO - Episode 10: Reward=24.00, Length=24, Avg Reward (last 10)=19.20
2025-07-21 15:04:27,821 - cartpole_trpo_wandb_seed_1 - INFO - Episode 20: Reward=22.00, Length=22, Avg Reward (last 10)=20.20
2025-07-21 15:04:28,189 - cartpole_trpo_wandb_seed_1 - INFO - Episode 30: Reward=13.00, Length=13, Avg Reward (last 10)=18.90
2025-07-21 15:04:28,457 - cartpole_trpo_wandb_seed_1 - INFO - Episode 40: Reward=23.00, Length=23, Avg Reward (last 10)=19.40
2025-07-21 15:04:28,709 - cartpole_trpo_wandb_seed_1 - INFO - Episode 50: Reward=13.00, Length=13, Avg Reward (last 10)=20.40
2025-07-21 15:04:28,993 - cartpole_trpo_wandb_seed_1 - INFO - Episode 60: Reward=15.00, Length=15, Avg Reward (last 10)=20.70
2025-07-21 15:04:29,224 - cartpole_trpo_wandb_seed_1 - INFO - Episode 70: Reward=14.00, Length=14, Avg Reward (last 10)=19.70
2025-07-21 15:04:29,471 - cartpole_trpo_wandb_seed_1 - INFO - Episode 80: Reward=32.00, Length=32, Avg Reward (last 10)=21.90
2025-07-21 15:04:29,714 - cartpole_trpo_wandb_seed_1 - INFO - Episode 90: Reward=57.00, Length=57, Avg Reward (last 10)=21.60
2025-07-21 15:04:30,810 - cartpole_trpo_wandb_seed_1 - INFO - Episode 100: Reward=25.00, Length=25, Avg Reward (last 10)=22.50
2025-07-21 15:04:31,099 - cartpole_trpo_wandb_seed_1 - INFO - Episode 110: Reward=49.00, Length=49, Avg Reward (last 10)=20.50
2025-07-21 15:04:31,399 - cartpole_trpo_wandb_seed_1 - INFO - Episode 120: Reward=38.00, Length=38, Avg Reward (last 10)=19.50
2025-07-21 15:04:31,611 - cartpole_trpo_wandb_seed_1 - INFO - Episode 130: Reward=18.00, Length=18, Avg Reward (last 10)=16.70
2025-07-21 15:04:31,856 - cartpole_trpo_wandb_seed_1 - INFO - Episode 140: Reward=15.00, Length=15, Avg Reward (last 10)=17.90
2025-07-21 15:04:32,148 - cartpole_trpo_wandb_seed_1 - INFO - Episode 150: Reward=26.00, Length=26, Avg Reward (last 10)=17.40
2025-07-21 15:04:32,456 - cartpole_trpo_wandb_seed_1 - INFO - Episode 160: Reward=40.00, Length=40, Avg Reward (last 10)=20.90
2025-07-21 15:04:32,688 - cartpole_trpo_wandb_seed_1 - INFO - Episode 170: Reward=12.00, Length=12, Avg Reward (last 10)=18.80
2025-07-21 15:04:32,900 - cartpole_trpo_wandb_seed_1 - INFO - Episode 180: Reward=17.00, Length=17, Avg Reward (last 10)=17.40
2025-07-21 15:04:33,091 - cartpole_trpo_wandb_seed_1 - INFO - Episode 190: Reward=13.00, Length=13, Avg Reward (last 10)=15.40
2025-07-21 15:04:33,343 - cartpole_trpo_wandb_seed_1 - INFO - Episode 200: Reward=11.00, Length=11, Avg Reward (last 10)=20.50
2025-07-21 15:04:34,498 - cartpole_trpo_wandb_seed_1 - INFO - Episode 210: Reward=13.00, Length=13, Avg Reward (last 10)=18.10
2025-07-21 15:04:34,819 - cartpole_trpo_wandb_seed_1 - INFO - Episode 220: Reward=11.00, Length=11, Avg Reward (last 10)=16.30
2025-07-21 15:04:35,183 - cartpole_trpo_wandb_seed_1 - INFO - Episode 230: Reward=25.00, Length=25, Avg Reward (last 10)=21.30
2025-07-21 15:04:35,479 - cartpole_trpo_wandb_seed_1 - INFO - Episode 240: Reward=18.00, Length=18, Avg Reward (last 10)=18.20
2025-07-21 15:04:35,800 - cartpole_trpo_wandb_seed_1 - INFO - Episode 250: Reward=27.00, Length=27, Avg Reward (last 10)=21.70
2025-07-21 15:04:36,151 - cartpole_trpo_wandb_seed_1 - INFO - Episode 260: Reward=60.00, Length=60, Avg Reward (last 10)=22.60
2025-07-21 15:04:36,747 - cartpole_trpo_wandb_seed_1 - INFO - Episode 270: Reward=21.00, Length=21, Avg Reward (last 10)=28.30
2025-07-21 15:04:37,287 - cartpole_trpo_wandb_seed_1 - INFO - Episode 280: Reward=14.00, Length=14, Avg Reward (last 10)=22.40
2025-07-21 15:04:37,660 - cartpole_trpo_wandb_seed_1 - INFO - Episode 290: Reward=17.00, Length=17, Avg Reward (last 10)=19.60
2025-07-21 15:04:38,008 - cartpole_trpo_wandb_seed_1 - INFO - Episode 300: Reward=30.00, Length=30, Avg Reward (last 10)=23.70
2025-07-21 15:04:38,881 - cartpole_trpo_wandb_seed_1 - INFO - Episode 310: Reward=21.00, Length=21, Avg Reward (last 10)=21.90
2025-07-21 15:04:39,146 - cartpole_trpo_wandb_seed_1 - INFO - Episode 320: Reward=20.00, Length=20, Avg Reward (last 10)=23.40
2025-07-21 15:04:39,487 - cartpole_trpo_wandb_seed_1 - INFO - Episode 330: Reward=22.00, Length=22, Avg Reward (last 10)=33.20
2025-07-21 15:04:39,802 - cartpole_trpo_wandb_seed_1 - INFO - Episode 340: Reward=15.00, Length=15, Avg Reward (last 10)=22.80
2025-07-21 15:04:40,126 - cartpole_trpo_wandb_seed_1 - INFO - Episode 350: Reward=13.00, Length=13, Avg Reward (last 10)=29.10
2025-07-21 15:04:40,432 - cartpole_trpo_wandb_seed_1 - INFO - Episode 360: Reward=26.00, Length=26, Avg Reward (last 10)=26.70
2025-07-21 15:04:40,676 - cartpole_trpo_wandb_seed_1 - INFO - Episode 370: Reward=11.00, Length=11, Avg Reward (last 10)=20.30
2025-07-21 15:04:40,876 - cartpole_trpo_wandb_seed_1 - INFO - Episode 380: Reward=17.00, Length=17, Avg Reward (last 10)=18.00
2025-07-21 15:04:41,779 - cartpole_trpo_wandb_seed_1 - INFO - Episode 390: Reward=22.00, Length=22, Avg Reward (last 10)=22.50
2025-07-21 15:04:42,353 - cartpole_trpo_wandb_seed_1 - INFO - Episode 400: Reward=17.00, Length=17, Avg Reward (last 10)=18.60
2025-07-21 15:04:42,825 - cartpole_trpo_wandb_seed_1 - INFO - Episode 410: Reward=19.00, Length=19, Avg Reward (last 10)=31.30
2025-07-21 15:04:43,375 - cartpole_trpo_wandb_seed_1 - INFO - Episode 420: Reward=30.00, Length=30, Avg Reward (last 10)=26.30
2025-07-21 15:04:43,649 - cartpole_trpo_wandb_seed_1 - INFO - Episode 430: Reward=12.00, Length=12, Avg Reward (last 10)=20.10
2025-07-21 15:04:44,217 - cartpole_trpo_wandb_seed_1 - INFO - Episode 440: Reward=43.00, Length=43, Avg Reward (last 10)=33.20
2025-07-21 15:04:44,658 - cartpole_trpo_wandb_seed_1 - INFO - Episode 450: Reward=17.00, Length=17, Avg Reward (last 10)=22.40
2025-07-21 15:04:45,089 - cartpole_trpo_wandb_seed_1 - INFO - Episode 460: Reward=22.00, Length=22, Avg Reward (last 10)=24.20
2025-07-21 15:04:45,561 - cartpole_trpo_wandb_seed_1 - INFO - Episode 470: Reward=29.00, Length=29, Avg Reward (last 10)=17.50
2025-07-21 15:04:46,775 - cartpole_trpo_wandb_seed_1 - INFO - Episode 480: Reward=47.00, Length=47, Avg Reward (last 10)=24.70
2025-07-21 15:04:47,177 - cartpole_trpo_wandb_seed_1 - INFO - Episode 490: Reward=35.00, Length=35, Avg Reward (last 10)=22.50
2025-07-21 15:04:47,593 - cartpole_trpo_wandb_seed_1 - INFO - Episode 500: Reward=65.00, Length=65, Avg Reward (last 10)=28.80
2025-07-21 15:04:47,941 - cartpole_trpo_wandb_seed_1 - INFO - Episode 510: Reward=14.00, Length=14, Avg Reward (last 10)=26.40
2025-07-21 15:04:48,503 - cartpole_trpo_wandb_seed_1 - INFO - Episode 520: Reward=50.00, Length=50, Avg Reward (last 10)=56.00
2025-07-21 15:04:48,821 - cartpole_trpo_wandb_seed_1 - INFO - Episode 530: Reward=27.00, Length=27, Avg Reward (last 10)=30.90
2025-07-21 15:04:49,908 - cartpole_trpo_wandb_seed_1 - INFO - Episode 540: Reward=175.00, Length=175, Avg Reward (last 10)=43.70
2025-07-21 15:04:50,335 - cartpole_trpo_wandb_seed_1 - INFO - Episode 550: Reward=112.00, Length=112, Avg Reward (last 10)=39.10
2025-07-21 15:04:50,664 - cartpole_trpo_wandb_seed_1 - INFO - Episode 560: Reward=13.00, Length=13, Avg Reward (last 10)=28.60
2025-07-21 15:04:51,000 - cartpole_trpo_wandb_seed_1 - INFO - Episode 570: Reward=35.00, Length=35, Avg Reward (last 10)=32.60
2025-07-21 15:04:51,656 - cartpole_trpo_wandb_seed_1 - INFO - Episode 580: Reward=13.00, Length=13, Avg Reward (last 10)=45.00
2025-07-21 15:04:54,067 - cartpole_trpo_wandb_seed_1 - INFO - Episode 590: Reward=97.00, Length=97, Avg Reward (last 10)=76.50
2025-07-21 15:04:55,055 - cartpole_trpo_wandb_seed_1 - INFO - Episode 600: Reward=57.00, Length=57, Avg Reward (last 10)=64.20
2025-07-21 15:04:56,167 - cartpole_trpo_wandb_seed_1 - INFO - Episode 610: Reward=106.00, Length=106, Avg Reward (last 10)=91.70
2025-07-21 15:04:57,765 - cartpole_trpo_wandb_seed_1 - INFO - Episode 620: Reward=68.00, Length=68, Avg Reward (last 10)=75.10
2025-07-21 15:04:58,923 - cartpole_trpo_wandb_seed_1 - INFO - Episode 630: Reward=64.00, Length=64, Avg Reward (last 10)=93.40
2025-07-21 15:05:01,204 - cartpole_trpo_wandb_seed_1 - INFO - Episode 640: Reward=164.00, Length=164, Avg Reward (last 10)=89.30
2025-07-21 15:05:06,410 - cartpole_trpo_wandb_seed_1 - INFO - Episode 650: Reward=13.00, Length=13, Avg Reward (last 10)=122.70
2025-07-21 15:05:08,775 - cartpole_trpo_wandb_seed_1 - INFO - Episode 660: Reward=65.00, Length=65, Avg Reward (last 10)=124.80
2025-07-21 15:05:13,917 - cartpole_trpo_wandb_seed_1 - INFO - Episode 670: Reward=406.00, Length=406, Avg Reward (last 10)=165.30
2025-07-21 15:05:18,695 - cartpole_trpo_wandb_seed_1 - INFO - Episode 680: Reward=241.00, Length=241, Avg Reward (last 10)=222.30
2025-07-21 15:05:24,727 - cartpole_trpo_wandb_seed_1 - INFO - Episode 690: Reward=209.00, Length=209, Avg Reward (last 10)=311.00
2025-07-21 15:05:31,850 - cartpole_trpo_wandb_seed_1 - INFO - Episode 700: Reward=500.00, Length=500, Avg Reward (last 10)=440.80
2025-07-21 15:05:41,065 - cartpole_trpo_wandb_seed_1 - INFO - Episode 710: Reward=480.00, Length=480, Avg Reward (last 10)=435.00
2025-07-21 15:05:55,456 - cartpole_trpo_wandb_seed_1 - INFO - Episode 720: Reward=500.00, Length=500, Avg Reward (last 10)=500.00
2025-07-21 15:06:04,923 - cartpole_trpo_wandb_seed_1 - INFO - Episode 730: Reward=500.00, Length=500, Avg Reward (last 10)=500.00
2025-07-21 15:06:14,442 - cartpole_trpo_wandb_seed_1 - INFO - Episode 740: Reward=404.00, Length=404, Avg Reward (last 10)=473.10
2025-07-21 15:06:23,538 - cartpole_trpo_wandb_seed_1 - INFO - Episode 750: Reward=500.00, Length=500, Avg Reward (last 10)=472.40
2025-07-21 15:06:37,181 - cartpole_trpo_wandb_seed_1 - INFO - Episode 760: Reward=223.00, Length=223, Avg Reward (last 10)=462.10
2025-07-21 15:06:47,763 - cartpole_trpo_wandb_seed_1 - INFO - Episode 770: Reward=500.00, Length=500, Avg Reward (last 10)=500.00
2025-07-21 15:06:55,892 - cartpole_trpo_wandb_seed_1 - INFO - Episode 780: Reward=500.00, Length=500, Avg Reward (last 10)=461.50
2025-07-21 15:07:03,412 - cartpole_trpo_wandb_seed_1 - INFO - Episode 790: Reward=500.00, Length=500, Avg Reward (last 10)=500.00
2025-07-21 15:07:19,010 - cartpole_trpo_wandb_seed_1 - INFO - Episode 800: Reward=500.00, Length=500, Avg Reward (last 10)=485.40
2025-07-21 15:07:27,069 - cartpole_trpo_wandb_seed_1 - INFO - Episode 810: Reward=500.00, Length=500, Avg Reward (last 10)=436.30
2025-07-21 15:07:34,229 - cartpole_trpo_wandb_seed_1 - INFO - Episode 820: Reward=500.00, Length=500, Avg Reward (last 10)=500.00
2025-07-21 15:07:43,566 - cartpole_trpo_wandb_seed_1 - INFO - Episode 830: Reward=500.00, Length=500, Avg Reward (last 10)=474.60
2025-07-21 15:07:57,577 - cartpole_trpo_wandb_seed_1 - INFO - Episode 840: Reward=500.00, Length=500, Avg Reward (last 10)=500.00
2025-07-21 15:08:06,313 - cartpole_trpo_wandb_seed_1 - INFO - Episode 850: Reward=500.00, Length=500, Avg Reward (last 10)=481.40
2025-07-21 15:08:15,194 - cartpole_trpo_wandb_seed_1 - INFO - Episode 860: Reward=250.00, Length=250, Avg Reward (last 10)=440.80
2025-07-21 15:08:22,821 - cartpole_trpo_wandb_seed_1 - INFO - Episode 870: Reward=500.00, Length=500, Avg Reward (last 10)=429.40
2025-07-21 15:08:29,440 - cartpole_trpo_wandb_seed_1 - INFO - Episode 880: Reward=500.00, Length=500, Avg Reward (last 10)=437.40
2025-07-21 15:08:43,985 - cartpole_trpo_wandb_seed_1 - INFO - Episode 890: Reward=500.00, Length=500, Avg Reward (last 10)=500.00
2025-07-21 15:08:51,860 - cartpole_trpo_wandb_seed_1 - INFO - Episode 900: Reward=500.00, Length=500, Avg Reward (last 10)=436.50
2025-07-21 15:08:58,952 - cartpole_trpo_wandb_seed_1 - INFO - Episode 910: Reward=500.00, Length=500, Avg Reward (last 10)=470.30
2025-07-21 15:09:04,981 - cartpole_trpo_wandb_seed_1 - INFO - Episode 920: Reward=261.00, Length=261, Avg Reward (last 10)=378.90
2025-07-21 15:09:10,921 - cartpole_trpo_wandb_seed_1 - INFO - Episode 930: Reward=173.00, Length=173, Avg Reward (last 10)=236.30
2025-07-21 15:09:19,091 - cartpole_trpo_wandb_seed_1 - INFO - Episode 940: Reward=168.00, Length=168, Avg Reward (last 10)=204.90
2025-07-21 15:09:21,322 - cartpole_trpo_wandb_seed_1 - INFO - Episode 950: Reward=142.00, Length=142, Avg Reward (last 10)=201.90
2025-07-21 15:09:23,869 - cartpole_trpo_wandb_seed_1 - INFO - Episode 960: Reward=325.00, Length=325, Avg Reward (last 10)=275.50
2025-07-21 15:09:29,311 - cartpole_trpo_wandb_seed_1 - INFO - Episode 970: Reward=500.00, Length=500, Avg Reward (last 10)=457.80
2025-07-21 15:09:33,065 - cartpole_trpo_wandb_seed_1 - INFO - Episode 980: Reward=500.00, Length=500, Avg Reward (last 10)=500.00
2025-07-21 15:09:42,288 - cartpole_trpo_wandb_seed_1 - INFO - Episode 990: Reward=500.00, Length=500, Avg Reward (last 10)=500.00
2025-07-21 15:09:45,947 - cartpole_trpo_wandb_seed_1 - INFO - Episode 1000: Reward=500.00, Length=500, Avg Reward (last 10)=422.40
2025-07-21 15:09:50,777 - cartpole_trpo_wandb_seed_1 - INFO - Episode 1010: Reward=500.00, Length=500, Avg Reward (last 10)=500.00
2025-07-21 15:09:55,853 - cartpole_trpo_wandb_seed_1 - INFO - Episode 1020: Reward=500.00, Length=500, Avg Reward (last 10)=500.00
2025-07-21 15:10:02,658 - cartpole_trpo_wandb_seed_1 - INFO - Episode 1030: Reward=500.00, Length=500, Avg Reward (last 10)=458.60
2025-07-21 15:10:09,242 - cartpole_trpo_wandb_seed_1 - INFO - Episode 1040: Reward=500.00, Length=500, Avg Reward (last 10)=451.70
2025-07-21 15:10:13,750 - cartpole_trpo_wandb_seed_1 - INFO - Episode 1050: Reward=500.00, Length=500, Avg Reward (last 10)=496.00
2025-07-21 15:10:19,218 - cartpole_trpo_wandb_seed_1 - INFO - Episode 1060: Reward=500.00, Length=500, Avg Reward (last 10)=500.00
2025-07-21 15:10:20,670 - cartpole_trpo_wandb_seed_1 - INFO - Metrics saved to results/cartpole_trpo_wandb/seed_1/metrics.json
2025-07-21 15:10:23,324 - cartpole_trpo_wandb_seed_1 - INFO - Experiment completed.
