2025-08-01 09:21:52,377 - cartpole_trpo_wandb_seed_1 - INFO - Hyperparameters:
2025-08-01 09:21:52,377 - cartpole_trpo_wandb_seed_1 - INFO -   environment: {'name': 'CartPole-v1', 'seed': 42}
2025-08-01 09:21:52,377 - cartpole_trpo_wandb_seed_1 - INFO -   algorithm: {'name': 'TRPO', 'lr': '3e-4', 'gamma': 0.99, 'gae_lambda': 0.95, 'max_kl': 0.01, 'damping': 0.2, 'has_continuous_action_space': False, 'action_std_init': 0.6}
2025-08-01 09:21:52,377 - cartpole_trpo_wandb_seed_1 - INFO -   network: {'hidden_dims': [64, 64], 'activation': 'tanh'}
2025-08-01 09:21:52,377 - cartpole_trpo_wandb_seed_1 - INFO -   training: {'max_episodes': 100, 'max_steps_per_episode': 500, 'update_interval': 2048, 'eval_interval': 10, 'save_interval': 300, 'log_interval': 10}
2025-08-01 09:21:52,377 - cartpole_trpo_wandb_seed_1 - INFO -   experiment: {'name': 'cartpole_trpo_wandb', 'seeds': [0, 1, 2, 3, 4], 'device': 'cuda', 'save_dir': 'results/cartpole_trpo_wandb'}
2025-08-01 09:21:52,377 - cartpole_trpo_wandb_seed_1 - INFO -   logging: {'tensorboard': False, 'save_metrics': True, 'plot_interval': 25, 'use_wandb': True, 'wandb_project': 'rl-framework-cartpole', 'wandb_entity': 'tatalintelli-university-of-seoul', 'enable_step_logging': True, 'step_log_interval': 1000}
2025-08-01 09:21:52,429 - cartpole_trpo_wandb_seed_1 - INFO - Episode 0: Reward=11.00, Length=11, Avg Reward (last 10)=11.00
2025-08-01 09:21:53,349 - cartpole_trpo_wandb_seed_1 - INFO - Episode 10: Reward=20.00, Length=20, Avg Reward (last 10)=17.80
2025-08-01 09:21:54,771 - cartpole_trpo_wandb_seed_1 - INFO - Episode 20: Reward=24.00, Length=24, Avg Reward (last 10)=26.80
2025-08-01 09:21:55,631 - cartpole_trpo_wandb_seed_1 - INFO - Episode 30: Reward=20.00, Length=20, Avg Reward (last 10)=20.40
2025-08-01 09:21:56,243 - cartpole_trpo_wandb_seed_1 - INFO - Episode 40: Reward=12.00, Length=12, Avg Reward (last 10)=14.60
2025-08-01 09:21:57,106 - cartpole_trpo_wandb_seed_1 - INFO - Episode 50: Reward=13.00, Length=13, Avg Reward (last 10)=19.20
2025-08-01 09:21:57,248 - cartpole_trpo_wandb_seed_1 - INFO - Step 1031: Avg Reward=19.83, Running Avg=19.83, Episodes=52
2025-08-01 09:21:58,206 - cartpole_trpo_wandb_seed_1 - INFO - Episode 60: Reward=34.00, Length=34, Avg Reward (last 10)=26.00
2025-08-01 09:21:58,866 - cartpole_trpo_wandb_seed_1 - INFO - Episode 70: Reward=12.00, Length=12, Avg Reward (last 10)=16.40
2025-08-01 09:21:59,584 - cartpole_trpo_wandb_seed_1 - INFO - Episode 80: Reward=14.00, Length=14, Avg Reward (last 10)=17.00
2025-08-01 09:22:00,651 - cartpole_trpo_wandb_seed_1 - INFO - Episode 90: Reward=64.00, Length=64, Avg Reward (last 10)=25.50
2025-08-01 09:22:01,410 - cartpole_trpo_wandb_seed_1 - INFO - Episode 100: Reward=17.00, Length=17, Avg Reward (last 10)=18.00
2025-08-01 09:22:01,512 - cartpole_trpo_wandb_seed_1 - INFO - Step 2044: Avg Reward=20.26, Running Avg=20.04, Episodes=50
