2025-07-21 02:56:30,867 - lunarlandercontinuous_ppo_seed_2 - INFO - Hyperparameters:
2025-07-21 02:56:30,868 - lunarlandercontinuous_ppo_seed_2 - INFO -   environment: {'name': 'LunarLanderContinuous-v3', 'seed': 42}
2025-07-21 02:56:30,869 - lunarlandercontinuous_ppo_seed_2 - INFO -   algorithm: {'name': 'PPO', 'lr_actor': '3e-4', 'lr_critic': '1e-3', 'gamma': 0.99, 'gae_lambda': 0.95, 'clip_ratio': 0.2, 'target_kl': 0.01, 'train_policy_iters': 80, 'train_value_iters': 80, 'lam': 0.97, 'has_continuous_action_space': True, 'action_std_init': 0.6}
2025-07-21 02:56:30,869 - lunarlandercontinuous_ppo_seed_2 - INFO -   network: {'hidden_dims': [64, 64], 'activation': 'tanh'}
2025-07-21 02:56:30,870 - lunarlandercontinuous_ppo_seed_2 - INFO -   training: {'max_episodes': 1000, 'max_steps_per_episode': 1000, 'update_interval': 2048, 'eval_interval': 10, 'save_interval': 1000, 'log_interval': 10}
2025-07-21 02:56:30,870 - lunarlandercontinuous_ppo_seed_2 - INFO -   experiment: {'name': 'lunarlandercontinuous_ppo', 'seeds': [0, 1, 2], 'device': 'cpu', 'save_dir': 'results/lunarlandercontinuous_ppo'}
2025-07-21 02:56:30,871 - lunarlandercontinuous_ppo_seed_2 - INFO -   logging: {'tensorboard': False, 'save_metrics': True, 'plot_interval': 50, 'use_wandb': True, 'wandb_project': 'rl-framework-lunarlandercontinuous', 'wandb_entity': 'tatalintelli-university-of-seoul'}
2025-07-21 02:56:30,962 - lunarlandercontinuous_ppo_seed_2 - INFO - Episode 0: Reward=-185.00, Length=75, Avg Reward (last 10)=-185.00
2025-07-21 02:56:32,249 - lunarlandercontinuous_ppo_seed_2 - INFO - Episode 10: Reward=-746.16, Length=115, Avg Reward (last 10)=-580.47
2025-07-21 02:56:35,433 - lunarlandercontinuous_ppo_seed_2 - INFO - Episode 20: Reward=-109.06, Length=72, Avg Reward (last 10)=-544.03
2025-07-21 02:56:36,345 - lunarlandercontinuous_ppo_seed_2 - INFO - Episode 30: Reward=-720.04, Length=124, Avg Reward (last 10)=-724.38
2025-07-21 02:56:39,223 - lunarlandercontinuous_ppo_seed_2 - INFO - Episode 40: Reward=-659.37, Length=102, Avg Reward (last 10)=-441.09
2025-07-21 02:56:40,510 - lunarlandercontinuous_ppo_seed_2 - INFO - Episode 50: Reward=-529.06, Length=128, Avg Reward (last 10)=-460.80
2025-07-21 02:56:41,333 - lunarlandercontinuous_ppo_seed_2 - INFO - Episode 60: Reward=-798.48, Length=101, Avg Reward (last 10)=-583.99
2025-07-21 02:56:42,864 - lunarlandercontinuous_ppo_seed_2 - INFO - Episode 70: Reward=-413.80, Length=103, Avg Reward (last 10)=-507.17
2025-07-21 02:56:43,677 - lunarlandercontinuous_ppo_seed_2 - INFO - Episode 80: Reward=-334.70, Length=88, Avg Reward (last 10)=-526.77
2025-07-21 02:56:45,254 - lunarlandercontinuous_ppo_seed_2 - INFO - Episode 90: Reward=-306.39, Length=129, Avg Reward (last 10)=-536.64
2025-07-21 02:56:46,879 - lunarlandercontinuous_ppo_seed_2 - INFO - Episode 100: Reward=-216.37, Length=122, Avg Reward (last 10)=-775.43
2025-07-21 02:56:47,592 - lunarlandercontinuous_ppo_seed_2 - INFO - Episode 110: Reward=-672.63, Length=121, Avg Reward (last 10)=-442.28
2025-07-21 02:56:48,819 - lunarlandercontinuous_ppo_seed_2 - INFO - Episode 120: Reward=-431.86, Length=109, Avg Reward (last 10)=-388.97
2025-07-21 02:56:49,549 - lunarlandercontinuous_ppo_seed_2 - INFO - Episode 130: Reward=-636.14, Length=119, Avg Reward (last 10)=-507.42
2025-07-21 02:56:50,867 - lunarlandercontinuous_ppo_seed_2 - INFO - Episode 140: Reward=-561.31, Length=183, Avg Reward (last 10)=-355.38
2025-07-21 02:56:52,767 - lunarlandercontinuous_ppo_seed_2 - INFO - Episode 150: Reward=-318.24, Length=74, Avg Reward (last 10)=-417.79
2025-07-21 02:56:54,088 - lunarlandercontinuous_ppo_seed_2 - INFO - Episode 160: Reward=-431.58, Length=109, Avg Reward (last 10)=-568.12
2025-07-21 02:56:55,549 - lunarlandercontinuous_ppo_seed_2 - INFO - Episode 170: Reward=-711.19, Length=148, Avg Reward (last 10)=-543.98
2025-07-21 02:56:57,703 - lunarlandercontinuous_ppo_seed_2 - INFO - Episode 180: Reward=-535.89, Length=193, Avg Reward (last 10)=-602.52
2025-07-21 02:56:58,558 - lunarlandercontinuous_ppo_seed_2 - INFO - Episode 190: Reward=-519.47, Length=199, Avg Reward (last 10)=-442.00
2025-07-21 02:57:00,208 - lunarlandercontinuous_ppo_seed_2 - INFO - Episode 200: Reward=-554.20, Length=131, Avg Reward (last 10)=-438.91
2025-07-21 02:57:02,041 - lunarlandercontinuous_ppo_seed_2 - INFO - Episode 210: Reward=-305.04, Length=97, Avg Reward (last 10)=-565.18
2025-07-21 02:57:03,004 - lunarlandercontinuous_ppo_seed_2 - INFO - Episode 220: Reward=-591.30, Length=103, Avg Reward (last 10)=-370.10
2025-07-21 02:57:04,576 - lunarlandercontinuous_ppo_seed_2 - INFO - Episode 230: Reward=-639.80, Length=305, Avg Reward (last 10)=-374.69
2025-07-21 02:57:06,486 - lunarlandercontinuous_ppo_seed_2 - INFO - Episode 240: Reward=-568.16, Length=112, Avg Reward (last 10)=-420.76
2025-07-21 02:57:08,072 - lunarlandercontinuous_ppo_seed_2 - INFO - Episode 250: Reward=-46.68, Length=92, Avg Reward (last 10)=-292.68
2025-07-21 02:57:08,994 - lunarlandercontinuous_ppo_seed_2 - INFO - Episode 260: Reward=-214.13, Length=72, Avg Reward (last 10)=-462.33
2025-07-21 02:57:10,323 - lunarlandercontinuous_ppo_seed_2 - INFO - Episode 270: Reward=-222.71, Length=133, Avg Reward (last 10)=-333.32
2025-07-21 02:57:11,963 - lunarlandercontinuous_ppo_seed_2 - INFO - Episode 280: Reward=-251.43, Length=71, Avg Reward (last 10)=-464.86
2025-07-21 02:57:13,601 - lunarlandercontinuous_ppo_seed_2 - INFO - Episode 290: Reward=-369.47, Length=114, Avg Reward (last 10)=-360.08
2025-07-21 02:57:14,414 - lunarlandercontinuous_ppo_seed_2 - INFO - Episode 300: Reward=-407.78, Length=241, Avg Reward (last 10)=-395.65
2025-07-21 02:57:15,865 - lunarlandercontinuous_ppo_seed_2 - INFO - Episode 310: Reward=-312.75, Length=131, Avg Reward (last 10)=-245.40
2025-07-21 02:57:16,625 - lunarlandercontinuous_ppo_seed_2 - INFO - Episode 320: Reward=-750.95, Length=163, Avg Reward (last 10)=-218.13
2025-07-21 02:57:18,747 - lunarlandercontinuous_ppo_seed_2 - INFO - Episode 330: Reward=-122.97, Length=106, Avg Reward (last 10)=-246.05
2025-07-21 02:57:19,667 - lunarlandercontinuous_ppo_seed_2 - INFO - Episode 340: Reward=-490.24, Length=103, Avg Reward (last 10)=-293.45
2025-07-21 02:57:21,894 - lunarlandercontinuous_ppo_seed_2 - INFO - Episode 350: Reward=-22.02, Length=124, Avg Reward (last 10)=-318.18
2025-07-21 02:57:22,705 - lunarlandercontinuous_ppo_seed_2 - INFO - Episode 360: Reward=-223.71, Length=81, Avg Reward (last 10)=-241.19
2025-07-21 02:57:24,322 - lunarlandercontinuous_ppo_seed_2 - INFO - Episode 370: Reward=-22.97, Length=111, Avg Reward (last 10)=-244.46
2025-07-21 02:57:25,969 - lunarlandercontinuous_ppo_seed_2 - INFO - Episode 380: Reward=-190.74, Length=86, Avg Reward (last 10)=-294.72
2025-07-21 02:57:26,712 - lunarlandercontinuous_ppo_seed_2 - INFO - Episode 390: Reward=-199.09, Length=81, Avg Reward (last 10)=-327.21
2025-07-21 02:57:28,179 - lunarlandercontinuous_ppo_seed_2 - INFO - Episode 400: Reward=-65.51, Length=80, Avg Reward (last 10)=-269.44
2025-07-21 02:57:28,893 - lunarlandercontinuous_ppo_seed_2 - INFO - Episode 410: Reward=-271.42, Length=149, Avg Reward (last 10)=-228.51
2025-07-21 02:57:30,407 - lunarlandercontinuous_ppo_seed_2 - INFO - Episode 420: Reward=-362.98, Length=98, Avg Reward (last 10)=-316.75
2025-07-21 02:57:31,794 - lunarlandercontinuous_ppo_seed_2 - INFO - Episode 430: Reward=-107.81, Length=96, Avg Reward (last 10)=-245.81
2025-07-21 02:57:32,557 - lunarlandercontinuous_ppo_seed_2 - INFO - Episode 440: Reward=-191.10, Length=135, Avg Reward (last 10)=-201.97
2025-07-21 02:57:33,899 - lunarlandercontinuous_ppo_seed_2 - INFO - Episode 450: Reward=-536.46, Length=172, Avg Reward (last 10)=-185.39
2025-07-21 02:57:35,517 - lunarlandercontinuous_ppo_seed_2 - INFO - Episode 460: Reward=-758.98, Length=337, Avg Reward (last 10)=-380.85
2025-07-21 02:57:36,576 - lunarlandercontinuous_ppo_seed_2 - INFO - Episode 470: Reward=-121.14, Length=118, Avg Reward (last 10)=-289.07
2025-07-21 02:57:38,422 - lunarlandercontinuous_ppo_seed_2 - INFO - Episode 480: Reward=-102.63, Length=98, Avg Reward (last 10)=-168.26
2025-07-21 02:57:40,490 - lunarlandercontinuous_ppo_seed_2 - INFO - Episode 490: Reward=-293.06, Length=102, Avg Reward (last 10)=-277.33
2025-07-21 02:57:41,550 - lunarlandercontinuous_ppo_seed_2 - INFO - Episode 500: Reward=-308.20, Length=193, Avg Reward (last 10)=-298.95
2025-07-21 02:57:44,098 - lunarlandercontinuous_ppo_seed_2 - INFO - Episode 510: Reward=-333.59, Length=174, Avg Reward (last 10)=-289.65
2025-07-21 02:57:46,772 - lunarlandercontinuous_ppo_seed_2 - INFO - Episode 520: Reward=-78.11, Length=86, Avg Reward (last 10)=-195.89
2025-07-21 02:57:48,121 - lunarlandercontinuous_ppo_seed_2 - INFO - Episode 530: Reward=-329.23, Length=152, Avg Reward (last 10)=-255.92
2025-07-21 02:57:50,533 - lunarlandercontinuous_ppo_seed_2 - INFO - Episode 540: Reward=-21.30, Length=139, Avg Reward (last 10)=-201.85
2025-07-21 02:57:53,799 - lunarlandercontinuous_ppo_seed_2 - INFO - Episode 550: Reward=-269.96, Length=108, Avg Reward (last 10)=-254.49
2025-07-21 02:57:55,296 - lunarlandercontinuous_ppo_seed_2 - INFO - Episode 560: Reward=-464.43, Length=134, Avg Reward (last 10)=-250.75
2025-07-21 02:57:58,299 - lunarlandercontinuous_ppo_seed_2 - INFO - Episode 570: Reward=-238.18, Length=188, Avg Reward (last 10)=-221.95
2025-07-21 02:58:00,663 - lunarlandercontinuous_ppo_seed_2 - INFO - Episode 580: Reward=-24.55, Length=99, Avg Reward (last 10)=-185.68
2025-07-21 02:58:02,549 - lunarlandercontinuous_ppo_seed_2 - INFO - Episode 590: Reward=1.19, Length=91, Avg Reward (last 10)=-211.82
2025-07-21 02:58:05,431 - lunarlandercontinuous_ppo_seed_2 - INFO - Episode 600: Reward=-306.38, Length=116, Avg Reward (last 10)=-170.77
2025-07-21 02:58:08,824 - lunarlandercontinuous_ppo_seed_2 - INFO - Episode 610: Reward=-116.71, Length=147, Avg Reward (last 10)=-234.78
2025-07-21 02:58:10,298 - lunarlandercontinuous_ppo_seed_2 - INFO - Episode 620: Reward=-248.93, Length=103, Avg Reward (last 10)=-172.54
2025-07-21 02:58:13,148 - lunarlandercontinuous_ppo_seed_2 - INFO - Episode 630: Reward=-130.87, Length=116, Avg Reward (last 10)=-228.03
2025-07-21 02:58:17,988 - lunarlandercontinuous_ppo_seed_2 - INFO - Episode 640: Reward=-404.07, Length=214, Avg Reward (last 10)=-250.44
2025-07-21 02:58:19,641 - lunarlandercontinuous_ppo_seed_2 - INFO - Episode 650: Reward=-90.63, Length=138, Avg Reward (last 10)=-205.83
2025-07-21 02:58:23,172 - lunarlandercontinuous_ppo_seed_2 - INFO - Episode 660: Reward=-408.33, Length=154, Avg Reward (last 10)=-142.61
2025-07-21 02:58:25,751 - lunarlandercontinuous_ppo_seed_2 - INFO - Episode 670: Reward=-291.92, Length=131, Avg Reward (last 10)=-200.88
2025-07-21 02:58:28,988 - lunarlandercontinuous_ppo_seed_2 - INFO - Episode 680: Reward=-339.04, Length=214, Avg Reward (last 10)=-161.76
2025-07-21 02:58:30,505 - lunarlandercontinuous_ppo_seed_2 - INFO - Episode 690: Reward=-291.43, Length=112, Avg Reward (last 10)=-172.56
2025-07-21 02:58:33,090 - lunarlandercontinuous_ppo_seed_2 - INFO - Episode 700: Reward=-311.92, Length=186, Avg Reward (last 10)=-188.55
2025-07-21 02:58:36,140 - lunarlandercontinuous_ppo_seed_2 - INFO - Episode 710: Reward=-29.66, Length=127, Avg Reward (last 10)=-218.72
2025-07-21 02:58:40,030 - lunarlandercontinuous_ppo_seed_2 - INFO - Episode 720: Reward=-348.66, Length=239, Avg Reward (last 10)=-293.11
2025-07-21 02:58:43,529 - lunarlandercontinuous_ppo_seed_2 - INFO - Episode 730: Reward=-46.49, Length=99, Avg Reward (last 10)=-266.65
2025-07-21 02:58:46,961 - lunarlandercontinuous_ppo_seed_2 - INFO - Episode 740: Reward=-130.78, Length=146, Avg Reward (last 10)=-155.38
2025-07-21 02:58:49,607 - lunarlandercontinuous_ppo_seed_2 - INFO - Episode 750: Reward=-93.25, Length=134, Avg Reward (last 10)=-195.48
2025-07-21 02:58:51,099 - lunarlandercontinuous_ppo_seed_2 - INFO - Episode 760: Reward=-174.09, Length=129, Avg Reward (last 10)=-137.95
2025-07-21 02:58:56,308 - lunarlandercontinuous_ppo_seed_2 - INFO - Episode 770: Reward=-422.78, Length=168, Avg Reward (last 10)=-113.68
2025-07-21 02:58:59,033 - lunarlandercontinuous_ppo_seed_2 - INFO - Episode 780: Reward=-466.75, Length=194, Avg Reward (last 10)=-230.58
2025-07-21 02:59:03,682 - lunarlandercontinuous_ppo_seed_2 - INFO - Episode 790: Reward=-433.18, Length=220, Avg Reward (last 10)=-274.06
2025-07-21 02:59:08,164 - lunarlandercontinuous_ppo_seed_2 - INFO - Episode 800: Reward=-136.23, Length=396, Avg Reward (last 10)=-172.67
2025-07-21 02:59:11,618 - lunarlandercontinuous_ppo_seed_2 - INFO - Episode 810: Reward=-283.75, Length=102, Avg Reward (last 10)=-239.00
2025-07-21 02:59:15,096 - lunarlandercontinuous_ppo_seed_2 - INFO - Episode 820: Reward=-178.43, Length=143, Avg Reward (last 10)=-210.62
2025-07-21 02:59:16,610 - lunarlandercontinuous_ppo_seed_2 - INFO - Episode 830: Reward=-84.01, Length=143, Avg Reward (last 10)=-129.58
2025-07-21 02:59:19,391 - lunarlandercontinuous_ppo_seed_2 - INFO - Episode 840: Reward=-443.01, Length=235, Avg Reward (last 10)=-182.70
2025-07-21 02:59:22,939 - lunarlandercontinuous_ppo_seed_2 - INFO - Episode 850: Reward=-21.41, Length=127, Avg Reward (last 10)=-117.71
2025-07-21 02:59:26,743 - lunarlandercontinuous_ppo_seed_2 - INFO - Episode 860: Reward=-108.86, Length=148, Avg Reward (last 10)=-71.69
2025-07-21 02:59:35,891 - lunarlandercontinuous_ppo_seed_2 - INFO - Episode 870: Reward=-110.67, Length=125, Avg Reward (last 10)=-182.19
2025-07-21 02:59:40,713 - lunarlandercontinuous_ppo_seed_2 - INFO - Episode 880: Reward=-502.91, Length=292, Avg Reward (last 10)=-84.35
2025-07-21 02:59:45,469 - lunarlandercontinuous_ppo_seed_2 - INFO - Episode 890: Reward=2.70, Length=1000, Avg Reward (last 10)=-177.58
2025-07-21 02:59:54,849 - lunarlandercontinuous_ppo_seed_2 - INFO - Episode 900: Reward=-47.46, Length=193, Avg Reward (last 10)=-119.85
2025-07-21 03:00:00,557 - lunarlandercontinuous_ppo_seed_2 - INFO - Episode 910: Reward=-62.27, Length=112, Avg Reward (last 10)=-199.45
2025-07-21 03:00:07,430 - lunarlandercontinuous_ppo_seed_2 - INFO - Episode 920: Reward=-70.88, Length=165, Avg Reward (last 10)=-205.45
2025-07-21 03:00:09,804 - lunarlandercontinuous_ppo_seed_2 - INFO - Episode 930: Reward=-142.82, Length=118, Avg Reward (last 10)=-59.05
2025-07-21 03:00:17,761 - lunarlandercontinuous_ppo_seed_2 - INFO - Episode 940: Reward=-28.02, Length=210, Avg Reward (last 10)=-115.72
2025-07-21 03:00:21,326 - lunarlandercontinuous_ppo_seed_2 - INFO - Episode 950: Reward=-117.77, Length=149, Avg Reward (last 10)=-104.76
2025-07-21 03:00:26,760 - lunarlandercontinuous_ppo_seed_2 - INFO - Episode 960: Reward=25.55, Length=185, Avg Reward (last 10)=-235.51
2025-07-21 03:00:30,234 - lunarlandercontinuous_ppo_seed_2 - INFO - Episode 970: Reward=-57.23, Length=145, Avg Reward (last 10)=-73.95
2025-07-21 03:00:33,622 - lunarlandercontinuous_ppo_seed_2 - INFO - Episode 980: Reward=-105.29, Length=132, Avg Reward (last 10)=-66.51
2025-07-21 03:00:37,821 - lunarlandercontinuous_ppo_seed_2 - INFO - Episode 990: Reward=-391.51, Length=495, Avg Reward (last 10)=-245.68
2025-07-21 03:00:44,054 - lunarlandercontinuous_ppo_seed_2 - INFO - Episode 1000: Reward=-2.91, Length=262, Avg Reward (last 10)=-142.39
2025-07-21 03:00:49,064 - lunarlandercontinuous_ppo_seed_2 - INFO - Episode 1010: Reward=-15.54, Length=117, Avg Reward (last 10)=-174.74
2025-07-21 03:00:52,857 - lunarlandercontinuous_ppo_seed_2 - INFO - Episode 1020: Reward=-57.19, Length=154, Avg Reward (last 10)=-117.49
2025-07-21 03:01:06,946 - lunarlandercontinuous_ppo_seed_2 - INFO - Episode 1030: Reward=35.74, Length=264, Avg Reward (last 10)=-118.14
2025-07-21 03:01:12,726 - lunarlandercontinuous_ppo_seed_2 - INFO - Episode 1040: Reward=-27.64, Length=182, Avg Reward (last 10)=-104.70
2025-07-21 03:01:16,559 - lunarlandercontinuous_ppo_seed_2 - INFO - Episode 1050: Reward=-4.07, Length=192, Avg Reward (last 10)=-80.56
2025-07-21 03:01:22,407 - lunarlandercontinuous_ppo_seed_2 - INFO - Episode 1060: Reward=-20.53, Length=208, Avg Reward (last 10)=-5.36
2025-07-21 03:01:27,503 - lunarlandercontinuous_ppo_seed_2 - INFO - Episode 1070: Reward=-53.67, Length=177, Avg Reward (last 10)=-18.31
2025-07-21 03:01:35,498 - lunarlandercontinuous_ppo_seed_2 - INFO - Episode 1080: Reward=-65.60, Length=154, Avg Reward (last 10)=-82.43
2025-07-21 03:01:50,286 - lunarlandercontinuous_ppo_seed_2 - INFO - Episode 1090: Reward=-0.18, Length=225, Avg Reward (last 10)=-77.33
2025-07-21 03:02:02,282 - lunarlandercontinuous_ppo_seed_2 - INFO - Episode 1100: Reward=-92.65, Length=378, Avg Reward (last 10)=-85.89
2025-07-21 03:02:07,607 - lunarlandercontinuous_ppo_seed_2 - INFO - Episode 1110: Reward=-264.77, Length=298, Avg Reward (last 10)=-113.36
2025-07-21 03:02:12,731 - lunarlandercontinuous_ppo_seed_2 - INFO - Episode 1120: Reward=-226.03, Length=239, Avg Reward (last 10)=-143.06
2025-07-21 03:02:21,620 - lunarlandercontinuous_ppo_seed_2 - INFO - Episode 1130: Reward=-55.80, Length=1000, Avg Reward (last 10)=-112.90
2025-07-21 03:02:38,721 - lunarlandercontinuous_ppo_seed_2 - INFO - Episode 1140: Reward=-217.80, Length=401, Avg Reward (last 10)=-111.56
2025-07-21 03:02:45,760 - lunarlandercontinuous_ppo_seed_2 - INFO - Episode 1150: Reward=-100.06, Length=267, Avg Reward (last 10)=-115.50
2025-07-21 03:02:58,907 - lunarlandercontinuous_ppo_seed_2 - INFO - Episode 1160: Reward=-54.88, Length=1000, Avg Reward (last 10)=-38.57
2025-07-21 03:03:11,965 - lunarlandercontinuous_ppo_seed_2 - INFO - Episode 1170: Reward=92.82, Length=1000, Avg Reward (last 10)=10.74
2025-07-21 03:03:29,453 - lunarlandercontinuous_ppo_seed_2 - INFO - Episode 1180: Reward=-21.70, Length=1000, Avg Reward (last 10)=-20.39
2025-07-21 03:03:40,486 - lunarlandercontinuous_ppo_seed_2 - INFO - Episode 1190: Reward=-107.33, Length=1000, Avg Reward (last 10)=-31.47
2025-07-21 03:03:58,718 - lunarlandercontinuous_ppo_seed_2 - INFO - Episode 1200: Reward=-111.15, Length=1000, Avg Reward (last 10)=-39.78
2025-07-21 03:04:10,513 - lunarlandercontinuous_ppo_seed_2 - INFO - Episode 1210: Reward=59.33, Length=1000, Avg Reward (last 10)=19.43
2025-07-21 03:04:26,111 - lunarlandercontinuous_ppo_seed_2 - INFO - Episode 1220: Reward=115.54, Length=1000, Avg Reward (last 10)=54.88
2025-07-21 03:04:37,324 - lunarlandercontinuous_ppo_seed_2 - INFO - Episode 1230: Reward=75.84, Length=1000, Avg Reward (last 10)=65.32
2025-07-21 03:04:53,250 - lunarlandercontinuous_ppo_seed_2 - INFO - Episode 1240: Reward=50.82, Length=1000, Avg Reward (last 10)=30.15
2025-07-21 03:05:04,770 - lunarlandercontinuous_ppo_seed_2 - INFO - Episode 1250: Reward=66.87, Length=1000, Avg Reward (last 10)=24.15
2025-07-21 03:05:20,424 - lunarlandercontinuous_ppo_seed_2 - INFO - Episode 1260: Reward=182.79, Length=486, Avg Reward (last 10)=90.28
2025-07-21 03:05:33,788 - lunarlandercontinuous_ppo_seed_2 - INFO - Episode 1270: Reward=84.35, Length=1000, Avg Reward (last 10)=84.68
2025-07-21 03:05:49,832 - lunarlandercontinuous_ppo_seed_2 - INFO - Episode 1280: Reward=108.95, Length=1000, Avg Reward (last 10)=75.18
2025-07-21 03:06:05,262 - lunarlandercontinuous_ppo_seed_2 - INFO - Episode 1290: Reward=89.21, Length=1000, Avg Reward (last 10)=45.98
2025-07-21 03:06:16,000 - lunarlandercontinuous_ppo_seed_2 - INFO - Episode 1300: Reward=130.94, Length=1000, Avg Reward (last 10)=94.25
2025-07-21 03:06:34,320 - lunarlandercontinuous_ppo_seed_2 - INFO - Episode 1310: Reward=108.25, Length=1000, Avg Reward (last 10)=101.04
2025-07-21 03:06:44,369 - lunarlandercontinuous_ppo_seed_2 - INFO - Episode 1320: Reward=103.11, Length=1000, Avg Reward (last 10)=96.52
2025-07-21 03:07:02,799 - lunarlandercontinuous_ppo_seed_2 - INFO - Episode 1330: Reward=138.74, Length=1000, Avg Reward (last 10)=151.18
2025-07-21 03:07:13,128 - lunarlandercontinuous_ppo_seed_2 - INFO - Episode 1340: Reward=116.56, Length=1000, Avg Reward (last 10)=103.01
2025-07-21 03:07:31,512 - lunarlandercontinuous_ppo_seed_2 - INFO - Episode 1350: Reward=86.75, Length=1000, Avg Reward (last 10)=102.24
2025-07-21 03:07:41,423 - lunarlandercontinuous_ppo_seed_2 - INFO - Episode 1360: Reward=122.65, Length=1000, Avg Reward (last 10)=136.86
2025-07-21 03:07:58,224 - lunarlandercontinuous_ppo_seed_2 - INFO - Episode 1370: Reward=116.91, Length=1000, Avg Reward (last 10)=99.75
2025-07-21 03:08:06,509 - lunarlandercontinuous_ppo_seed_2 - INFO - Episode 1380: Reward=-16.35, Length=214, Avg Reward (last 10)=130.58
2025-07-21 03:08:20,865 - lunarlandercontinuous_ppo_seed_2 - INFO - Episode 1390: Reward=-41.89, Length=336, Avg Reward (last 10)=71.08
2025-07-21 03:08:29,197 - lunarlandercontinuous_ppo_seed_2 - INFO - Episode 1400: Reward=-3.66, Length=198, Avg Reward (last 10)=95.69
2025-07-21 03:08:46,391 - lunarlandercontinuous_ppo_seed_2 - INFO - Episode 1410: Reward=104.10, Length=1000, Avg Reward (last 10)=88.04
2025-07-21 03:08:53,778 - lunarlandercontinuous_ppo_seed_2 - INFO - Episode 1420: Reward=-37.25, Length=144, Avg Reward (last 10)=72.98
2025-07-21 03:09:00,438 - lunarlandercontinuous_ppo_seed_2 - INFO - Episode 1430: Reward=124.22, Length=1000, Avg Reward (last 10)=82.21
2025-07-21 03:09:13,289 - lunarlandercontinuous_ppo_seed_2 - INFO - Episode 1440: Reward=182.09, Length=410, Avg Reward (last 10)=31.57
2025-07-21 03:09:18,925 - lunarlandercontinuous_ppo_seed_2 - INFO - Episode 1450: Reward=99.42, Length=1000, Avg Reward (last 10)=59.86
2025-07-21 03:09:27,695 - lunarlandercontinuous_ppo_seed_2 - INFO - Episode 1460: Reward=-76.12, Length=480, Avg Reward (last 10)=85.40
2025-07-21 03:09:43,413 - lunarlandercontinuous_ppo_seed_2 - INFO - Episode 1470: Reward=128.16, Length=1000, Avg Reward (last 10)=141.97
2025-07-21 03:09:49,999 - lunarlandercontinuous_ppo_seed_2 - INFO - Episode 1480: Reward=179.99, Length=413, Avg Reward (last 10)=83.74
2025-07-21 03:10:02,661 - lunarlandercontinuous_ppo_seed_2 - INFO - Episode 1490: Reward=234.20, Length=503, Avg Reward (last 10)=131.92
2025-07-21 03:10:12,603 - lunarlandercontinuous_ppo_seed_2 - INFO - Episode 1500: Reward=110.16, Length=1000, Avg Reward (last 10)=147.82
2025-07-21 03:10:19,583 - lunarlandercontinuous_ppo_seed_2 - INFO - Episode 1510: Reward=227.56, Length=359, Avg Reward (last 10)=182.57
2025-07-21 03:10:36,518 - lunarlandercontinuous_ppo_seed_2 - INFO - Episode 1520: Reward=116.64, Length=1000, Avg Reward (last 10)=94.44
2025-07-21 03:10:44,947 - lunarlandercontinuous_ppo_seed_2 - INFO - Episode 1530: Reward=92.93, Length=1000, Avg Reward (last 10)=52.70
2025-07-21 03:10:51,417 - lunarlandercontinuous_ppo_seed_2 - INFO - Episode 1540: Reward=-28.71, Length=136, Avg Reward (last 10)=122.54
2025-07-21 03:11:07,976 - lunarlandercontinuous_ppo_seed_2 - INFO - Episode 1550: Reward=191.38, Length=508, Avg Reward (last 10)=116.41
2025-07-21 03:11:15,750 - lunarlandercontinuous_ppo_seed_2 - INFO - Episode 1560: Reward=118.76, Length=1000, Avg Reward (last 10)=55.41
2025-07-21 03:11:30,969 - lunarlandercontinuous_ppo_seed_2 - INFO - Episode 1570: Reward=120.56, Length=1000, Avg Reward (last 10)=86.52
2025-07-21 03:11:38,592 - lunarlandercontinuous_ppo_seed_2 - INFO - Episode 1580: Reward=135.05, Length=1000, Avg Reward (last 10)=65.65
2025-07-21 03:11:52,625 - lunarlandercontinuous_ppo_seed_2 - INFO - Episode 1590: Reward=23.78, Length=152, Avg Reward (last 10)=81.59
2025-07-21 03:11:59,114 - lunarlandercontinuous_ppo_seed_2 - INFO - Episode 1600: Reward=80.24, Length=786, Avg Reward (last 10)=82.69
2025-07-21 03:12:07,026 - lunarlandercontinuous_ppo_seed_2 - INFO - Episode 1610: Reward=-92.45, Length=172, Avg Reward (last 10)=19.23
2025-07-21 03:12:24,461 - lunarlandercontinuous_ppo_seed_2 - INFO - Episode 1620: Reward=110.28, Length=1000, Avg Reward (last 10)=76.37
2025-07-21 03:12:30,419 - lunarlandercontinuous_ppo_seed_2 - INFO - Episode 1630: Reward=74.52, Length=1000, Avg Reward (last 10)=70.75
2025-07-21 03:12:38,168 - lunarlandercontinuous_ppo_seed_2 - INFO - Episode 1640: Reward=155.97, Length=1000, Avg Reward (last 10)=66.07
2025-07-21 03:12:53,117 - lunarlandercontinuous_ppo_seed_2 - INFO - Episode 1650: Reward=159.59, Length=1000, Avg Reward (last 10)=156.99
2025-07-21 03:13:00,776 - lunarlandercontinuous_ppo_seed_2 - INFO - Episode 1660: Reward=80.38, Length=1000, Avg Reward (last 10)=134.47
2025-07-21 03:13:09,087 - lunarlandercontinuous_ppo_seed_2 - INFO - Episode 1670: Reward=114.68, Length=1000, Avg Reward (last 10)=96.41
2025-07-21 03:13:16,464 - lunarlandercontinuous_ppo_seed_2 - INFO - Episode 1680: Reward=148.49, Length=1000, Avg Reward (last 10)=91.73
2025-07-21 03:13:20,738 - lunarlandercontinuous_ppo_seed_2 - INFO - Episode 1690: Reward=154.94, Length=408, Avg Reward (last 10)=55.26
2025-07-21 03:13:26,521 - lunarlandercontinuous_ppo_seed_2 - INFO - Episode 1700: Reward=105.79, Length=1000, Avg Reward (last 10)=51.20
2025-07-21 03:13:38,990 - lunarlandercontinuous_ppo_seed_2 - INFO - Episode 1710: Reward=118.14, Length=1000, Avg Reward (last 10)=85.70
2025-07-21 03:13:45,369 - lunarlandercontinuous_ppo_seed_2 - INFO - Episode 1720: Reward=-174.90, Length=525, Avg Reward (last 10)=45.48
2025-07-21 03:13:52,463 - lunarlandercontinuous_ppo_seed_2 - INFO - Episode 1730: Reward=-55.57, Length=233, Avg Reward (last 10)=54.32
2025-07-21 03:14:02,790 - lunarlandercontinuous_ppo_seed_2 - INFO - Episode 1740: Reward=183.32, Length=308, Avg Reward (last 10)=85.36
2025-07-21 03:14:08,919 - lunarlandercontinuous_ppo_seed_2 - INFO - Episode 1750: Reward=160.36, Length=343, Avg Reward (last 10)=111.10
2025-07-21 03:14:16,943 - lunarlandercontinuous_ppo_seed_2 - INFO - Episode 1760: Reward=87.40, Length=1000, Avg Reward (last 10)=89.10
2025-07-21 03:14:28,980 - lunarlandercontinuous_ppo_seed_2 - INFO - Episode 1770: Reward=58.80, Length=1000, Avg Reward (last 10)=67.27
2025-07-21 03:14:36,112 - lunarlandercontinuous_ppo_seed_2 - INFO - Episode 1780: Reward=169.41, Length=496, Avg Reward (last 10)=114.40
2025-07-21 03:14:48,064 - lunarlandercontinuous_ppo_seed_2 - INFO - Episode 1790: Reward=211.04, Length=315, Avg Reward (last 10)=90.37
2025-07-21 03:14:55,221 - lunarlandercontinuous_ppo_seed_2 - INFO - Episode 1800: Reward=150.76, Length=423, Avg Reward (last 10)=81.83
2025-07-21 03:15:02,686 - lunarlandercontinuous_ppo_seed_2 - INFO - Episode 1810: Reward=166.44, Length=1000, Avg Reward (last 10)=118.54
2025-07-21 03:15:10,777 - lunarlandercontinuous_ppo_seed_2 - INFO - Episode 1820: Reward=194.98, Length=271, Avg Reward (last 10)=143.11
2025-07-21 03:15:19,153 - lunarlandercontinuous_ppo_seed_2 - INFO - Episode 1830: Reward=114.02, Length=1000, Avg Reward (last 10)=72.10
2025-07-21 03:15:29,915 - lunarlandercontinuous_ppo_seed_2 - INFO - Episode 1840: Reward=121.62, Length=1000, Avg Reward (last 10)=130.39
2025-07-21 03:15:41,293 - lunarlandercontinuous_ppo_seed_2 - INFO - Episode 1850: Reward=147.82, Length=1000, Avg Reward (last 10)=140.06
2025-07-21 03:15:45,171 - lunarlandercontinuous_ppo_seed_2 - INFO - Episode 1860: Reward=13.65, Length=135, Avg Reward (last 10)=73.15
2025-07-21 03:15:50,728 - lunarlandercontinuous_ppo_seed_2 - INFO - Episode 1870: Reward=208.34, Length=383, Avg Reward (last 10)=115.51
2025-07-21 03:15:58,754 - lunarlandercontinuous_ppo_seed_2 - INFO - Episode 1880: Reward=112.07, Length=1000, Avg Reward (last 10)=97.51
2025-07-21 03:16:08,821 - lunarlandercontinuous_ppo_seed_2 - INFO - Episode 1890: Reward=6.90, Length=143, Avg Reward (last 10)=132.52
2025-07-21 03:16:14,782 - lunarlandercontinuous_ppo_seed_2 - INFO - Episode 1900: Reward=112.18, Length=1000, Avg Reward (last 10)=161.61
2025-07-21 03:16:18,354 - lunarlandercontinuous_ppo_seed_2 - INFO - Episode 1910: Reward=202.68, Length=310, Avg Reward (last 10)=91.90
2025-07-21 03:16:22,369 - lunarlandercontinuous_ppo_seed_2 - INFO - Episode 1920: Reward=145.81, Length=1000, Avg Reward (last 10)=63.34
2025-07-21 03:16:35,180 - lunarlandercontinuous_ppo_seed_2 - INFO - Episode 1930: Reward=225.74, Length=282, Avg Reward (last 10)=135.85
2025-07-21 03:16:41,038 - lunarlandercontinuous_ppo_seed_2 - INFO - Episode 1940: Reward=124.42, Length=1000, Avg Reward (last 10)=168.31
2025-07-21 03:16:47,219 - lunarlandercontinuous_ppo_seed_2 - INFO - Episode 1950: Reward=107.65, Length=1000, Avg Reward (last 10)=125.07
2025-07-21 03:16:56,143 - lunarlandercontinuous_ppo_seed_2 - INFO - Episode 1960: Reward=209.11, Length=257, Avg Reward (last 10)=157.71
2025-07-21 03:17:03,086 - lunarlandercontinuous_ppo_seed_2 - INFO - Episode 1970: Reward=-21.93, Length=168, Avg Reward (last 10)=149.29
2025-07-21 03:17:08,829 - lunarlandercontinuous_ppo_seed_2 - INFO - Episode 1980: Reward=119.17, Length=1000, Avg Reward (last 10)=120.94
2025-07-21 03:17:14,075 - lunarlandercontinuous_ppo_seed_2 - INFO - Episode 1990: Reward=151.77, Length=1000, Avg Reward (last 10)=103.75
2025-07-21 03:17:27,543 - lunarlandercontinuous_ppo_seed_2 - INFO - Episode 2000: Reward=166.52, Length=1000, Avg Reward (last 10)=135.28
2025-07-21 03:17:32,440 - lunarlandercontinuous_ppo_seed_2 - INFO - Episode 2010: Reward=0.01, Length=176, Avg Reward (last 10)=138.34
2025-07-21 03:17:37,789 - lunarlandercontinuous_ppo_seed_2 - INFO - Episode 2020: Reward=202.91, Length=230, Avg Reward (last 10)=102.97
2025-07-21 03:17:50,677 - lunarlandercontinuous_ppo_seed_2 - INFO - Episode 2030: Reward=22.81, Length=202, Avg Reward (last 10)=90.72
2025-07-21 03:17:57,237 - lunarlandercontinuous_ppo_seed_2 - INFO - Episode 2040: Reward=186.37, Length=246, Avg Reward (last 10)=146.80
2025-07-21 03:18:06,763 - lunarlandercontinuous_ppo_seed_2 - INFO - Episode 2050: Reward=103.92, Length=1000, Avg Reward (last 10)=83.14
2025-07-21 03:18:19,073 - lunarlandercontinuous_ppo_seed_2 - INFO - Episode 2060: Reward=-9.67, Length=223, Avg Reward (last 10)=49.20
2025-07-21 03:18:23,774 - lunarlandercontinuous_ppo_seed_2 - INFO - Episode 2070: Reward=6.90, Length=153, Avg Reward (last 10)=152.29
2025-07-21 03:18:29,601 - lunarlandercontinuous_ppo_seed_2 - INFO - Episode 2080: Reward=172.82, Length=697, Avg Reward (last 10)=85.85
2025-07-21 03:18:36,464 - lunarlandercontinuous_ppo_seed_2 - INFO - Episode 2090: Reward=207.74, Length=243, Avg Reward (last 10)=161.26
2025-07-21 03:18:41,827 - lunarlandercontinuous_ppo_seed_2 - INFO - Episode 2100: Reward=15.33, Length=176, Avg Reward (last 10)=86.92
2025-07-21 03:18:48,987 - lunarlandercontinuous_ppo_seed_2 - INFO - Episode 2110: Reward=150.78, Length=1000, Avg Reward (last 10)=102.16
2025-07-21 03:18:57,981 - lunarlandercontinuous_ppo_seed_2 - INFO - Episode 2120: Reward=21.89, Length=144, Avg Reward (last 10)=99.53
2025-07-21 03:19:19,080 - lunarlandercontinuous_ppo_seed_2 - INFO - Episode 2130: Reward=180.76, Length=454, Avg Reward (last 10)=173.16
2025-07-21 03:19:36,233 - lunarlandercontinuous_ppo_seed_2 - INFO - Episode 2140: Reward=190.98, Length=379, Avg Reward (last 10)=160.78
2025-07-21 03:19:54,748 - lunarlandercontinuous_ppo_seed_2 - INFO - Episode 2150: Reward=181.29, Length=246, Avg Reward (last 10)=149.27
2025-07-21 03:20:08,078 - lunarlandercontinuous_ppo_seed_2 - INFO - Episode 2160: Reward=223.60, Length=295, Avg Reward (last 10)=195.19
2025-07-21 03:20:14,323 - lunarlandercontinuous_ppo_seed_2 - INFO - Episode 2170: Reward=252.26, Length=253, Avg Reward (last 10)=149.55
2025-07-21 03:20:19,551 - lunarlandercontinuous_ppo_seed_2 - INFO - Episode 2180: Reward=208.35, Length=266, Avg Reward (last 10)=175.48
2025-07-21 03:20:26,315 - lunarlandercontinuous_ppo_seed_2 - INFO - Episode 2190: Reward=182.74, Length=377, Avg Reward (last 10)=164.40
2025-07-21 03:20:44,284 - lunarlandercontinuous_ppo_seed_2 - INFO - Episode 2200: Reward=-28.79, Length=229, Avg Reward (last 10)=119.57
2025-07-21 03:20:52,377 - lunarlandercontinuous_ppo_seed_2 - INFO - Episode 2210: Reward=-150.17, Length=669, Avg Reward (last 10)=80.82
2025-07-21 03:20:58,838 - lunarlandercontinuous_ppo_seed_2 - INFO - Episode 2220: Reward=221.39, Length=284, Avg Reward (last 10)=114.70
2025-07-21 03:21:11,528 - lunarlandercontinuous_ppo_seed_2 - INFO - Episode 2230: Reward=183.22, Length=371, Avg Reward (last 10)=106.02
2025-07-21 03:21:20,861 - lunarlandercontinuous_ppo_seed_2 - INFO - Episode 2240: Reward=189.56, Length=459, Avg Reward (last 10)=114.32
2025-07-21 03:21:35,277 - lunarlandercontinuous_ppo_seed_2 - INFO - Episode 2250: Reward=123.77, Length=1000, Avg Reward (last 10)=140.17
2025-07-21 03:21:43,199 - lunarlandercontinuous_ppo_seed_2 - INFO - Episode 2260: Reward=4.49, Length=170, Avg Reward (last 10)=71.75
2025-07-21 03:21:52,075 - lunarlandercontinuous_ppo_seed_2 - INFO - Episode 2270: Reward=136.76, Length=704, Avg Reward (last 10)=116.51
2025-07-21 03:21:56,795 - lunarlandercontinuous_ppo_seed_2 - INFO - Episode 2280: Reward=8.05, Length=186, Avg Reward (last 10)=120.85
2025-07-21 03:22:08,672 - lunarlandercontinuous_ppo_seed_2 - INFO - Episode 2290: Reward=124.71, Length=1000, Avg Reward (last 10)=126.75
2025-07-21 03:22:15,608 - lunarlandercontinuous_ppo_seed_2 - INFO - Episode 2300: Reward=117.73, Length=1000, Avg Reward (last 10)=99.19
2025-07-21 03:22:23,092 - lunarlandercontinuous_ppo_seed_2 - INFO - Episode 2310: Reward=223.57, Length=247, Avg Reward (last 10)=114.60
2025-07-21 03:22:34,881 - lunarlandercontinuous_ppo_seed_2 - INFO - Episode 2320: Reward=219.40, Length=235, Avg Reward (last 10)=159.24
2025-07-21 03:22:45,543 - lunarlandercontinuous_ppo_seed_2 - INFO - Episode 2330: Reward=137.07, Length=1000, Avg Reward (last 10)=131.54
2025-07-21 03:22:54,294 - lunarlandercontinuous_ppo_seed_2 - INFO - Episode 2340: Reward=187.05, Length=354, Avg Reward (last 10)=128.04
2025-07-21 03:23:11,116 - lunarlandercontinuous_ppo_seed_2 - INFO - Episode 2350: Reward=13.14, Length=201, Avg Reward (last 10)=108.43
2025-07-21 03:23:15,581 - lunarlandercontinuous_ppo_seed_2 - INFO - Episode 2360: Reward=144.34, Length=1000, Avg Reward (last 10)=146.80
2025-07-21 03:23:22,501 - lunarlandercontinuous_ppo_seed_2 - INFO - Episode 2370: Reward=221.27, Length=197, Avg Reward (last 10)=88.95
2025-07-21 03:23:35,594 - lunarlandercontinuous_ppo_seed_2 - INFO - Episode 2380: Reward=2.70, Length=196, Avg Reward (last 10)=83.29
2025-07-21 03:23:41,529 - lunarlandercontinuous_ppo_seed_2 - INFO - Episode 2390: Reward=-76.33, Length=396, Avg Reward (last 10)=55.73
2025-07-21 03:23:48,068 - lunarlandercontinuous_ppo_seed_2 - INFO - Episode 2400: Reward=136.04, Length=1000, Avg Reward (last 10)=85.79
2025-07-21 03:23:55,539 - lunarlandercontinuous_ppo_seed_2 - INFO - Episode 2410: Reward=127.87, Length=1000, Avg Reward (last 10)=99.19
2025-07-21 03:24:08,200 - lunarlandercontinuous_ppo_seed_2 - INFO - Episode 2420: Reward=190.47, Length=248, Avg Reward (last 10)=132.29
2025-07-21 03:24:16,756 - lunarlandercontinuous_ppo_seed_2 - INFO - Episode 2430: Reward=110.92, Length=1000, Avg Reward (last 10)=141.22
2025-07-21 03:24:19,244 - lunarlandercontinuous_ppo_seed_2 - INFO - Episode 2440: Reward=166.13, Length=310, Avg Reward (last 10)=134.24
2025-07-21 03:24:34,855 - lunarlandercontinuous_ppo_seed_2 - INFO - Episode 2450: Reward=218.40, Length=359, Avg Reward (last 10)=112.79
2025-07-21 03:24:43,312 - lunarlandercontinuous_ppo_seed_2 - INFO - Episode 2460: Reward=146.80, Length=1000, Avg Reward (last 10)=142.14
2025-07-21 03:24:47,987 - lunarlandercontinuous_ppo_seed_2 - INFO - Episode 2470: Reward=141.35, Length=1000, Avg Reward (last 10)=76.15
2025-07-21 03:24:59,550 - lunarlandercontinuous_ppo_seed_2 - INFO - Episode 2480: Reward=131.61, Length=1000, Avg Reward (last 10)=113.90
2025-07-21 03:25:10,304 - lunarlandercontinuous_ppo_seed_2 - INFO - Episode 2490: Reward=199.45, Length=285, Avg Reward (last 10)=130.61
2025-07-21 03:25:18,037 - lunarlandercontinuous_ppo_seed_2 - INFO - Episode 2500: Reward=228.05, Length=305, Avg Reward (last 10)=165.49
2025-07-21 03:25:28,416 - lunarlandercontinuous_ppo_seed_2 - INFO - Episode 2510: Reward=76.18, Length=1000, Avg Reward (last 10)=152.97
2025-07-21 03:25:38,786 - lunarlandercontinuous_ppo_seed_2 - INFO - Episode 2520: Reward=160.08, Length=591, Avg Reward (last 10)=109.50
2025-07-21 03:25:48,188 - lunarlandercontinuous_ppo_seed_2 - INFO - Episode 2530: Reward=193.99, Length=352, Avg Reward (last 10)=112.54
2025-07-21 03:26:04,415 - lunarlandercontinuous_ppo_seed_2 - INFO - Episode 2540: Reward=239.05, Length=319, Avg Reward (last 10)=185.09
2025-07-21 03:26:14,078 - lunarlandercontinuous_ppo_seed_2 - INFO - Episode 2550: Reward=118.55, Length=1000, Avg Reward (last 10)=122.66
2025-07-21 03:26:22,587 - lunarlandercontinuous_ppo_seed_2 - INFO - Episode 2560: Reward=204.77, Length=314, Avg Reward (last 10)=116.87
2025-07-21 03:26:40,145 - lunarlandercontinuous_ppo_seed_2 - INFO - Episode 2570: Reward=124.11, Length=1000, Avg Reward (last 10)=161.48
2025-07-21 03:26:45,358 - lunarlandercontinuous_ppo_seed_2 - INFO - Episode 2580: Reward=3.47, Length=171, Avg Reward (last 10)=109.70
2025-07-21 03:27:00,179 - lunarlandercontinuous_ppo_seed_2 - INFO - Episode 2590: Reward=11.32, Length=157, Avg Reward (last 10)=85.92
2025-07-21 03:27:10,277 - lunarlandercontinuous_ppo_seed_2 - INFO - Episode 2600: Reward=219.30, Length=394, Avg Reward (last 10)=123.34
2025-07-21 03:27:16,878 - lunarlandercontinuous_ppo_seed_2 - INFO - Episode 2610: Reward=120.14, Length=1000, Avg Reward (last 10)=188.83
2025-07-21 03:27:31,641 - lunarlandercontinuous_ppo_seed_2 - INFO - Episode 2620: Reward=123.05, Length=1000, Avg Reward (last 10)=169.67
2025-07-21 03:27:37,949 - lunarlandercontinuous_ppo_seed_2 - INFO - Episode 2630: Reward=104.58, Length=1000, Avg Reward (last 10)=157.14
2025-07-21 03:27:44,893 - lunarlandercontinuous_ppo_seed_2 - INFO - Episode 2640: Reward=190.39, Length=277, Avg Reward (last 10)=152.44
2025-07-21 03:27:59,357 - lunarlandercontinuous_ppo_seed_2 - INFO - Episode 2650: Reward=-10.45, Length=169, Avg Reward (last 10)=115.92
2025-07-21 03:28:05,952 - lunarlandercontinuous_ppo_seed_2 - INFO - Episode 2660: Reward=187.18, Length=280, Avg Reward (last 10)=150.81
2025-07-21 03:28:12,737 - lunarlandercontinuous_ppo_seed_2 - INFO - Episode 2670: Reward=131.01, Length=1000, Avg Reward (last 10)=106.32
2025-07-21 03:28:24,219 - lunarlandercontinuous_ppo_seed_2 - INFO - Episode 2680: Reward=-4.63, Length=233, Avg Reward (last 10)=163.72
2025-07-21 03:28:31,753 - lunarlandercontinuous_ppo_seed_2 - INFO - Episode 2690: Reward=198.36, Length=316, Avg Reward (last 10)=164.90
2025-07-21 03:28:39,611 - lunarlandercontinuous_ppo_seed_2 - INFO - Episode 2700: Reward=217.05, Length=325, Avg Reward (last 10)=157.61
2025-07-21 03:28:54,684 - lunarlandercontinuous_ppo_seed_2 - INFO - Episode 2710: Reward=120.22, Length=1000, Avg Reward (last 10)=139.76
2025-07-21 03:29:03,334 - lunarlandercontinuous_ppo_seed_2 - INFO - Episode 2720: Reward=135.66, Length=1000, Avg Reward (last 10)=156.36
2025-07-21 03:29:11,608 - lunarlandercontinuous_ppo_seed_2 - INFO - Episode 2730: Reward=168.01, Length=334, Avg Reward (last 10)=158.16
2025-07-21 03:29:31,055 - lunarlandercontinuous_ppo_seed_2 - INFO - Episode 2740: Reward=204.71, Length=308, Avg Reward (last 10)=135.47
2025-07-21 03:29:40,224 - lunarlandercontinuous_ppo_seed_2 - INFO - Episode 2750: Reward=-16.80, Length=264, Avg Reward (last 10)=135.83
2025-07-21 03:29:54,808 - lunarlandercontinuous_ppo_seed_2 - INFO - Episode 2760: Reward=223.26, Length=290, Avg Reward (last 10)=185.57
2025-07-21 03:30:01,370 - lunarlandercontinuous_ppo_seed_2 - INFO - Episode 2770: Reward=187.43, Length=383, Avg Reward (last 10)=163.03
2025-07-21 03:30:17,235 - lunarlandercontinuous_ppo_seed_2 - INFO - Episode 2780: Reward=15.56, Length=202, Avg Reward (last 10)=130.44
2025-07-21 03:30:27,102 - lunarlandercontinuous_ppo_seed_2 - INFO - Episode 2790: Reward=207.68, Length=371, Avg Reward (last 10)=144.10
2025-07-21 03:30:35,945 - lunarlandercontinuous_ppo_seed_2 - INFO - Episode 2800: Reward=122.55, Length=1000, Avg Reward (last 10)=150.43
2025-07-21 03:30:54,085 - lunarlandercontinuous_ppo_seed_2 - INFO - Episode 2810: Reward=192.02, Length=291, Avg Reward (last 10)=130.76
2025-07-21 03:31:00,662 - lunarlandercontinuous_ppo_seed_2 - INFO - Episode 2820: Reward=214.31, Length=422, Avg Reward (last 10)=135.57
2025-07-21 03:31:09,466 - lunarlandercontinuous_ppo_seed_2 - INFO - Episode 2830: Reward=147.75, Length=1000, Avg Reward (last 10)=115.59
2025-07-21 03:31:24,223 - lunarlandercontinuous_ppo_seed_2 - INFO - Episode 2840: Reward=208.44, Length=345, Avg Reward (last 10)=150.71
2025-07-21 03:31:32,618 - lunarlandercontinuous_ppo_seed_2 - INFO - Episode 2850: Reward=137.92, Length=1000, Avg Reward (last 10)=161.35
2025-07-21 03:31:50,476 - lunarlandercontinuous_ppo_seed_2 - INFO - Episode 2860: Reward=108.80, Length=1000, Avg Reward (last 10)=135.59
2025-07-21 03:32:00,332 - lunarlandercontinuous_ppo_seed_2 - INFO - Episode 2870: Reward=102.64, Length=1000, Avg Reward (last 10)=162.17
2025-07-21 03:32:08,270 - lunarlandercontinuous_ppo_seed_2 - INFO - Episode 2880: Reward=187.93, Length=253, Avg Reward (last 10)=143.97
2025-07-21 03:32:24,748 - lunarlandercontinuous_ppo_seed_2 - INFO - Episode 2890: Reward=147.53, Length=1000, Avg Reward (last 10)=149.39
2025-07-21 03:32:34,764 - lunarlandercontinuous_ppo_seed_2 - INFO - Episode 2900: Reward=121.92, Length=1000, Avg Reward (last 10)=112.31
2025-07-21 03:32:47,202 - lunarlandercontinuous_ppo_seed_2 - INFO - Episode 2910: Reward=191.31, Length=395, Avg Reward (last 10)=119.60
2025-07-21 03:32:57,383 - lunarlandercontinuous_ppo_seed_2 - INFO - Episode 2920: Reward=227.58, Length=323, Avg Reward (last 10)=173.92
2025-07-21 03:33:04,451 - lunarlandercontinuous_ppo_seed_2 - INFO - Episode 2930: Reward=128.02, Length=1000, Avg Reward (last 10)=158.74
2025-07-21 03:33:19,005 - lunarlandercontinuous_ppo_seed_2 - INFO - Episode 2940: Reward=156.07, Length=1000, Avg Reward (last 10)=150.30
2025-07-21 03:33:27,515 - lunarlandercontinuous_ppo_seed_2 - INFO - Episode 2950: Reward=-15.42, Length=218, Avg Reward (last 10)=129.21
2025-07-21 03:33:33,891 - lunarlandercontinuous_ppo_seed_2 - INFO - Episode 2960: Reward=7.96, Length=178, Avg Reward (last 10)=114.95
2025-07-21 03:33:45,965 - lunarlandercontinuous_ppo_seed_2 - INFO - Episode 2970: Reward=138.10, Length=1000, Avg Reward (last 10)=138.54
2025-07-21 03:33:55,296 - lunarlandercontinuous_ppo_seed_2 - INFO - Episode 2980: Reward=130.21, Length=1000, Avg Reward (last 10)=118.70
2025-07-21 03:34:02,074 - lunarlandercontinuous_ppo_seed_2 - INFO - Episode 2990: Reward=128.29, Length=1000, Avg Reward (last 10)=132.38
2025-07-21 03:34:14,587 - lunarlandercontinuous_ppo_seed_2 - INFO - Episode 3000: Reward=223.29, Length=266, Avg Reward (last 10)=143.96
2025-07-21 03:34:24,850 - lunarlandercontinuous_ppo_seed_2 - INFO - Episode 3010: Reward=237.16, Length=280, Avg Reward (last 10)=160.07
2025-07-21 03:34:36,084 - lunarlandercontinuous_ppo_seed_2 - INFO - Episode 3020: Reward=214.39, Length=299, Avg Reward (last 10)=191.56
2025-07-21 03:34:46,218 - lunarlandercontinuous_ppo_seed_2 - INFO - Episode 3030: Reward=203.99, Length=263, Avg Reward (last 10)=168.51
2025-07-21 03:34:52,989 - lunarlandercontinuous_ppo_seed_2 - INFO - Episode 3040: Reward=229.09, Length=273, Avg Reward (last 10)=157.44
2025-07-21 03:34:59,567 - lunarlandercontinuous_ppo_seed_2 - INFO - Episode 3050: Reward=200.71, Length=263, Avg Reward (last 10)=133.67
2025-07-21 03:35:15,496 - lunarlandercontinuous_ppo_seed_2 - INFO - Episode 3060: Reward=109.19, Length=1000, Avg Reward (last 10)=110.21
2025-07-21 03:35:22,838 - lunarlandercontinuous_ppo_seed_2 - INFO - Episode 3070: Reward=202.83, Length=648, Avg Reward (last 10)=171.28
2025-07-21 03:35:28,788 - lunarlandercontinuous_ppo_seed_2 - INFO - Episode 3080: Reward=227.33, Length=342, Avg Reward (last 10)=166.97
2025-07-21 03:35:41,101 - lunarlandercontinuous_ppo_seed_2 - INFO - Episode 3090: Reward=196.53, Length=287, Avg Reward (last 10)=148.71
2025-07-21 03:35:50,318 - lunarlandercontinuous_ppo_seed_2 - INFO - Episode 3100: Reward=216.99, Length=304, Avg Reward (last 10)=120.86
2025-07-21 03:35:58,627 - lunarlandercontinuous_ppo_seed_2 - INFO - Episode 3110: Reward=189.77, Length=288, Avg Reward (last 10)=160.30
2025-07-21 03:36:17,283 - lunarlandercontinuous_ppo_seed_2 - INFO - Episode 3120: Reward=232.57, Length=656, Avg Reward (last 10)=120.37
2025-07-21 03:36:25,362 - lunarlandercontinuous_ppo_seed_2 - INFO - Episode 3130: Reward=169.02, Length=1000, Avg Reward (last 10)=127.74
2025-07-21 03:36:39,786 - lunarlandercontinuous_ppo_seed_2 - INFO - Episode 3140: Reward=92.94, Length=1000, Avg Reward (last 10)=169.09
2025-07-21 03:36:49,591 - lunarlandercontinuous_ppo_seed_2 - INFO - Episode 3150: Reward=146.10, Length=1000, Avg Reward (last 10)=139.21
2025-07-21 03:37:04,246 - lunarlandercontinuous_ppo_seed_2 - INFO - Episode 3160: Reward=136.26, Length=1000, Avg Reward (last 10)=138.37
2025-07-21 03:37:15,049 - lunarlandercontinuous_ppo_seed_2 - INFO - Episode 3170: Reward=188.70, Length=282, Avg Reward (last 10)=144.58
2025-07-21 03:37:23,073 - lunarlandercontinuous_ppo_seed_2 - INFO - Episode 3180: Reward=151.75, Length=1000, Avg Reward (last 10)=160.33
2025-07-21 03:37:32,863 - lunarlandercontinuous_ppo_seed_2 - INFO - Episode 3190: Reward=201.33, Length=396, Avg Reward (last 10)=152.90
2025-07-21 03:37:41,717 - lunarlandercontinuous_ppo_seed_2 - INFO - Episode 3200: Reward=213.63, Length=281, Avg Reward (last 10)=117.70
2025-07-21 03:37:48,756 - lunarlandercontinuous_ppo_seed_2 - INFO - Episode 3210: Reward=95.69, Length=1000, Avg Reward (last 10)=100.78
2025-07-21 03:38:03,134 - lunarlandercontinuous_ppo_seed_2 - INFO - Episode 3220: Reward=131.43, Length=1000, Avg Reward (last 10)=166.99
2025-07-21 03:38:09,070 - lunarlandercontinuous_ppo_seed_2 - INFO - Episode 3230: Reward=144.96, Length=1000, Avg Reward (last 10)=134.93
2025-07-21 03:38:21,423 - lunarlandercontinuous_ppo_seed_2 - INFO - Episode 3240: Reward=133.21, Length=1000, Avg Reward (last 10)=122.47
2025-07-21 03:38:36,036 - lunarlandercontinuous_ppo_seed_2 - INFO - Episode 3250: Reward=17.58, Length=568, Avg Reward (last 10)=129.92
2025-07-21 03:38:44,645 - lunarlandercontinuous_ppo_seed_2 - INFO - Episode 3260: Reward=207.87, Length=288, Avg Reward (last 10)=143.99
2025-07-21 03:39:02,116 - lunarlandercontinuous_ppo_seed_2 - INFO - Episode 3270: Reward=215.86, Length=306, Avg Reward (last 10)=157.78
2025-07-21 03:39:08,164 - lunarlandercontinuous_ppo_seed_2 - INFO - Episode 3280: Reward=214.33, Length=314, Avg Reward (last 10)=189.09
2025-07-21 03:39:15,272 - lunarlandercontinuous_ppo_seed_2 - INFO - Episode 3290: Reward=200.21, Length=310, Avg Reward (last 10)=183.72
2025-07-21 03:39:30,174 - lunarlandercontinuous_ppo_seed_2 - INFO - Episode 3300: Reward=214.72, Length=335, Avg Reward (last 10)=112.47
2025-07-21 03:39:39,509 - lunarlandercontinuous_ppo_seed_2 - INFO - Episode 3310: Reward=157.68, Length=1000, Avg Reward (last 10)=153.15
2025-07-21 03:39:53,826 - lunarlandercontinuous_ppo_seed_2 - INFO - Episode 3320: Reward=113.44, Length=1000, Avg Reward (last 10)=153.43
2025-07-21 03:40:04,583 - lunarlandercontinuous_ppo_seed_2 - INFO - Episode 3330: Reward=130.84, Length=1000, Avg Reward (last 10)=163.62
2025-07-21 03:40:17,214 - lunarlandercontinuous_ppo_seed_2 - INFO - Episode 3340: Reward=215.07, Length=232, Avg Reward (last 10)=140.10
2025-07-21 03:40:27,278 - lunarlandercontinuous_ppo_seed_2 - INFO - Episode 3350: Reward=206.96, Length=634, Avg Reward (last 10)=138.18
2025-07-21 03:40:36,506 - lunarlandercontinuous_ppo_seed_2 - INFO - Episode 3360: Reward=149.35, Length=1000, Avg Reward (last 10)=157.58
2025-07-21 03:40:51,330 - lunarlandercontinuous_ppo_seed_2 - INFO - Episode 3370: Reward=117.68, Length=1000, Avg Reward (last 10)=153.81
2025-07-21 03:41:01,206 - lunarlandercontinuous_ppo_seed_2 - INFO - Episode 3380: Reward=203.47, Length=292, Avg Reward (last 10)=152.74
2025-07-21 03:41:08,222 - lunarlandercontinuous_ppo_seed_2 - INFO - Episode 3390: Reward=220.80, Length=258, Avg Reward (last 10)=168.58
2025-07-21 03:41:22,802 - lunarlandercontinuous_ppo_seed_2 - INFO - Episode 3400: Reward=149.35, Length=1000, Avg Reward (last 10)=173.22
2025-07-21 03:41:31,119 - lunarlandercontinuous_ppo_seed_2 - INFO - Episode 3410: Reward=144.28, Length=1000, Avg Reward (last 10)=150.96
2025-07-21 03:41:39,639 - lunarlandercontinuous_ppo_seed_2 - INFO - Episode 3420: Reward=185.48, Length=443, Avg Reward (last 10)=182.86
2025-07-21 03:41:58,269 - lunarlandercontinuous_ppo_seed_2 - INFO - Episode 3430: Reward=195.58, Length=342, Avg Reward (last 10)=167.63
2025-07-21 03:42:08,329 - lunarlandercontinuous_ppo_seed_2 - INFO - Episode 3440: Reward=201.70, Length=241, Avg Reward (last 10)=176.34
2025-07-21 03:42:26,490 - lunarlandercontinuous_ppo_seed_2 - INFO - Episode 3450: Reward=192.09, Length=368, Avg Reward (last 10)=146.21
2025-07-21 03:42:35,127 - lunarlandercontinuous_ppo_seed_2 - INFO - Episode 3460: Reward=200.86, Length=353, Avg Reward (last 10)=138.72
2025-07-21 03:42:49,599 - lunarlandercontinuous_ppo_seed_2 - INFO - Episode 3470: Reward=135.26, Length=1000, Avg Reward (last 10)=144.09
2025-07-21 03:43:03,132 - lunarlandercontinuous_ppo_seed_2 - INFO - Episode 3480: Reward=250.44, Length=535, Avg Reward (last 10)=143.75
2025-07-21 03:43:10,458 - lunarlandercontinuous_ppo_seed_2 - INFO - Episode 3490: Reward=222.12, Length=250, Avg Reward (last 10)=165.12
2025-07-21 03:43:27,153 - lunarlandercontinuous_ppo_seed_2 - INFO - Episode 3500: Reward=207.10, Length=270, Avg Reward (last 10)=180.54
2025-07-21 03:43:34,484 - lunarlandercontinuous_ppo_seed_2 - INFO - Episode 3510: Reward=198.07, Length=295, Avg Reward (last 10)=127.00
2025-07-21 03:43:40,966 - lunarlandercontinuous_ppo_seed_2 - INFO - Episode 3520: Reward=129.05, Length=1000, Avg Reward (last 10)=131.80
2025-07-21 03:43:56,016 - lunarlandercontinuous_ppo_seed_2 - INFO - Episode 3530: Reward=155.66, Length=1000, Avg Reward (last 10)=132.08
2025-07-21 03:44:00,162 - lunarlandercontinuous_ppo_seed_2 - INFO - Episode 3540: Reward=119.43, Length=1000, Avg Reward (last 10)=120.46
2025-07-21 03:44:08,561 - lunarlandercontinuous_ppo_seed_2 - INFO - Episode 3550: Reward=232.83, Length=263, Avg Reward (last 10)=138.01
2025-07-21 03:44:23,478 - lunarlandercontinuous_ppo_seed_2 - INFO - Episode 3560: Reward=238.71, Length=245, Avg Reward (last 10)=165.45
2025-07-21 03:44:29,749 - lunarlandercontinuous_ppo_seed_2 - INFO - Episode 3570: Reward=223.18, Length=307, Avg Reward (last 10)=157.46
2025-07-21 03:44:36,885 - lunarlandercontinuous_ppo_seed_2 - INFO - Episode 3580: Reward=216.12, Length=344, Avg Reward (last 10)=138.29
2025-07-21 03:44:50,591 - lunarlandercontinuous_ppo_seed_2 - INFO - Episode 3590: Reward=190.85, Length=250, Avg Reward (last 10)=111.83
2025-07-21 03:44:57,734 - lunarlandercontinuous_ppo_seed_2 - INFO - Episode 3600: Reward=22.58, Length=201, Avg Reward (last 10)=135.18
2025-07-21 03:45:05,079 - lunarlandercontinuous_ppo_seed_2 - INFO - Episode 3610: Reward=235.90, Length=268, Avg Reward (last 10)=178.85
2025-07-21 03:45:06,134 - lunarlandercontinuous_ppo_seed_2 - INFO - Metrics saved to results/lunarlandercontinuous_ppo/seed_2/metrics.json
2025-07-21 03:45:08,568 - lunarlandercontinuous_ppo_seed_2 - INFO - Experiment completed.
