2025-07-21 01:20:07,863 - lunarlandercontinuous_ppo_seed_0 - INFO - Hyperparameters:
2025-07-21 01:20:07,865 - lunarlandercontinuous_ppo_seed_0 - INFO -   environment: {'name': 'LunarLanderContinuous-v3', 'seed': 42}
2025-07-21 01:20:07,866 - lunarlandercontinuous_ppo_seed_0 - INFO -   algorithm: {'name': 'PPO', 'lr_actor': '3e-4', 'lr_critic': '1e-3', 'gamma': 0.99, 'gae_lambda': 0.95, 'clip_ratio': 0.2, 'target_kl': 0.01, 'train_policy_iters': 80, 'train_value_iters': 80, 'lam': 0.97, 'has_continuous_action_space': True, 'action_std_init': 0.6}
2025-07-21 01:20:07,868 - lunarlandercontinuous_ppo_seed_0 - INFO -   network: {'hidden_dims': [64, 64], 'activation': 'tanh'}
2025-07-21 01:20:07,870 - lunarlandercontinuous_ppo_seed_0 - INFO -   training: {'max_episodes': 1000, 'max_steps_per_episode': 1000, 'update_interval': 2048, 'eval_interval': 10, 'save_interval': 1000, 'log_interval': 10}
2025-07-21 01:20:07,872 - lunarlandercontinuous_ppo_seed_0 - INFO -   experiment: {'name': 'lunarlandercontinuous_ppo', 'seeds': [0, 1, 2], 'device': 'cpu', 'save_dir': 'results/lunarlandercontinuous_ppo'}
2025-07-21 01:20:07,873 - lunarlandercontinuous_ppo_seed_0 - INFO -   logging: {'tensorboard': False, 'save_metrics': True, 'plot_interval': 50, 'use_wandb': True, 'wandb_project': 'rl-framework-lunarlandercontinuous', 'wandb_entity': 'tatalintelli-university-of-seoul'}
2025-07-21 01:20:08,691 - lunarlandercontinuous_ppo_seed_0 - INFO - Episode 0: Reward=-254.25, Length=115, Avg Reward (last 10)=-254.25
2025-07-21 01:20:09,939 - lunarlandercontinuous_ppo_seed_0 - INFO - Episode 10: Reward=-249.12, Length=98, Avg Reward (last 10)=-250.77
2025-07-21 01:20:13,369 - lunarlandercontinuous_ppo_seed_0 - INFO - Episode 20: Reward=-349.48, Length=99, Avg Reward (last 10)=-219.68
2025-07-21 01:20:16,592 - lunarlandercontinuous_ppo_seed_0 - INFO - Episode 30: Reward=-264.94, Length=107, Avg Reward (last 10)=-257.35
2025-07-21 01:20:20,668 - lunarlandercontinuous_ppo_seed_0 - INFO - Episode 40: Reward=-260.17, Length=118, Avg Reward (last 10)=-217.90
2025-07-21 01:20:22,087 - lunarlandercontinuous_ppo_seed_0 - INFO - Episode 50: Reward=-135.75, Length=74, Avg Reward (last 10)=-175.14
2025-07-21 01:20:27,951 - lunarlandercontinuous_ppo_seed_0 - INFO - Episode 60: Reward=-170.67, Length=91, Avg Reward (last 10)=-269.12
2025-07-21 01:20:30,564 - lunarlandercontinuous_ppo_seed_0 - INFO - Episode 70: Reward=-258.23, Length=123, Avg Reward (last 10)=-216.46
2025-07-21 01:20:34,232 - lunarlandercontinuous_ppo_seed_0 - INFO - Episode 80: Reward=-155.24, Length=84, Avg Reward (last 10)=-177.74
2025-07-21 01:20:39,275 - lunarlandercontinuous_ppo_seed_0 - INFO - Episode 90: Reward=-142.86, Length=65, Avg Reward (last 10)=-122.68
2025-07-21 01:20:41,412 - lunarlandercontinuous_ppo_seed_0 - INFO - Episode 100: Reward=-387.52, Length=168, Avg Reward (last 10)=-175.89
2025-07-21 01:20:43,371 - lunarlandercontinuous_ppo_seed_0 - INFO - Episode 110: Reward=-201.39, Length=126, Avg Reward (last 10)=-140.52
2025-07-21 01:20:45,407 - lunarlandercontinuous_ppo_seed_0 - INFO - Episode 120: Reward=-100.08, Length=102, Avg Reward (last 10)=-171.92
2025-07-21 01:20:46,424 - lunarlandercontinuous_ppo_seed_0 - INFO - Episode 130: Reward=-357.06, Length=177, Avg Reward (last 10)=-166.76
2025-07-21 01:20:48,981 - lunarlandercontinuous_ppo_seed_0 - INFO - Episode 140: Reward=-24.52, Length=126, Avg Reward (last 10)=-174.57
2025-07-21 01:20:50,270 - lunarlandercontinuous_ppo_seed_0 - INFO - Episode 150: Reward=-97.83, Length=80, Avg Reward (last 10)=-181.95
2025-07-21 01:20:53,595 - lunarlandercontinuous_ppo_seed_0 - INFO - Episode 160: Reward=-424.00, Length=175, Avg Reward (last 10)=-201.14
2025-07-21 01:20:55,651 - lunarlandercontinuous_ppo_seed_0 - INFO - Episode 170: Reward=-70.96, Length=77, Avg Reward (last 10)=-113.85
2025-07-21 01:20:56,483 - lunarlandercontinuous_ppo_seed_0 - INFO - Episode 180: Reward=-230.55, Length=99, Avg Reward (last 10)=-170.84
2025-07-21 01:20:58,913 - lunarlandercontinuous_ppo_seed_0 - INFO - Episode 190: Reward=-185.49, Length=89, Avg Reward (last 10)=-191.74
2025-07-21 01:21:00,168 - lunarlandercontinuous_ppo_seed_0 - INFO - Episode 200: Reward=-190.05, Length=134, Avg Reward (last 10)=-145.74
2025-07-21 01:21:03,074 - lunarlandercontinuous_ppo_seed_0 - INFO - Episode 210: Reward=-255.90, Length=164, Avg Reward (last 10)=-140.77
2025-07-21 01:21:04,448 - lunarlandercontinuous_ppo_seed_0 - INFO - Episode 220: Reward=-207.56, Length=151, Avg Reward (last 10)=-129.63
2025-07-21 01:21:06,714 - lunarlandercontinuous_ppo_seed_0 - INFO - Episode 230: Reward=-212.11, Length=130, Avg Reward (last 10)=-92.52
2025-07-21 01:21:07,563 - lunarlandercontinuous_ppo_seed_0 - INFO - Episode 240: Reward=-132.92, Length=84, Avg Reward (last 10)=-145.87
2025-07-21 01:21:09,928 - lunarlandercontinuous_ppo_seed_0 - INFO - Episode 250: Reward=-75.20, Length=78, Avg Reward (last 10)=-67.86
2025-07-21 01:21:12,672 - lunarlandercontinuous_ppo_seed_0 - INFO - Episode 260: Reward=-62.34, Length=80, Avg Reward (last 10)=-137.92
2025-07-21 01:21:14,228 - lunarlandercontinuous_ppo_seed_0 - INFO - Episode 270: Reward=-53.31, Length=146, Avg Reward (last 10)=-71.08
2025-07-21 01:21:15,075 - lunarlandercontinuous_ppo_seed_0 - INFO - Episode 280: Reward=-94.96, Length=164, Avg Reward (last 10)=-59.08
2025-07-21 01:21:16,808 - lunarlandercontinuous_ppo_seed_0 - INFO - Episode 290: Reward=-32.72, Length=131, Avg Reward (last 10)=-78.27
2025-07-21 01:21:18,897 - lunarlandercontinuous_ppo_seed_0 - INFO - Episode 300: Reward=26.50, Length=1000, Avg Reward (last 10)=-116.99
2025-07-21 01:21:22,840 - lunarlandercontinuous_ppo_seed_0 - INFO - Episode 310: Reward=-143.15, Length=194, Avg Reward (last 10)=-130.27
2025-07-21 01:21:23,930 - lunarlandercontinuous_ppo_seed_0 - INFO - Episode 320: Reward=-146.10, Length=155, Avg Reward (last 10)=-102.63
2025-07-21 01:21:26,236 - lunarlandercontinuous_ppo_seed_0 - INFO - Episode 330: Reward=-43.13, Length=176, Avg Reward (last 10)=-84.05
2025-07-21 01:21:30,859 - lunarlandercontinuous_ppo_seed_0 - INFO - Episode 340: Reward=-26.65, Length=121, Avg Reward (last 10)=-75.76
2025-07-21 01:21:35,853 - lunarlandercontinuous_ppo_seed_0 - INFO - Episode 350: Reward=-19.97, Length=1000, Avg Reward (last 10)=-60.57
2025-07-21 01:21:40,958 - lunarlandercontinuous_ppo_seed_0 - INFO - Episode 360: Reward=-9.06, Length=145, Avg Reward (last 10)=-112.13
2025-07-21 01:21:51,764 - lunarlandercontinuous_ppo_seed_0 - INFO - Episode 370: Reward=-305.15, Length=484, Avg Reward (last 10)=-123.14
2025-07-21 01:22:04,516 - lunarlandercontinuous_ppo_seed_0 - INFO - Episode 380: Reward=-158.36, Length=156, Avg Reward (last 10)=-178.59
2025-07-21 01:22:15,074 - lunarlandercontinuous_ppo_seed_0 - INFO - Episode 390: Reward=15.20, Length=315, Avg Reward (last 10)=-117.43
2025-07-21 01:22:27,035 - lunarlandercontinuous_ppo_seed_0 - INFO - Episode 400: Reward=-18.51, Length=1000, Avg Reward (last 10)=-40.28
2025-07-21 01:22:51,009 - lunarlandercontinuous_ppo_seed_0 - INFO - Episode 410: Reward=-23.23, Length=1000, Avg Reward (last 10)=-58.58
2025-07-21 01:23:07,567 - lunarlandercontinuous_ppo_seed_0 - INFO - Episode 420: Reward=-2.93, Length=1000, Avg Reward (last 10)=-27.46
2025-07-21 01:23:37,655 - lunarlandercontinuous_ppo_seed_0 - INFO - Episode 430: Reward=-97.96, Length=1000, Avg Reward (last 10)=-65.85
2025-07-21 01:23:56,481 - lunarlandercontinuous_ppo_seed_0 - INFO - Episode 440: Reward=39.27, Length=1000, Avg Reward (last 10)=23.26
2025-07-21 01:24:30,603 - lunarlandercontinuous_ppo_seed_0 - INFO - Episode 450: Reward=44.51, Length=1000, Avg Reward (last 10)=-18.67
2025-07-21 01:24:51,311 - lunarlandercontinuous_ppo_seed_0 - INFO - Episode 460: Reward=61.27, Length=1000, Avg Reward (last 10)=49.57
2025-07-21 01:25:28,074 - lunarlandercontinuous_ppo_seed_0 - INFO - Episode 470: Reward=116.85, Length=1000, Avg Reward (last 10)=88.91
2025-07-21 01:25:40,943 - lunarlandercontinuous_ppo_seed_0 - INFO - Episode 480: Reward=91.93, Length=1000, Avg Reward (last 10)=58.93
2025-07-21 01:25:56,492 - lunarlandercontinuous_ppo_seed_0 - INFO - Episode 490: Reward=-4.66, Length=1000, Avg Reward (last 10)=58.51
2025-07-21 01:26:07,335 - lunarlandercontinuous_ppo_seed_0 - INFO - Episode 500: Reward=23.43, Length=1000, Avg Reward (last 10)=35.98
2025-07-21 01:26:24,864 - lunarlandercontinuous_ppo_seed_0 - INFO - Episode 510: Reward=90.76, Length=1000, Avg Reward (last 10)=48.44
2025-07-21 01:26:35,339 - lunarlandercontinuous_ppo_seed_0 - INFO - Episode 520: Reward=117.88, Length=1000, Avg Reward (last 10)=71.37
2025-07-21 01:26:53,360 - lunarlandercontinuous_ppo_seed_0 - INFO - Episode 530: Reward=57.48, Length=1000, Avg Reward (last 10)=29.59
2025-07-21 01:27:03,579 - lunarlandercontinuous_ppo_seed_0 - INFO - Episode 540: Reward=5.81, Length=1000, Avg Reward (last 10)=69.61
2025-07-21 01:27:23,353 - lunarlandercontinuous_ppo_seed_0 - INFO - Episode 550: Reward=36.34, Length=1000, Avg Reward (last 10)=52.03
2025-07-21 01:27:33,433 - lunarlandercontinuous_ppo_seed_0 - INFO - Episode 560: Reward=-95.03, Length=559, Avg Reward (last 10)=-13.74
2025-07-21 01:27:53,012 - lunarlandercontinuous_ppo_seed_0 - INFO - Episode 570: Reward=8.19, Length=1000, Avg Reward (last 10)=-21.81
2025-07-21 01:28:02,517 - lunarlandercontinuous_ppo_seed_0 - INFO - Episode 580: Reward=-22.78, Length=491, Avg Reward (last 10)=47.06
2025-07-21 01:28:21,310 - lunarlandercontinuous_ppo_seed_0 - INFO - Episode 590: Reward=87.77, Length=1000, Avg Reward (last 10)=64.19
2025-07-21 01:28:31,230 - lunarlandercontinuous_ppo_seed_0 - INFO - Episode 600: Reward=256.86, Length=509, Avg Reward (last 10)=90.69
2025-07-21 01:28:51,889 - lunarlandercontinuous_ppo_seed_0 - INFO - Episode 610: Reward=104.07, Length=1000, Avg Reward (last 10)=93.26
2025-07-21 01:29:01,619 - lunarlandercontinuous_ppo_seed_0 - INFO - Episode 620: Reward=87.02, Length=1000, Avg Reward (last 10)=75.33
2025-07-21 01:29:16,881 - lunarlandercontinuous_ppo_seed_0 - INFO - Episode 630: Reward=71.94, Length=1000, Avg Reward (last 10)=49.24
2025-07-21 01:29:28,110 - lunarlandercontinuous_ppo_seed_0 - INFO - Episode 640: Reward=111.68, Length=1000, Avg Reward (last 10)=37.85
2025-07-21 01:29:44,803 - lunarlandercontinuous_ppo_seed_0 - INFO - Episode 650: Reward=151.40, Length=853, Avg Reward (last 10)=91.32
2025-07-21 01:29:56,788 - lunarlandercontinuous_ppo_seed_0 - INFO - Episode 660: Reward=156.05, Length=619, Avg Reward (last 10)=92.62
2025-07-21 01:30:15,286 - lunarlandercontinuous_ppo_seed_0 - INFO - Episode 670: Reward=102.07, Length=1000, Avg Reward (last 10)=88.77
2025-07-21 01:30:24,993 - lunarlandercontinuous_ppo_seed_0 - INFO - Episode 680: Reward=93.34, Length=1000, Avg Reward (last 10)=117.65
2025-07-21 01:30:34,413 - lunarlandercontinuous_ppo_seed_0 - INFO - Episode 690: Reward=172.48, Length=547, Avg Reward (last 10)=122.32
2025-07-21 01:30:54,649 - lunarlandercontinuous_ppo_seed_0 - INFO - Episode 700: Reward=90.52, Length=1000, Avg Reward (last 10)=115.31
2025-07-21 01:31:04,961 - lunarlandercontinuous_ppo_seed_0 - INFO - Episode 710: Reward=207.24, Length=498, Avg Reward (last 10)=135.34
2025-07-21 01:31:21,420 - lunarlandercontinuous_ppo_seed_0 - INFO - Episode 720: Reward=131.98, Length=1000, Avg Reward (last 10)=127.10
2025-07-21 01:31:32,179 - lunarlandercontinuous_ppo_seed_0 - INFO - Episode 730: Reward=107.23, Length=1000, Avg Reward (last 10)=154.20
2025-07-21 01:31:49,544 - lunarlandercontinuous_ppo_seed_0 - INFO - Episode 740: Reward=196.21, Length=467, Avg Reward (last 10)=145.95
2025-07-21 01:31:57,919 - lunarlandercontinuous_ppo_seed_0 - INFO - Episode 750: Reward=235.85, Length=282, Avg Reward (last 10)=110.07
2025-07-21 01:32:11,848 - lunarlandercontinuous_ppo_seed_0 - INFO - Episode 760: Reward=-31.81, Length=242, Avg Reward (last 10)=109.56
2025-07-21 01:32:21,602 - lunarlandercontinuous_ppo_seed_0 - INFO - Episode 770: Reward=146.03, Length=1000, Avg Reward (last 10)=136.14
2025-07-21 01:32:34,634 - lunarlandercontinuous_ppo_seed_0 - INFO - Episode 780: Reward=129.25, Length=1000, Avg Reward (last 10)=132.58
2025-07-21 01:32:57,167 - lunarlandercontinuous_ppo_seed_0 - INFO - Episode 790: Reward=96.99, Length=1000, Avg Reward (last 10)=109.54
2025-07-21 01:33:07,051 - lunarlandercontinuous_ppo_seed_0 - INFO - Episode 800: Reward=220.58, Length=363, Avg Reward (last 10)=154.83
2025-07-21 01:33:23,991 - lunarlandercontinuous_ppo_seed_0 - INFO - Episode 810: Reward=18.10, Length=222, Avg Reward (last 10)=87.60
2025-07-21 01:33:33,969 - lunarlandercontinuous_ppo_seed_0 - INFO - Episode 820: Reward=112.59, Length=1000, Avg Reward (last 10)=140.94
2025-07-21 01:33:52,379 - lunarlandercontinuous_ppo_seed_0 - INFO - Episode 830: Reward=111.81, Length=1000, Avg Reward (last 10)=147.60
2025-07-21 01:34:00,800 - lunarlandercontinuous_ppo_seed_0 - INFO - Episode 840: Reward=9.03, Length=235, Avg Reward (last 10)=109.93
2025-07-21 01:34:16,445 - lunarlandercontinuous_ppo_seed_0 - INFO - Episode 850: Reward=236.59, Length=298, Avg Reward (last 10)=172.08
2025-07-21 01:34:22,635 - lunarlandercontinuous_ppo_seed_0 - INFO - Episode 860: Reward=215.09, Length=632, Avg Reward (last 10)=99.40
2025-07-21 01:34:33,763 - lunarlandercontinuous_ppo_seed_0 - INFO - Episode 870: Reward=119.28, Length=1000, Avg Reward (last 10)=148.23
2025-07-21 01:34:49,828 - lunarlandercontinuous_ppo_seed_0 - INFO - Episode 880: Reward=28.12, Length=219, Avg Reward (last 10)=152.79
2025-07-21 01:34:58,575 - lunarlandercontinuous_ppo_seed_0 - INFO - Episode 890: Reward=142.83, Length=1000, Avg Reward (last 10)=183.99
2025-07-21 01:35:16,917 - lunarlandercontinuous_ppo_seed_0 - INFO - Episode 900: Reward=-13.00, Length=376, Avg Reward (last 10)=136.11
2025-07-21 01:35:25,009 - lunarlandercontinuous_ppo_seed_0 - INFO - Episode 910: Reward=207.63, Length=773, Avg Reward (last 10)=176.83
2025-07-21 01:35:43,253 - lunarlandercontinuous_ppo_seed_0 - INFO - Episode 920: Reward=105.60, Length=1000, Avg Reward (last 10)=117.63
2025-07-21 01:35:55,763 - lunarlandercontinuous_ppo_seed_0 - INFO - Episode 930: Reward=136.88, Length=1000, Avg Reward (last 10)=148.21
2025-07-21 01:36:12,515 - lunarlandercontinuous_ppo_seed_0 - INFO - Episode 940: Reward=129.46, Length=1000, Avg Reward (last 10)=131.69
2025-07-21 01:36:24,486 - lunarlandercontinuous_ppo_seed_0 - INFO - Episode 950: Reward=136.63, Length=1000, Avg Reward (last 10)=137.98
2025-07-21 01:36:33,647 - lunarlandercontinuous_ppo_seed_0 - INFO - Episode 960: Reward=116.89, Length=1000, Avg Reward (last 10)=120.88
2025-07-21 01:36:47,991 - lunarlandercontinuous_ppo_seed_0 - INFO - Episode 970: Reward=22.71, Length=267, Avg Reward (last 10)=130.35
2025-07-21 01:36:58,719 - lunarlandercontinuous_ppo_seed_0 - INFO - Episode 980: Reward=138.70, Length=1000, Avg Reward (last 10)=169.71
2025-07-21 01:37:14,915 - lunarlandercontinuous_ppo_seed_0 - INFO - Episode 990: Reward=230.96, Length=627, Avg Reward (last 10)=164.20
2025-07-21 01:37:23,968 - lunarlandercontinuous_ppo_seed_0 - INFO - Episode 1000: Reward=116.94, Length=1000, Avg Reward (last 10)=162.66
2025-07-21 01:37:34,390 - lunarlandercontinuous_ppo_seed_0 - INFO - Episode 1010: Reward=151.38, Length=1000, Avg Reward (last 10)=177.15
2025-07-21 01:37:53,014 - lunarlandercontinuous_ppo_seed_0 - INFO - Episode 1020: Reward=140.64, Length=1000, Avg Reward (last 10)=148.80
2025-07-21 01:38:02,135 - lunarlandercontinuous_ppo_seed_0 - INFO - Episode 1030: Reward=232.73, Length=485, Avg Reward (last 10)=129.95
2025-07-21 01:38:18,200 - lunarlandercontinuous_ppo_seed_0 - INFO - Episode 1040: Reward=243.57, Length=260, Avg Reward (last 10)=175.81
2025-07-21 01:38:27,098 - lunarlandercontinuous_ppo_seed_0 - INFO - Episode 1050: Reward=130.21, Length=1000, Avg Reward (last 10)=125.42
2025-07-21 01:38:44,951 - lunarlandercontinuous_ppo_seed_0 - INFO - Episode 1060: Reward=142.05, Length=1000, Avg Reward (last 10)=151.00
2025-07-21 01:38:52,731 - lunarlandercontinuous_ppo_seed_0 - INFO - Episode 1070: Reward=121.63, Length=1000, Avg Reward (last 10)=110.62
2025-07-21 01:39:07,527 - lunarlandercontinuous_ppo_seed_0 - INFO - Episode 1080: Reward=144.75, Length=1000, Avg Reward (last 10)=159.00
2025-07-21 01:39:19,564 - lunarlandercontinuous_ppo_seed_0 - INFO - Episode 1090: Reward=234.01, Length=269, Avg Reward (last 10)=131.91
2025-07-21 01:39:35,895 - lunarlandercontinuous_ppo_seed_0 - INFO - Episode 1100: Reward=112.82, Length=1000, Avg Reward (last 10)=166.39
2025-07-21 01:39:48,389 - lunarlandercontinuous_ppo_seed_0 - INFO - Episode 1110: Reward=110.28, Length=1000, Avg Reward (last 10)=141.76
2025-07-21 01:39:57,120 - lunarlandercontinuous_ppo_seed_0 - INFO - Episode 1120: Reward=122.01, Length=1000, Avg Reward (last 10)=150.42
2025-07-21 01:40:17,341 - lunarlandercontinuous_ppo_seed_0 - INFO - Episode 1130: Reward=174.03, Length=1000, Avg Reward (last 10)=148.19
2025-07-21 01:40:25,471 - lunarlandercontinuous_ppo_seed_0 - INFO - Episode 1140: Reward=217.66, Length=336, Avg Reward (last 10)=108.18
2025-07-21 01:40:45,347 - lunarlandercontinuous_ppo_seed_0 - INFO - Episode 1150: Reward=122.74, Length=1000, Avg Reward (last 10)=156.83
2025-07-21 01:40:56,742 - lunarlandercontinuous_ppo_seed_0 - INFO - Episode 1160: Reward=32.64, Length=280, Avg Reward (last 10)=161.73
2025-07-21 01:41:17,312 - lunarlandercontinuous_ppo_seed_0 - INFO - Episode 1170: Reward=141.56, Length=1000, Avg Reward (last 10)=161.61
2025-07-21 01:41:27,496 - lunarlandercontinuous_ppo_seed_0 - INFO - Episode 1180: Reward=137.71, Length=1000, Avg Reward (last 10)=154.42
2025-07-21 01:41:42,390 - lunarlandercontinuous_ppo_seed_0 - INFO - Episode 1190: Reward=148.86, Length=1000, Avg Reward (last 10)=122.06
2025-07-21 01:41:56,434 - lunarlandercontinuous_ppo_seed_0 - INFO - Episode 1200: Reward=112.99, Length=1000, Avg Reward (last 10)=132.43
2025-07-21 01:42:13,023 - lunarlandercontinuous_ppo_seed_0 - INFO - Episode 1210: Reward=128.35, Length=1000, Avg Reward (last 10)=123.11
2025-07-21 01:42:25,150 - lunarlandercontinuous_ppo_seed_0 - INFO - Episode 1220: Reward=114.37, Length=1000, Avg Reward (last 10)=142.49
2025-07-21 01:42:35,173 - lunarlandercontinuous_ppo_seed_0 - INFO - Episode 1230: Reward=122.97, Length=1000, Avg Reward (last 10)=138.48
2025-07-21 01:42:55,391 - lunarlandercontinuous_ppo_seed_0 - INFO - Episode 1240: Reward=114.96, Length=1000, Avg Reward (last 10)=135.81
2025-07-21 01:43:04,206 - lunarlandercontinuous_ppo_seed_0 - INFO - Episode 1250: Reward=147.69, Length=1000, Avg Reward (last 10)=173.20
2025-07-21 01:43:28,509 - lunarlandercontinuous_ppo_seed_0 - INFO - Episode 1260: Reward=123.84, Length=1000, Avg Reward (last 10)=112.04
2025-07-21 01:43:39,853 - lunarlandercontinuous_ppo_seed_0 - INFO - Episode 1270: Reward=15.19, Length=243, Avg Reward (last 10)=106.20
2025-07-21 01:43:59,074 - lunarlandercontinuous_ppo_seed_0 - INFO - Episode 1280: Reward=136.64, Length=1000, Avg Reward (last 10)=105.66
2025-07-21 01:44:08,086 - lunarlandercontinuous_ppo_seed_0 - INFO - Episode 1290: Reward=142.51, Length=1000, Avg Reward (last 10)=109.42
2025-07-21 01:44:28,386 - lunarlandercontinuous_ppo_seed_0 - INFO - Episode 1300: Reward=-23.40, Length=1000, Avg Reward (last 10)=72.98
2025-07-21 01:44:38,838 - lunarlandercontinuous_ppo_seed_0 - INFO - Episode 1310: Reward=108.61, Length=1000, Avg Reward (last 10)=121.43
2025-07-21 01:44:57,496 - lunarlandercontinuous_ppo_seed_0 - INFO - Episode 1320: Reward=122.05, Length=1000, Avg Reward (last 10)=116.95
2025-07-21 01:45:07,498 - lunarlandercontinuous_ppo_seed_0 - INFO - Episode 1330: Reward=114.01, Length=1000, Avg Reward (last 10)=112.14
2025-07-21 01:45:14,831 - lunarlandercontinuous_ppo_seed_0 - INFO - Episode 1340: Reward=38.88, Length=317, Avg Reward (last 10)=179.05
2025-07-21 01:45:29,839 - lunarlandercontinuous_ppo_seed_0 - INFO - Episode 1350: Reward=-26.54, Length=437, Avg Reward (last 10)=83.00
2025-07-21 01:45:38,416 - lunarlandercontinuous_ppo_seed_0 - INFO - Episode 1360: Reward=111.83, Length=1000, Avg Reward (last 10)=128.14
2025-07-21 01:45:57,826 - lunarlandercontinuous_ppo_seed_0 - INFO - Episode 1370: Reward=132.18, Length=1000, Avg Reward (last 10)=140.64
2025-07-21 01:46:07,584 - lunarlandercontinuous_ppo_seed_0 - INFO - Episode 1380: Reward=127.29, Length=1000, Avg Reward (last 10)=162.95
2025-07-21 01:46:25,613 - lunarlandercontinuous_ppo_seed_0 - INFO - Episode 1390: Reward=158.00, Length=1000, Avg Reward (last 10)=147.97
2025-07-21 01:46:35,655 - lunarlandercontinuous_ppo_seed_0 - INFO - Episode 1400: Reward=142.52, Length=1000, Avg Reward (last 10)=147.72
2025-07-21 01:46:55,283 - lunarlandercontinuous_ppo_seed_0 - INFO - Episode 1410: Reward=137.15, Length=1000, Avg Reward (last 10)=144.27
2025-07-21 01:47:06,581 - lunarlandercontinuous_ppo_seed_0 - INFO - Episode 1420: Reward=119.47, Length=1000, Avg Reward (last 10)=138.37
2025-07-21 01:47:24,799 - lunarlandercontinuous_ppo_seed_0 - INFO - Episode 1430: Reward=44.65, Length=225, Avg Reward (last 10)=125.82
2025-07-21 01:47:34,307 - lunarlandercontinuous_ppo_seed_0 - INFO - Episode 1440: Reward=150.38, Length=1000, Avg Reward (last 10)=108.30
2025-07-21 01:47:49,872 - lunarlandercontinuous_ppo_seed_0 - INFO - Episode 1450: Reward=169.73, Length=1000, Avg Reward (last 10)=165.71
2025-07-21 01:48:00,882 - lunarlandercontinuous_ppo_seed_0 - INFO - Episode 1460: Reward=247.63, Length=302, Avg Reward (last 10)=126.76
2025-07-21 01:48:11,793 - lunarlandercontinuous_ppo_seed_0 - INFO - Episode 1470: Reward=246.82, Length=387, Avg Reward (last 10)=175.40
2025-07-21 01:48:29,567 - lunarlandercontinuous_ppo_seed_0 - INFO - Episode 1480: Reward=269.46, Length=566, Avg Reward (last 10)=179.90
2025-07-21 01:48:37,722 - lunarlandercontinuous_ppo_seed_0 - INFO - Episode 1490: Reward=144.27, Length=1000, Avg Reward (last 10)=171.38
2025-07-21 01:48:57,784 - lunarlandercontinuous_ppo_seed_0 - INFO - Episode 1500: Reward=125.39, Length=1000, Avg Reward (last 10)=149.44
2025-07-21 01:49:08,332 - lunarlandercontinuous_ppo_seed_0 - INFO - Episode 1510: Reward=127.39, Length=1000, Avg Reward (last 10)=135.07
2025-07-21 01:49:20,752 - lunarlandercontinuous_ppo_seed_0 - INFO - Episode 1520: Reward=223.36, Length=325, Avg Reward (last 10)=133.11
2025-07-21 01:49:31,152 - lunarlandercontinuous_ppo_seed_0 - INFO - Episode 1530: Reward=150.12, Length=1000, Avg Reward (last 10)=152.69
2025-07-21 01:49:48,409 - lunarlandercontinuous_ppo_seed_0 - INFO - Episode 1540: Reward=140.23, Length=1000, Avg Reward (last 10)=146.83
2025-07-21 01:49:57,834 - lunarlandercontinuous_ppo_seed_0 - INFO - Episode 1550: Reward=204.58, Length=362, Avg Reward (last 10)=171.16
2025-07-21 01:50:06,529 - lunarlandercontinuous_ppo_seed_0 - INFO - Episode 1560: Reward=140.41, Length=1000, Avg Reward (last 10)=164.07
2025-07-21 01:50:23,707 - lunarlandercontinuous_ppo_seed_0 - INFO - Episode 1570: Reward=49.15, Length=222, Avg Reward (last 10)=129.05
2025-07-21 01:50:34,105 - lunarlandercontinuous_ppo_seed_0 - INFO - Episode 1580: Reward=233.39, Length=799, Avg Reward (last 10)=158.92
2025-07-21 01:50:53,629 - lunarlandercontinuous_ppo_seed_0 - INFO - Episode 1590: Reward=50.65, Length=229, Avg Reward (last 10)=113.55
2025-07-21 01:51:01,672 - lunarlandercontinuous_ppo_seed_0 - INFO - Episode 1600: Reward=267.12, Length=253, Avg Reward (last 10)=183.12
2025-07-21 01:51:18,741 - lunarlandercontinuous_ppo_seed_0 - INFO - Episode 1610: Reward=221.80, Length=269, Avg Reward (last 10)=167.71
2025-07-21 01:51:25,209 - lunarlandercontinuous_ppo_seed_0 - INFO - Episode 1620: Reward=31.00, Length=206, Avg Reward (last 10)=158.13
2025-07-21 01:51:40,400 - lunarlandercontinuous_ppo_seed_0 - INFO - Episode 1630: Reward=128.12, Length=1000, Avg Reward (last 10)=168.84
2025-07-21 01:51:48,446 - lunarlandercontinuous_ppo_seed_0 - INFO - Episode 1640: Reward=279.09, Length=251, Avg Reward (last 10)=187.88
2025-07-21 01:51:57,485 - lunarlandercontinuous_ppo_seed_0 - INFO - Episode 1650: Reward=241.75, Length=312, Avg Reward (last 10)=169.23
2025-07-21 01:52:12,205 - lunarlandercontinuous_ppo_seed_0 - INFO - Episode 1660: Reward=143.19, Length=1000, Avg Reward (last 10)=149.11
2025-07-21 01:52:21,136 - lunarlandercontinuous_ppo_seed_0 - INFO - Episode 1670: Reward=217.80, Length=311, Avg Reward (last 10)=156.74
2025-07-21 01:52:30,410 - lunarlandercontinuous_ppo_seed_0 - INFO - Episode 1680: Reward=231.00, Length=394, Avg Reward (last 10)=172.90
2025-07-21 01:52:41,672 - lunarlandercontinuous_ppo_seed_0 - INFO - Episode 1690: Reward=148.86, Length=1000, Avg Reward (last 10)=138.78
2025-07-21 01:52:49,297 - lunarlandercontinuous_ppo_seed_0 - INFO - Episode 1700: Reward=145.16, Length=1000, Avg Reward (last 10)=145.90
2025-07-21 01:52:59,648 - lunarlandercontinuous_ppo_seed_0 - INFO - Episode 1710: Reward=121.67, Length=1000, Avg Reward (last 10)=126.21
2025-07-21 01:53:05,416 - lunarlandercontinuous_ppo_seed_0 - INFO - Episode 1720: Reward=239.06, Length=290, Avg Reward (last 10)=185.05
2025-07-21 01:53:12,180 - lunarlandercontinuous_ppo_seed_0 - INFO - Episode 1730: Reward=194.23, Length=362, Avg Reward (last 10)=201.39
2025-07-21 01:53:26,032 - lunarlandercontinuous_ppo_seed_0 - INFO - Episode 1740: Reward=16.03, Length=174, Avg Reward (last 10)=164.71
2025-07-21 01:53:32,251 - lunarlandercontinuous_ppo_seed_0 - INFO - Episode 1750: Reward=-10.72, Length=195, Avg Reward (last 10)=161.79
2025-07-21 01:53:40,484 - lunarlandercontinuous_ppo_seed_0 - INFO - Episode 1760: Reward=264.98, Length=282, Avg Reward (last 10)=161.32
2025-07-21 01:53:56,703 - lunarlandercontinuous_ppo_seed_0 - INFO - Episode 1770: Reward=261.44, Length=284, Avg Reward (last 10)=183.17
2025-07-21 01:54:01,693 - lunarlandercontinuous_ppo_seed_0 - INFO - Episode 1780: Reward=11.30, Length=228, Avg Reward (last 10)=172.39
2025-07-21 01:54:09,578 - lunarlandercontinuous_ppo_seed_0 - INFO - Episode 1790: Reward=225.65, Length=336, Avg Reward (last 10)=175.46
2025-07-21 01:54:23,848 - lunarlandercontinuous_ppo_seed_0 - INFO - Episode 1800: Reward=162.96, Length=1000, Avg Reward (last 10)=156.12
2025-07-21 01:54:31,021 - lunarlandercontinuous_ppo_seed_0 - INFO - Episode 1810: Reward=153.95, Length=1000, Avg Reward (last 10)=173.42
2025-07-21 01:54:45,206 - lunarlandercontinuous_ppo_seed_0 - INFO - Episode 1820: Reward=138.89, Length=1000, Avg Reward (last 10)=169.84
2025-07-21 01:54:54,562 - lunarlandercontinuous_ppo_seed_0 - INFO - Episode 1830: Reward=4.73, Length=241, Avg Reward (last 10)=139.30
2025-07-21 01:55:02,298 - lunarlandercontinuous_ppo_seed_0 - INFO - Episode 1840: Reward=265.09, Length=257, Avg Reward (last 10)=173.86
2025-07-21 01:55:18,375 - lunarlandercontinuous_ppo_seed_0 - INFO - Episode 1850: Reward=125.09, Length=1000, Avg Reward (last 10)=177.61
2025-07-21 01:55:26,824 - lunarlandercontinuous_ppo_seed_0 - INFO - Episode 1860: Reward=165.85, Length=1000, Avg Reward (last 10)=183.64
2025-07-21 01:55:40,409 - lunarlandercontinuous_ppo_seed_0 - INFO - Episode 1870: Reward=231.81, Length=347, Avg Reward (last 10)=153.34
2025-07-21 01:55:52,665 - lunarlandercontinuous_ppo_seed_0 - INFO - Episode 1880: Reward=131.82, Length=1000, Avg Reward (last 10)=114.51
2025-07-21 01:55:59,522 - lunarlandercontinuous_ppo_seed_0 - INFO - Episode 1890: Reward=222.74, Length=299, Avg Reward (last 10)=111.45
2025-07-21 01:56:14,049 - lunarlandercontinuous_ppo_seed_0 - INFO - Episode 1900: Reward=149.84, Length=1000, Avg Reward (last 10)=140.01
2025-07-21 01:56:22,383 - lunarlandercontinuous_ppo_seed_0 - INFO - Episode 1910: Reward=148.45, Length=1000, Avg Reward (last 10)=152.47
2025-07-21 01:56:39,585 - lunarlandercontinuous_ppo_seed_0 - INFO - Episode 1920: Reward=153.69, Length=1000, Avg Reward (last 10)=165.22
2025-07-21 01:56:47,362 - lunarlandercontinuous_ppo_seed_0 - INFO - Episode 1930: Reward=228.47, Length=284, Avg Reward (last 10)=133.46
2025-07-21 01:56:55,626 - lunarlandercontinuous_ppo_seed_0 - INFO - Episode 1940: Reward=123.30, Length=1000, Avg Reward (last 10)=147.18
2025-07-21 01:57:09,553 - lunarlandercontinuous_ppo_seed_0 - INFO - Episode 1950: Reward=243.77, Length=242, Avg Reward (last 10)=206.26
2025-07-21 01:57:17,727 - lunarlandercontinuous_ppo_seed_0 - INFO - Episode 1960: Reward=119.51, Length=1000, Avg Reward (last 10)=159.15
2025-07-21 01:57:34,201 - lunarlandercontinuous_ppo_seed_0 - INFO - Episode 1970: Reward=216.94, Length=309, Avg Reward (last 10)=160.47
2025-07-21 01:57:41,556 - lunarlandercontinuous_ppo_seed_0 - INFO - Episode 1980: Reward=232.23, Length=272, Avg Reward (last 10)=161.76
2025-07-21 01:57:50,858 - lunarlandercontinuous_ppo_seed_0 - INFO - Episode 1990: Reward=125.03, Length=1000, Avg Reward (last 10)=169.59
2025-07-21 01:58:08,206 - lunarlandercontinuous_ppo_seed_0 - INFO - Episode 2000: Reward=232.43, Length=273, Avg Reward (last 10)=175.37
2025-07-21 01:58:16,142 - lunarlandercontinuous_ppo_seed_0 - INFO - Episode 2010: Reward=143.59, Length=1000, Avg Reward (last 10)=117.54
2025-07-21 01:58:28,959 - lunarlandercontinuous_ppo_seed_0 - INFO - Episode 2020: Reward=258.56, Length=303, Avg Reward (last 10)=167.10
2025-07-21 01:58:36,145 - lunarlandercontinuous_ppo_seed_0 - INFO - Episode 2030: Reward=118.68, Length=1000, Avg Reward (last 10)=138.23
2025-07-21 01:58:48,946 - lunarlandercontinuous_ppo_seed_0 - INFO - Episode 2040: Reward=148.55, Length=1000, Avg Reward (last 10)=186.91
2025-07-21 01:58:57,873 - lunarlandercontinuous_ppo_seed_0 - INFO - Episode 2050: Reward=108.19, Length=1000, Avg Reward (last 10)=164.25
2025-07-21 01:59:05,739 - lunarlandercontinuous_ppo_seed_0 - INFO - Episode 2060: Reward=246.86, Length=346, Avg Reward (last 10)=116.98
2025-07-21 01:59:22,788 - lunarlandercontinuous_ppo_seed_0 - INFO - Episode 2070: Reward=227.50, Length=296, Avg Reward (last 10)=148.29
2025-07-21 01:59:29,766 - lunarlandercontinuous_ppo_seed_0 - INFO - Episode 2080: Reward=142.99, Length=1000, Avg Reward (last 10)=146.34
2025-07-21 01:59:46,818 - lunarlandercontinuous_ppo_seed_0 - INFO - Episode 2090: Reward=137.23, Length=1000, Avg Reward (last 10)=130.42
2025-07-21 01:59:55,117 - lunarlandercontinuous_ppo_seed_0 - INFO - Episode 2100: Reward=254.61, Length=325, Avg Reward (last 10)=158.12
2025-07-21 02:00:03,036 - lunarlandercontinuous_ppo_seed_0 - INFO - Episode 2110: Reward=168.88, Length=1000, Avg Reward (last 10)=102.32
2025-07-21 02:00:19,295 - lunarlandercontinuous_ppo_seed_0 - INFO - Episode 2120: Reward=224.49, Length=835, Avg Reward (last 10)=137.79
2025-07-21 02:00:26,420 - lunarlandercontinuous_ppo_seed_0 - INFO - Episode 2130: Reward=210.21, Length=276, Avg Reward (last 10)=147.88
2025-07-21 02:00:43,045 - lunarlandercontinuous_ppo_seed_0 - INFO - Episode 2140: Reward=1.13, Length=276, Avg Reward (last 10)=122.34
2025-07-21 02:00:51,270 - lunarlandercontinuous_ppo_seed_0 - INFO - Episode 2150: Reward=-2.99, Length=356, Avg Reward (last 10)=96.67
2025-07-21 02:01:04,383 - lunarlandercontinuous_ppo_seed_0 - INFO - Episode 2160: Reward=154.73, Length=1000, Avg Reward (last 10)=120.47
2025-07-21 02:01:15,756 - lunarlandercontinuous_ppo_seed_0 - INFO - Episode 2170: Reward=131.40, Length=1000, Avg Reward (last 10)=140.20
2025-07-21 02:01:28,925 - lunarlandercontinuous_ppo_seed_0 - INFO - Episode 2180: Reward=-13.59, Length=271, Avg Reward (last 10)=141.26
2025-07-21 02:01:38,190 - lunarlandercontinuous_ppo_seed_0 - INFO - Episode 2190: Reward=199.12, Length=709, Avg Reward (last 10)=130.42
2025-07-21 02:01:46,858 - lunarlandercontinuous_ppo_seed_0 - INFO - Episode 2200: Reward=97.99, Length=878, Avg Reward (last 10)=148.72
2025-07-21 02:02:01,684 - lunarlandercontinuous_ppo_seed_0 - INFO - Episode 2210: Reward=235.02, Length=701, Avg Reward (last 10)=117.66
2025-07-21 02:02:09,152 - lunarlandercontinuous_ppo_seed_0 - INFO - Episode 2220: Reward=121.47, Length=1000, Avg Reward (last 10)=140.48
2025-07-21 02:02:16,810 - lunarlandercontinuous_ppo_seed_0 - INFO - Episode 2230: Reward=130.23, Length=1000, Avg Reward (last 10)=141.27
2025-07-21 02:02:32,104 - lunarlandercontinuous_ppo_seed_0 - INFO - Episode 2240: Reward=127.43, Length=1000, Avg Reward (last 10)=137.88
2025-07-21 02:02:41,046 - lunarlandercontinuous_ppo_seed_0 - INFO - Episode 2250: Reward=227.11, Length=244, Avg Reward (last 10)=152.17
2025-07-21 02:02:58,573 - lunarlandercontinuous_ppo_seed_0 - INFO - Episode 2260: Reward=217.85, Length=327, Avg Reward (last 10)=162.06
2025-07-21 02:03:07,378 - lunarlandercontinuous_ppo_seed_0 - INFO - Episode 2270: Reward=-13.22, Length=285, Avg Reward (last 10)=119.13
2025-07-21 02:03:25,708 - lunarlandercontinuous_ppo_seed_0 - INFO - Episode 2280: Reward=150.61, Length=1000, Avg Reward (last 10)=175.33
2025-07-21 02:03:32,814 - lunarlandercontinuous_ppo_seed_0 - INFO - Episode 2290: Reward=139.00, Length=1000, Avg Reward (last 10)=142.41
2025-07-21 02:03:47,648 - lunarlandercontinuous_ppo_seed_0 - INFO - Episode 2300: Reward=265.24, Length=326, Avg Reward (last 10)=156.91
2025-07-21 02:03:55,424 - lunarlandercontinuous_ppo_seed_0 - INFO - Episode 2310: Reward=135.54, Length=1000, Avg Reward (last 10)=169.68
2025-07-21 02:04:03,154 - lunarlandercontinuous_ppo_seed_0 - INFO - Episode 2320: Reward=141.40, Length=1000, Avg Reward (last 10)=135.10
2025-07-21 02:04:21,197 - lunarlandercontinuous_ppo_seed_0 - INFO - Episode 2330: Reward=162.48, Length=1000, Avg Reward (last 10)=130.99
2025-07-21 02:04:28,562 - lunarlandercontinuous_ppo_seed_0 - INFO - Episode 2340: Reward=-19.90, Length=210, Avg Reward (last 10)=137.11
2025-07-21 02:04:43,425 - lunarlandercontinuous_ppo_seed_0 - INFO - Episode 2350: Reward=147.22, Length=1000, Avg Reward (last 10)=136.61
2025-07-21 02:04:52,628 - lunarlandercontinuous_ppo_seed_0 - INFO - Episode 2360: Reward=167.63, Length=1000, Avg Reward (last 10)=122.00
2025-07-21 02:05:09,905 - lunarlandercontinuous_ppo_seed_0 - INFO - Episode 2370: Reward=251.07, Length=507, Avg Reward (last 10)=162.53
2025-07-21 02:05:16,697 - lunarlandercontinuous_ppo_seed_0 - INFO - Episode 2380: Reward=248.15, Length=361, Avg Reward (last 10)=171.50
2025-07-21 02:05:26,799 - lunarlandercontinuous_ppo_seed_0 - INFO - Episode 2390: Reward=108.91, Length=1000, Avg Reward (last 10)=164.49
2025-07-21 02:05:45,376 - lunarlandercontinuous_ppo_seed_0 - INFO - Episode 2400: Reward=153.34, Length=1000, Avg Reward (last 10)=155.81
2025-07-21 02:05:55,323 - lunarlandercontinuous_ppo_seed_0 - INFO - Episode 2410: Reward=239.60, Length=274, Avg Reward (last 10)=165.61
2025-07-21 02:06:11,217 - lunarlandercontinuous_ppo_seed_0 - INFO - Episode 2420: Reward=252.65, Length=278, Avg Reward (last 10)=170.51
2025-07-21 02:06:20,351 - lunarlandercontinuous_ppo_seed_0 - INFO - Episode 2430: Reward=140.67, Length=1000, Avg Reward (last 10)=119.03
2025-07-21 02:06:35,263 - lunarlandercontinuous_ppo_seed_0 - INFO - Episode 2440: Reward=131.38, Length=1000, Avg Reward (last 10)=181.19
2025-07-21 02:06:44,841 - lunarlandercontinuous_ppo_seed_0 - INFO - Episode 2450: Reward=237.36, Length=296, Avg Reward (last 10)=167.83
2025-07-21 02:07:01,697 - lunarlandercontinuous_ppo_seed_0 - INFO - Episode 2460: Reward=176.21, Length=1000, Avg Reward (last 10)=172.52
2025-07-21 02:07:10,534 - lunarlandercontinuous_ppo_seed_0 - INFO - Episode 2470: Reward=235.95, Length=288, Avg Reward (last 10)=168.26
2025-07-21 02:07:25,591 - lunarlandercontinuous_ppo_seed_0 - INFO - Episode 2480: Reward=149.10, Length=1000, Avg Reward (last 10)=127.82
2025-07-21 02:07:35,786 - lunarlandercontinuous_ppo_seed_0 - INFO - Episode 2490: Reward=225.78, Length=281, Avg Reward (last 10)=163.85
2025-07-21 02:07:44,242 - lunarlandercontinuous_ppo_seed_0 - INFO - Episode 2500: Reward=21.75, Length=251, Avg Reward (last 10)=106.88
2025-07-21 02:07:56,783 - lunarlandercontinuous_ppo_seed_0 - INFO - Episode 2510: Reward=240.49, Length=270, Avg Reward (last 10)=122.74
2025-07-21 02:08:04,142 - lunarlandercontinuous_ppo_seed_0 - INFO - Episode 2520: Reward=126.29, Length=1000, Avg Reward (last 10)=159.11
2025-07-21 02:08:10,399 - lunarlandercontinuous_ppo_seed_0 - INFO - Episode 2530: Reward=265.21, Length=254, Avg Reward (last 10)=146.85
2025-07-21 02:08:26,668 - lunarlandercontinuous_ppo_seed_0 - INFO - Episode 2540: Reward=209.53, Length=291, Avg Reward (last 10)=181.06
2025-07-21 02:08:35,595 - lunarlandercontinuous_ppo_seed_0 - INFO - Episode 2550: Reward=18.08, Length=187, Avg Reward (last 10)=100.18
2025-07-21 02:08:49,902 - lunarlandercontinuous_ppo_seed_0 - INFO - Episode 2560: Reward=-41.64, Length=218, Avg Reward (last 10)=132.63
2025-07-21 02:08:58,259 - lunarlandercontinuous_ppo_seed_0 - INFO - Episode 2570: Reward=155.39, Length=1000, Avg Reward (last 10)=182.72
2025-07-21 02:09:13,675 - lunarlandercontinuous_ppo_seed_0 - INFO - Episode 2580: Reward=28.81, Length=217, Avg Reward (last 10)=159.28
2025-07-21 02:09:19,692 - lunarlandercontinuous_ppo_seed_0 - INFO - Episode 2590: Reward=143.26, Length=1000, Avg Reward (last 10)=134.48
2025-07-21 02:09:27,462 - lunarlandercontinuous_ppo_seed_0 - INFO - Episode 2600: Reward=133.08, Length=1000, Avg Reward (last 10)=147.33
2025-07-21 02:09:28,179 - lunarlandercontinuous_ppo_seed_0 - INFO - Metrics saved to results/lunarlandercontinuous_ppo/seed_0/metrics.json
2025-07-21 02:09:30,632 - lunarlandercontinuous_ppo_seed_0 - INFO - Experiment completed.
