2025-07-14 16:37:47,688 - cartpole_ppo_wandb_seed_1 - INFO - Hyperparameters:
2025-07-14 16:37:47,689 - cartpole_ppo_wandb_seed_1 - INFO -   environment: {'name': 'CartPole-v1', 'seed': 42}
2025-07-14 16:37:47,690 - cartpole_ppo_wandb_seed_1 - INFO -   algorithm: {'name': 'PPO', 'lr_actor': '3e-4', 'lr_critic': '1e-3', 'gamma': 0.99, 'gae_lambda': 0.95, 'clip_ratio': 0.2, 'target_kl': 0.01, 'train_policy_iters': 80, 'train_value_iters': 80, 'lam': 0.97, 'has_continuous_action_space': False, 'action_std_init': 0.6}
2025-07-14 16:37:47,690 - cartpole_ppo_wandb_seed_1 - INFO -   network: {'hidden_dims': [64, 64], 'activation': 'tanh'}
2025-07-14 16:37:47,691 - cartpole_ppo_wandb_seed_1 - INFO -   training: {'max_episodes': 100, 'max_steps_per_episode': 500, 'update_interval': 2048, 'eval_interval': 10, 'save_interval': 300, 'log_interval': 10}
2025-07-14 16:37:47,692 - cartpole_ppo_wandb_seed_1 - INFO -   experiment: {'name': 'cartpole_ppo_wandb', 'seeds': [0, 1, 2], 'device': 'cpu', 'save_dir': 'results/cartpole_ppo_wandb'}
2025-07-14 16:37:47,692 - cartpole_ppo_wandb_seed_1 - INFO -   logging: {'tensorboard': False, 'save_metrics': True, 'plot_interval': 25, 'use_wandb': True, 'wandb_project': 'rl-framework-cartpole', 'wandb_entity': 'tatalintelli-university-of-seoul'}
2025-07-14 16:37:47,717 - cartpole_ppo_wandb_seed_1 - INFO - Episode 0: Reward=20.00, Length=20, Avg Reward (last 10)=20.00
2025-07-14 16:37:47,936 - cartpole_ppo_wandb_seed_1 - INFO - Episode 10: Reward=24.00, Length=24, Avg Reward (last 10)=19.20
2025-07-14 16:37:48,234 - cartpole_ppo_wandb_seed_1 - INFO - Episode 20: Reward=22.00, Length=22, Avg Reward (last 10)=20.20
2025-07-14 16:37:48,420 - cartpole_ppo_wandb_seed_1 - INFO - Episode 30: Reward=13.00, Length=13, Avg Reward (last 10)=18.90
2025-07-14 16:37:48,567 - cartpole_ppo_wandb_seed_1 - INFO - Episode 40: Reward=23.00, Length=23, Avg Reward (last 10)=19.40
2025-07-14 16:37:48,719 - cartpole_ppo_wandb_seed_1 - INFO - Episode 50: Reward=13.00, Length=13, Avg Reward (last 10)=20.40
2025-07-14 16:37:48,871 - cartpole_ppo_wandb_seed_1 - INFO - Episode 60: Reward=15.00, Length=15, Avg Reward (last 10)=20.70
2025-07-14 16:37:49,197 - cartpole_ppo_wandb_seed_1 - INFO - Episode 70: Reward=14.00, Length=14, Avg Reward (last 10)=19.70
2025-07-14 16:37:49,390 - cartpole_ppo_wandb_seed_1 - INFO - Episode 80: Reward=32.00, Length=32, Avg Reward (last 10)=21.90
2025-07-14 16:37:49,625 - cartpole_ppo_wandb_seed_1 - INFO - Episode 90: Reward=57.00, Length=57, Avg Reward (last 10)=21.60
2025-07-14 16:37:51,062 - cartpole_ppo_wandb_seed_1 - INFO - Episode 100: Reward=25.00, Length=25, Avg Reward (last 10)=22.50
2025-07-14 16:37:51,282 - cartpole_ppo_wandb_seed_1 - INFO - Episode 110: Reward=49.00, Length=49, Avg Reward (last 10)=20.50
2025-07-14 16:37:52,081 - cartpole_ppo_wandb_seed_1 - INFO - Episode 120: Reward=38.00, Length=38, Avg Reward (last 10)=19.50
2025-07-14 16:37:52,444 - cartpole_ppo_wandb_seed_1 - INFO - Episode 130: Reward=18.00, Length=18, Avg Reward (last 10)=16.70
2025-07-14 16:37:52,845 - cartpole_ppo_wandb_seed_1 - INFO - Episode 140: Reward=15.00, Length=15, Avg Reward (last 10)=17.90
2025-07-14 16:37:53,076 - cartpole_ppo_wandb_seed_1 - INFO - Episode 150: Reward=26.00, Length=26, Avg Reward (last 10)=17.40
2025-07-14 16:37:53,292 - cartpole_ppo_wandb_seed_1 - INFO - Episode 160: Reward=40.00, Length=40, Avg Reward (last 10)=20.90
2025-07-14 16:37:53,490 - cartpole_ppo_wandb_seed_1 - INFO - Episode 170: Reward=12.00, Length=12, Avg Reward (last 10)=18.80
2025-07-14 16:37:53,648 - cartpole_ppo_wandb_seed_1 - INFO - Episode 180: Reward=17.00, Length=17, Avg Reward (last 10)=17.40
2025-07-14 16:37:53,763 - cartpole_ppo_wandb_seed_1 - INFO - Episode 190: Reward=13.00, Length=13, Avg Reward (last 10)=15.40
2025-07-14 16:37:53,912 - cartpole_ppo_wandb_seed_1 - INFO - Episode 200: Reward=11.00, Length=11, Avg Reward (last 10)=20.50
2025-07-14 16:37:54,562 - cartpole_ppo_wandb_seed_1 - INFO - Episode 210: Reward=13.00, Length=13, Avg Reward (last 10)=18.10
2025-07-14 16:37:54,700 - cartpole_ppo_wandb_seed_1 - INFO - Episode 220: Reward=13.00, Length=13, Avg Reward (last 10)=18.50
2025-07-14 16:37:54,840 - cartpole_ppo_wandb_seed_1 - INFO - Episode 230: Reward=15.00, Length=15, Avg Reward (last 10)=15.40
2025-07-14 16:37:54,987 - cartpole_ppo_wandb_seed_1 - INFO - Episode 240: Reward=38.00, Length=38, Avg Reward (last 10)=20.30
2025-07-14 16:37:55,135 - cartpole_ppo_wandb_seed_1 - INFO - Episode 250: Reward=14.00, Length=14, Avg Reward (last 10)=20.90
2025-07-14 16:37:55,283 - cartpole_ppo_wandb_seed_1 - INFO - Episode 260: Reward=52.00, Length=52, Avg Reward (last 10)=20.40
2025-07-14 16:37:55,426 - cartpole_ppo_wandb_seed_1 - INFO - Episode 270: Reward=15.00, Length=15, Avg Reward (last 10)=17.90
2025-07-14 16:37:55,569 - cartpole_ppo_wandb_seed_1 - INFO - Episode 280: Reward=17.00, Length=17, Avg Reward (last 10)=20.50
2025-07-14 16:37:55,816 - cartpole_ppo_wandb_seed_1 - INFO - Episode 290: Reward=13.00, Length=13, Avg Reward (last 10)=32.00
2025-07-14 16:37:55,984 - cartpole_ppo_wandb_seed_1 - INFO - Episode 300: Reward=10.00, Length=10, Avg Reward (last 10)=22.30
2025-07-14 16:37:56,721 - cartpole_ppo_wandb_seed_1 - INFO - Episode 310: Reward=9.00, Length=9, Avg Reward (last 10)=17.70
2025-07-14 16:37:56,890 - cartpole_ppo_wandb_seed_1 - INFO - Episode 320: Reward=28.00, Length=28, Avg Reward (last 10)=22.10
2025-07-14 16:37:57,090 - cartpole_ppo_wandb_seed_1 - INFO - Episode 330: Reward=25.00, Length=25, Avg Reward (last 10)=31.40
2025-07-14 16:37:57,249 - cartpole_ppo_wandb_seed_1 - INFO - Episode 340: Reward=14.00, Length=14, Avg Reward (last 10)=18.90
2025-07-14 16:37:57,423 - cartpole_ppo_wandb_seed_1 - INFO - Episode 350: Reward=17.00, Length=17, Avg Reward (last 10)=26.40
2025-07-14 16:37:57,554 - cartpole_ppo_wandb_seed_1 - INFO - Episode 360: Reward=12.00, Length=12, Avg Reward (last 10)=17.40
2025-07-14 16:37:57,715 - cartpole_ppo_wandb_seed_1 - INFO - Episode 370: Reward=27.00, Length=27, Avg Reward (last 10)=23.00
2025-07-14 16:37:57,876 - cartpole_ppo_wandb_seed_1 - INFO - Episode 380: Reward=16.00, Length=16, Avg Reward (last 10)=21.10
2025-07-14 16:37:58,078 - cartpole_ppo_wandb_seed_1 - INFO - Episode 390: Reward=13.00, Length=13, Avg Reward (last 10)=25.60
2025-07-14 16:37:59,122 - cartpole_ppo_wandb_seed_1 - INFO - Episode 400: Reward=18.00, Length=18, Avg Reward (last 10)=19.30
2025-07-14 16:37:59,270 - cartpole_ppo_wandb_seed_1 - INFO - Episode 410: Reward=14.00, Length=14, Avg Reward (last 10)=20.60
2025-07-14 16:37:59,413 - cartpole_ppo_wandb_seed_1 - INFO - Episode 420: Reward=20.00, Length=20, Avg Reward (last 10)=19.10
2025-07-14 16:37:59,548 - cartpole_ppo_wandb_seed_1 - INFO - Episode 430: Reward=21.00, Length=21, Avg Reward (last 10)=18.90
2025-07-14 16:37:59,733 - cartpole_ppo_wandb_seed_1 - INFO - Episode 440: Reward=13.00, Length=13, Avg Reward (last 10)=22.60
2025-07-14 16:37:59,887 - cartpole_ppo_wandb_seed_1 - INFO - Episode 450: Reward=11.00, Length=11, Avg Reward (last 10)=16.00
2025-07-14 16:38:00,249 - cartpole_ppo_wandb_seed_1 - INFO - Episode 460: Reward=13.00, Length=13, Avg Reward (last 10)=22.50
2025-07-14 16:38:00,698 - cartpole_ppo_wandb_seed_1 - INFO - Episode 470: Reward=26.00, Length=26, Avg Reward (last 10)=24.30
2025-07-14 16:38:00,929 - cartpole_ppo_wandb_seed_1 - INFO - Episode 480: Reward=29.00, Length=29, Avg Reward (last 10)=23.50
2025-07-14 16:38:01,161 - cartpole_ppo_wandb_seed_1 - INFO - Episode 490: Reward=44.00, Length=44, Avg Reward (last 10)=28.60
2025-07-14 16:38:02,193 - cartpole_ppo_wandb_seed_1 - INFO - Episode 500: Reward=17.00, Length=17, Avg Reward (last 10)=26.80
2025-07-14 16:38:02,395 - cartpole_ppo_wandb_seed_1 - INFO - Episode 510: Reward=9.00, Length=9, Avg Reward (last 10)=27.30
2025-07-14 16:38:02,634 - cartpole_ppo_wandb_seed_1 - INFO - Episode 520: Reward=20.00, Length=20, Avg Reward (last 10)=25.40
2025-07-14 16:38:02,861 - cartpole_ppo_wandb_seed_1 - INFO - Episode 530: Reward=15.00, Length=15, Avg Reward (last 10)=26.80
2025-07-14 16:38:03,043 - cartpole_ppo_wandb_seed_1 - INFO - Episode 540: Reward=43.00, Length=43, Avg Reward (last 10)=25.50
2025-07-14 16:38:03,242 - cartpole_ppo_wandb_seed_1 - INFO - Episode 550: Reward=13.00, Length=13, Avg Reward (last 10)=27.30
2025-07-14 16:38:03,421 - cartpole_ppo_wandb_seed_1 - INFO - Episode 560: Reward=19.00, Length=19, Avg Reward (last 10)=27.40
2025-07-14 16:38:04,103 - cartpole_ppo_wandb_seed_1 - INFO - Episode 570: Reward=27.00, Length=27, Avg Reward (last 10)=31.30
2025-07-14 16:38:04,408 - cartpole_ppo_wandb_seed_1 - INFO - Episode 580: Reward=53.00, Length=53, Avg Reward (last 10)=36.10
2025-07-14 16:38:04,562 - cartpole_ppo_wandb_seed_1 - INFO - Episode 590: Reward=13.00, Length=13, Avg Reward (last 10)=21.90
2025-07-14 16:38:04,813 - cartpole_ppo_wandb_seed_1 - INFO - Episode 600: Reward=26.00, Length=26, Avg Reward (last 10)=38.70
2025-07-14 16:38:04,975 - cartpole_ppo_wandb_seed_1 - INFO - Episode 610: Reward=35.00, Length=35, Avg Reward (last 10)=24.30
2025-07-14 16:38:05,191 - cartpole_ppo_wandb_seed_1 - INFO - Episode 620: Reward=14.00, Length=14, Avg Reward (last 10)=28.60
2025-07-14 16:38:05,383 - cartpole_ppo_wandb_seed_1 - INFO - Episode 630: Reward=18.00, Length=18, Avg Reward (last 10)=28.20
2025-07-14 16:38:06,340 - cartpole_ppo_wandb_seed_1 - INFO - Episode 640: Reward=105.00, Length=105, Avg Reward (last 10)=44.20
2025-07-14 16:38:06,607 - cartpole_ppo_wandb_seed_1 - INFO - Episode 650: Reward=24.00, Length=24, Avg Reward (last 10)=31.10
2025-07-14 16:38:06,966 - cartpole_ppo_wandb_seed_1 - INFO - Episode 660: Reward=21.00, Length=21, Avg Reward (last 10)=47.40
2025-07-14 16:38:07,390 - cartpole_ppo_wandb_seed_1 - INFO - Episode 670: Reward=138.00, Length=138, Avg Reward (last 10)=67.10
2025-07-14 16:38:08,327 - cartpole_ppo_wandb_seed_1 - INFO - Episode 680: Reward=90.00, Length=90, Avg Reward (last 10)=54.60
2025-07-14 16:38:08,610 - cartpole_ppo_wandb_seed_1 - INFO - Episode 690: Reward=49.00, Length=49, Avg Reward (last 10)=45.20
2025-07-14 16:38:08,858 - cartpole_ppo_wandb_seed_1 - INFO - Episode 700: Reward=20.00, Length=20, Avg Reward (last 10)=39.60
2025-07-14 16:38:09,289 - cartpole_ppo_wandb_seed_1 - INFO - Episode 710: Reward=70.00, Length=70, Avg Reward (last 10)=73.90
2025-07-14 16:38:10,280 - cartpole_ppo_wandb_seed_1 - INFO - Episode 720: Reward=52.00, Length=52, Avg Reward (last 10)=53.00
2025-07-14 16:38:11,044 - cartpole_ppo_wandb_seed_1 - INFO - Episode 730: Reward=225.00, Length=225, Avg Reward (last 10)=102.80
2025-07-14 16:38:12,531 - cartpole_ppo_wandb_seed_1 - INFO - Episode 740: Reward=220.00, Length=220, Avg Reward (last 10)=97.20
2025-07-14 16:38:13,204 - cartpole_ppo_wandb_seed_1 - INFO - Episode 750: Reward=95.00, Length=95, Avg Reward (last 10)=85.40
2025-07-14 16:38:15,211 - cartpole_ppo_wandb_seed_1 - INFO - Episode 760: Reward=217.00, Length=217, Avg Reward (last 10)=81.90
2025-07-14 16:38:16,181 - cartpole_ppo_wandb_seed_1 - INFO - Episode 770: Reward=135.00, Length=135, Avg Reward (last 10)=164.40
2025-07-14 16:38:18,286 - cartpole_ppo_wandb_seed_1 - INFO - Episode 780: Reward=21.00, Length=21, Avg Reward (last 10)=174.70
2025-07-14 16:38:19,934 - cartpole_ppo_wandb_seed_1 - INFO - Episode 790: Reward=163.00, Length=163, Avg Reward (last 10)=180.70
2025-07-14 16:38:23,012 - cartpole_ppo_wandb_seed_1 - INFO - Episode 800: Reward=192.00, Length=192, Avg Reward (last 10)=210.30
2025-07-14 16:38:26,520 - cartpole_ppo_wandb_seed_1 - INFO - Episode 810: Reward=376.00, Length=376, Avg Reward (last 10)=273.40
2025-07-14 16:38:30,993 - cartpole_ppo_wandb_seed_1 - INFO - Episode 820: Reward=406.00, Length=406, Avg Reward (last 10)=400.40
2025-07-14 16:38:35,119 - cartpole_ppo_wandb_seed_1 - INFO - Episode 830: Reward=500.00, Length=500, Avg Reward (last 10)=373.90
2025-07-14 16:38:43,810 - cartpole_ppo_wandb_seed_1 - INFO - Episode 840: Reward=223.00, Length=223, Avg Reward (last 10)=424.90
2025-07-14 16:38:48,166 - cartpole_ppo_wandb_seed_1 - INFO - Episode 850: Reward=500.00, Length=500, Avg Reward (last 10)=434.70
2025-07-14 16:38:55,056 - cartpole_ppo_wandb_seed_1 - INFO - Episode 860: Reward=500.00, Length=500, Avg Reward (last 10)=452.50
2025-07-14 16:38:59,938 - cartpole_ppo_wandb_seed_1 - INFO - Episode 870: Reward=500.00, Length=500, Avg Reward (last 10)=451.70
2025-07-14 16:39:10,296 - cartpole_ppo_wandb_seed_1 - INFO - Episode 880: Reward=276.00, Length=276, Avg Reward (last 10)=446.90
2025-07-14 16:39:15,630 - cartpole_ppo_wandb_seed_1 - INFO - Episode 890: Reward=500.00, Length=500, Avg Reward (last 10)=450.70
2025-07-14 16:39:21,116 - cartpole_ppo_wandb_seed_1 - INFO - Episode 900: Reward=360.00, Length=360, Avg Reward (last 10)=434.10
2025-07-14 16:39:27,026 - cartpole_ppo_wandb_seed_1 - INFO - Episode 910: Reward=500.00, Length=500, Avg Reward (last 10)=499.90
2025-07-14 16:39:33,443 - cartpole_ppo_wandb_seed_1 - INFO - Episode 920: Reward=379.00, Length=379, Avg Reward (last 10)=429.20
2025-07-14 16:39:39,167 - cartpole_ppo_wandb_seed_1 - INFO - Episode 930: Reward=500.00, Length=500, Avg Reward (last 10)=348.30
2025-07-14 16:39:45,519 - cartpole_ppo_wandb_seed_1 - INFO - Episode 940: Reward=500.00, Length=500, Avg Reward (last 10)=445.70
2025-07-14 16:39:50,263 - cartpole_ppo_wandb_seed_1 - INFO - Episode 950: Reward=500.00, Length=500, Avg Reward (last 10)=468.80
2025-07-14 16:39:59,749 - cartpole_ppo_wandb_seed_1 - INFO - Episode 960: Reward=500.00, Length=500, Avg Reward (last 10)=500.00
2025-07-14 16:40:06,000 - cartpole_ppo_wandb_seed_1 - INFO - Episode 970: Reward=500.00, Length=500, Avg Reward (last 10)=500.00
2025-07-14 16:40:11,180 - cartpole_ppo_wandb_seed_1 - INFO - Episode 980: Reward=500.00, Length=500, Avg Reward (last 10)=500.00
2025-07-14 16:40:16,313 - cartpole_ppo_wandb_seed_1 - INFO - Episode 990: Reward=490.00, Length=490, Avg Reward (last 10)=471.90
2025-07-14 16:40:26,885 - cartpole_ppo_wandb_seed_1 - INFO - Episode 1000: Reward=500.00, Length=500, Avg Reward (last 10)=476.10
2025-07-14 16:40:33,141 - cartpole_ppo_wandb_seed_1 - INFO - Episode 1010: Reward=500.00, Length=500, Avg Reward (last 10)=500.00
2025-07-14 16:40:39,038 - cartpole_ppo_wandb_seed_1 - INFO - Episode 1020: Reward=500.00, Length=500, Avg Reward (last 10)=500.00
2025-07-14 16:40:43,032 - cartpole_ppo_wandb_seed_1 - INFO - Episode 1030: Reward=500.00, Length=500, Avg Reward (last 10)=500.00
2025-07-14 16:40:53,497 - cartpole_ppo_wandb_seed_1 - INFO - Episode 1040: Reward=500.00, Length=500, Avg Reward (last 10)=500.00
2025-07-14 16:41:00,565 - cartpole_ppo_wandb_seed_1 - INFO - Episode 1050: Reward=500.00, Length=500, Avg Reward (last 10)=500.00
2025-07-14 16:41:07,743 - cartpole_ppo_wandb_seed_1 - INFO - Episode 1060: Reward=409.00, Length=409, Avg Reward (last 10)=490.90
2025-07-14 16:41:11,705 - cartpole_ppo_wandb_seed_1 - INFO - Episode 1070: Reward=219.00, Length=219, Avg Reward (last 10)=335.00
2025-07-14 16:41:14,474 - cartpole_ppo_wandb_seed_1 - INFO - Episode 1080: Reward=477.00, Length=477, Avg Reward (last 10)=303.20
2025-07-14 16:41:20,239 - cartpole_ppo_wandb_seed_1 - INFO - Episode 1090: Reward=460.00, Length=460, Avg Reward (last 10)=300.10
2025-07-14 16:41:27,521 - cartpole_ppo_wandb_seed_1 - INFO - Episode 1100: Reward=299.00, Length=299, Avg Reward (last 10)=449.20
2025-07-14 16:41:32,462 - cartpole_ppo_wandb_seed_1 - INFO - Episode 1110: Reward=500.00, Length=500, Avg Reward (last 10)=500.00
2025-07-14 16:41:38,612 - cartpole_ppo_wandb_seed_1 - INFO - Episode 1120: Reward=500.00, Length=500, Avg Reward (last 10)=500.00
2025-07-14 16:41:46,978 - cartpole_ppo_wandb_seed_1 - INFO - Episode 1130: Reward=500.00, Length=500, Avg Reward (last 10)=500.00
2025-07-14 16:41:53,705 - cartpole_ppo_wandb_seed_1 - INFO - Episode 1140: Reward=500.00, Length=500, Avg Reward (last 10)=494.40
2025-07-14 16:42:00,698 - cartpole_ppo_wandb_seed_1 - INFO - Episode 1150: Reward=500.00, Length=500, Avg Reward (last 10)=500.00
2025-07-14 16:42:06,881 - cartpole_ppo_wandb_seed_1 - INFO - Episode 1160: Reward=500.00, Length=500, Avg Reward (last 10)=500.00
2025-07-14 16:42:10,447 - cartpole_ppo_wandb_seed_1 - INFO - Metrics saved to results/cartpole_ppo_wandb/seed_1/metrics.json
2025-07-14 16:42:12,781 - cartpole_ppo_wandb_seed_1 - INFO - Experiment completed.
