2025-08-01 08:38:30,926 - cartpole_ppo_wandb_seed_1 - INFO - Hyperparameters:
2025-08-01 08:38:30,927 - cartpole_ppo_wandb_seed_1 - INFO -   environment: {'name': 'CartPole-v1', 'seed': 42}
2025-08-01 08:38:30,927 - cartpole_ppo_wandb_seed_1 - INFO -   algorithm: {'name': 'PPO', 'lr_actor': '3e-4', 'lr_critic': '1e-3', 'gamma': 0.99, 'gae_lambda': 0.95, 'clip_ratio': 0.2, 'target_kl': 0.01, 'train_policy_iters': 80, 'train_value_iters': 80, 'lam': 0.97, 'has_continuous_action_space': False, 'action_std_init': 0.6}
2025-08-01 08:38:30,927 - cartpole_ppo_wandb_seed_1 - INFO -   network: {'hidden_dims': [64, 64], 'activation': 'tanh'}
2025-08-01 08:38:30,927 - cartpole_ppo_wandb_seed_1 - INFO -   training: {'max_episodes': 100, 'max_steps_per_episode': 500, 'update_interval': 2048, 'eval_interval': 10, 'save_interval': 300, 'log_interval': 10}
2025-08-01 08:38:30,927 - cartpole_ppo_wandb_seed_1 - INFO -   experiment: {'name': 'cartpole_ppo_wandb', 'seeds': [0, 1, 2, 3, 4], 'device': 'cuda', 'save_dir': 'results/cartpole_ppo_wandb'}
2025-08-01 08:38:30,927 - cartpole_ppo_wandb_seed_1 - INFO -   logging: {'tensorboard': False, 'save_metrics': True, 'plot_interval': 25, 'use_wandb': True, 'wandb_project': 'rl-framework-cartpole', 'wandb_entity': 'tatalintelli-university-of-seoul', 'enable_step_logging': True, 'step_log_interval': 1000}
2025-08-01 08:38:31,011 - cartpole_ppo_wandb_seed_1 - INFO - Episode 0: Reward=11.00, Length=11, Avg Reward (last 10)=11.00
2025-08-01 08:38:31,990 - cartpole_ppo_wandb_seed_1 - INFO - Episode 10: Reward=24.00, Length=24, Avg Reward (last 10)=19.80
2025-08-01 08:38:32,896 - cartpole_ppo_wandb_seed_1 - INFO - Episode 20: Reward=36.00, Length=36, Avg Reward (last 10)=20.50
2025-08-01 08:38:33,784 - cartpole_ppo_wandb_seed_1 - INFO - Episode 30: Reward=8.00, Length=8, Avg Reward (last 10)=20.00
2025-08-01 08:38:34,702 - cartpole_ppo_wandb_seed_1 - INFO - Episode 40: Reward=42.00, Length=42, Avg Reward (last 10)=23.30
2025-08-01 08:38:35,442 - cartpole_ppo_wandb_seed_1 - INFO - Step 1014: Avg Reward=20.28, Running Avg=20.28, Episodes=50
2025-08-01 08:38:35,452 - cartpole_ppo_wandb_seed_1 - INFO - Episode 50: Reward=11.00, Length=11, Avg Reward (last 10)=17.80
2025-08-01 08:38:36,358 - cartpole_ppo_wandb_seed_1 - INFO - Episode 60: Reward=23.00, Length=23, Avg Reward (last 10)=22.40
2025-08-01 08:38:37,262 - cartpole_ppo_wandb_seed_1 - INFO - Episode 70: Reward=38.00, Length=38, Avg Reward (last 10)=22.10
2025-08-01 08:38:38,057 - cartpole_ppo_wandb_seed_1 - INFO - Episode 80: Reward=23.00, Length=23, Avg Reward (last 10)=19.20
2025-08-01 08:38:39,021 - cartpole_ppo_wandb_seed_1 - INFO - Episode 90: Reward=24.00, Length=24, Avg Reward (last 10)=22.60
2025-08-01 08:38:41,829 - cartpole_ppo_wandb_seed_1 - INFO - Step 2074: Avg Reward=21.21, Running Avg=20.73, Episodes=48
2025-08-01 08:38:41,986 - cartpole_ppo_wandb_seed_1 - INFO - Episode 100: Reward=14.00, Length=14, Avg Reward (last 10)=18.80
2025-08-01 08:38:42,988 - cartpole_ppo_wandb_seed_1 - INFO - Episode 110: Reward=13.00, Length=13, Avg Reward (last 10)=22.80
2025-08-01 08:38:43,761 - cartpole_ppo_wandb_seed_1 - INFO - Episode 120: Reward=14.00, Length=14, Avg Reward (last 10)=18.60
2025-08-01 08:38:44,840 - cartpole_ppo_wandb_seed_1 - INFO - Episode 130: Reward=13.00, Length=13, Avg Reward (last 10)=26.10
2025-08-01 08:38:45,550 - cartpole_ppo_wandb_seed_1 - INFO - Episode 140: Reward=22.00, Length=22, Avg Reward (last 10)=17.30
2025-08-01 08:38:46,054 - cartpole_ppo_wandb_seed_1 - INFO - Step 3095: Avg Reward=21.27, Running Avg=20.91, Episodes=48
2025-08-01 08:38:46,355 - cartpole_ppo_wandb_seed_1 - INFO - Episode 150: Reward=18.00, Length=18, Avg Reward (last 10)=19.90
2025-08-01 08:38:46,973 - cartpole_ppo_wandb_seed_1 - INFO - Episode 160: Reward=14.00, Length=14, Avg Reward (last 10)=15.60
2025-08-01 08:38:48,019 - cartpole_ppo_wandb_seed_1 - INFO - Episode 170: Reward=27.00, Length=27, Avg Reward (last 10)=24.40
2025-08-01 08:38:49,082 - cartpole_ppo_wandb_seed_1 - INFO - Episode 180: Reward=10.00, Length=10, Avg Reward (last 10)=25.90
2025-08-01 08:38:49,777 - cartpole_ppo_wandb_seed_1 - INFO - Episode 190: Reward=12.00, Length=12, Avg Reward (last 10)=16.30
2025-08-01 08:38:51,499 - cartpole_ppo_wandb_seed_1 - INFO - Step 4135: Avg Reward=20.04, Running Avg=20.69, Episodes=51
2025-08-01 08:38:51,853 - cartpole_ppo_wandb_seed_1 - INFO - Episode 200: Reward=14.00, Length=14, Avg Reward (last 10)=22.40
2025-08-01 08:38:53,246 - cartpole_ppo_wandb_seed_1 - INFO - Episode 210: Reward=20.00, Length=20, Avg Reward (last 10)=33.70
2025-08-01 08:38:54,218 - cartpole_ppo_wandb_seed_1 - INFO - Episode 220: Reward=15.00, Length=15, Avg Reward (last 10)=22.20
2025-08-01 08:38:55,182 - cartpole_ppo_wandb_seed_1 - INFO - Episode 230: Reward=27.00, Length=27, Avg Reward (last 10)=24.80
2025-08-01 08:38:55,646 - cartpole_ppo_wandb_seed_1 - INFO - Step 5147: Avg Reward=27.35, Running Avg=21.74, Episodes=37
2025-08-01 08:38:56,824 - cartpole_ppo_wandb_seed_1 - INFO - Episode 240: Reward=28.00, Length=28, Avg Reward (last 10)=38.10
2025-08-01 08:38:57,598 - cartpole_ppo_wandb_seed_1 - INFO - Episode 250: Reward=11.00, Length=11, Avg Reward (last 10)=19.60
2025-08-01 08:38:58,669 - cartpole_ppo_wandb_seed_1 - INFO - Episode 260: Reward=43.00, Length=43, Avg Reward (last 10)=27.10
2025-08-01 08:38:59,613 - cartpole_ppo_wandb_seed_1 - INFO - Episode 270: Reward=58.00, Length=58, Avg Reward (last 10)=22.30
2025-08-01 08:39:01,122 - cartpole_ppo_wandb_seed_1 - INFO - Step 6184: Avg Reward=26.15, Running Avg=22.37, Episodes=39
2025-08-01 08:39:01,897 - cartpole_ppo_wandb_seed_1 - INFO - Episode 280: Reward=32.00, Length=32, Avg Reward (last 10)=26.20
2025-08-01 08:39:02,798 - cartpole_ppo_wandb_seed_1 - INFO - Episode 290: Reward=14.00, Length=14, Avg Reward (last 10)=21.60
2025-08-01 08:39:03,696 - cartpole_ppo_wandb_seed_1 - INFO - Episode 300: Reward=46.00, Length=46, Avg Reward (last 10)=20.70
2025-08-01 08:39:04,610 - cartpole_ppo_wandb_seed_1 - INFO - Episode 310: Reward=47.00, Length=47, Avg Reward (last 10)=22.80
2025-08-01 08:39:05,327 - cartpole_ppo_wandb_seed_1 - INFO - Step 7214: Avg Reward=23.41, Running Avg=22.51, Episodes=44
2025-08-01 08:39:05,841 - cartpole_ppo_wandb_seed_1 - INFO - Episode 320: Reward=80.00, Length=80, Avg Reward (last 10)=31.50
2025-08-01 08:39:06,890 - cartpole_ppo_wandb_seed_1 - INFO - Episode 330: Reward=33.00, Length=33, Avg Reward (last 10)=25.20
2025-08-01 08:39:08,383 - cartpole_ppo_wandb_seed_1 - INFO - Episode 340: Reward=14.00, Length=14, Avg Reward (last 10)=32.00
2025-08-01 08:39:09,349 - cartpole_ppo_wandb_seed_1 - INFO - Episode 350: Reward=19.00, Length=19, Avg Reward (last 10)=24.20
2025-08-01 08:39:10,716 - cartpole_ppo_wandb_seed_1 - INFO - Step 8227: Avg Reward=28.20, Running Avg=23.08, Episodes=35
2025-08-01 08:39:12,280 - cartpole_ppo_wandb_seed_1 - INFO - Episode 360: Reward=24.00, Length=24, Avg Reward (last 10)=42.20
2025-08-01 08:39:13,547 - cartpole_ppo_wandb_seed_1 - INFO - Episode 370: Reward=60.00, Length=60, Avg Reward (last 10)=29.90
2025-08-01 08:39:14,804 - cartpole_ppo_wandb_seed_1 - INFO - Episode 380: Reward=36.00, Length=36, Avg Reward (last 10)=30.20
2025-08-01 08:39:14,833 - cartpole_ppo_wandb_seed_1 - INFO - Step 9237: Avg Reward=33.67, Running Avg=23.91, Episodes=30
2025-08-01 08:39:16,033 - cartpole_ppo_wandb_seed_1 - INFO - Episode 390: Reward=13.00, Length=13, Avg Reward (last 10)=31.60
2025-08-01 08:39:17,691 - cartpole_ppo_wandb_seed_1 - INFO - Episode 400: Reward=88.00, Length=88, Avg Reward (last 10)=39.30
2025-08-01 08:39:18,774 - cartpole_ppo_wandb_seed_1 - INFO - Episode 410: Reward=60.00, Length=60, Avg Reward (last 10)=28.60
2025-08-01 08:39:19,557 - cartpole_ppo_wandb_seed_1 - INFO - Step 10254: Avg Reward=32.90, Running Avg=24.57, Episodes=30
2025-08-01 08:39:20,484 - cartpole_ppo_wandb_seed_1 - INFO - Episode 420: Reward=20.00, Length=20, Avg Reward (last 10)=25.70
2025-08-01 08:39:21,559 - cartpole_ppo_wandb_seed_1 - INFO - Episode 430: Reward=20.00, Length=20, Avg Reward (last 10)=27.30
2025-08-01 08:39:22,924 - cartpole_ppo_wandb_seed_1 - INFO - Episode 440: Reward=45.00, Length=45, Avg Reward (last 10)=33.10
2025-08-01 08:39:23,676 - cartpole_ppo_wandb_seed_1 - INFO - Step 11275: Avg Reward=30.03, Running Avg=24.98, Episodes=34
2025-08-01 08:39:24,202 - cartpole_ppo_wandb_seed_1 - INFO - Episode 450: Reward=32.00, Length=32, Avg Reward (last 10)=30.80
2025-08-01 08:39:25,496 - cartpole_ppo_wandb_seed_1 - INFO - Episode 460: Reward=16.00, Length=16, Avg Reward (last 10)=30.60
2025-08-01 08:39:26,308 - cartpole_ppo_wandb_seed_1 - INFO - Episode 470: Reward=18.00, Length=18, Avg Reward (last 10)=20.70
2025-08-01 08:39:27,827 - cartpole_ppo_wandb_seed_1 - INFO - Step 12288: Avg Reward=28.94, Running Avg=25.27, Episodes=35
2025-08-01 08:39:27,828 - cartpole_ppo_wandb_seed_1 - INFO - Episode 480: Reward=62.00, Length=62, Avg Reward (last 10)=36.60
2025-08-01 08:39:30,588 - cartpole_ppo_wandb_seed_1 - INFO - Episode 490: Reward=98.00, Length=98, Avg Reward (last 10)=54.50
2025-08-01 08:39:32,074 - cartpole_ppo_wandb_seed_1 - INFO - Episode 500: Reward=20.00, Length=20, Avg Reward (last 10)=36.10
2025-08-01 08:39:32,574 - cartpole_ppo_wandb_seed_1 - INFO - Step 13305: Avg Reward=46.23, Running Avg=26.19, Episodes=22
2025-08-01 08:39:34,449 - cartpole_ppo_wandb_seed_1 - INFO - Episode 510: Reward=24.00, Length=24, Avg Reward (last 10)=55.40
2025-08-01 08:39:36,119 - cartpole_ppo_wandb_seed_1 - INFO - Episode 520: Reward=51.00, Length=51, Avg Reward (last 10)=40.70
2025-08-01 08:39:36,863 - cartpole_ppo_wandb_seed_1 - INFO - Step 14320: Avg Reward=48.33, Running Avg=27.07, Episodes=21
2025-08-01 08:39:38,876 - cartpole_ppo_wandb_seed_1 - INFO - Episode 530: Reward=46.00, Length=46, Avg Reward (last 10)=51.00
2025-08-01 08:39:40,008 - cartpole_ppo_wandb_seed_1 - INFO - Episode 540: Reward=20.00, Length=20, Avg Reward (last 10)=25.70
2025-08-01 08:39:41,637 - cartpole_ppo_wandb_seed_1 - INFO - Step 15333: Avg Reward=38.35, Running Avg=27.61, Episodes=26
2025-08-01 08:39:41,732 - cartpole_ppo_wandb_seed_1 - INFO - Episode 550: Reward=25.00, Length=25, Avg Reward (last 10)=42.00
2025-08-01 08:39:45,209 - cartpole_ppo_wandb_seed_1 - INFO - Episode 560: Reward=13.00, Length=13, Avg Reward (last 10)=84.00
2025-08-01 08:39:45,908 - cartpole_ppo_wandb_seed_1 - INFO - Step 16351: Avg Reward=59.88, Running Avg=28.57, Episodes=17
2025-08-01 08:39:47,303 - cartpole_ppo_wandb_seed_1 - INFO - Episode 570: Reward=24.00, Length=24, Avg Reward (last 10)=33.90
2025-08-01 08:39:50,229 - cartpole_ppo_wandb_seed_1 - INFO - Episode 580: Reward=21.00, Length=21, Avg Reward (last 10)=71.40
2025-08-01 08:39:50,635 - cartpole_ppo_wandb_seed_1 - INFO - Step 17375: Avg Reward=66.07, Running Avg=29.54, Episodes=15
2025-08-01 08:39:53,253 - cartpole_ppo_wandb_seed_1 - INFO - Episode 590: Reward=26.00, Length=26, Avg Reward (last 10)=72.10
2025-08-01 08:39:56,014 - cartpole_ppo_wandb_seed_1 - INFO - Step 18533: Avg Reward=85.08, Running Avg=30.66, Episodes=12
2025-08-01 08:39:57,516 - cartpole_ppo_wandb_seed_1 - INFO - Episode 600: Reward=62.00, Length=62, Avg Reward (last 10)=74.00
2025-08-01 08:40:00,506 - cartpole_ppo_wandb_seed_1 - INFO - Step 19612: Avg Reward=67.44, Running Avg=31.63, Episodes=16
2025-08-01 08:40:00,698 - cartpole_ppo_wandb_seed_1 - INFO - Episode 610: Reward=42.00, Length=42, Avg Reward (last 10)=77.20
2025-08-01 08:40:03,846 - cartpole_ppo_wandb_seed_1 - INFO - Episode 620: Reward=131.00, Length=131, Avg Reward (last 10)=77.30
2025-08-01 08:40:05,140 - cartpole_ppo_wandb_seed_1 - INFO - Step 20627: Avg Reward=74.00, Running Avg=32.51, Episodes=13
2025-08-01 08:40:09,389 - cartpole_ppo_wandb_seed_1 - INFO - Step 21663: Avg Reward=148.00, Running Avg=33.80, Episodes=7
2025-08-01 08:40:10,718 - cartpole_ppo_wandb_seed_1 - INFO - Episode 630: Reward=313.00, Length=313, Avg Reward (last 10)=149.60
2025-08-01 08:40:20,596 - cartpole_ppo_wandb_seed_1 - INFO - Step 22696: Avg Reward=124.00, Running Avg=34.93, Episodes=8
2025-08-01 08:40:23,213 - cartpole_ppo_wandb_seed_1 - INFO - Episode 640: Reward=175.00, Length=175, Avg Reward (last 10)=132.30
2025-08-01 08:40:25,057 - cartpole_ppo_wandb_seed_1 - INFO - Step 23810: Avg Reward=185.67, Running Avg=36.33, Episodes=6
2025-08-01 08:40:30,879 - cartpole_ppo_wandb_seed_1 - INFO - Step 25096: Avg Reward=194.67, Running Avg=37.79, Episodes=6
2025-08-01 08:40:32,863 - cartpole_ppo_wandb_seed_1 - INFO - Episode 650: Reward=500.00, Length=500, Avg Reward (last 10)=213.80
2025-08-01 08:40:35,399 - cartpole_ppo_wandb_seed_1 - INFO - Step 26495: Avg Reward=349.75, Running Avg=39.70, Episodes=4
2025-08-01 08:40:37,759 - cartpole_ppo_wandb_seed_1 - INFO - Step 27807: Avg Reward=197.17, Running Avg=41.13, Episodes=6
2025-08-01 08:40:37,874 - cartpole_ppo_wandb_seed_1 - INFO - Episode 660: Reward=94.00, Length=94, Avg Reward (last 10)=217.60
2025-08-01 08:40:39,930 - cartpole_ppo_wandb_seed_1 - INFO - Step 28960: Avg Reward=280.33, Running Avg=42.21, Episodes=3
2025-08-01 08:40:41,604 - cartpole_ppo_wandb_seed_1 - INFO - Step 30345: Avg Reward=461.67, Running Avg=44.10, Episodes=3
2025-08-01 08:40:43,628 - cartpole_ppo_wandb_seed_1 - INFO - Step 31644: Avg Reward=400.67, Running Avg=45.70, Episodes=3
2025-08-01 08:40:44,664 - cartpole_ppo_wandb_seed_1 - INFO - Episode 670: Reward=436.00, Length=436, Avg Reward (last 10)=427.00
2025-08-01 08:40:45,684 - cartpole_ppo_wandb_seed_1 - INFO - Step 33136: Avg Reward=434.67, Running Avg=47.44, Episodes=3
2025-08-01 08:40:46,869 - cartpole_ppo_wandb_seed_1 - INFO - Step 34136: Avg Reward=500.00, Running Avg=48.78, Episodes=2
2025-08-01 08:40:48,587 - cartpole_ppo_wandb_seed_1 - INFO - Step 35316: Avg Reward=500.00, Running Avg=50.12, Episodes=2
2025-08-01 08:40:49,771 - cartpole_ppo_wandb_seed_1 - INFO - Step 36316: Avg Reward=500.00, Running Avg=51.44, Episodes=2
2025-08-01 08:40:52,055 - cartpole_ppo_wandb_seed_1 - INFO - Step 37588: Avg Reward=408.00, Running Avg=53.01, Episodes=3
2025-08-01 08:40:52,055 - cartpole_ppo_wandb_seed_1 - INFO - Episode 680: Reward=500.00, Length=500, Avg Reward (last 10)=459.20
2025-08-01 08:40:53,148 - cartpole_ppo_wandb_seed_1 - INFO - Step 38588: Avg Reward=500.00, Running Avg=54.32, Episodes=2
2025-08-01 08:40:55,050 - cartpole_ppo_wandb_seed_1 - INFO - Step 39912: Avg Reward=500.00, Running Avg=55.62, Episodes=2
2025-08-01 08:40:56,277 - cartpole_ppo_wandb_seed_1 - INFO - Step 40941: Avg Reward=343.00, Running Avg=56.88, Episodes=3
2025-08-01 08:40:58,708 - cartpole_ppo_wandb_seed_1 - INFO - Step 42333: Avg Reward=457.67, Running Avg=58.62, Episodes=3
2025-08-01 08:40:58,709 - cartpole_ppo_wandb_seed_1 - INFO - Episode 690: Reward=500.00, Length=500, Avg Reward (last 10)=440.20
2025-08-01 08:41:05,841 - cartpole_ppo_wandb_seed_1 - INFO - Step 43508: Avg Reward=378.67, Running Avg=60.00, Episodes=3
2025-08-01 08:41:07,463 - cartpole_ppo_wandb_seed_1 - INFO - Step 44842: Avg Reward=444.67, Running Avg=61.66, Episodes=3
2025-08-01 08:41:10,077 - cartpole_ppo_wandb_seed_1 - INFO - Step 46161: Avg Reward=368.33, Running Avg=62.97, Episodes=3
2025-08-01 08:41:10,633 - cartpole_ppo_wandb_seed_1 - INFO - Episode 700: Reward=500.00, Length=500, Avg Reward (last 10)=407.50
2025-08-01 08:41:12,242 - cartpole_ppo_wandb_seed_1 - INFO - Step 47460: Avg Reward=428.00, Running Avg=64.01, Episodes=2
2025-08-01 08:41:13,384 - cartpole_ppo_wandb_seed_1 - INFO - Step 48460: Avg Reward=500.00, Running Avg=65.25, Episodes=2
2025-08-01 08:41:15,504 - cartpole_ppo_wandb_seed_1 - INFO - Step 49652: Avg Reward=500.00, Running Avg=66.48, Episodes=2
2025-08-01 08:41:16,652 - cartpole_ppo_wandb_seed_1 - INFO - Step 50652: Avg Reward=500.00, Running Avg=67.71, Episodes=2
2025-08-01 08:41:18,610 - cartpole_ppo_wandb_seed_1 - INFO - Step 51700: Avg Reward=442.50, Running Avg=68.76, Episodes=2
2025-08-01 08:41:19,186 - cartpole_ppo_wandb_seed_1 - INFO - Episode 710: Reward=500.00, Length=500, Avg Reward (last 10)=474.10
2025-08-01 08:41:19,758 - cartpole_ppo_wandb_seed_1 - INFO - Step 52700: Avg Reward=500.00, Running Avg=69.97, Episodes=2
2025-08-01 08:41:21,661 - cartpole_ppo_wandb_seed_1 - INFO - Step 53748: Avg Reward=500.00, Running Avg=71.18, Episodes=2
2025-08-01 08:41:22,870 - cartpole_ppo_wandb_seed_1 - INFO - Step 54748: Avg Reward=500.00, Running Avg=72.38, Episodes=2
2025-08-01 08:41:24,913 - cartpole_ppo_wandb_seed_1 - INFO - Step 55796: Avg Reward=500.00, Running Avg=73.57, Episodes=2
2025-08-01 08:41:26,126 - cartpole_ppo_wandb_seed_1 - INFO - Step 56796: Avg Reward=500.00, Running Avg=74.75, Episodes=2
2025-08-01 08:41:26,736 - cartpole_ppo_wandb_seed_1 - INFO - Episode 720: Reward=500.00, Length=500, Avg Reward (last 10)=500.00
2025-08-01 08:41:28,171 - cartpole_ppo_wandb_seed_1 - INFO - Step 57844: Avg Reward=500.00, Running Avg=75.93, Episodes=2
2025-08-01 08:41:29,381 - cartpole_ppo_wandb_seed_1 - INFO - Step 58844: Avg Reward=500.00, Running Avg=77.10, Episodes=2
2025-08-01 08:41:31,726 - cartpole_ppo_wandb_seed_1 - INFO - Step 60252: Avg Reward=453.33, Running Avg=78.65, Episodes=3
2025-08-01 08:41:32,883 - cartpole_ppo_wandb_seed_1 - INFO - Step 61252: Avg Reward=500.00, Running Avg=79.81, Episodes=2
2025-08-01 08:41:34,591 - cartpole_ppo_wandb_seed_1 - INFO - Step 62440: Avg Reward=500.00, Running Avg=80.96, Episodes=2
2025-08-01 08:41:34,591 - cartpole_ppo_wandb_seed_1 - INFO - Episode 730: Reward=500.00, Length=500, Avg Reward (last 10)=486.00
2025-08-01 08:41:35,745 - cartpole_ppo_wandb_seed_1 - INFO - Step 63440: Avg Reward=500.00, Running Avg=82.10, Episodes=2
2025-08-01 08:41:43,029 - cartpole_ppo_wandb_seed_1 - INFO - Step 64488: Avg Reward=500.00, Running Avg=83.24, Episodes=2
2025-08-01 08:41:44,135 - cartpole_ppo_wandb_seed_1 - INFO - Step 65488: Avg Reward=500.00, Running Avg=84.37, Episodes=2
2025-08-01 08:41:46,232 - cartpole_ppo_wandb_seed_1 - INFO - Step 66758: Avg Reward=407.33, Running Avg=85.68, Episodes=3
2025-08-01 08:41:46,747 - cartpole_ppo_wandb_seed_1 - INFO - Episode 740: Reward=464.00, Length=464, Avg Reward (last 10)=468.60
2025-08-01 08:41:48,282 - cartpole_ppo_wandb_seed_1 - INFO - Step 67907: Avg Reward=337.00, Running Avg=86.69, Episodes=3
2025-08-01 08:41:49,540 - cartpole_ppo_wandb_seed_1 - INFO - Step 69088: Avg Reward=393.67, Running Avg=87.93, Episodes=3
2025-08-01 08:41:51,553 - cartpole_ppo_wandb_seed_1 - INFO - Step 70132: Avg Reward=297.00, Running Avg=88.77, Episodes=3
2025-08-01 08:41:52,212 - cartpole_ppo_wandb_seed_1 - INFO - Episode 750: Reward=235.00, Length=235, Avg Reward (last 10)=318.40
2025-08-01 08:41:52,865 - cartpole_ppo_wandb_seed_1 - INFO - Step 71250: Avg Reward=279.50, Running Avg=89.78, Episodes=4
2025-08-01 08:41:54,492 - cartpole_ppo_wandb_seed_1 - INFO - Step 72335: Avg Reward=218.33, Running Avg=90.29, Episodes=3
2025-08-01 08:41:55,759 - cartpole_ppo_wandb_seed_1 - INFO - Step 73413: Avg Reward=269.50, Running Avg=91.23, Episodes=4
2025-08-01 08:41:56,120 - cartpole_ppo_wandb_seed_1 - INFO - Episode 760: Reward=310.00, Length=310, Avg Reward (last 10)=259.60
2025-08-01 08:41:57,830 - cartpole_ppo_wandb_seed_1 - INFO - Step 74524: Avg Reward=368.67, Running Avg=92.32, Episodes=3
2025-08-01 08:41:58,932 - cartpole_ppo_wandb_seed_1 - INFO - Step 75524: Avg Reward=500.00, Running Avg=93.39, Episodes=2
2025-08-01 08:42:01,061 - cartpole_ppo_wandb_seed_1 - INFO - Step 77001: Avg Reward=408.33, Running Avg=94.62, Episodes=3
2025-08-01 08:42:02,604 - cartpole_ppo_wandb_seed_1 - INFO - Step 78018: Avg Reward=325.00, Running Avg=95.22, Episodes=2
2025-08-01 08:42:03,047 - cartpole_ppo_wandb_seed_1 - INFO - Episode 770: Reward=379.00, Length=379, Avg Reward (last 10)=405.00
2025-08-01 08:42:03,783 - cartpole_ppo_wandb_seed_1 - INFO - Step 79027: Avg Reward=336.33, Running Avg=96.15, Episodes=3
2025-08-01 08:42:05,685 - cartpole_ppo_wandb_seed_1 - INFO - Step 80372: Avg Reward=324.50, Running Avg=97.33, Episodes=4
2025-08-01 08:42:06,795 - cartpole_ppo_wandb_seed_1 - INFO - Step 81372: Avg Reward=500.00, Running Avg=98.36, Episodes=2
2025-08-01 08:42:08,778 - cartpole_ppo_wandb_seed_1 - INFO - Step 82420: Avg Reward=500.00, Running Avg=99.39, Episodes=2
2025-08-01 08:42:08,779 - cartpole_ppo_wandb_seed_1 - INFO - Episode 780: Reward=500.00, Length=500, Avg Reward (last 10)=392.80
2025-08-01 08:42:09,935 - cartpole_ppo_wandb_seed_1 - INFO - Step 83420: Avg Reward=500.00, Running Avg=100.42, Episodes=2
2025-08-01 08:42:17,565 - cartpole_ppo_wandb_seed_1 - INFO - Step 84468: Avg Reward=500.00, Running Avg=101.43, Episodes=2
2025-08-01 08:42:18,738 - cartpole_ppo_wandb_seed_1 - INFO - Step 85468: Avg Reward=500.00, Running Avg=102.45, Episodes=2
2025-08-01 08:42:21,130 - cartpole_ppo_wandb_seed_1 - INFO - Step 86516: Avg Reward=500.00, Running Avg=103.45, Episodes=2
2025-08-01 08:42:22,296 - cartpole_ppo_wandb_seed_1 - INFO - Step 87516: Avg Reward=500.00, Running Avg=104.46, Episodes=2
2025-08-01 08:42:22,297 - cartpole_ppo_wandb_seed_1 - INFO - Episode 790: Reward=500.00, Length=500, Avg Reward (last 10)=500.00
2025-08-01 08:42:24,291 - cartpole_ppo_wandb_seed_1 - INFO - Step 88564: Avg Reward=500.00, Running Avg=105.45, Episodes=2
2025-08-01 08:42:25,304 - cartpole_ppo_wandb_seed_1 - INFO - Step 89564: Avg Reward=500.00, Running Avg=106.45, Episodes=2
2025-08-01 08:42:27,300 - cartpole_ppo_wandb_seed_1 - INFO - Step 90612: Avg Reward=350.50, Running Avg=107.06, Episodes=2
2025-08-01 08:42:28,453 - cartpole_ppo_wandb_seed_1 - INFO - Step 91612: Avg Reward=500.00, Running Avg=108.04, Episodes=2
2025-08-01 08:42:29,992 - cartpole_ppo_wandb_seed_1 - INFO - Step 92660: Avg Reward=500.00, Running Avg=109.02, Episodes=2
2025-08-01 08:42:29,992 - cartpole_ppo_wandb_seed_1 - INFO - Episode 800: Reward=500.00, Length=500, Avg Reward (last 10)=470.10
2025-08-01 08:42:31,152 - cartpole_ppo_wandb_seed_1 - INFO - Step 93660: Avg Reward=500.00, Running Avg=110.00, Episodes=2
2025-08-01 08:42:33,128 - cartpole_ppo_wandb_seed_1 - INFO - Step 94708: Avg Reward=500.00, Running Avg=110.96, Episodes=2
2025-08-01 08:42:34,248 - cartpole_ppo_wandb_seed_1 - INFO - Step 95708: Avg Reward=500.00, Running Avg=111.93, Episodes=2
2025-08-01 08:42:36,205 - cartpole_ppo_wandb_seed_1 - INFO - Step 96756: Avg Reward=500.00, Running Avg=112.89, Episodes=2
2025-08-01 08:42:37,360 - cartpole_ppo_wandb_seed_1 - INFO - Step 97756: Avg Reward=500.00, Running Avg=113.84, Episodes=2
2025-08-01 08:42:37,360 - cartpole_ppo_wandb_seed_1 - INFO - Episode 810: Reward=500.00, Length=500, Avg Reward (last 10)=500.00
2025-08-01 08:42:39,481 - cartpole_ppo_wandb_seed_1 - INFO - Step 98804: Avg Reward=500.00, Running Avg=114.79, Episodes=2
2025-08-01 08:42:40,948 - cartpole_ppo_wandb_seed_1 - INFO - Step 100067: Avg Reward=421.00, Running Avg=115.92, Episodes=3
2025-08-01 08:42:43,200 - cartpole_ppo_wandb_seed_1 - INFO - Step 101352: Avg Reward=500.00, Running Avg=116.86, Episodes=2
2025-08-01 08:42:44,287 - cartpole_ppo_wandb_seed_1 - INFO - Step 102352: Avg Reward=500.00, Running Avg=117.79, Episodes=2
2025-08-01 08:42:45,707 - cartpole_ppo_wandb_seed_1 - INFO - Episode 820: Reward=500.00, Length=500, Avg Reward (last 10)=476.30
2025-08-01 08:42:46,295 - cartpole_ppo_wandb_seed_1 - INFO - Step 103400: Avg Reward=500.00, Running Avg=118.72, Episodes=2
2025-08-01 08:42:47,456 - cartpole_ppo_wandb_seed_1 - INFO - Step 104400: Avg Reward=500.00, Running Avg=119.65, Episodes=2
2025-08-01 08:42:55,227 - cartpole_ppo_wandb_seed_1 - INFO - Step 105448: Avg Reward=500.00, Running Avg=120.57, Episodes=2
2025-08-01 08:42:56,437 - cartpole_ppo_wandb_seed_1 - INFO - Step 106448: Avg Reward=500.00, Running Avg=121.48, Episodes=2
2025-08-01 08:42:58,803 - cartpole_ppo_wandb_seed_1 - INFO - Step 107496: Avg Reward=500.00, Running Avg=122.40, Episodes=2
2025-08-01 08:42:59,408 - cartpole_ppo_wandb_seed_1 - INFO - Episode 830: Reward=500.00, Length=500, Avg Reward (last 10)=500.00
2025-08-01 08:43:00,006 - cartpole_ppo_wandb_seed_1 - INFO - Step 108496: Avg Reward=500.00, Running Avg=123.30, Episodes=2
2025-08-01 08:43:01,554 - cartpole_ppo_wandb_seed_1 - INFO - Step 109544: Avg Reward=500.00, Running Avg=124.21, Episodes=2
2025-08-01 08:43:02,776 - cartpole_ppo_wandb_seed_1 - INFO - Step 110544: Avg Reward=500.00, Running Avg=125.11, Episodes=2
2025-08-01 08:43:04,395 - cartpole_ppo_wandb_seed_1 - INFO - Step 111592: Avg Reward=500.00, Running Avg=126.00, Episodes=2
2025-08-01 08:43:05,551 - cartpole_ppo_wandb_seed_1 - INFO - Step 112592: Avg Reward=500.00, Running Avg=126.89, Episodes=2
2025-08-01 08:43:06,649 - cartpole_ppo_wandb_seed_1 - INFO - Episode 840: Reward=500.00, Length=500, Avg Reward (last 10)=500.00
2025-08-01 08:43:07,232 - cartpole_ppo_wandb_seed_1 - INFO - Step 113640: Avg Reward=500.00, Running Avg=127.78, Episodes=2
2025-08-01 08:43:08,384 - cartpole_ppo_wandb_seed_1 - INFO - Step 114640: Avg Reward=500.00, Running Avg=128.66, Episodes=2
2025-08-01 08:43:09,970 - cartpole_ppo_wandb_seed_1 - INFO - Step 115688: Avg Reward=500.00, Running Avg=129.54, Episodes=2
2025-08-01 08:43:11,169 - cartpole_ppo_wandb_seed_1 - INFO - Step 116688: Avg Reward=500.00, Running Avg=130.41, Episodes=2
2025-08-01 08:43:12,661 - cartpole_ppo_wandb_seed_1 - INFO - Step 117736: Avg Reward=500.00, Running Avg=131.28, Episodes=2
2025-08-01 08:43:13,267 - cartpole_ppo_wandb_seed_1 - INFO - Episode 850: Reward=500.00, Length=500, Avg Reward (last 10)=500.00
2025-08-01 08:43:13,872 - cartpole_ppo_wandb_seed_1 - INFO - Step 118736: Avg Reward=500.00, Running Avg=132.15, Episodes=2
2025-08-01 08:43:15,512 - cartpole_ppo_wandb_seed_1 - INFO - Step 119784: Avg Reward=500.00, Running Avg=133.01, Episodes=2
2025-08-01 08:43:16,470 - cartpole_ppo_wandb_seed_1 - INFO - Step 120784: Avg Reward=500.00, Running Avg=133.87, Episodes=2
2025-08-01 08:43:18,168 - cartpole_ppo_wandb_seed_1 - INFO - Step 121832: Avg Reward=500.00, Running Avg=134.72, Episodes=2
2025-08-01 08:43:19,352 - cartpole_ppo_wandb_seed_1 - INFO - Step 122832: Avg Reward=500.00, Running Avg=135.57, Episodes=2
2025-08-01 08:43:20,309 - cartpole_ppo_wandb_seed_1 - INFO - Episode 860: Reward=500.00, Length=500, Avg Reward (last 10)=500.00
2025-08-01 08:43:20,845 - cartpole_ppo_wandb_seed_1 - INFO - Step 123880: Avg Reward=500.00, Running Avg=136.41, Episodes=2
2025-08-01 08:43:22,006 - cartpole_ppo_wandb_seed_1 - INFO - Step 124880: Avg Reward=500.00, Running Avg=137.26, Episodes=2
2025-08-01 08:43:29,758 - cartpole_ppo_wandb_seed_1 - INFO - Step 125928: Avg Reward=500.00, Running Avg=138.09, Episodes=2
2025-08-01 08:43:30,976 - cartpole_ppo_wandb_seed_1 - INFO - Step 126928: Avg Reward=500.00, Running Avg=138.93, Episodes=2
2025-08-01 08:43:36,006 - cartpole_ppo_wandb_seed_1 - INFO - Step 127976: Avg Reward=500.00, Running Avg=139.76, Episodes=2
2025-08-01 08:43:37,831 - cartpole_ppo_wandb_seed_1 - INFO - Episode 870: Reward=500.00, Length=500, Avg Reward (last 10)=500.00
2025-08-01 08:43:39,651 - cartpole_ppo_wandb_seed_1 - INFO - Step 128976: Avg Reward=500.00, Running Avg=140.58, Episodes=2
2025-08-01 08:43:44,813 - cartpole_ppo_wandb_seed_1 - INFO - Step 130024: Avg Reward=500.00, Running Avg=141.41, Episodes=2
2025-08-01 08:43:48,596 - cartpole_ppo_wandb_seed_1 - INFO - Step 131024: Avg Reward=500.00, Running Avg=142.22, Episodes=2
2025-08-01 08:43:53,834 - cartpole_ppo_wandb_seed_1 - INFO - Step 132072: Avg Reward=500.00, Running Avg=143.04, Episodes=2
2025-08-01 08:43:57,736 - cartpole_ppo_wandb_seed_1 - INFO - Step 133072: Avg Reward=500.00, Running Avg=143.85, Episodes=2
2025-08-01 08:44:00,510 - cartpole_ppo_wandb_seed_1 - INFO - Episode 880: Reward=500.00, Length=500, Avg Reward (last 10)=500.00
2025-08-01 08:44:02,497 - cartpole_ppo_wandb_seed_1 - INFO - Step 134120: Avg Reward=500.00, Running Avg=144.66, Episodes=2
2025-08-01 08:44:06,452 - cartpole_ppo_wandb_seed_1 - INFO - Step 135120: Avg Reward=500.00, Running Avg=145.46, Episodes=2
2025-08-01 08:44:11,309 - cartpole_ppo_wandb_seed_1 - INFO - Step 136168: Avg Reward=500.00, Running Avg=146.26, Episodes=2
2025-08-01 08:44:15,341 - cartpole_ppo_wandb_seed_1 - INFO - Step 137168: Avg Reward=500.00, Running Avg=147.06, Episodes=2
2025-08-01 08:44:20,529 - cartpole_ppo_wandb_seed_1 - INFO - Step 138316: Avg Reward=366.67, Running Avg=147.80, Episodes=3
2025-08-01 08:44:20,530 - cartpole_ppo_wandb_seed_1 - INFO - Episode 890: Reward=316.00, Length=316, Avg Reward (last 10)=460.00
2025-08-01 08:44:26,097 - cartpole_ppo_wandb_seed_1 - INFO - Step 139571: Avg Reward=307.00, Running Avg=148.33, Episodes=3
2025-08-01 08:44:31,034 - cartpole_ppo_wandb_seed_1 - INFO - Step 140801: Avg Reward=410.00, Running Avg=149.21, Episodes=3
2025-08-01 08:44:37,435 - cartpole_ppo_wandb_seed_1 - INFO - Step 142256: Avg Reward=353.25, Running Avg=150.11, Episodes=4
2025-08-01 08:44:37,435 - cartpole_ppo_wandb_seed_1 - INFO - Episode 900: Reward=500.00, Length=500, Avg Reward (last 10)=356.40
2025-08-01 08:44:41,391 - cartpole_ppo_wandb_seed_1 - INFO - Step 143256: Avg Reward=500.00, Running Avg=150.89, Episodes=2
2025-08-01 08:44:46,493 - cartpole_ppo_wandb_seed_1 - INFO - Step 144360: Avg Reward=500.00, Running Avg=151.66, Episodes=2
2025-08-01 08:44:50,644 - cartpole_ppo_wandb_seed_1 - INFO - Step 145360: Avg Reward=500.00, Running Avg=152.43, Episodes=2
2025-08-01 08:45:11,883 - cartpole_ppo_wandb_seed_1 - INFO - Step 146588: Avg Reward=393.33, Running Avg=153.22, Episodes=3
2025-08-01 08:45:13,163 - cartpole_ppo_wandb_seed_1 - INFO - Episode 910: Reward=307.00, Length=307, Avg Reward (last 10)=448.70
2025-08-01 08:45:18,260 - cartpole_ppo_wandb_seed_1 - INFO - Step 147791: Avg Reward=285.00, Running Avg=153.80, Episodes=4
2025-08-01 08:45:22,503 - cartpole_ppo_wandb_seed_1 - INFO - Step 148821: Avg Reward=343.33, Running Avg=154.42, Episodes=3
2025-08-01 08:45:28,603 - cartpole_ppo_wandb_seed_1 - INFO - Step 150184: Avg Reward=324.33, Running Avg=154.97, Episodes=3
2025-08-01 08:45:29,517 - cartpole_ppo_wandb_seed_1 - INFO - Episode 920: Reward=227.00, Length=227, Avg Reward (last 10)=306.30
2025-08-01 08:45:36,688 - cartpole_ppo_wandb_seed_1 - INFO - Step 152052: Avg Reward=295.80, Running Avg=155.74, Episodes=5
2025-08-01 08:45:40,775 - cartpole_ppo_wandb_seed_1 - INFO - Step 153052: Avg Reward=500.00, Running Avg=156.48, Episodes=2
2025-08-01 08:45:46,128 - cartpole_ppo_wandb_seed_1 - INFO - Step 154100: Avg Reward=500.00, Running Avg=157.22, Episodes=2
2025-08-01 08:45:50,182 - cartpole_ppo_wandb_seed_1 - INFO - Step 155100: Avg Reward=500.00, Running Avg=157.95, Episodes=2
2025-08-01 08:45:50,183 - cartpole_ppo_wandb_seed_1 - INFO - Episode 930: Reward=500.00, Length=500, Avg Reward (last 10)=425.20
2025-08-01 08:45:55,420 - cartpole_ppo_wandb_seed_1 - INFO - Step 156148: Avg Reward=500.00, Running Avg=158.69, Episodes=2
2025-08-01 08:45:59,428 - cartpole_ppo_wandb_seed_1 - INFO - Step 157148: Avg Reward=500.00, Running Avg=159.42, Episodes=2
2025-08-01 08:46:04,180 - cartpole_ppo_wandb_seed_1 - INFO - Step 158196: Avg Reward=500.00, Running Avg=160.14, Episodes=2
2025-08-01 08:46:05,341 - cartpole_ppo_wandb_seed_1 - INFO - Step 159196: Avg Reward=500.00, Running Avg=160.87, Episodes=2
2025-08-01 08:46:07,415 - cartpole_ppo_wandb_seed_1 - INFO - Step 160244: Avg Reward=500.00, Running Avg=161.59, Episodes=2
2025-08-01 08:46:07,415 - cartpole_ppo_wandb_seed_1 - INFO - Episode 940: Reward=500.00, Length=500, Avg Reward (last 10)=500.00
2025-08-01 08:46:08,548 - cartpole_ppo_wandb_seed_1 - INFO - Step 161244: Avg Reward=500.00, Running Avg=162.31, Episodes=2
2025-08-01 08:46:10,583 - cartpole_ppo_wandb_seed_1 - INFO - Step 162292: Avg Reward=500.00, Running Avg=163.02, Episodes=2
2025-08-01 08:46:11,783 - cartpole_ppo_wandb_seed_1 - INFO - Step 163292: Avg Reward=500.00, Running Avg=163.73, Episodes=2
2025-08-01 08:46:13,752 - cartpole_ppo_wandb_seed_1 - INFO - Step 164340: Avg Reward=500.00, Running Avg=164.44, Episodes=2
2025-08-01 08:46:14,968 - cartpole_ppo_wandb_seed_1 - INFO - Step 165340: Avg Reward=500.00, Running Avg=165.15, Episodes=2
2025-08-01 08:46:14,968 - cartpole_ppo_wandb_seed_1 - INFO - Episode 950: Reward=500.00, Length=500, Avg Reward (last 10)=500.00
2025-08-01 08:46:22,466 - cartpole_ppo_wandb_seed_1 - INFO - Step 166388: Avg Reward=500.00, Running Avg=165.85, Episodes=2
2025-08-01 08:46:23,703 - cartpole_ppo_wandb_seed_1 - INFO - Step 167388: Avg Reward=500.00, Running Avg=166.55, Episodes=2
2025-08-01 08:46:26,070 - cartpole_ppo_wandb_seed_1 - INFO - Step 168436: Avg Reward=500.00, Running Avg=167.25, Episodes=2
2025-08-01 08:46:27,287 - cartpole_ppo_wandb_seed_1 - INFO - Step 169436: Avg Reward=500.00, Running Avg=167.94, Episodes=2
2025-08-01 08:46:29,259 - cartpole_ppo_wandb_seed_1 - INFO - Step 170484: Avg Reward=500.00, Running Avg=168.63, Episodes=2
2025-08-01 08:46:29,260 - cartpole_ppo_wandb_seed_1 - INFO - Episode 960: Reward=500.00, Length=500, Avg Reward (last 10)=500.00
2025-08-01 08:46:30,449 - cartpole_ppo_wandb_seed_1 - INFO - Step 171484: Avg Reward=500.00, Running Avg=169.32, Episodes=2
2025-08-01 08:46:32,071 - cartpole_ppo_wandb_seed_1 - INFO - Step 172532: Avg Reward=500.00, Running Avg=170.01, Episodes=2
2025-08-01 08:46:33,176 - cartpole_ppo_wandb_seed_1 - INFO - Step 173532: Avg Reward=500.00, Running Avg=170.69, Episodes=2
2025-08-01 08:46:34,715 - cartpole_ppo_wandb_seed_1 - INFO - Step 174580: Avg Reward=500.00, Running Avg=171.37, Episodes=2
2025-08-01 08:46:35,865 - cartpole_ppo_wandb_seed_1 - INFO - Step 175580: Avg Reward=500.00, Running Avg=172.04, Episodes=2
2025-08-01 08:46:35,866 - cartpole_ppo_wandb_seed_1 - INFO - Episode 970: Reward=500.00, Length=500, Avg Reward (last 10)=500.00
2025-08-01 08:46:37,454 - cartpole_ppo_wandb_seed_1 - INFO - Step 176628: Avg Reward=348.00, Running Avg=172.41, Episodes=2
2025-08-01 08:46:39,267 - cartpole_ppo_wandb_seed_1 - INFO - Step 178111: Avg Reward=494.33, Running Avg=173.40, Episodes=3
2025-08-01 08:46:41,364 - cartpole_ppo_wandb_seed_1 - INFO - Step 179176: Avg Reward=500.00, Running Avg=174.06, Episodes=2
2025-08-01 08:46:42,579 - cartpole_ppo_wandb_seed_1 - INFO - Step 180176: Avg Reward=500.00, Running Avg=174.73, Episodes=2
2025-08-01 08:46:44,643 - cartpole_ppo_wandb_seed_1 - INFO - Episode 980: Reward=500.00, Length=500, Avg Reward (last 10)=467.90
2025-08-01 08:46:46,505 - cartpole_ppo_wandb_seed_1 - INFO - Step 181224: Avg Reward=500.00, Running Avg=175.39, Episodes=2
2025-08-01 08:46:50,346 - cartpole_ppo_wandb_seed_1 - INFO - Step 182224: Avg Reward=500.00, Running Avg=176.05, Episodes=2
2025-08-01 08:46:54,912 - cartpole_ppo_wandb_seed_1 - INFO - Step 183272: Avg Reward=500.00, Running Avg=176.71, Episodes=2
2025-08-01 08:46:58,741 - cartpole_ppo_wandb_seed_1 - INFO - Step 184272: Avg Reward=500.00, Running Avg=177.36, Episodes=2
2025-08-01 08:47:03,904 - cartpole_ppo_wandb_seed_1 - INFO - Step 185320: Avg Reward=500.00, Running Avg=178.01, Episodes=2
2025-08-01 08:47:05,767 - cartpole_ppo_wandb_seed_1 - INFO - Episode 990: Reward=500.00, Length=500, Avg Reward (last 10)=500.00
2025-08-01 08:47:07,729 - cartpole_ppo_wandb_seed_1 - INFO - Step 186320: Avg Reward=500.00, Running Avg=178.66, Episodes=2
2025-08-01 08:47:33,025 - cartpole_ppo_wandb_seed_1 - INFO - Step 187368: Avg Reward=500.00, Running Avg=179.31, Episodes=2
2025-08-01 08:47:37,102 - cartpole_ppo_wandb_seed_1 - INFO - Step 188368: Avg Reward=500.00, Running Avg=179.95, Episodes=2
2025-08-01 08:47:42,303 - cartpole_ppo_wandb_seed_1 - INFO - Step 189416: Avg Reward=500.00, Running Avg=180.60, Episodes=2
2025-08-01 08:47:46,386 - cartpole_ppo_wandb_seed_1 - INFO - Step 190416: Avg Reward=500.00, Running Avg=181.23, Episodes=2
2025-08-01 08:47:49,677 - cartpole_ppo_wandb_seed_1 - INFO - Episode 1000: Reward=500.00, Length=500, Avg Reward (last 10)=500.00
2025-08-01 08:47:51,735 - cartpole_ppo_wandb_seed_1 - INFO - Step 191464: Avg Reward=500.00, Running Avg=181.87, Episodes=2
2025-08-01 08:47:55,793 - cartpole_ppo_wandb_seed_1 - INFO - Step 192464: Avg Reward=500.00, Running Avg=182.50, Episodes=2
2025-08-01 08:48:01,102 - cartpole_ppo_wandb_seed_1 - INFO - Step 193512: Avg Reward=500.00, Running Avg=183.14, Episodes=2
2025-08-01 08:48:05,131 - cartpole_ppo_wandb_seed_1 - INFO - Step 194512: Avg Reward=500.00, Running Avg=183.76, Episodes=2
2025-08-01 08:48:10,152 - cartpole_ppo_wandb_seed_1 - INFO - Step 195560: Avg Reward=500.00, Running Avg=184.39, Episodes=2
2025-08-01 08:48:12,225 - cartpole_ppo_wandb_seed_1 - INFO - Episode 1010: Reward=500.00, Length=500, Avg Reward (last 10)=500.00
2025-08-01 08:48:14,242 - cartpole_ppo_wandb_seed_1 - INFO - Step 196560: Avg Reward=500.00, Running Avg=185.01, Episodes=2
2025-08-01 08:48:19,422 - cartpole_ppo_wandb_seed_1 - INFO - Step 197608: Avg Reward=500.00, Running Avg=185.64, Episodes=2
2025-08-01 08:48:23,450 - cartpole_ppo_wandb_seed_1 - INFO - Step 198608: Avg Reward=500.00, Running Avg=186.25, Episodes=2
2025-08-01 08:48:28,444 - cartpole_ppo_wandb_seed_1 - INFO - Step 199656: Avg Reward=500.00, Running Avg=186.87, Episodes=2
2025-08-01 08:48:32,658 - cartpole_ppo_wandb_seed_1 - INFO - Step 200656: Avg Reward=500.00, Running Avg=187.48, Episodes=2
2025-08-01 08:48:35,560 - cartpole_ppo_wandb_seed_1 - INFO - Episode 1020: Reward=500.00, Length=500, Avg Reward (last 10)=500.00
2025-08-01 08:48:37,669 - cartpole_ppo_wandb_seed_1 - INFO - Step 201704: Avg Reward=500.00, Running Avg=188.10, Episodes=2
2025-08-01 08:48:41,886 - cartpole_ppo_wandb_seed_1 - INFO - Step 202704: Avg Reward=500.00, Running Avg=188.71, Episodes=2
2025-08-01 08:48:46,760 - cartpole_ppo_wandb_seed_1 - INFO - Step 203752: Avg Reward=500.00, Running Avg=189.31, Episodes=2
2025-08-01 08:48:50,857 - cartpole_ppo_wandb_seed_1 - INFO - Step 204752: Avg Reward=500.00, Running Avg=189.92, Episodes=2
2025-08-01 08:48:51,708 - cartpole_ppo_wandb_seed_1 - INFO - Metrics saved to results/cartpole_ppo_wandb/seed_1/metrics.json
2025-08-01 08:48:54,242 - cartpole_ppo_wandb_seed_1 - INFO - Experiment completed.
