2025-07-21 14:56:52,933 - cartpole_trpo_wandb_seed_0 - INFO - Hyperparameters:
2025-07-21 14:56:52,934 - cartpole_trpo_wandb_seed_0 - INFO -   environment: {'name': 'CartPole-v1', 'seed': 42}
2025-07-21 14:56:52,935 - cartpole_trpo_wandb_seed_0 - INFO -   algorithm: {'name': 'TRPO', 'lr': '3e-4', 'gamma': 0.99, 'gae_lambda': 0.95, 'max_kl': 0.005, 'damping': 0.2, 'has_continuous_action_space': False, 'action_std_init': 0.6}
2025-07-21 14:56:52,935 - cartpole_trpo_wandb_seed_0 - INFO -   network: {'hidden_dims': [64, 64], 'activation': 'tanh'}
2025-07-21 14:56:52,940 - cartpole_trpo_wandb_seed_0 - INFO -   training: {'max_episodes': 100, 'max_steps_per_episode': 500, 'update_interval': 2048, 'eval_interval': 10, 'save_interval': 300, 'log_interval': 10}
2025-07-21 14:56:52,941 - cartpole_trpo_wandb_seed_0 - INFO -   experiment: {'name': 'cartpole_trpo_wandb', 'seeds': [0, 1, 2], 'device': 'cpu', 'save_dir': 'results/cartpole_trpo_wandb'}
2025-07-21 14:56:52,941 - cartpole_trpo_wandb_seed_0 - INFO -   logging: {'tensorboard': False, 'save_metrics': True, 'plot_interval': 25, 'use_wandb': True, 'wandb_project': 'rl-framework-cartpole', 'wandb_entity': 'tatalintelli-university-of-seoul'}
2025-07-21 14:56:53,144 - cartpole_trpo_wandb_seed_0 - INFO - Episode 0: Reward=17.00, Length=17, Avg Reward (last 10)=17.00
2025-07-21 14:56:53,857 - cartpole_trpo_wandb_seed_0 - INFO - Episode 10: Reward=33.00, Length=33, Avg Reward (last 10)=38.70
2025-07-21 14:56:54,229 - cartpole_trpo_wandb_seed_0 - INFO - Episode 20: Reward=27.00, Length=27, Avg Reward (last 10)=16.80
2025-07-21 14:56:54,585 - cartpole_trpo_wandb_seed_0 - INFO - Episode 30: Reward=22.00, Length=22, Avg Reward (last 10)=22.80
2025-07-21 14:56:54,940 - cartpole_trpo_wandb_seed_0 - INFO - Episode 40: Reward=16.00, Length=16, Avg Reward (last 10)=23.20
2025-07-21 14:56:55,264 - cartpole_trpo_wandb_seed_0 - INFO - Episode 50: Reward=16.00, Length=16, Avg Reward (last 10)=26.90
2025-07-21 14:56:55,620 - cartpole_trpo_wandb_seed_0 - INFO - Episode 60: Reward=27.00, Length=27, Avg Reward (last 10)=26.20
2025-07-21 14:56:56,066 - cartpole_trpo_wandb_seed_0 - INFO - Episode 70: Reward=31.00, Length=31, Avg Reward (last 10)=31.50
2025-07-21 14:56:57,618 - cartpole_trpo_wandb_seed_0 - INFO - Episode 80: Reward=26.00, Length=26, Avg Reward (last 10)=29.00
2025-07-21 14:56:57,879 - cartpole_trpo_wandb_seed_0 - INFO - Episode 90: Reward=22.00, Length=22, Avg Reward (last 10)=21.50
2025-07-21 14:56:58,194 - cartpole_trpo_wandb_seed_0 - INFO - Episode 100: Reward=29.00, Length=29, Avg Reward (last 10)=21.50
2025-07-21 14:56:58,518 - cartpole_trpo_wandb_seed_0 - INFO - Episode 110: Reward=19.00, Length=19, Avg Reward (last 10)=22.70
2025-07-21 14:56:58,842 - cartpole_trpo_wandb_seed_0 - INFO - Episode 120: Reward=31.00, Length=31, Avg Reward (last 10)=27.80
2025-07-21 14:56:59,135 - cartpole_trpo_wandb_seed_0 - INFO - Episode 130: Reward=17.00, Length=17, Avg Reward (last 10)=24.40
2025-07-21 14:56:59,411 - cartpole_trpo_wandb_seed_0 - INFO - Episode 140: Reward=19.00, Length=19, Avg Reward (last 10)=25.50
2025-07-21 14:56:59,753 - cartpole_trpo_wandb_seed_0 - INFO - Episode 150: Reward=28.00, Length=28, Avg Reward (last 10)=27.20
2025-07-21 14:56:59,989 - cartpole_trpo_wandb_seed_0 - INFO - Episode 160: Reward=23.00, Length=23, Avg Reward (last 10)=17.70
2025-07-21 14:57:01,021 - cartpole_trpo_wandb_seed_0 - INFO - Episode 170: Reward=14.00, Length=14, Avg Reward (last 10)=24.30
2025-07-21 14:57:01,289 - cartpole_trpo_wandb_seed_0 - INFO - Episode 180: Reward=20.00, Length=20, Avg Reward (last 10)=25.60
2025-07-21 14:57:01,674 - cartpole_trpo_wandb_seed_0 - INFO - Episode 190: Reward=33.00, Length=33, Avg Reward (last 10)=30.50
2025-07-21 14:57:02,457 - cartpole_trpo_wandb_seed_0 - INFO - Episode 200: Reward=23.00, Length=23, Avg Reward (last 10)=44.90
2025-07-21 14:57:03,106 - cartpole_trpo_wandb_seed_0 - INFO - Episode 210: Reward=64.00, Length=64, Avg Reward (last 10)=33.70
2025-07-21 14:57:03,432 - cartpole_trpo_wandb_seed_0 - INFO - Episode 220: Reward=65.00, Length=65, Avg Reward (last 10)=30.00
2025-07-21 14:57:04,616 - cartpole_trpo_wandb_seed_0 - INFO - Episode 230: Reward=67.00, Length=67, Avg Reward (last 10)=36.10
2025-07-21 14:57:05,080 - cartpole_trpo_wandb_seed_0 - INFO - Episode 240: Reward=31.00, Length=31, Avg Reward (last 10)=42.60
2025-07-21 14:57:05,416 - cartpole_trpo_wandb_seed_0 - INFO - Episode 250: Reward=17.00, Length=17, Avg Reward (last 10)=27.10
2025-07-21 14:57:05,846 - cartpole_trpo_wandb_seed_0 - INFO - Episode 260: Reward=56.00, Length=56, Avg Reward (last 10)=37.00
2025-07-21 14:57:06,185 - cartpole_trpo_wandb_seed_0 - INFO - Episode 270: Reward=14.00, Length=14, Avg Reward (last 10)=31.60
2025-07-21 14:57:06,554 - cartpole_trpo_wandb_seed_0 - INFO - Episode 280: Reward=25.00, Length=25, Avg Reward (last 10)=21.00
2025-07-21 14:57:06,930 - cartpole_trpo_wandb_seed_0 - INFO - Episode 290: Reward=18.00, Length=18, Avg Reward (last 10)=22.20
2025-07-21 14:57:08,492 - cartpole_trpo_wandb_seed_0 - INFO - Episode 300: Reward=67.00, Length=67, Avg Reward (last 10)=60.80
2025-07-21 14:57:08,976 - cartpole_trpo_wandb_seed_0 - INFO - Episode 310: Reward=44.00, Length=44, Avg Reward (last 10)=46.70
2025-07-21 14:57:09,455 - cartpole_trpo_wandb_seed_0 - INFO - Episode 320: Reward=31.00, Length=31, Avg Reward (last 10)=48.00
2025-07-21 14:57:10,826 - cartpole_trpo_wandb_seed_0 - INFO - Episode 330: Reward=60.00, Length=60, Avg Reward (last 10)=67.10
2025-07-21 14:57:12,019 - cartpole_trpo_wandb_seed_0 - INFO - Episode 340: Reward=18.00, Length=18, Avg Reward (last 10)=77.20
2025-07-21 14:57:13,385 - cartpole_trpo_wandb_seed_0 - INFO - Episode 350: Reward=49.00, Length=49, Avg Reward (last 10)=83.90
2025-07-21 14:57:15,976 - cartpole_trpo_wandb_seed_0 - INFO - Episode 360: Reward=237.00, Length=237, Avg Reward (last 10)=103.80
2025-07-21 14:57:16,604 - cartpole_trpo_wandb_seed_0 - INFO - Episode 370: Reward=20.00, Length=20, Avg Reward (last 10)=50.80
2025-07-21 14:57:19,183 - cartpole_trpo_wandb_seed_0 - INFO - Episode 380: Reward=94.00, Length=94, Avg Reward (last 10)=142.70
2025-07-21 14:57:22,304 - cartpole_trpo_wandb_seed_0 - INFO - Episode 390: Reward=132.00, Length=132, Avg Reward (last 10)=198.80
2025-07-21 14:57:25,236 - cartpole_trpo_wandb_seed_0 - INFO - Episode 400: Reward=500.00, Length=500, Avg Reward (last 10)=175.60
2025-07-21 14:57:33,970 - cartpole_trpo_wandb_seed_0 - INFO - Episode 410: Reward=500.00, Length=500, Avg Reward (last 10)=297.60
2025-07-21 14:57:44,938 - cartpole_trpo_wandb_seed_0 - INFO - Episode 420: Reward=186.00, Length=186, Avg Reward (last 10)=338.00
2025-07-21 14:57:53,884 - cartpole_trpo_wandb_seed_0 - INFO - Episode 430: Reward=228.00, Length=228, Avg Reward (last 10)=263.90
2025-07-21 14:57:59,895 - cartpole_trpo_wandb_seed_0 - INFO - Episode 440: Reward=221.00, Length=221, Avg Reward (last 10)=201.90
2025-07-21 14:58:06,540 - cartpole_trpo_wandb_seed_0 - INFO - Episode 450: Reward=199.00, Length=199, Avg Reward (last 10)=224.90
2025-07-21 14:58:10,135 - cartpole_trpo_wandb_seed_0 - INFO - Episode 460: Reward=119.00, Length=119, Avg Reward (last 10)=194.80
2025-07-21 14:58:15,657 - cartpole_trpo_wandb_seed_0 - INFO - Episode 470: Reward=107.00, Length=107, Avg Reward (last 10)=151.60
2025-07-21 14:58:18,271 - cartpole_trpo_wandb_seed_0 - INFO - Episode 480: Reward=104.00, Length=104, Avg Reward (last 10)=132.80
2025-07-21 14:58:19,995 - cartpole_trpo_wandb_seed_0 - INFO - Episode 490: Reward=135.00, Length=135, Avg Reward (last 10)=159.20
2025-07-21 14:58:24,147 - cartpole_trpo_wandb_seed_0 - INFO - Episode 500: Reward=104.00, Length=104, Avg Reward (last 10)=133.40
2025-07-21 14:58:30,824 - cartpole_trpo_wandb_seed_0 - INFO - Episode 510: Reward=112.00, Length=112, Avg Reward (last 10)=116.00
2025-07-21 14:58:32,632 - cartpole_trpo_wandb_seed_0 - INFO - Episode 520: Reward=138.00, Length=138, Avg Reward (last 10)=113.30
2025-07-21 14:58:35,559 - cartpole_trpo_wandb_seed_0 - INFO - Episode 530: Reward=141.00, Length=141, Avg Reward (last 10)=139.40
2025-07-21 14:58:38,761 - cartpole_trpo_wandb_seed_0 - INFO - Episode 540: Reward=183.00, Length=183, Avg Reward (last 10)=148.70
2025-07-21 14:58:41,315 - cartpole_trpo_wandb_seed_0 - INFO - Episode 550: Reward=187.00, Length=187, Avg Reward (last 10)=177.50
2025-07-21 14:58:45,957 - cartpole_trpo_wandb_seed_0 - INFO - Episode 560: Reward=189.00, Length=189, Avg Reward (last 10)=189.20
2025-07-21 14:58:49,752 - cartpole_trpo_wandb_seed_0 - INFO - Episode 570: Reward=130.00, Length=130, Avg Reward (last 10)=169.80
2025-07-21 14:58:55,358 - cartpole_trpo_wandb_seed_0 - INFO - Episode 580: Reward=245.00, Length=245, Avg Reward (last 10)=228.60
2025-07-21 14:58:58,954 - cartpole_trpo_wandb_seed_0 - INFO - Episode 590: Reward=181.00, Length=181, Avg Reward (last 10)=169.90
2025-07-21 14:59:03,894 - cartpole_trpo_wandb_seed_0 - INFO - Episode 600: Reward=326.00, Length=326, Avg Reward (last 10)=241.70
2025-07-21 14:59:09,924 - cartpole_trpo_wandb_seed_0 - INFO - Episode 610: Reward=129.00, Length=129, Avg Reward (last 10)=187.50
2025-07-21 14:59:26,516 - cartpole_trpo_wandb_seed_0 - INFO - Episode 620: Reward=177.00, Length=177, Avg Reward (last 10)=343.50
2025-07-21 14:59:36,621 - cartpole_trpo_wandb_seed_0 - INFO - Episode 630: Reward=500.00, Length=500, Avg Reward (last 10)=463.20
2025-07-21 14:59:51,765 - cartpole_trpo_wandb_seed_0 - INFO - Episode 640: Reward=334.00, Length=334, Avg Reward (last 10)=480.20
2025-07-21 14:59:58,862 - cartpole_trpo_wandb_seed_0 - INFO - Episode 650: Reward=345.00, Length=345, Avg Reward (last 10)=353.50
2025-07-21 15:00:15,032 - cartpole_trpo_wandb_seed_0 - INFO - Episode 660: Reward=500.00, Length=500, Avg Reward (last 10)=468.60
2025-07-21 15:00:25,229 - cartpole_trpo_wandb_seed_0 - INFO - Episode 670: Reward=199.00, Length=199, Avg Reward (last 10)=347.90
2025-07-21 15:00:37,518 - cartpole_trpo_wandb_seed_0 - INFO - Episode 680: Reward=150.00, Length=150, Avg Reward (last 10)=364.00
2025-07-21 15:00:51,508 - cartpole_trpo_wandb_seed_0 - INFO - Episode 690: Reward=500.00, Length=500, Avg Reward (last 10)=496.60
2025-07-21 15:01:01,635 - cartpole_trpo_wandb_seed_0 - INFO - Episode 700: Reward=500.00, Length=500, Avg Reward (last 10)=500.00
2025-07-21 15:01:18,614 - cartpole_trpo_wandb_seed_0 - INFO - Episode 710: Reward=500.00, Length=500, Avg Reward (last 10)=500.00
2025-07-21 15:01:29,635 - cartpole_trpo_wandb_seed_0 - INFO - Episode 720: Reward=500.00, Length=500, Avg Reward (last 10)=500.00
2025-07-21 15:01:36,182 - cartpole_trpo_wandb_seed_0 - INFO - Episode 730: Reward=500.00, Length=500, Avg Reward (last 10)=500.00
2025-07-21 15:01:44,943 - cartpole_trpo_wandb_seed_0 - INFO - Episode 740: Reward=500.00, Length=500, Avg Reward (last 10)=500.00
2025-07-21 15:02:03,451 - cartpole_trpo_wandb_seed_0 - INFO - Episode 750: Reward=500.00, Length=500, Avg Reward (last 10)=500.00
2025-07-21 15:02:14,392 - cartpole_trpo_wandb_seed_0 - INFO - Episode 760: Reward=500.00, Length=500, Avg Reward (last 10)=500.00
2025-07-21 15:02:23,994 - cartpole_trpo_wandb_seed_0 - INFO - Episode 770: Reward=500.00, Length=500, Avg Reward (last 10)=500.00
2025-07-21 15:02:33,950 - cartpole_trpo_wandb_seed_0 - INFO - Episode 780: Reward=500.00, Length=500, Avg Reward (last 10)=500.00
2025-07-21 15:02:50,703 - cartpole_trpo_wandb_seed_0 - INFO - Episode 790: Reward=500.00, Length=500, Avg Reward (last 10)=500.00
2025-07-21 15:02:55,709 - cartpole_trpo_wandb_seed_0 - INFO - Episode 800: Reward=500.00, Length=500, Avg Reward (last 10)=442.70
2025-07-21 15:03:00,291 - cartpole_trpo_wandb_seed_0 - INFO - Episode 810: Reward=500.00, Length=500, Avg Reward (last 10)=457.10
2025-07-21 15:03:05,221 - cartpole_trpo_wandb_seed_0 - INFO - Episode 820: Reward=500.00, Length=500, Avg Reward (last 10)=500.00
2025-07-21 15:03:20,700 - cartpole_trpo_wandb_seed_0 - INFO - Episode 830: Reward=500.00, Length=500, Avg Reward (last 10)=500.00
2025-07-21 15:03:28,622 - cartpole_trpo_wandb_seed_0 - INFO - Episode 840: Reward=500.00, Length=500, Avg Reward (last 10)=463.70
2025-07-21 15:03:36,603 - cartpole_trpo_wandb_seed_0 - INFO - Episode 850: Reward=500.00, Length=500, Avg Reward (last 10)=500.00
2025-07-21 15:03:46,245 - cartpole_trpo_wandb_seed_0 - INFO - Episode 860: Reward=500.00, Length=500, Avg Reward (last 10)=500.00
2025-07-21 15:03:58,488 - cartpole_trpo_wandb_seed_0 - INFO - Episode 870: Reward=500.00, Length=500, Avg Reward (last 10)=500.00
2025-07-21 15:04:07,050 - cartpole_trpo_wandb_seed_0 - INFO - Episode 880: Reward=500.00, Length=500, Avg Reward (last 10)=500.00
2025-07-21 15:04:13,995 - cartpole_trpo_wandb_seed_0 - INFO - Episode 890: Reward=500.00, Length=500, Avg Reward (last 10)=500.00
2025-07-21 15:04:22,488 - cartpole_trpo_wandb_seed_0 - INFO - Metrics saved to results/cartpole_trpo_wandb/seed_0/metrics.json
2025-07-21 15:04:24,884 - cartpole_trpo_wandb_seed_0 - INFO - Experiment completed.
