2025-07-22 01:26:01,631 - lunarlandercontinuous_ddpg_seed_1 - INFO - Hyperparameters:
2025-07-22 01:26:01,632 - lunarlandercontinuous_ddpg_seed_1 - INFO -   environment: {'name': 'LunarLanderContinuous-v3', 'seed': 42}
2025-07-22 01:26:01,633 - lunarlandercontinuous_ddpg_seed_1 - INFO -   algorithm: {'name': 'DDPG', 'lr_actor': 0.0001, 'lr_critic': 0.001, 'gamma': 0.99, 'tau': 0.001, 'buffer_size': 1000000, 'batch_size': 64, 'ou_theta': 0.15, 'ou_mu': 0.0, 'ou_sigma': 0.2, 'has_continuous_action_space': True, 'hidden1': 400, 'hidden2': 300, 'init_w': 0.003}
2025-07-22 01:26:01,634 - lunarlandercontinuous_ddpg_seed_1 - INFO -   network: {'hidden_dims': [400, 300], 'activation': 'relu'}
2025-07-22 01:26:01,635 - lunarlandercontinuous_ddpg_seed_1 - INFO -   training: {'max_episodes': 1000, 'max_steps_per_episode': 1000, 'update_interval': 500, 'eval_interval': 10, 'save_interval': 500, 'log_interval': 10}
2025-07-22 01:26:01,637 - lunarlandercontinuous_ddpg_seed_1 - INFO -   experiment: {'name': 'lunarlandercontinuous_ddpg', 'seeds': [0, 1, 2], 'device': 'cpu', 'save_dir': 'results/lunarlandercontinuous_ddpg'}
2025-07-22 01:26:01,639 - lunarlandercontinuous_ddpg_seed_1 - INFO -   logging: {'tensorboard': False, 'save_metrics': True, 'plot_interval': 50, 'use_wandb': True, 'wandb_project': 'rl-framework-lunarlandercontinuous', 'wandb_entity': 'tatalintelli-university-of-seoul'}
2025-07-22 01:26:03,461 - lunarlandercontinuous_ddpg_seed_1 - INFO - Episode 0: Reward=-406.70, Length=101, Avg Reward (last 10)=-406.70
2025-07-22 01:26:14,475 - lunarlandercontinuous_ddpg_seed_1 - INFO - Episode 10: Reward=-215.98, Length=79, Avg Reward (last 10)=-309.59
2025-07-22 01:26:33,726 - lunarlandercontinuous_ddpg_seed_1 - INFO - Episode 20: Reward=-141.61, Length=78, Avg Reward (last 10)=-714.25
2025-07-22 01:26:42,995 - lunarlandercontinuous_ddpg_seed_1 - INFO - Episode 30: Reward=-95.19, Length=56, Avg Reward (last 10)=-136.40
2025-07-22 01:26:51,469 - lunarlandercontinuous_ddpg_seed_1 - INFO - Episode 40: Reward=-140.65, Length=62, Avg Reward (last 10)=-148.54
2025-07-22 01:28:12,589 - lunarlandercontinuous_ddpg_seed_1 - INFO - Episode 50: Reward=-276.20, Length=92, Avg Reward (last 10)=-194.16
2025-07-22 01:31:10,371 - lunarlandercontinuous_ddpg_seed_1 - INFO - Episode 60: Reward=-351.82, Length=157, Avg Reward (last 10)=-304.50
2025-07-22 01:34:58,332 - lunarlandercontinuous_ddpg_seed_1 - INFO - Episode 70: Reward=-122.45, Length=280, Avg Reward (last 10)=-77.29
2025-07-22 01:36:02,069 - lunarlandercontinuous_ddpg_seed_1 - INFO - Episode 80: Reward=-34.79, Length=290, Avg Reward (last 10)=-167.12
2025-07-22 01:38:08,665 - lunarlandercontinuous_ddpg_seed_1 - INFO - Episode 90: Reward=-168.43, Length=159, Avg Reward (last 10)=-114.60
2025-07-22 01:39:47,864 - lunarlandercontinuous_ddpg_seed_1 - INFO - Episode 100: Reward=-265.46, Length=134, Avg Reward (last 10)=-163.05
2025-07-22 01:40:36,206 - lunarlandercontinuous_ddpg_seed_1 - INFO - Episode 110: Reward=-122.45, Length=186, Avg Reward (last 10)=-138.44
2025-07-22 01:41:54,895 - lunarlandercontinuous_ddpg_seed_1 - INFO - Episode 120: Reward=-43.60, Length=324, Avg Reward (last 10)=-119.76
2025-07-22 01:44:02,630 - lunarlandercontinuous_ddpg_seed_1 - INFO - Episode 130: Reward=-128.23, Length=176, Avg Reward (last 10)=-134.84
2025-07-22 01:45:55,045 - lunarlandercontinuous_ddpg_seed_1 - INFO - Episode 140: Reward=154.58, Length=472, Avg Reward (last 10)=27.86
2025-07-22 01:46:24,453 - lunarlandercontinuous_ddpg_seed_1 - INFO - Episode 150: Reward=-248.30, Length=193, Avg Reward (last 10)=-245.94
2025-07-22 01:47:28,033 - lunarlandercontinuous_ddpg_seed_1 - INFO - Episode 160: Reward=3.69, Length=132, Avg Reward (last 10)=-9.70
2025-07-22 01:50:38,308 - lunarlandercontinuous_ddpg_seed_1 - INFO - Episode 170: Reward=244.35, Length=381, Avg Reward (last 10)=-19.00
2025-07-22 01:52:12,602 - lunarlandercontinuous_ddpg_seed_1 - INFO - Episode 180: Reward=-114.43, Length=207, Avg Reward (last 10)=-98.88
2025-07-22 01:52:54,757 - lunarlandercontinuous_ddpg_seed_1 - INFO - Episode 190: Reward=-92.72, Length=264, Avg Reward (last 10)=26.02
2025-07-22 01:54:19,556 - lunarlandercontinuous_ddpg_seed_1 - INFO - Episode 200: Reward=-180.07, Length=482, Avg Reward (last 10)=52.52
2025-07-22 01:55:26,941 - lunarlandercontinuous_ddpg_seed_1 - INFO - Episode 210: Reward=294.86, Length=316, Avg Reward (last 10)=61.33
2025-07-22 01:57:25,544 - lunarlandercontinuous_ddpg_seed_1 - INFO - Episode 220: Reward=-20.36, Length=292, Avg Reward (last 10)=156.97
2025-07-22 01:58:05,653 - lunarlandercontinuous_ddpg_seed_1 - INFO - Episode 230: Reward=-144.68, Length=82, Avg Reward (last 10)=-128.10
2025-07-22 01:58:51,875 - lunarlandercontinuous_ddpg_seed_1 - INFO - Episode 240: Reward=244.00, Length=213, Avg Reward (last 10)=-96.08
2025-07-22 02:00:16,664 - lunarlandercontinuous_ddpg_seed_1 - INFO - Episode 250: Reward=243.83, Length=386, Avg Reward (last 10)=100.47
2025-07-22 02:01:12,917 - lunarlandercontinuous_ddpg_seed_1 - INFO - Episode 260: Reward=229.30, Length=368, Avg Reward (last 10)=-10.64
2025-07-22 02:02:23,511 - lunarlandercontinuous_ddpg_seed_1 - INFO - Episode 270: Reward=-95.09, Length=149, Avg Reward (last 10)=-93.72
2025-07-22 02:03:43,044 - lunarlandercontinuous_ddpg_seed_1 - INFO - Episode 280: Reward=-12.75, Length=166, Avg Reward (last 10)=-102.97
2025-07-22 02:04:45,873 - lunarlandercontinuous_ddpg_seed_1 - INFO - Episode 290: Reward=193.94, Length=286, Avg Reward (last 10)=-15.63
2025-07-22 02:05:29,430 - lunarlandercontinuous_ddpg_seed_1 - INFO - Episode 300: Reward=247.02, Length=335, Avg Reward (last 10)=-106.91
2025-07-22 02:06:13,183 - lunarlandercontinuous_ddpg_seed_1 - INFO - Episode 310: Reward=-40.68, Length=98, Avg Reward (last 10)=113.86
2025-07-22 02:06:41,943 - lunarlandercontinuous_ddpg_seed_1 - INFO - Episode 320: Reward=-240.41, Length=431, Avg Reward (last 10)=-81.21
2025-07-22 02:07:57,445 - lunarlandercontinuous_ddpg_seed_1 - INFO - Episode 330: Reward=180.61, Length=367, Avg Reward (last 10)=149.26
2025-07-22 02:08:58,665 - lunarlandercontinuous_ddpg_seed_1 - INFO - Episode 340: Reward=-27.80, Length=136, Avg Reward (last 10)=-2.47
2025-07-22 02:09:44,599 - lunarlandercontinuous_ddpg_seed_1 - INFO - Episode 350: Reward=-128.94, Length=253, Avg Reward (last 10)=86.10
2025-07-22 02:10:38,242 - lunarlandercontinuous_ddpg_seed_1 - INFO - Episode 360: Reward=4.67, Length=185, Avg Reward (last 10)=-6.54
2025-07-22 02:11:42,139 - lunarlandercontinuous_ddpg_seed_1 - INFO - Episode 370: Reward=-134.55, Length=118, Avg Reward (last 10)=-37.85
2025-07-22 02:12:43,050 - lunarlandercontinuous_ddpg_seed_1 - INFO - Episode 380: Reward=-92.01, Length=123, Avg Reward (last 10)=127.87
2025-07-22 02:13:08,272 - lunarlandercontinuous_ddpg_seed_1 - INFO - Episode 390: Reward=-18.93, Length=172, Avg Reward (last 10)=9.62
2025-07-22 02:14:19,026 - lunarlandercontinuous_ddpg_seed_1 - INFO - Episode 400: Reward=-198.50, Length=412, Avg Reward (last 10)=8.01
2025-07-22 02:15:02,995 - lunarlandercontinuous_ddpg_seed_1 - INFO - Episode 410: Reward=-202.34, Length=84, Avg Reward (last 10)=13.61
2025-07-22 02:15:45,479 - lunarlandercontinuous_ddpg_seed_1 - INFO - Episode 420: Reward=290.42, Length=279, Avg Reward (last 10)=88.10
2025-07-22 02:16:31,611 - lunarlandercontinuous_ddpg_seed_1 - INFO - Episode 430: Reward=200.76, Length=176, Avg Reward (last 10)=50.91
2025-07-22 02:17:44,340 - lunarlandercontinuous_ddpg_seed_1 - INFO - Episode 440: Reward=245.36, Length=416, Avg Reward (last 10)=203.08
2025-07-22 02:18:10,746 - lunarlandercontinuous_ddpg_seed_1 - INFO - Episode 450: Reward=215.53, Length=337, Avg Reward (last 10)=92.64
2025-07-22 02:19:19,980 - lunarlandercontinuous_ddpg_seed_1 - INFO - Episode 460: Reward=-200.56, Length=343, Avg Reward (last 10)=90.91
2025-07-22 02:20:24,662 - lunarlandercontinuous_ddpg_seed_1 - INFO - Episode 470: Reward=215.40, Length=166, Avg Reward (last 10)=72.49
2025-07-22 02:20:49,861 - lunarlandercontinuous_ddpg_seed_1 - INFO - Episode 480: Reward=-7.50, Length=89, Avg Reward (last 10)=74.20
2025-07-22 02:21:38,494 - lunarlandercontinuous_ddpg_seed_1 - INFO - Episode 490: Reward=225.11, Length=288, Avg Reward (last 10)=102.68
2025-07-22 02:22:32,258 - lunarlandercontinuous_ddpg_seed_1 - INFO - Episode 500: Reward=243.00, Length=168, Avg Reward (last 10)=121.70
2025-07-22 02:23:43,823 - lunarlandercontinuous_ddpg_seed_1 - INFO - Episode 510: Reward=268.01, Length=497, Avg Reward (last 10)=191.62
2025-07-22 02:24:43,022 - lunarlandercontinuous_ddpg_seed_1 - INFO - Episode 520: Reward=-238.53, Length=114, Avg Reward (last 10)=83.73
2025-07-22 02:25:34,028 - lunarlandercontinuous_ddpg_seed_1 - INFO - Episode 530: Reward=242.09, Length=342, Avg Reward (last 10)=-0.56
2025-07-22 02:26:19,046 - lunarlandercontinuous_ddpg_seed_1 - INFO - Episode 540: Reward=260.29, Length=214, Avg Reward (last 10)=177.34
2025-07-22 02:26:53,347 - lunarlandercontinuous_ddpg_seed_1 - INFO - Episode 550: Reward=-117.04, Length=102, Avg Reward (last 10)=10.13
2025-07-22 02:27:27,566 - lunarlandercontinuous_ddpg_seed_1 - INFO - Episode 560: Reward=-41.27, Length=99, Avg Reward (last 10)=33.46
2025-07-22 02:28:03,858 - lunarlandercontinuous_ddpg_seed_1 - INFO - Episode 570: Reward=218.13, Length=418, Avg Reward (last 10)=109.90
2025-07-22 02:29:15,484 - lunarlandercontinuous_ddpg_seed_1 - INFO - Episode 580: Reward=-190.20, Length=131, Avg Reward (last 10)=203.80
2025-07-22 02:30:34,969 - lunarlandercontinuous_ddpg_seed_1 - INFO - Episode 590: Reward=-80.03, Length=128, Avg Reward (last 10)=138.67
2025-07-22 02:31:19,440 - lunarlandercontinuous_ddpg_seed_1 - INFO - Episode 600: Reward=234.49, Length=406, Avg Reward (last 10)=105.93
2025-07-22 02:32:56,995 - lunarlandercontinuous_ddpg_seed_1 - INFO - Episode 610: Reward=272.97, Length=248, Avg Reward (last 10)=176.63
2025-07-22 02:34:46,637 - lunarlandercontinuous_ddpg_seed_1 - INFO - Episode 620: Reward=270.22, Length=346, Avg Reward (last 10)=162.72
2025-07-22 02:35:43,145 - lunarlandercontinuous_ddpg_seed_1 - INFO - Episode 630: Reward=-104.77, Length=138, Avg Reward (last 10)=-3.05
2025-07-22 02:36:39,975 - lunarlandercontinuous_ddpg_seed_1 - INFO - Episode 640: Reward=29.23, Length=214, Avg Reward (last 10)=140.86
2025-07-22 02:37:38,302 - lunarlandercontinuous_ddpg_seed_1 - INFO - Episode 650: Reward=194.66, Length=317, Avg Reward (last 10)=128.63
2025-07-22 02:39:12,245 - lunarlandercontinuous_ddpg_seed_1 - INFO - Episode 660: Reward=198.22, Length=395, Avg Reward (last 10)=45.58
2025-07-22 02:39:54,855 - lunarlandercontinuous_ddpg_seed_1 - INFO - Episode 670: Reward=-111.06, Length=54, Avg Reward (last 10)=30.35
2025-07-22 02:40:25,625 - lunarlandercontinuous_ddpg_seed_1 - INFO - Episode 680: Reward=-170.16, Length=122, Avg Reward (last 10)=-97.31
2025-07-22 02:41:11,089 - lunarlandercontinuous_ddpg_seed_1 - INFO - Episode 690: Reward=-112.86, Length=76, Avg Reward (last 10)=-1.61
2025-07-22 02:42:12,770 - lunarlandercontinuous_ddpg_seed_1 - INFO - Episode 700: Reward=220.19, Length=466, Avg Reward (last 10)=76.56
2025-07-22 02:43:02,883 - lunarlandercontinuous_ddpg_seed_1 - INFO - Episode 710: Reward=269.59, Length=205, Avg Reward (last 10)=132.15
2025-07-22 02:43:40,596 - lunarlandercontinuous_ddpg_seed_1 - INFO - Episode 720: Reward=24.26, Length=99, Avg Reward (last 10)=171.10
2025-07-22 02:44:42,175 - lunarlandercontinuous_ddpg_seed_1 - INFO - Episode 730: Reward=248.00, Length=463, Avg Reward (last 10)=142.31
2025-07-22 02:46:03,189 - lunarlandercontinuous_ddpg_seed_1 - INFO - Episode 740: Reward=5.82, Length=88, Avg Reward (last 10)=190.44
2025-07-22 02:46:53,425 - lunarlandercontinuous_ddpg_seed_1 - INFO - Episode 750: Reward=263.30, Length=251, Avg Reward (last 10)=250.26
2025-07-22 02:47:24,054 - lunarlandercontinuous_ddpg_seed_1 - INFO - Episode 760: Reward=-25.89, Length=126, Avg Reward (last 10)=91.36
2025-07-22 02:47:58,326 - lunarlandercontinuous_ddpg_seed_1 - INFO - Episode 770: Reward=-16.02, Length=80, Avg Reward (last 10)=139.05
2025-07-22 02:48:58,380 - lunarlandercontinuous_ddpg_seed_1 - INFO - Episode 780: Reward=231.68, Length=291, Avg Reward (last 10)=238.67
2025-07-22 02:50:08,206 - lunarlandercontinuous_ddpg_seed_1 - INFO - Episode 790: Reward=216.13, Length=389, Avg Reward (last 10)=159.54
2025-07-22 02:51:41,173 - lunarlandercontinuous_ddpg_seed_1 - INFO - Episode 800: Reward=239.45, Length=250, Avg Reward (last 10)=141.58
2025-07-22 02:52:53,064 - lunarlandercontinuous_ddpg_seed_1 - INFO - Episode 810: Reward=186.66, Length=416, Avg Reward (last 10)=32.21
2025-07-22 02:53:40,488 - lunarlandercontinuous_ddpg_seed_1 - INFO - Episode 820: Reward=-169.51, Length=124, Avg Reward (last 10)=67.32
2025-07-22 02:54:30,980 - lunarlandercontinuous_ddpg_seed_1 - INFO - Episode 830: Reward=-100.49, Length=163, Avg Reward (last 10)=168.60
2025-07-22 02:55:38,503 - lunarlandercontinuous_ddpg_seed_1 - INFO - Episode 840: Reward=276.35, Length=491, Avg Reward (last 10)=249.18
2025-07-22 02:56:31,726 - lunarlandercontinuous_ddpg_seed_1 - INFO - Episode 850: Reward=277.00, Length=295, Avg Reward (last 10)=249.78
2025-07-22 02:57:25,269 - lunarlandercontinuous_ddpg_seed_1 - INFO - Episode 860: Reward=253.04, Length=221, Avg Reward (last 10)=109.41
2025-07-22 02:58:36,837 - lunarlandercontinuous_ddpg_seed_1 - INFO - Episode 870: Reward=277.62, Length=338, Avg Reward (last 10)=254.73
2025-07-22 02:59:18,815 - lunarlandercontinuous_ddpg_seed_1 - INFO - Episode 880: Reward=259.93, Length=380, Avg Reward (last 10)=152.87
2025-07-22 03:00:05,902 - lunarlandercontinuous_ddpg_seed_1 - INFO - Episode 890: Reward=-89.43, Length=94, Avg Reward (last 10)=139.32
2025-07-22 03:01:06,372 - lunarlandercontinuous_ddpg_seed_1 - INFO - Episode 900: Reward=262.91, Length=278, Avg Reward (last 10)=257.81
2025-07-22 03:02:20,729 - lunarlandercontinuous_ddpg_seed_1 - INFO - Episode 910: Reward=273.18, Length=293, Avg Reward (last 10)=112.84
2025-07-22 03:03:17,407 - lunarlandercontinuous_ddpg_seed_1 - INFO - Episode 920: Reward=275.53, Length=321, Avg Reward (last 10)=243.49
2025-07-22 03:04:26,388 - lunarlandercontinuous_ddpg_seed_1 - INFO - Episode 930: Reward=-170.01, Length=99, Avg Reward (last 10)=91.23
2025-07-22 03:04:58,514 - lunarlandercontinuous_ddpg_seed_1 - INFO - Episode 940: Reward=-12.59, Length=102, Avg Reward (last 10)=51.35
2025-07-22 03:05:55,418 - lunarlandercontinuous_ddpg_seed_1 - INFO - Episode 950: Reward=262.12, Length=360, Avg Reward (last 10)=55.24
2025-07-22 03:06:44,856 - lunarlandercontinuous_ddpg_seed_1 - INFO - Episode 960: Reward=-296.82, Length=381, Avg Reward (last 10)=107.80
2025-07-22 03:08:01,814 - lunarlandercontinuous_ddpg_seed_1 - INFO - Episode 970: Reward=-131.24, Length=434, Avg Reward (last 10)=198.99
2025-07-22 03:08:56,255 - lunarlandercontinuous_ddpg_seed_1 - INFO - Episode 980: Reward=204.28, Length=379, Avg Reward (last 10)=243.65
2025-07-22 03:09:58,822 - lunarlandercontinuous_ddpg_seed_1 - INFO - Episode 990: Reward=212.96, Length=385, Avg Reward (last 10)=172.07
2025-07-22 03:10:41,590 - lunarlandercontinuous_ddpg_seed_1 - INFO - Episode 1000: Reward=33.89, Length=188, Avg Reward (last 10)=68.07
2025-07-22 03:11:25,107 - lunarlandercontinuous_ddpg_seed_1 - INFO - Episode 1010: Reward=-87.01, Length=111, Avg Reward (last 10)=180.35
2025-07-22 03:12:17,576 - lunarlandercontinuous_ddpg_seed_1 - INFO - Episode 1020: Reward=268.49, Length=365, Avg Reward (last 10)=225.90
2025-07-22 03:13:02,360 - lunarlandercontinuous_ddpg_seed_1 - INFO - Episode 1030: Reward=-92.09, Length=89, Avg Reward (last 10)=69.99
2025-07-22 03:14:03,196 - lunarlandercontinuous_ddpg_seed_1 - INFO - Episode 1040: Reward=255.15, Length=277, Avg Reward (last 10)=200.34
2025-07-22 03:14:05,930 - lunarlandercontinuous_ddpg_seed_1 - INFO - Metrics saved to results/lunarlandercontinuous_ddpg/seed_1/metrics.json
2025-07-22 03:14:08,713 - lunarlandercontinuous_ddpg_seed_1 - INFO - Experiment completed.
