2025-07-21 02:09:31,813 - lunarlandercontinuous_ppo_seed_1 - INFO - Hyperparameters:
2025-07-21 02:09:31,814 - lunarlandercontinuous_ppo_seed_1 - INFO -   environment: {'name': 'LunarLanderContinuous-v3', 'seed': 42}
2025-07-21 02:09:31,814 - lunarlandercontinuous_ppo_seed_1 - INFO -   algorithm: {'name': 'PPO', 'lr_actor': '3e-4', 'lr_critic': '1e-3', 'gamma': 0.99, 'gae_lambda': 0.95, 'clip_ratio': 0.2, 'target_kl': 0.01, 'train_policy_iters': 80, 'train_value_iters': 80, 'lam': 0.97, 'has_continuous_action_space': True, 'action_std_init': 0.6}
2025-07-21 02:09:31,815 - lunarlandercontinuous_ppo_seed_1 - INFO -   network: {'hidden_dims': [64, 64], 'activation': 'tanh'}
2025-07-21 02:09:31,815 - lunarlandercontinuous_ppo_seed_1 - INFO -   training: {'max_episodes': 1000, 'max_steps_per_episode': 1000, 'update_interval': 2048, 'eval_interval': 10, 'save_interval': 1000, 'log_interval': 10}
2025-07-21 02:09:31,816 - lunarlandercontinuous_ppo_seed_1 - INFO -   experiment: {'name': 'lunarlandercontinuous_ppo', 'seeds': [0, 1, 2], 'device': 'cpu', 'save_dir': 'results/lunarlandercontinuous_ppo'}
2025-07-21 02:09:31,816 - lunarlandercontinuous_ppo_seed_1 - INFO -   logging: {'tensorboard': False, 'save_metrics': True, 'plot_interval': 50, 'use_wandb': True, 'wandb_project': 'rl-framework-lunarlandercontinuous', 'wandb_entity': 'tatalintelli-university-of-seoul'}
2025-07-21 02:09:31,918 - lunarlandercontinuous_ppo_seed_1 - INFO - Episode 0: Reward=-531.71, Length=97, Avg Reward (last 10)=-531.71
2025-07-21 02:09:33,060 - lunarlandercontinuous_ppo_seed_1 - INFO - Episode 10: Reward=-494.10, Length=89, Avg Reward (last 10)=-459.54
2025-07-21 02:09:33,897 - lunarlandercontinuous_ppo_seed_1 - INFO - Episode 20: Reward=-532.76, Length=75, Avg Reward (last 10)=-333.17
2025-07-21 02:09:36,443 - lunarlandercontinuous_ppo_seed_1 - INFO - Episode 30: Reward=-385.56, Length=86, Avg Reward (last 10)=-434.10
2025-07-21 02:09:37,311 - lunarlandercontinuous_ppo_seed_1 - INFO - Episode 40: Reward=-684.52, Length=100, Avg Reward (last 10)=-439.28
2025-07-21 02:09:38,580 - lunarlandercontinuous_ppo_seed_1 - INFO - Episode 50: Reward=-425.73, Length=83, Avg Reward (last 10)=-399.65
2025-07-21 02:09:39,132 - lunarlandercontinuous_ppo_seed_1 - INFO - Episode 60: Reward=-326.48, Length=76, Avg Reward (last 10)=-425.32
2025-07-21 02:09:39,702 - lunarlandercontinuous_ppo_seed_1 - INFO - Episode 70: Reward=-365.44, Length=81, Avg Reward (last 10)=-378.64
2025-07-21 02:09:40,888 - lunarlandercontinuous_ppo_seed_1 - INFO - Episode 80: Reward=-555.62, Length=87, Avg Reward (last 10)=-372.86
2025-07-21 02:09:41,616 - lunarlandercontinuous_ppo_seed_1 - INFO - Episode 90: Reward=-97.53, Length=64, Avg Reward (last 10)=-382.35
2025-07-21 02:09:43,092 - lunarlandercontinuous_ppo_seed_1 - INFO - Episode 100: Reward=-570.41, Length=90, Avg Reward (last 10)=-365.54
2025-07-21 02:09:43,821 - lunarlandercontinuous_ppo_seed_1 - INFO - Episode 110: Reward=-65.59, Length=67, Avg Reward (last 10)=-430.47
2025-07-21 02:09:45,721 - lunarlandercontinuous_ppo_seed_1 - INFO - Episode 120: Reward=-494.89, Length=80, Avg Reward (last 10)=-439.57
2025-07-21 02:09:46,244 - lunarlandercontinuous_ppo_seed_1 - INFO - Episode 130: Reward=-253.71, Length=82, Avg Reward (last 10)=-356.26
2025-07-21 02:09:46,821 - lunarlandercontinuous_ppo_seed_1 - INFO - Episode 140: Reward=-572.51, Length=101, Avg Reward (last 10)=-481.59
2025-07-21 02:09:48,041 - lunarlandercontinuous_ppo_seed_1 - INFO - Episode 150: Reward=-591.29, Length=91, Avg Reward (last 10)=-451.39
2025-07-21 02:09:48,632 - lunarlandercontinuous_ppo_seed_1 - INFO - Episode 160: Reward=-490.48, Length=95, Avg Reward (last 10)=-464.33
2025-07-21 02:09:49,876 - lunarlandercontinuous_ppo_seed_1 - INFO - Episode 170: Reward=-105.58, Length=62, Avg Reward (last 10)=-424.10
2025-07-21 02:09:50,494 - lunarlandercontinuous_ppo_seed_1 - INFO - Episode 180: Reward=-191.85, Length=85, Avg Reward (last 10)=-262.16
2025-07-21 02:09:52,191 - lunarlandercontinuous_ppo_seed_1 - INFO - Episode 190: Reward=-538.23, Length=85, Avg Reward (last 10)=-460.91
2025-07-21 02:09:52,955 - lunarlandercontinuous_ppo_seed_1 - INFO - Episode 200: Reward=-93.38, Length=73, Avg Reward (last 10)=-328.31
2025-07-21 02:09:53,674 - lunarlandercontinuous_ppo_seed_1 - INFO - Episode 210: Reward=-335.32, Length=83, Avg Reward (last 10)=-356.75
2025-07-21 02:09:55,110 - lunarlandercontinuous_ppo_seed_1 - INFO - Episode 220: Reward=-436.35, Length=89, Avg Reward (last 10)=-283.09
2025-07-21 02:09:55,789 - lunarlandercontinuous_ppo_seed_1 - INFO - Episode 230: Reward=-309.22, Length=97, Avg Reward (last 10)=-391.79
2025-07-21 02:09:57,090 - lunarlandercontinuous_ppo_seed_1 - INFO - Episode 240: Reward=-510.41, Length=80, Avg Reward (last 10)=-316.15
2025-07-21 02:09:57,863 - lunarlandercontinuous_ppo_seed_1 - INFO - Episode 250: Reward=-229.26, Length=90, Avg Reward (last 10)=-340.22
2025-07-21 02:09:59,907 - lunarlandercontinuous_ppo_seed_1 - INFO - Episode 260: Reward=-457.06, Length=100, Avg Reward (last 10)=-361.74
2025-07-21 02:10:00,659 - lunarlandercontinuous_ppo_seed_1 - INFO - Episode 270: Reward=-361.99, Length=87, Avg Reward (last 10)=-231.85
2025-07-21 02:10:03,209 - lunarlandercontinuous_ppo_seed_1 - INFO - Episode 280: Reward=-420.52, Length=89, Avg Reward (last 10)=-301.50
2025-07-21 02:10:04,124 - lunarlandercontinuous_ppo_seed_1 - INFO - Episode 290: Reward=-523.86, Length=93, Avg Reward (last 10)=-335.59
2025-07-21 02:10:05,136 - lunarlandercontinuous_ppo_seed_1 - INFO - Episode 300: Reward=-183.40, Length=86, Avg Reward (last 10)=-246.43
2025-07-21 02:10:06,686 - lunarlandercontinuous_ppo_seed_1 - INFO - Episode 310: Reward=-314.25, Length=89, Avg Reward (last 10)=-297.55
2025-07-21 02:10:07,925 - lunarlandercontinuous_ppo_seed_1 - INFO - Episode 320: Reward=-90.94, Length=63, Avg Reward (last 10)=-285.11
2025-07-21 02:10:09,894 - lunarlandercontinuous_ppo_seed_1 - INFO - Episode 330: Reward=-460.28, Length=113, Avg Reward (last 10)=-266.62
2025-07-21 02:10:10,795 - lunarlandercontinuous_ppo_seed_1 - INFO - Episode 340: Reward=-214.23, Length=91, Avg Reward (last 10)=-222.13
2025-07-21 02:10:12,617 - lunarlandercontinuous_ppo_seed_1 - INFO - Episode 350: Reward=-116.51, Length=80, Avg Reward (last 10)=-186.07
2025-07-21 02:10:13,467 - lunarlandercontinuous_ppo_seed_1 - INFO - Episode 360: Reward=-212.83, Length=88, Avg Reward (last 10)=-224.80
2025-07-21 02:10:15,296 - lunarlandercontinuous_ppo_seed_1 - INFO - Episode 370: Reward=-110.42, Length=79, Avg Reward (last 10)=-289.33
2025-07-21 02:10:16,003 - lunarlandercontinuous_ppo_seed_1 - INFO - Episode 380: Reward=-312.74, Length=107, Avg Reward (last 10)=-197.70
2025-07-21 02:10:17,966 - lunarlandercontinuous_ppo_seed_1 - INFO - Episode 390: Reward=-21.78, Length=73, Avg Reward (last 10)=-178.48
2025-07-21 02:10:18,826 - lunarlandercontinuous_ppo_seed_1 - INFO - Episode 400: Reward=-155.61, Length=91, Avg Reward (last 10)=-222.44
2025-07-21 02:10:20,292 - lunarlandercontinuous_ppo_seed_1 - INFO - Episode 410: Reward=-78.54, Length=64, Avg Reward (last 10)=-174.77
2025-07-21 02:10:20,928 - lunarlandercontinuous_ppo_seed_1 - INFO - Episode 420: Reward=-30.12, Length=92, Avg Reward (last 10)=-140.49
2025-07-21 02:10:22,452 - lunarlandercontinuous_ppo_seed_1 - INFO - Episode 430: Reward=-57.69, Length=94, Avg Reward (last 10)=-174.21
2025-07-21 02:10:23,135 - lunarlandercontinuous_ppo_seed_1 - INFO - Episode 440: Reward=-197.84, Length=92, Avg Reward (last 10)=-193.45
2025-07-21 02:10:25,101 - lunarlandercontinuous_ppo_seed_1 - INFO - Episode 450: Reward=-383.95, Length=125, Avg Reward (last 10)=-249.08
2025-07-21 02:10:25,896 - lunarlandercontinuous_ppo_seed_1 - INFO - Episode 460: Reward=-69.11, Length=60, Avg Reward (last 10)=-249.72
2025-07-21 02:10:28,185 - lunarlandercontinuous_ppo_seed_1 - INFO - Episode 470: Reward=-83.05, Length=101, Avg Reward (last 10)=-190.57
2025-07-21 02:10:28,854 - lunarlandercontinuous_ppo_seed_1 - INFO - Episode 480: Reward=-279.66, Length=104, Avg Reward (last 10)=-122.68
2025-07-21 02:10:30,583 - lunarlandercontinuous_ppo_seed_1 - INFO - Episode 490: Reward=-63.18, Length=92, Avg Reward (last 10)=-208.10
2025-07-21 02:10:31,335 - lunarlandercontinuous_ppo_seed_1 - INFO - Episode 500: Reward=-347.75, Length=96, Avg Reward (last 10)=-192.06
2025-07-21 02:10:32,740 - lunarlandercontinuous_ppo_seed_1 - INFO - Episode 510: Reward=-176.45, Length=133, Avg Reward (last 10)=-246.05
2025-07-21 02:10:33,524 - lunarlandercontinuous_ppo_seed_1 - INFO - Episode 520: Reward=-66.23, Length=122, Avg Reward (last 10)=-175.07
2025-07-21 02:10:34,866 - lunarlandercontinuous_ppo_seed_1 - INFO - Episode 530: Reward=-400.00, Length=125, Avg Reward (last 10)=-178.41
2025-07-21 02:10:35,562 - lunarlandercontinuous_ppo_seed_1 - INFO - Episode 540: Reward=-313.78, Length=110, Avg Reward (last 10)=-127.05
2025-07-21 02:10:37,123 - lunarlandercontinuous_ppo_seed_1 - INFO - Episode 550: Reward=-332.75, Length=97, Avg Reward (last 10)=-145.10
2025-07-21 02:10:38,088 - lunarlandercontinuous_ppo_seed_1 - INFO - Episode 560: Reward=-172.56, Length=91, Avg Reward (last 10)=-157.04
2025-07-21 02:10:39,330 - lunarlandercontinuous_ppo_seed_1 - INFO - Episode 570: Reward=-356.08, Length=109, Avg Reward (last 10)=-181.22
2025-07-21 02:10:40,075 - lunarlandercontinuous_ppo_seed_1 - INFO - Episode 580: Reward=-168.27, Length=86, Avg Reward (last 10)=-151.56
2025-07-21 02:10:41,510 - lunarlandercontinuous_ppo_seed_1 - INFO - Episode 590: Reward=-23.92, Length=98, Avg Reward (last 10)=-122.25
2025-07-21 02:10:42,497 - lunarlandercontinuous_ppo_seed_1 - INFO - Episode 600: Reward=-554.16, Length=166, Avg Reward (last 10)=-146.84
2025-07-21 02:10:43,838 - lunarlandercontinuous_ppo_seed_1 - INFO - Episode 610: Reward=-68.81, Length=96, Avg Reward (last 10)=-99.59
2025-07-21 02:10:45,124 - lunarlandercontinuous_ppo_seed_1 - INFO - Episode 620: Reward=-45.41, Length=130, Avg Reward (last 10)=-120.30
2025-07-21 02:10:47,159 - lunarlandercontinuous_ppo_seed_1 - INFO - Episode 630: Reward=-195.55, Length=115, Avg Reward (last 10)=-158.14
2025-07-21 02:10:48,288 - lunarlandercontinuous_ppo_seed_1 - INFO - Episode 640: Reward=-186.81, Length=122, Avg Reward (last 10)=-199.56
2025-07-21 02:10:49,846 - lunarlandercontinuous_ppo_seed_1 - INFO - Episode 650: Reward=-140.97, Length=105, Avg Reward (last 10)=-230.98
2025-07-21 02:10:50,565 - lunarlandercontinuous_ppo_seed_1 - INFO - Episode 660: Reward=-107.39, Length=76, Avg Reward (last 10)=-112.81
2025-07-21 02:10:52,916 - lunarlandercontinuous_ppo_seed_1 - INFO - Episode 670: Reward=-134.36, Length=80, Avg Reward (last 10)=-186.39
2025-07-21 02:10:54,358 - lunarlandercontinuous_ppo_seed_1 - INFO - Episode 680: Reward=-316.63, Length=99, Avg Reward (last 10)=-203.53
2025-07-21 02:10:55,110 - lunarlandercontinuous_ppo_seed_1 - INFO - Episode 690: Reward=-151.29, Length=109, Avg Reward (last 10)=-158.73
2025-07-21 02:10:56,377 - lunarlandercontinuous_ppo_seed_1 - INFO - Episode 700: Reward=-295.05, Length=148, Avg Reward (last 10)=-214.12
2025-07-21 02:10:57,271 - lunarlandercontinuous_ppo_seed_1 - INFO - Episode 710: Reward=-100.07, Length=108, Avg Reward (last 10)=-145.62
2025-07-21 02:10:58,655 - lunarlandercontinuous_ppo_seed_1 - INFO - Episode 720: Reward=-63.95, Length=78, Avg Reward (last 10)=-172.10
2025-07-21 02:10:59,544 - lunarlandercontinuous_ppo_seed_1 - INFO - Episode 730: Reward=-53.43, Length=107, Avg Reward (last 10)=-134.46
2025-07-21 02:11:00,814 - lunarlandercontinuous_ppo_seed_1 - INFO - Episode 740: Reward=-219.51, Length=82, Avg Reward (last 10)=-116.63
2025-07-21 02:11:01,698 - lunarlandercontinuous_ppo_seed_1 - INFO - Episode 750: Reward=-166.57, Length=96, Avg Reward (last 10)=-166.96
2025-07-21 02:11:03,251 - lunarlandercontinuous_ppo_seed_1 - INFO - Episode 760: Reward=-181.96, Length=80, Avg Reward (last 10)=-160.93
2025-07-21 02:11:04,154 - lunarlandercontinuous_ppo_seed_1 - INFO - Episode 770: Reward=-116.96, Length=110, Avg Reward (last 10)=-161.31
2025-07-21 02:11:05,571 - lunarlandercontinuous_ppo_seed_1 - INFO - Episode 780: Reward=-111.85, Length=98, Avg Reward (last 10)=-179.89
2025-07-21 02:11:06,494 - lunarlandercontinuous_ppo_seed_1 - INFO - Episode 790: Reward=-56.64, Length=81, Avg Reward (last 10)=-124.70
2025-07-21 02:11:08,007 - lunarlandercontinuous_ppo_seed_1 - INFO - Episode 800: Reward=-35.68, Length=87, Avg Reward (last 10)=-146.04
2025-07-21 02:11:08,629 - lunarlandercontinuous_ppo_seed_1 - INFO - Episode 810: Reward=-12.49, Length=119, Avg Reward (last 10)=-91.27
2025-07-21 02:11:10,012 - lunarlandercontinuous_ppo_seed_1 - INFO - Episode 820: Reward=-359.17, Length=136, Avg Reward (last 10)=-113.67
2025-07-21 02:11:10,815 - lunarlandercontinuous_ppo_seed_1 - INFO - Episode 830: Reward=-46.51, Length=65, Avg Reward (last 10)=-58.33
2025-07-21 02:11:12,555 - lunarlandercontinuous_ppo_seed_1 - INFO - Episode 840: Reward=-58.43, Length=94, Avg Reward (last 10)=-142.46
2025-07-21 02:11:14,758 - lunarlandercontinuous_ppo_seed_1 - INFO - Episode 850: Reward=-26.93, Length=209, Avg Reward (last 10)=-120.17
2025-07-21 02:11:15,701 - lunarlandercontinuous_ppo_seed_1 - INFO - Episode 860: Reward=-131.14, Length=118, Avg Reward (last 10)=-173.86
2025-07-21 02:11:17,804 - lunarlandercontinuous_ppo_seed_1 - INFO - Episode 870: Reward=-83.22, Length=136, Avg Reward (last 10)=-118.68
2025-07-21 02:11:18,545 - lunarlandercontinuous_ppo_seed_1 - INFO - Episode 880: Reward=-365.80, Length=111, Avg Reward (last 10)=-181.20
2025-07-21 02:11:20,275 - lunarlandercontinuous_ppo_seed_1 - INFO - Episode 890: Reward=-53.90, Length=121, Avg Reward (last 10)=-145.16
2025-07-21 02:11:22,331 - lunarlandercontinuous_ppo_seed_1 - INFO - Episode 900: Reward=-130.79, Length=97, Avg Reward (last 10)=-99.37
2025-07-21 02:11:23,109 - lunarlandercontinuous_ppo_seed_1 - INFO - Episode 910: Reward=-187.50, Length=126, Avg Reward (last 10)=-131.63
2025-07-21 02:11:25,362 - lunarlandercontinuous_ppo_seed_1 - INFO - Episode 920: Reward=-50.46, Length=79, Avg Reward (last 10)=-100.95
2025-07-21 02:11:26,252 - lunarlandercontinuous_ppo_seed_1 - INFO - Episode 930: Reward=-83.94, Length=84, Avg Reward (last 10)=-60.81
2025-07-21 02:11:28,611 - lunarlandercontinuous_ppo_seed_1 - INFO - Episode 940: Reward=31.40, Length=1000, Avg Reward (last 10)=-120.20
2025-07-21 02:11:30,258 - lunarlandercontinuous_ppo_seed_1 - INFO - Episode 950: Reward=-89.79, Length=126, Avg Reward (last 10)=-156.33
2025-07-21 02:11:32,012 - lunarlandercontinuous_ppo_seed_1 - INFO - Episode 960: Reward=-93.07, Length=83, Avg Reward (last 10)=-104.77
2025-07-21 02:11:33,526 - lunarlandercontinuous_ppo_seed_1 - INFO - Episode 970: Reward=-119.06, Length=134, Avg Reward (last 10)=-124.85
2025-07-21 02:11:34,372 - lunarlandercontinuous_ppo_seed_1 - INFO - Episode 980: Reward=-14.50, Length=119, Avg Reward (last 10)=-106.40
2025-07-21 02:11:35,748 - lunarlandercontinuous_ppo_seed_1 - INFO - Episode 990: Reward=-31.11, Length=137, Avg Reward (last 10)=-100.60
2025-07-21 02:11:38,626 - lunarlandercontinuous_ppo_seed_1 - INFO - Episode 1000: Reward=-149.99, Length=544, Avg Reward (last 10)=-119.18
2025-07-21 02:11:39,447 - lunarlandercontinuous_ppo_seed_1 - INFO - Episode 1010: Reward=-28.43, Length=131, Avg Reward (last 10)=-101.35
2025-07-21 02:11:41,156 - lunarlandercontinuous_ppo_seed_1 - INFO - Episode 1020: Reward=-167.57, Length=147, Avg Reward (last 10)=-133.32
2025-07-21 02:11:42,877 - lunarlandercontinuous_ppo_seed_1 - INFO - Episode 1030: Reward=-148.84, Length=125, Avg Reward (last 10)=-100.29
2025-07-21 02:11:43,851 - lunarlandercontinuous_ppo_seed_1 - INFO - Episode 1040: Reward=-7.44, Length=114, Avg Reward (last 10)=-98.99
2025-07-21 02:11:46,000 - lunarlandercontinuous_ppo_seed_1 - INFO - Episode 1050: Reward=-42.80, Length=110, Avg Reward (last 10)=-104.26
2025-07-21 02:11:47,442 - lunarlandercontinuous_ppo_seed_1 - INFO - Episode 1060: Reward=-59.45, Length=144, Avg Reward (last 10)=-125.30
2025-07-21 02:11:48,744 - lunarlandercontinuous_ppo_seed_1 - INFO - Episode 1070: Reward=-253.26, Length=122, Avg Reward (last 10)=-109.12
2025-07-21 02:11:50,048 - lunarlandercontinuous_ppo_seed_1 - INFO - Episode 1080: Reward=-55.30, Length=119, Avg Reward (last 10)=-51.34
2025-07-21 02:11:51,979 - lunarlandercontinuous_ppo_seed_1 - INFO - Episode 1090: Reward=-186.06, Length=228, Avg Reward (last 10)=-93.57
2025-07-21 02:11:53,974 - lunarlandercontinuous_ppo_seed_1 - INFO - Episode 1100: Reward=-26.23, Length=81, Avg Reward (last 10)=-136.83
2025-07-21 02:11:54,913 - lunarlandercontinuous_ppo_seed_1 - INFO - Episode 1110: Reward=-12.20, Length=144, Avg Reward (last 10)=-146.95
2025-07-21 02:11:56,294 - lunarlandercontinuous_ppo_seed_1 - INFO - Episode 1120: Reward=-310.57, Length=127, Avg Reward (last 10)=-122.48
2025-07-21 02:11:57,824 - lunarlandercontinuous_ppo_seed_1 - INFO - Episode 1130: Reward=25.55, Length=120, Avg Reward (last 10)=-47.35
2025-07-21 02:12:01,389 - lunarlandercontinuous_ppo_seed_1 - INFO - Episode 1140: Reward=-110.20, Length=193, Avg Reward (last 10)=-132.75
2025-07-21 02:12:02,572 - lunarlandercontinuous_ppo_seed_1 - INFO - Episode 1150: Reward=-92.94, Length=136, Avg Reward (last 10)=-29.84
2025-07-21 02:12:08,299 - lunarlandercontinuous_ppo_seed_1 - INFO - Episode 1160: Reward=-8.06, Length=146, Avg Reward (last 10)=-36.63
2025-07-21 02:12:12,831 - lunarlandercontinuous_ppo_seed_1 - INFO - Episode 1170: Reward=-4.67, Length=107, Avg Reward (last 10)=-55.73
2025-07-21 02:12:15,457 - lunarlandercontinuous_ppo_seed_1 - INFO - Episode 1180: Reward=-75.59, Length=141, Avg Reward (last 10)=-69.36
2025-07-21 02:12:19,686 - lunarlandercontinuous_ppo_seed_1 - INFO - Episode 1190: Reward=-6.51, Length=144, Avg Reward (last 10)=-29.55
2025-07-21 02:12:23,174 - lunarlandercontinuous_ppo_seed_1 - INFO - Episode 1200: Reward=-51.44, Length=135, Avg Reward (last 10)=-50.34
2025-07-21 02:12:27,680 - lunarlandercontinuous_ppo_seed_1 - INFO - Episode 1210: Reward=-33.42, Length=110, Avg Reward (last 10)=-29.88
2025-07-21 02:12:30,844 - lunarlandercontinuous_ppo_seed_1 - INFO - Episode 1220: Reward=-290.27, Length=407, Avg Reward (last 10)=-31.20
2025-07-21 02:12:39,639 - lunarlandercontinuous_ppo_seed_1 - INFO - Episode 1230: Reward=48.99, Length=156, Avg Reward (last 10)=-47.59
2025-07-21 02:12:48,619 - lunarlandercontinuous_ppo_seed_1 - INFO - Episode 1240: Reward=-8.47, Length=176, Avg Reward (last 10)=-30.48
2025-07-21 02:12:53,827 - lunarlandercontinuous_ppo_seed_1 - INFO - Episode 1250: Reward=-282.79, Length=411, Avg Reward (last 10)=-98.01
2025-07-21 02:13:03,734 - lunarlandercontinuous_ppo_seed_1 - INFO - Episode 1260: Reward=-109.47, Length=255, Avg Reward (last 10)=-51.62
2025-07-21 02:13:09,812 - lunarlandercontinuous_ppo_seed_1 - INFO - Episode 1270: Reward=-37.40, Length=178, Avg Reward (last 10)=-92.28
2025-07-21 02:13:17,989 - lunarlandercontinuous_ppo_seed_1 - INFO - Episode 1280: Reward=16.49, Length=1000, Avg Reward (last 10)=-11.87
2025-07-21 02:13:36,236 - lunarlandercontinuous_ppo_seed_1 - INFO - Episode 1290: Reward=-189.10, Length=346, Avg Reward (last 10)=-69.22
2025-07-21 02:13:50,426 - lunarlandercontinuous_ppo_seed_1 - INFO - Episode 1300: Reward=-48.07, Length=1000, Avg Reward (last 10)=-73.64
2025-07-21 02:13:58,583 - lunarlandercontinuous_ppo_seed_1 - INFO - Episode 1310: Reward=-100.46, Length=342, Avg Reward (last 10)=-88.15
2025-07-21 02:14:17,206 - lunarlandercontinuous_ppo_seed_1 - INFO - Episode 1320: Reward=-107.16, Length=401, Avg Reward (last 10)=-91.82
2025-07-21 02:14:23,551 - lunarlandercontinuous_ppo_seed_1 - INFO - Episode 1330: Reward=-105.63, Length=241, Avg Reward (last 10)=-147.19
2025-07-21 02:14:34,699 - lunarlandercontinuous_ppo_seed_1 - INFO - Episode 1340: Reward=-185.24, Length=375, Avg Reward (last 10)=-141.55
2025-07-21 02:14:43,306 - lunarlandercontinuous_ppo_seed_1 - INFO - Episode 1350: Reward=-171.35, Length=225, Avg Reward (last 10)=-158.21
2025-07-21 02:14:57,009 - lunarlandercontinuous_ppo_seed_1 - INFO - Episode 1360: Reward=-148.91, Length=292, Avg Reward (last 10)=-147.18
2025-07-21 02:15:05,718 - lunarlandercontinuous_ppo_seed_1 - INFO - Episode 1370: Reward=-185.46, Length=648, Avg Reward (last 10)=-180.89
2025-07-21 02:15:18,336 - lunarlandercontinuous_ppo_seed_1 - INFO - Episode 1380: Reward=-249.95, Length=480, Avg Reward (last 10)=-208.79
2025-07-21 02:15:44,322 - lunarlandercontinuous_ppo_seed_1 - INFO - Episode 1390: Reward=-60.48, Length=401, Avg Reward (last 10)=-145.07
2025-07-21 02:15:57,565 - lunarlandercontinuous_ppo_seed_1 - INFO - Episode 1400: Reward=-226.80, Length=823, Avg Reward (last 10)=-135.41
2025-07-21 02:16:12,199 - lunarlandercontinuous_ppo_seed_1 - INFO - Episode 1410: Reward=61.94, Length=1000, Avg Reward (last 10)=-116.65
2025-07-21 02:16:17,815 - lunarlandercontinuous_ppo_seed_1 - INFO - Episode 1420: Reward=-98.05, Length=218, Avg Reward (last 10)=-120.88
2025-07-21 02:16:21,983 - lunarlandercontinuous_ppo_seed_1 - INFO - Episode 1430: Reward=-102.04, Length=261, Avg Reward (last 10)=-89.61
2025-07-21 02:16:28,695 - lunarlandercontinuous_ppo_seed_1 - INFO - Episode 1440: Reward=27.89, Length=1000, Avg Reward (last 10)=-59.69
2025-07-21 02:16:41,277 - lunarlandercontinuous_ppo_seed_1 - INFO - Episode 1450: Reward=-118.88, Length=327, Avg Reward (last 10)=-73.28
2025-07-21 02:16:50,506 - lunarlandercontinuous_ppo_seed_1 - INFO - Episode 1460: Reward=-91.26, Length=457, Avg Reward (last 10)=-97.39
2025-07-21 02:16:58,581 - lunarlandercontinuous_ppo_seed_1 - INFO - Episode 1470: Reward=-61.42, Length=454, Avg Reward (last 10)=-55.43
2025-07-21 02:17:15,493 - lunarlandercontinuous_ppo_seed_1 - INFO - Episode 1480: Reward=5.56, Length=1000, Avg Reward (last 10)=-76.52
2025-07-21 02:17:25,522 - lunarlandercontinuous_ppo_seed_1 - INFO - Episode 1490: Reward=-52.08, Length=1000, Avg Reward (last 10)=-70.34
2025-07-21 02:17:43,182 - lunarlandercontinuous_ppo_seed_1 - INFO - Episode 1500: Reward=12.64, Length=1000, Avg Reward (last 10)=-83.97
2025-07-21 02:17:53,531 - lunarlandercontinuous_ppo_seed_1 - INFO - Episode 1510: Reward=-1.18, Length=1000, Avg Reward (last 10)=-58.51
2025-07-21 02:18:11,805 - lunarlandercontinuous_ppo_seed_1 - INFO - Episode 1520: Reward=-31.36, Length=1000, Avg Reward (last 10)=-47.41
2025-07-21 02:18:21,575 - lunarlandercontinuous_ppo_seed_1 - INFO - Episode 1530: Reward=12.89, Length=1000, Avg Reward (last 10)=-43.85
2025-07-21 02:18:38,690 - lunarlandercontinuous_ppo_seed_1 - INFO - Episode 1540: Reward=-31.10, Length=1000, Avg Reward (last 10)=-42.75
2025-07-21 02:18:49,196 - lunarlandercontinuous_ppo_seed_1 - INFO - Episode 1550: Reward=-26.44, Length=1000, Avg Reward (last 10)=-53.33
2025-07-21 02:19:08,823 - lunarlandercontinuous_ppo_seed_1 - INFO - Episode 1560: Reward=-70.22, Length=1000, Avg Reward (last 10)=-31.01
2025-07-21 02:19:18,753 - lunarlandercontinuous_ppo_seed_1 - INFO - Episode 1570: Reward=-25.28, Length=1000, Avg Reward (last 10)=-49.46
2025-07-21 02:19:36,222 - lunarlandercontinuous_ppo_seed_1 - INFO - Episode 1580: Reward=2.25, Length=1000, Avg Reward (last 10)=-23.37
2025-07-21 02:19:46,855 - lunarlandercontinuous_ppo_seed_1 - INFO - Episode 1590: Reward=-49.95, Length=1000, Avg Reward (last 10)=-22.68
2025-07-21 02:20:04,663 - lunarlandercontinuous_ppo_seed_1 - INFO - Episode 1600: Reward=-87.02, Length=1000, Avg Reward (last 10)=19.04
2025-07-21 02:20:14,577 - lunarlandercontinuous_ppo_seed_1 - INFO - Episode 1610: Reward=-4.33, Length=1000, Avg Reward (last 10)=8.50
2025-07-21 02:20:33,103 - lunarlandercontinuous_ppo_seed_1 - INFO - Episode 1620: Reward=-18.90, Length=1000, Avg Reward (last 10)=12.18
2025-07-21 02:20:43,278 - lunarlandercontinuous_ppo_seed_1 - INFO - Episode 1630: Reward=35.24, Length=1000, Avg Reward (last 10)=23.96
2025-07-21 02:21:05,347 - lunarlandercontinuous_ppo_seed_1 - INFO - Episode 1640: Reward=145.79, Length=712, Avg Reward (last 10)=49.35
2025-07-21 02:21:15,160 - lunarlandercontinuous_ppo_seed_1 - INFO - Episode 1650: Reward=94.59, Length=1000, Avg Reward (last 10)=26.82
2025-07-21 02:21:34,084 - lunarlandercontinuous_ppo_seed_1 - INFO - Episode 1660: Reward=6.38, Length=1000, Avg Reward (last 10)=85.47
2025-07-21 02:21:43,939 - lunarlandercontinuous_ppo_seed_1 - INFO - Episode 1670: Reward=-143.75, Length=920, Avg Reward (last 10)=79.15
2025-07-21 02:22:03,493 - lunarlandercontinuous_ppo_seed_1 - INFO - Episode 1680: Reward=56.48, Length=1000, Avg Reward (last 10)=64.29
2025-07-21 02:22:13,672 - lunarlandercontinuous_ppo_seed_1 - INFO - Episode 1690: Reward=112.34, Length=1000, Avg Reward (last 10)=110.17
2025-07-21 02:22:31,300 - lunarlandercontinuous_ppo_seed_1 - INFO - Episode 1700: Reward=36.18, Length=1000, Avg Reward (last 10)=114.18
2025-07-21 02:22:40,438 - lunarlandercontinuous_ppo_seed_1 - INFO - Episode 1710: Reward=122.96, Length=1000, Avg Reward (last 10)=81.87
2025-07-21 02:22:56,649 - lunarlandercontinuous_ppo_seed_1 - INFO - Episode 1720: Reward=198.09, Length=575, Avg Reward (last 10)=53.14
2025-07-21 02:23:05,926 - lunarlandercontinuous_ppo_seed_1 - INFO - Episode 1730: Reward=127.83, Length=1000, Avg Reward (last 10)=86.25
2025-07-21 02:23:19,011 - lunarlandercontinuous_ppo_seed_1 - INFO - Episode 1740: Reward=75.60, Length=1000, Avg Reward (last 10)=142.66
2025-07-21 02:23:27,002 - lunarlandercontinuous_ppo_seed_1 - INFO - Episode 1750: Reward=38.25, Length=1000, Avg Reward (last 10)=46.91
2025-07-21 02:23:34,672 - lunarlandercontinuous_ppo_seed_1 - INFO - Episode 1760: Reward=-64.07, Length=345, Avg Reward (last 10)=69.14
2025-07-21 02:23:50,841 - lunarlandercontinuous_ppo_seed_1 - INFO - Episode 1770: Reward=168.45, Length=671, Avg Reward (last 10)=96.54
2025-07-21 02:23:59,573 - lunarlandercontinuous_ppo_seed_1 - INFO - Episode 1780: Reward=194.95, Length=730, Avg Reward (last 10)=129.77
2025-07-21 02:24:14,142 - lunarlandercontinuous_ppo_seed_1 - INFO - Episode 1790: Reward=229.98, Length=365, Avg Reward (last 10)=84.16
2025-07-21 02:24:23,290 - lunarlandercontinuous_ppo_seed_1 - INFO - Episode 1800: Reward=81.54, Length=1000, Avg Reward (last 10)=134.01
2025-07-21 02:24:36,428 - lunarlandercontinuous_ppo_seed_1 - INFO - Episode 1810: Reward=-148.99, Length=683, Avg Reward (last 10)=67.33
2025-07-21 02:24:45,752 - lunarlandercontinuous_ppo_seed_1 - INFO - Episode 1820: Reward=181.39, Length=371, Avg Reward (last 10)=137.08
2025-07-21 02:24:51,598 - lunarlandercontinuous_ppo_seed_1 - INFO - Episode 1830: Reward=195.36, Length=418, Avg Reward (last 10)=129.86
2025-07-21 02:25:05,982 - lunarlandercontinuous_ppo_seed_1 - INFO - Episode 1840: Reward=104.87, Length=1000, Avg Reward (last 10)=159.47
2025-07-21 02:25:12,331 - lunarlandercontinuous_ppo_seed_1 - INFO - Episode 1850: Reward=71.45, Length=1000, Avg Reward (last 10)=119.21
2025-07-21 02:25:19,980 - lunarlandercontinuous_ppo_seed_1 - INFO - Episode 1860: Reward=190.12, Length=496, Avg Reward (last 10)=153.45
2025-07-21 02:25:33,361 - lunarlandercontinuous_ppo_seed_1 - INFO - Episode 1870: Reward=195.02, Length=533, Avg Reward (last 10)=91.35
2025-07-21 02:25:43,083 - lunarlandercontinuous_ppo_seed_1 - INFO - Episode 1880: Reward=46.38, Length=1000, Avg Reward (last 10)=78.78
2025-07-21 02:25:58,857 - lunarlandercontinuous_ppo_seed_1 - INFO - Episode 1890: Reward=124.71, Length=1000, Avg Reward (last 10)=102.03
2025-07-21 02:26:07,838 - lunarlandercontinuous_ppo_seed_1 - INFO - Episode 1900: Reward=128.17, Length=1000, Avg Reward (last 10)=122.38
2025-07-21 02:26:13,013 - lunarlandercontinuous_ppo_seed_1 - INFO - Episode 1910: Reward=198.21, Length=276, Avg Reward (last 10)=86.25
2025-07-21 02:26:26,553 - lunarlandercontinuous_ppo_seed_1 - INFO - Episode 1920: Reward=218.56, Length=635, Avg Reward (last 10)=133.67
2025-07-21 02:26:34,652 - lunarlandercontinuous_ppo_seed_1 - INFO - Episode 1930: Reward=91.25, Length=1000, Avg Reward (last 10)=63.49
2025-07-21 02:26:40,504 - lunarlandercontinuous_ppo_seed_1 - INFO - Episode 1940: Reward=80.71, Length=1000, Avg Reward (last 10)=-17.95
2025-07-21 02:26:55,538 - lunarlandercontinuous_ppo_seed_1 - INFO - Episode 1950: Reward=173.03, Length=430, Avg Reward (last 10)=119.04
2025-07-21 02:27:03,150 - lunarlandercontinuous_ppo_seed_1 - INFO - Episode 1960: Reward=-160.57, Length=679, Avg Reward (last 10)=55.06
2025-07-21 02:27:14,180 - lunarlandercontinuous_ppo_seed_1 - INFO - Episode 1970: Reward=200.54, Length=449, Avg Reward (last 10)=82.53
2025-07-21 02:27:23,480 - lunarlandercontinuous_ppo_seed_1 - INFO - Episode 1980: Reward=229.60, Length=740, Avg Reward (last 10)=157.51
2025-07-21 02:27:32,102 - lunarlandercontinuous_ppo_seed_1 - INFO - Episode 1990: Reward=82.42, Length=1000, Avg Reward (last 10)=115.35
2025-07-21 02:27:47,387 - lunarlandercontinuous_ppo_seed_1 - INFO - Episode 2000: Reward=111.43, Length=1000, Avg Reward (last 10)=141.65
2025-07-21 02:27:56,393 - lunarlandercontinuous_ppo_seed_1 - INFO - Episode 2010: Reward=241.39, Length=427, Avg Reward (last 10)=123.07
2025-07-21 02:28:11,990 - lunarlandercontinuous_ppo_seed_1 - INFO - Episode 2020: Reward=113.46, Length=1000, Avg Reward (last 10)=106.54
2025-07-21 02:28:19,515 - lunarlandercontinuous_ppo_seed_1 - INFO - Episode 2030: Reward=187.87, Length=383, Avg Reward (last 10)=122.28
2025-07-21 02:28:26,683 - lunarlandercontinuous_ppo_seed_1 - INFO - Episode 2040: Reward=145.25, Length=1000, Avg Reward (last 10)=135.86
2025-07-21 02:28:40,809 - lunarlandercontinuous_ppo_seed_1 - INFO - Episode 2050: Reward=62.25, Length=1000, Avg Reward (last 10)=119.79
2025-07-21 02:28:48,748 - lunarlandercontinuous_ppo_seed_1 - INFO - Episode 2060: Reward=192.52, Length=342, Avg Reward (last 10)=148.84
2025-07-21 02:29:04,281 - lunarlandercontinuous_ppo_seed_1 - INFO - Episode 2070: Reward=213.92, Length=327, Avg Reward (last 10)=120.21
2025-07-21 02:29:13,736 - lunarlandercontinuous_ppo_seed_1 - INFO - Episode 2080: Reward=151.64, Length=1000, Avg Reward (last 10)=144.41
2025-07-21 02:29:19,498 - lunarlandercontinuous_ppo_seed_1 - INFO - Episode 2090: Reward=149.08, Length=1000, Avg Reward (last 10)=126.98
2025-07-21 02:29:35,670 - lunarlandercontinuous_ppo_seed_1 - INFO - Episode 2100: Reward=108.86, Length=1000, Avg Reward (last 10)=115.33
2025-07-21 02:29:44,223 - lunarlandercontinuous_ppo_seed_1 - INFO - Episode 2110: Reward=103.54, Length=1000, Avg Reward (last 10)=120.38
2025-07-21 02:29:59,559 - lunarlandercontinuous_ppo_seed_1 - INFO - Episode 2120: Reward=108.14, Length=1000, Avg Reward (last 10)=133.58
2025-07-21 02:30:10,893 - lunarlandercontinuous_ppo_seed_1 - INFO - Episode 2130: Reward=151.00, Length=1000, Avg Reward (last 10)=148.96
2025-07-21 02:30:24,094 - lunarlandercontinuous_ppo_seed_1 - INFO - Episode 2140: Reward=200.97, Length=353, Avg Reward (last 10)=192.56
2025-07-21 02:30:32,491 - lunarlandercontinuous_ppo_seed_1 - INFO - Episode 2150: Reward=125.76, Length=1000, Avg Reward (last 10)=127.66
2025-07-21 02:30:37,245 - lunarlandercontinuous_ppo_seed_1 - INFO - Episode 2160: Reward=202.57, Length=345, Avg Reward (last 10)=117.03
2025-07-21 02:30:50,916 - lunarlandercontinuous_ppo_seed_1 - INFO - Episode 2170: Reward=179.11, Length=337, Avg Reward (last 10)=121.29
2025-07-21 02:30:59,157 - lunarlandercontinuous_ppo_seed_1 - INFO - Episode 2180: Reward=231.15, Length=530, Avg Reward (last 10)=102.70
2025-07-21 02:31:07,263 - lunarlandercontinuous_ppo_seed_1 - INFO - Episode 2190: Reward=219.99, Length=384, Avg Reward (last 10)=156.44
2025-07-21 02:31:22,566 - lunarlandercontinuous_ppo_seed_1 - INFO - Episode 2200: Reward=110.79, Length=1000, Avg Reward (last 10)=130.15
2025-07-21 02:31:28,768 - lunarlandercontinuous_ppo_seed_1 - INFO - Episode 2210: Reward=-4.58, Length=278, Avg Reward (last 10)=138.12
2025-07-21 02:31:40,827 - lunarlandercontinuous_ppo_seed_1 - INFO - Episode 2220: Reward=201.96, Length=386, Avg Reward (last 10)=167.19
2025-07-21 02:31:49,559 - lunarlandercontinuous_ppo_seed_1 - INFO - Episode 2230: Reward=227.04, Length=286, Avg Reward (last 10)=166.90
2025-07-21 02:31:58,677 - lunarlandercontinuous_ppo_seed_1 - INFO - Episode 2240: Reward=127.33, Length=1000, Avg Reward (last 10)=118.05
2025-07-21 02:32:08,055 - lunarlandercontinuous_ppo_seed_1 - INFO - Episode 2250: Reward=174.29, Length=424, Avg Reward (last 10)=171.79
2025-07-21 02:32:16,417 - lunarlandercontinuous_ppo_seed_1 - INFO - Episode 2260: Reward=124.72, Length=1000, Avg Reward (last 10)=165.77
2025-07-21 02:32:22,833 - lunarlandercontinuous_ppo_seed_1 - INFO - Episode 2270: Reward=184.82, Length=611, Avg Reward (last 10)=135.58
2025-07-21 02:32:35,834 - lunarlandercontinuous_ppo_seed_1 - INFO - Episode 2280: Reward=128.73, Length=1000, Avg Reward (last 10)=128.63
2025-07-21 02:32:43,884 - lunarlandercontinuous_ppo_seed_1 - INFO - Episode 2290: Reward=-33.23, Length=252, Avg Reward (last 10)=116.10
2025-07-21 02:32:51,053 - lunarlandercontinuous_ppo_seed_1 - INFO - Episode 2300: Reward=193.13, Length=397, Avg Reward (last 10)=152.91
2025-07-21 02:33:02,479 - lunarlandercontinuous_ppo_seed_1 - INFO - Episode 2310: Reward=184.53, Length=476, Avg Reward (last 10)=131.53
2025-07-21 02:33:10,194 - lunarlandercontinuous_ppo_seed_1 - INFO - Episode 2320: Reward=157.12, Length=1000, Avg Reward (last 10)=147.55
2025-07-21 02:33:17,362 - lunarlandercontinuous_ppo_seed_1 - INFO - Episode 2330: Reward=191.49, Length=357, Avg Reward (last 10)=149.86
2025-07-21 02:33:27,807 - lunarlandercontinuous_ppo_seed_1 - INFO - Episode 2340: Reward=201.84, Length=394, Avg Reward (last 10)=162.93
2025-07-21 02:33:33,778 - lunarlandercontinuous_ppo_seed_1 - INFO - Episode 2350: Reward=174.35, Length=422, Avg Reward (last 10)=124.54
2025-07-21 02:33:39,473 - lunarlandercontinuous_ppo_seed_1 - INFO - Episode 2360: Reward=198.08, Length=347, Avg Reward (last 10)=176.47
2025-07-21 02:33:51,791 - lunarlandercontinuous_ppo_seed_1 - INFO - Episode 2370: Reward=211.93, Length=366, Avg Reward (last 10)=170.46
2025-07-21 02:34:00,700 - lunarlandercontinuous_ppo_seed_1 - INFO - Episode 2380: Reward=128.08, Length=1000, Avg Reward (last 10)=154.89
2025-07-21 02:34:14,220 - lunarlandercontinuous_ppo_seed_1 - INFO - Episode 2390: Reward=213.25, Length=374, Avg Reward (last 10)=185.82
2025-07-21 02:34:24,845 - lunarlandercontinuous_ppo_seed_1 - INFO - Episode 2400: Reward=220.31, Length=421, Avg Reward (last 10)=169.98
2025-07-21 02:34:32,055 - lunarlandercontinuous_ppo_seed_1 - INFO - Episode 2410: Reward=245.43, Length=351, Avg Reward (last 10)=149.51
2025-07-21 02:34:44,954 - lunarlandercontinuous_ppo_seed_1 - INFO - Episode 2420: Reward=215.47, Length=246, Avg Reward (last 10)=175.57
2025-07-21 02:34:52,992 - lunarlandercontinuous_ppo_seed_1 - INFO - Episode 2430: Reward=9.57, Length=183, Avg Reward (last 10)=136.71
2025-07-21 02:35:02,490 - lunarlandercontinuous_ppo_seed_1 - INFO - Episode 2440: Reward=124.06, Length=1000, Avg Reward (last 10)=159.13
2025-07-21 02:35:17,020 - lunarlandercontinuous_ppo_seed_1 - INFO - Episode 2450: Reward=134.84, Length=1000, Avg Reward (last 10)=134.66
2025-07-21 02:35:20,692 - lunarlandercontinuous_ppo_seed_1 - INFO - Episode 2460: Reward=-1.02, Length=251, Avg Reward (last 10)=166.90
2025-07-21 02:35:29,208 - lunarlandercontinuous_ppo_seed_1 - INFO - Episode 2470: Reward=216.60, Length=339, Avg Reward (last 10)=158.89
2025-07-21 02:35:39,540 - lunarlandercontinuous_ppo_seed_1 - INFO - Episode 2480: Reward=214.31, Length=346, Avg Reward (last 10)=206.84
2025-07-21 02:35:47,321 - lunarlandercontinuous_ppo_seed_1 - INFO - Episode 2490: Reward=217.38, Length=339, Avg Reward (last 10)=158.76
2025-07-21 02:35:53,688 - lunarlandercontinuous_ppo_seed_1 - INFO - Episode 2500: Reward=117.95, Length=1000, Avg Reward (last 10)=152.86
2025-07-21 02:36:04,884 - lunarlandercontinuous_ppo_seed_1 - INFO - Episode 2510: Reward=228.75, Length=272, Avg Reward (last 10)=129.55
2025-07-21 02:36:14,738 - lunarlandercontinuous_ppo_seed_1 - INFO - Episode 2520: Reward=196.47, Length=332, Avg Reward (last 10)=153.59
2025-07-21 02:36:22,973 - lunarlandercontinuous_ppo_seed_1 - INFO - Episode 2530: Reward=238.13, Length=362, Avg Reward (last 10)=116.75
2025-07-21 02:36:33,672 - lunarlandercontinuous_ppo_seed_1 - INFO - Episode 2540: Reward=-0.30, Length=257, Avg Reward (last 10)=148.96
2025-07-21 02:36:39,601 - lunarlandercontinuous_ppo_seed_1 - INFO - Episode 2550: Reward=113.49, Length=1000, Avg Reward (last 10)=136.58
2025-07-21 02:36:45,922 - lunarlandercontinuous_ppo_seed_1 - INFO - Episode 2560: Reward=146.93, Length=1000, Avg Reward (last 10)=144.47
2025-07-21 02:36:50,196 - lunarlandercontinuous_ppo_seed_1 - INFO - Episode 2570: Reward=215.20, Length=336, Avg Reward (last 10)=143.87
2025-07-21 02:37:05,713 - lunarlandercontinuous_ppo_seed_1 - INFO - Episode 2580: Reward=100.20, Length=1000, Avg Reward (last 10)=145.93
2025-07-21 02:37:13,243 - lunarlandercontinuous_ppo_seed_1 - INFO - Episode 2590: Reward=184.11, Length=281, Avg Reward (last 10)=150.09
2025-07-21 02:37:25,615 - lunarlandercontinuous_ppo_seed_1 - INFO - Episode 2600: Reward=147.41, Length=1000, Avg Reward (last 10)=170.96
2025-07-21 02:37:34,160 - lunarlandercontinuous_ppo_seed_1 - INFO - Episode 2610: Reward=282.10, Length=390, Avg Reward (last 10)=132.86
2025-07-21 02:37:43,112 - lunarlandercontinuous_ppo_seed_1 - INFO - Episode 2620: Reward=142.97, Length=1000, Avg Reward (last 10)=182.67
2025-07-21 02:37:58,789 - lunarlandercontinuous_ppo_seed_1 - INFO - Episode 2630: Reward=184.07, Length=422, Avg Reward (last 10)=129.06
2025-07-21 02:38:07,213 - lunarlandercontinuous_ppo_seed_1 - INFO - Episode 2640: Reward=207.77, Length=246, Avg Reward (last 10)=145.44
2025-07-21 02:38:11,977 - lunarlandercontinuous_ppo_seed_1 - INFO - Episode 2650: Reward=140.61, Length=1000, Avg Reward (last 10)=131.41
2025-07-21 02:38:28,467 - lunarlandercontinuous_ppo_seed_1 - INFO - Episode 2660: Reward=-0.66, Length=197, Avg Reward (last 10)=104.37
2025-07-21 02:38:33,781 - lunarlandercontinuous_ppo_seed_1 - INFO - Episode 2670: Reward=209.82, Length=358, Avg Reward (last 10)=158.87
2025-07-21 02:38:45,060 - lunarlandercontinuous_ppo_seed_1 - INFO - Episode 2680: Reward=207.05, Length=308, Avg Reward (last 10)=201.71
2025-07-21 02:38:55,940 - lunarlandercontinuous_ppo_seed_1 - INFO - Episode 2690: Reward=212.98, Length=238, Avg Reward (last 10)=153.17
2025-07-21 02:39:03,980 - lunarlandercontinuous_ppo_seed_1 - INFO - Episode 2700: Reward=167.31, Length=573, Avg Reward (last 10)=137.09
2025-07-21 02:39:16,206 - lunarlandercontinuous_ppo_seed_1 - INFO - Episode 2710: Reward=247.39, Length=444, Avg Reward (last 10)=157.71
2025-07-21 02:39:23,843 - lunarlandercontinuous_ppo_seed_1 - INFO - Episode 2720: Reward=226.68, Length=333, Avg Reward (last 10)=180.07
2025-07-21 02:39:35,738 - lunarlandercontinuous_ppo_seed_1 - INFO - Episode 2730: Reward=225.90, Length=358, Avg Reward (last 10)=149.97
2025-07-21 02:39:48,571 - lunarlandercontinuous_ppo_seed_1 - INFO - Episode 2740: Reward=139.30, Length=1000, Avg Reward (last 10)=125.75
2025-07-21 02:40:03,814 - lunarlandercontinuous_ppo_seed_1 - INFO - Episode 2750: Reward=234.55, Length=380, Avg Reward (last 10)=160.01
2025-07-21 02:40:15,401 - lunarlandercontinuous_ppo_seed_1 - INFO - Episode 2760: Reward=112.49, Length=1000, Avg Reward (last 10)=171.35
2025-07-21 02:40:25,906 - lunarlandercontinuous_ppo_seed_1 - INFO - Episode 2770: Reward=107.47, Length=1000, Avg Reward (last 10)=140.91
2025-07-21 02:40:43,936 - lunarlandercontinuous_ppo_seed_1 - INFO - Episode 2780: Reward=129.41, Length=1000, Avg Reward (last 10)=159.49
2025-07-21 02:40:54,047 - lunarlandercontinuous_ppo_seed_1 - INFO - Episode 2790: Reward=147.96, Length=1000, Avg Reward (last 10)=154.48
2025-07-21 02:41:10,088 - lunarlandercontinuous_ppo_seed_1 - INFO - Episode 2800: Reward=152.56, Length=1000, Avg Reward (last 10)=187.20
2025-07-21 02:41:19,464 - lunarlandercontinuous_ppo_seed_1 - INFO - Episode 2810: Reward=158.31, Length=1000, Avg Reward (last 10)=151.72
2025-07-21 02:41:35,893 - lunarlandercontinuous_ppo_seed_1 - INFO - Episode 2820: Reward=179.85, Length=474, Avg Reward (last 10)=150.63
2025-07-21 02:41:46,916 - lunarlandercontinuous_ppo_seed_1 - INFO - Episode 2830: Reward=149.98, Length=1000, Avg Reward (last 10)=149.59
2025-07-21 02:42:08,191 - lunarlandercontinuous_ppo_seed_1 - INFO - Episode 2840: Reward=164.60, Length=1000, Avg Reward (last 10)=132.39
2025-07-21 02:42:17,411 - lunarlandercontinuous_ppo_seed_1 - INFO - Episode 2850: Reward=140.86, Length=1000, Avg Reward (last 10)=138.00
2025-07-21 02:42:35,167 - lunarlandercontinuous_ppo_seed_1 - INFO - Episode 2860: Reward=132.71, Length=1000, Avg Reward (last 10)=150.61
2025-07-21 02:42:43,541 - lunarlandercontinuous_ppo_seed_1 - INFO - Episode 2870: Reward=236.82, Length=344, Avg Reward (last 10)=146.33
2025-07-21 02:43:00,902 - lunarlandercontinuous_ppo_seed_1 - INFO - Episode 2880: Reward=129.83, Length=1000, Avg Reward (last 10)=133.35
2025-07-21 02:43:11,667 - lunarlandercontinuous_ppo_seed_1 - INFO - Episode 2890: Reward=193.42, Length=393, Avg Reward (last 10)=136.55
2025-07-21 02:43:19,977 - lunarlandercontinuous_ppo_seed_1 - INFO - Episode 2900: Reward=144.03, Length=1000, Avg Reward (last 10)=127.85
2025-07-21 02:43:33,097 - lunarlandercontinuous_ppo_seed_1 - INFO - Episode 2910: Reward=-0.17, Length=281, Avg Reward (last 10)=154.70
2025-07-21 02:43:42,241 - lunarlandercontinuous_ppo_seed_1 - INFO - Episode 2920: Reward=32.79, Length=335, Avg Reward (last 10)=115.96
2025-07-21 02:43:58,076 - lunarlandercontinuous_ppo_seed_1 - INFO - Episode 2930: Reward=117.50, Length=1000, Avg Reward (last 10)=148.81
2025-07-21 02:44:07,781 - lunarlandercontinuous_ppo_seed_1 - INFO - Episode 2940: Reward=136.77, Length=1000, Avg Reward (last 10)=156.98
2025-07-21 02:44:22,302 - lunarlandercontinuous_ppo_seed_1 - INFO - Episode 2950: Reward=138.48, Length=1000, Avg Reward (last 10)=158.40
2025-07-21 02:44:30,223 - lunarlandercontinuous_ppo_seed_1 - INFO - Episode 2960: Reward=130.61, Length=1000, Avg Reward (last 10)=205.56
2025-07-21 02:44:38,078 - lunarlandercontinuous_ppo_seed_1 - INFO - Episode 2970: Reward=155.51, Length=1000, Avg Reward (last 10)=145.36
2025-07-21 02:44:53,466 - lunarlandercontinuous_ppo_seed_1 - INFO - Episode 2980: Reward=219.63, Length=326, Avg Reward (last 10)=122.30
2025-07-21 02:45:02,081 - lunarlandercontinuous_ppo_seed_1 - INFO - Episode 2990: Reward=128.62, Length=1000, Avg Reward (last 10)=171.16
2025-07-21 02:45:17,647 - lunarlandercontinuous_ppo_seed_1 - INFO - Episode 3000: Reward=246.17, Length=593, Avg Reward (last 10)=177.20
2025-07-21 02:45:26,390 - lunarlandercontinuous_ppo_seed_1 - INFO - Episode 3010: Reward=223.35, Length=437, Avg Reward (last 10)=174.35
2025-07-21 02:45:44,202 - lunarlandercontinuous_ppo_seed_1 - INFO - Episode 3020: Reward=115.02, Length=1000, Avg Reward (last 10)=121.03
2025-07-21 02:45:54,543 - lunarlandercontinuous_ppo_seed_1 - INFO - Episode 3030: Reward=153.29, Length=1000, Avg Reward (last 10)=166.45
2025-07-21 02:46:11,048 - lunarlandercontinuous_ppo_seed_1 - INFO - Episode 3040: Reward=142.75, Length=1000, Avg Reward (last 10)=164.60
2025-07-21 02:46:19,735 - lunarlandercontinuous_ppo_seed_1 - INFO - Episode 3050: Reward=156.04, Length=1000, Avg Reward (last 10)=151.42
2025-07-21 02:46:36,565 - lunarlandercontinuous_ppo_seed_1 - INFO - Episode 3060: Reward=147.61, Length=1000, Avg Reward (last 10)=139.49
2025-07-21 02:46:46,996 - lunarlandercontinuous_ppo_seed_1 - INFO - Episode 3070: Reward=124.86, Length=1000, Avg Reward (last 10)=145.69
2025-07-21 02:47:05,909 - lunarlandercontinuous_ppo_seed_1 - INFO - Episode 3080: Reward=136.15, Length=1000, Avg Reward (last 10)=146.62
2025-07-21 02:47:18,518 - lunarlandercontinuous_ppo_seed_1 - INFO - Episode 3090: Reward=141.26, Length=1000, Avg Reward (last 10)=183.83
2025-07-21 02:47:30,039 - lunarlandercontinuous_ppo_seed_1 - INFO - Episode 3100: Reward=114.40, Length=1000, Avg Reward (last 10)=133.74
2025-07-21 02:47:49,650 - lunarlandercontinuous_ppo_seed_1 - INFO - Episode 3110: Reward=134.41, Length=1000, Avg Reward (last 10)=137.88
2025-07-21 02:48:00,576 - lunarlandercontinuous_ppo_seed_1 - INFO - Episode 3120: Reward=163.63, Length=1000, Avg Reward (last 10)=163.77
2025-07-21 02:48:18,591 - lunarlandercontinuous_ppo_seed_1 - INFO - Episode 3130: Reward=128.13, Length=1000, Avg Reward (last 10)=135.77
2025-07-21 02:48:28,293 - lunarlandercontinuous_ppo_seed_1 - INFO - Episode 3140: Reward=134.16, Length=1000, Avg Reward (last 10)=161.52
2025-07-21 02:48:43,930 - lunarlandercontinuous_ppo_seed_1 - INFO - Episode 3150: Reward=141.09, Length=1000, Avg Reward (last 10)=133.82
2025-07-21 02:48:54,133 - lunarlandercontinuous_ppo_seed_1 - INFO - Episode 3160: Reward=252.50, Length=343, Avg Reward (last 10)=156.82
2025-07-21 02:49:10,278 - lunarlandercontinuous_ppo_seed_1 - INFO - Episode 3170: Reward=138.84, Length=1000, Avg Reward (last 10)=132.72
2025-07-21 02:49:19,229 - lunarlandercontinuous_ppo_seed_1 - INFO - Episode 3180: Reward=149.77, Length=1000, Avg Reward (last 10)=153.56
2025-07-21 02:49:33,629 - lunarlandercontinuous_ppo_seed_1 - INFO - Episode 3190: Reward=136.11, Length=1000, Avg Reward (last 10)=138.45
2025-07-21 02:49:41,438 - lunarlandercontinuous_ppo_seed_1 - INFO - Episode 3200: Reward=-10.04, Length=353, Avg Reward (last 10)=156.77
2025-07-21 02:49:49,102 - lunarlandercontinuous_ppo_seed_1 - INFO - Episode 3210: Reward=156.77, Length=1000, Avg Reward (last 10)=155.55
2025-07-21 02:50:04,808 - lunarlandercontinuous_ppo_seed_1 - INFO - Episode 3220: Reward=210.54, Length=339, Avg Reward (last 10)=167.22
2025-07-21 02:50:13,853 - lunarlandercontinuous_ppo_seed_1 - INFO - Episode 3230: Reward=196.95, Length=399, Avg Reward (last 10)=166.02
2025-07-21 02:50:31,732 - lunarlandercontinuous_ppo_seed_1 - INFO - Episode 3240: Reward=214.74, Length=366, Avg Reward (last 10)=172.43
2025-07-21 02:50:42,389 - lunarlandercontinuous_ppo_seed_1 - INFO - Episode 3250: Reward=126.89, Length=1000, Avg Reward (last 10)=145.81
2025-07-21 02:51:03,927 - lunarlandercontinuous_ppo_seed_1 - INFO - Episode 3260: Reward=127.59, Length=1000, Avg Reward (last 10)=139.35
2025-07-21 02:51:15,490 - lunarlandercontinuous_ppo_seed_1 - INFO - Episode 3270: Reward=101.46, Length=1000, Avg Reward (last 10)=149.50
2025-07-21 02:51:27,422 - lunarlandercontinuous_ppo_seed_1 - INFO - Episode 3280: Reward=235.90, Length=373, Avg Reward (last 10)=145.61
2025-07-21 02:51:38,155 - lunarlandercontinuous_ppo_seed_1 - INFO - Episode 3290: Reward=150.39, Length=1000, Avg Reward (last 10)=166.86
2025-07-21 02:51:53,870 - lunarlandercontinuous_ppo_seed_1 - INFO - Episode 3300: Reward=133.28, Length=1000, Avg Reward (last 10)=153.37
2025-07-21 02:52:06,852 - lunarlandercontinuous_ppo_seed_1 - INFO - Episode 3310: Reward=135.96, Length=1000, Avg Reward (last 10)=143.64
2025-07-21 02:52:23,034 - lunarlandercontinuous_ppo_seed_1 - INFO - Episode 3320: Reward=134.27, Length=1000, Avg Reward (last 10)=143.14
2025-07-21 02:52:33,479 - lunarlandercontinuous_ppo_seed_1 - INFO - Episode 3330: Reward=141.73, Length=1000, Avg Reward (last 10)=136.36
2025-07-21 02:52:42,545 - lunarlandercontinuous_ppo_seed_1 - INFO - Episode 3340: Reward=152.17, Length=1000, Avg Reward (last 10)=111.85
2025-07-21 02:52:58,434 - lunarlandercontinuous_ppo_seed_1 - INFO - Episode 3350: Reward=146.98, Length=1000, Avg Reward (last 10)=151.43
2025-07-21 02:53:08,382 - lunarlandercontinuous_ppo_seed_1 - INFO - Episode 3360: Reward=259.35, Length=290, Avg Reward (last 10)=147.58
2025-07-21 02:53:22,816 - lunarlandercontinuous_ppo_seed_1 - INFO - Episode 3370: Reward=140.21, Length=1000, Avg Reward (last 10)=141.92
2025-07-21 02:53:30,675 - lunarlandercontinuous_ppo_seed_1 - INFO - Episode 3380: Reward=141.69, Length=1000, Avg Reward (last 10)=152.32
2025-07-21 02:53:46,870 - lunarlandercontinuous_ppo_seed_1 - INFO - Episode 3390: Reward=109.46, Length=1000, Avg Reward (last 10)=125.36
2025-07-21 02:53:54,401 - lunarlandercontinuous_ppo_seed_1 - INFO - Episode 3400: Reward=-26.16, Length=247, Avg Reward (last 10)=164.60
2025-07-21 02:54:03,362 - lunarlandercontinuous_ppo_seed_1 - INFO - Episode 3410: Reward=144.28, Length=1000, Avg Reward (last 10)=114.57
2025-07-21 02:54:19,010 - lunarlandercontinuous_ppo_seed_1 - INFO - Episode 3420: Reward=211.46, Length=371, Avg Reward (last 10)=151.75
2025-07-21 02:54:27,703 - lunarlandercontinuous_ppo_seed_1 - INFO - Episode 3430: Reward=-23.65, Length=242, Avg Reward (last 10)=146.87
2025-07-21 02:54:42,984 - lunarlandercontinuous_ppo_seed_1 - INFO - Episode 3440: Reward=-24.82, Length=238, Avg Reward (last 10)=143.53
2025-07-21 02:54:52,944 - lunarlandercontinuous_ppo_seed_1 - INFO - Episode 3450: Reward=111.38, Length=1000, Avg Reward (last 10)=167.25
2025-07-21 02:55:07,893 - lunarlandercontinuous_ppo_seed_1 - INFO - Episode 3460: Reward=84.80, Length=1000, Avg Reward (last 10)=168.94
2025-07-21 02:55:18,240 - lunarlandercontinuous_ppo_seed_1 - INFO - Episode 3470: Reward=124.24, Length=1000, Avg Reward (last 10)=131.85
2025-07-21 02:55:29,142 - lunarlandercontinuous_ppo_seed_1 - INFO - Episode 3480: Reward=137.10, Length=1000, Avg Reward (last 10)=145.63
2025-07-21 02:55:45,270 - lunarlandercontinuous_ppo_seed_1 - INFO - Episode 3490: Reward=115.09, Length=1000, Avg Reward (last 10)=129.44
2025-07-21 02:55:52,542 - lunarlandercontinuous_ppo_seed_1 - INFO - Episode 3500: Reward=138.76, Length=1000, Avg Reward (last 10)=147.83
2025-07-21 02:56:10,832 - lunarlandercontinuous_ppo_seed_1 - INFO - Episode 3510: Reward=125.58, Length=1000, Avg Reward (last 10)=162.23
2025-07-21 02:56:19,447 - lunarlandercontinuous_ppo_seed_1 - INFO - Episode 3520: Reward=143.37, Length=1000, Avg Reward (last 10)=176.25
2025-07-21 02:56:27,119 - lunarlandercontinuous_ppo_seed_1 - INFO - Metrics saved to results/lunarlandercontinuous_ppo/seed_1/metrics.json
2025-07-21 02:56:29,733 - lunarlandercontinuous_ppo_seed_1 - INFO - Experiment completed.
