2025-08-01 09:00:13,118 - cartpole_ppo_wandb_seed_3 - INFO - Hyperparameters:
2025-08-01 09:00:13,118 - cartpole_ppo_wandb_seed_3 - INFO -   environment: {'name': 'CartPole-v1', 'seed': 42}
2025-08-01 09:00:13,118 - cartpole_ppo_wandb_seed_3 - INFO -   algorithm: {'name': 'PPO', 'lr_actor': '3e-4', 'lr_critic': '1e-3', 'gamma': 0.99, 'gae_lambda': 0.95, 'clip_ratio': 0.2, 'target_kl': 0.01, 'train_policy_iters': 80, 'train_value_iters': 80, 'lam': 0.97, 'has_continuous_action_space': False, 'action_std_init': 0.6}
2025-08-01 09:00:13,118 - cartpole_ppo_wandb_seed_3 - INFO -   network: {'hidden_dims': [64, 64], 'activation': 'tanh'}
2025-08-01 09:00:13,119 - cartpole_ppo_wandb_seed_3 - INFO -   training: {'max_episodes': 100, 'max_steps_per_episode': 500, 'update_interval': 2048, 'eval_interval': 10, 'save_interval': 300, 'log_interval': 10}
2025-08-01 09:00:13,119 - cartpole_ppo_wandb_seed_3 - INFO -   experiment: {'name': 'cartpole_ppo_wandb', 'seeds': [0, 1, 2, 3, 4], 'device': 'cuda', 'save_dir': 'results/cartpole_ppo_wandb'}
2025-08-01 09:00:13,119 - cartpole_ppo_wandb_seed_3 - INFO -   logging: {'tensorboard': False, 'save_metrics': True, 'plot_interval': 25, 'use_wandb': True, 'wandb_project': 'rl-framework-cartpole', 'wandb_entity': 'tatalintelli-university-of-seoul', 'enable_step_logging': True, 'step_log_interval': 1000}
2025-08-01 09:00:13,170 - cartpole_ppo_wandb_seed_3 - INFO - Episode 0: Reward=28.00, Length=28, Avg Reward (last 10)=28.00
2025-08-01 09:00:13,425 - cartpole_ppo_wandb_seed_3 - INFO - Episode 10: Reward=22.00, Length=22, Avg Reward (last 10)=16.80
2025-08-01 09:00:13,820 - cartpole_ppo_wandb_seed_3 - INFO - Episode 20: Reward=23.00, Length=23, Avg Reward (last 10)=26.90
2025-08-01 09:00:14,080 - cartpole_ppo_wandb_seed_3 - INFO - Episode 30: Reward=24.00, Length=24, Avg Reward (last 10)=17.60
2025-08-01 09:00:14,551 - cartpole_ppo_wandb_seed_3 - INFO - Episode 40: Reward=24.00, Length=24, Avg Reward (last 10)=32.00
2025-08-01 09:00:14,622 - cartpole_ppo_wandb_seed_3 - INFO - Step 1009: Avg Reward=23.47, Running Avg=23.47, Episodes=43
2025-08-01 09:00:14,854 - cartpole_ppo_wandb_seed_3 - INFO - Episode 50: Reward=27.00, Length=27, Avg Reward (last 10)=20.40
2025-08-01 09:00:15,229 - cartpole_ppo_wandb_seed_3 - INFO - Episode 60: Reward=13.00, Length=13, Avg Reward (last 10)=25.50
2025-08-01 09:00:15,505 - cartpole_ppo_wandb_seed_3 - INFO - Episode 70: Reward=19.00, Length=19, Avg Reward (last 10)=18.60
2025-08-01 09:00:15,840 - cartpole_ppo_wandb_seed_3 - INFO - Episode 80: Reward=61.00, Length=61, Avg Reward (last 10)=22.50
2025-08-01 09:00:16,100 - cartpole_ppo_wandb_seed_3 - INFO - Step 2030: Avg Reward=22.20, Running Avg=22.81, Episodes=46
2025-08-01 09:00:16,819 - cartpole_ppo_wandb_seed_3 - INFO - Episode 90: Reward=12.00, Length=12, Avg Reward (last 10)=22.80
2025-08-01 09:00:17,151 - cartpole_ppo_wandb_seed_3 - INFO - Episode 100: Reward=16.00, Length=16, Avg Reward (last 10)=27.70
2025-08-01 09:00:17,501 - cartpole_ppo_wandb_seed_3 - INFO - Episode 110: Reward=13.00, Length=13, Avg Reward (last 10)=29.00
2025-08-01 09:00:17,789 - cartpole_ppo_wandb_seed_3 - INFO - Episode 120: Reward=16.00, Length=16, Avg Reward (last 10)=23.60
2025-08-01 09:00:17,994 - cartpole_ppo_wandb_seed_3 - INFO - Step 3030: Avg Reward=24.37, Running Avg=23.30, Episodes=41
2025-08-01 09:00:18,007 - cartpole_ppo_wandb_seed_3 - INFO - Episode 130: Reward=15.00, Length=15, Avg Reward (last 10)=18.20
2025-08-01 09:00:18,238 - cartpole_ppo_wandb_seed_3 - INFO - Episode 140: Reward=13.00, Length=13, Avg Reward (last 10)=19.20
2025-08-01 09:00:18,500 - cartpole_ppo_wandb_seed_3 - INFO - Episode 150: Reward=21.00, Length=21, Avg Reward (last 10)=21.90
2025-08-01 09:00:18,748 - cartpole_ppo_wandb_seed_3 - INFO - Episode 160: Reward=49.00, Length=49, Avg Reward (last 10)=20.70
2025-08-01 09:00:19,036 - cartpole_ppo_wandb_seed_3 - INFO - Episode 170: Reward=19.00, Length=19, Avg Reward (last 10)=23.90
2025-08-01 09:00:19,202 - cartpole_ppo_wandb_seed_3 - INFO - Step 4038: Avg Reward=21.91, Running Avg=22.94, Episodes=46
2025-08-01 09:00:20,116 - cartpole_ppo_wandb_seed_3 - INFO - Episode 180: Reward=18.00, Length=18, Avg Reward (last 10)=22.60
2025-08-01 09:00:20,473 - cartpole_ppo_wandb_seed_3 - INFO - Episode 190: Reward=19.00, Length=19, Avg Reward (last 10)=29.20
2025-08-01 09:00:20,777 - cartpole_ppo_wandb_seed_3 - INFO - Episode 200: Reward=25.00, Length=25, Avg Reward (last 10)=25.00
2025-08-01 09:00:21,005 - cartpole_ppo_wandb_seed_3 - INFO - Episode 210: Reward=23.00, Length=23, Avg Reward (last 10)=23.90
2025-08-01 09:00:21,144 - cartpole_ppo_wandb_seed_3 - INFO - Step 5040: Avg Reward=25.56, Running Avg=23.41, Episodes=39
2025-08-01 09:00:21,370 - cartpole_ppo_wandb_seed_3 - INFO - Episode 220: Reward=57.00, Length=57, Avg Reward (last 10)=31.50
2025-08-01 09:00:21,750 - cartpole_ppo_wandb_seed_3 - INFO - Episode 230: Reward=35.00, Length=35, Avg Reward (last 10)=32.50
2025-08-01 09:00:22,138 - cartpole_ppo_wandb_seed_3 - INFO - Episode 240: Reward=16.00, Length=16, Avg Reward (last 10)=33.20
2025-08-01 09:00:22,331 - cartpole_ppo_wandb_seed_3 - INFO - Step 6051: Avg Reward=31.59, Running Avg=24.47, Episodes=32
2025-08-01 09:00:23,245 - cartpole_ppo_wandb_seed_3 - INFO - Episode 250: Reward=23.00, Length=23, Avg Reward (last 10)=28.00
2025-08-01 09:00:23,622 - cartpole_ppo_wandb_seed_3 - INFO - Episode 260: Reward=37.00, Length=37, Avg Reward (last 10)=32.00
2025-08-01 09:00:24,011 - cartpole_ppo_wandb_seed_3 - INFO - Episode 270: Reward=19.00, Length=19, Avg Reward (last 10)=33.20
2025-08-01 09:00:24,293 - cartpole_ppo_wandb_seed_3 - INFO - Step 7058: Avg Reward=33.53, Running Avg=25.45, Episodes=30
2025-08-01 09:00:24,445 - cartpole_ppo_wandb_seed_3 - INFO - Episode 280: Reward=13.00, Length=13, Avg Reward (last 10)=36.40
2025-08-01 09:00:24,850 - cartpole_ppo_wandb_seed_3 - INFO - Episode 290: Reward=14.00, Length=14, Avg Reward (last 10)=34.40
2025-08-01 09:00:25,166 - cartpole_ppo_wandb_seed_3 - INFO - Episode 300: Reward=15.00, Length=15, Avg Reward (last 10)=27.00
2025-08-01 09:00:25,400 - cartpole_ppo_wandb_seed_3 - INFO - Episode 310: Reward=20.00, Length=20, Avg Reward (last 10)=19.80
2025-08-01 09:00:25,480 - cartpole_ppo_wandb_seed_3 - INFO - Step 8063: Avg Reward=27.92, Running Avg=25.74, Episodes=36
2025-08-01 09:00:26,492 - cartpole_ppo_wandb_seed_3 - INFO - Episode 320: Reward=36.00, Length=36, Avg Reward (last 10)=24.60
2025-08-01 09:00:26,933 - cartpole_ppo_wandb_seed_3 - INFO - Episode 330: Reward=36.00, Length=36, Avg Reward (last 10)=37.40
2025-08-01 09:00:27,278 - cartpole_ppo_wandb_seed_3 - INFO - Episode 340: Reward=12.00, Length=12, Avg Reward (last 10)=29.50
2025-08-01 09:00:27,454 - cartpole_ppo_wandb_seed_3 - INFO - Step 9074: Avg Reward=28.43, Running Avg=26.01, Episodes=35
2025-08-01 09:00:27,659 - cartpole_ppo_wandb_seed_3 - INFO - Episode 350: Reward=42.00, Length=42, Avg Reward (last 10)=32.10
2025-08-01 09:00:28,006 - cartpole_ppo_wandb_seed_3 - INFO - Episode 360: Reward=48.00, Length=48, Avg Reward (last 10)=29.80
2025-08-01 09:00:28,334 - cartpole_ppo_wandb_seed_3 - INFO - Episode 370: Reward=39.00, Length=39, Avg Reward (last 10)=27.80
2025-08-01 09:00:28,692 - cartpole_ppo_wandb_seed_3 - INFO - Step 10131: Avg Reward=35.23, Running Avg=26.74, Episodes=30
2025-08-01 09:00:28,761 - cartpole_ppo_wandb_seed_3 - INFO - Episode 380: Reward=16.00, Length=16, Avg Reward (last 10)=36.50
2025-08-01 09:00:29,885 - cartpole_ppo_wandb_seed_3 - INFO - Episode 390: Reward=72.00, Length=72, Avg Reward (last 10)=60.40
2025-08-01 09:00:30,201 - cartpole_ppo_wandb_seed_3 - INFO - Step 11141: Avg Reward=50.42, Running Avg=27.87, Episodes=19
2025-08-01 09:00:30,353 - cartpole_ppo_wandb_seed_3 - INFO - Episode 400: Reward=25.00, Length=25, Avg Reward (last 10)=46.60
2025-08-01 09:00:30,910 - cartpole_ppo_wandb_seed_3 - INFO - Episode 410: Reward=30.00, Length=30, Avg Reward (last 10)=47.10
2025-08-01 09:00:31,347 - cartpole_ppo_wandb_seed_3 - INFO - Step 12149: Avg Reward=42.00, Running Avg=28.68, Episodes=24
2025-08-01 09:00:31,347 - cartpole_ppo_wandb_seed_3 - INFO - Episode 420: Reward=42.00, Length=42, Avg Reward (last 10)=36.80
2025-08-01 09:00:32,254 - cartpole_ppo_wandb_seed_3 - INFO - Episode 430: Reward=35.00, Length=35, Avg Reward (last 10)=43.90
2025-08-01 09:00:32,762 - cartpole_ppo_wandb_seed_3 - INFO - Episode 440: Reward=40.00, Length=40, Avg Reward (last 10)=43.00
2025-08-01 09:00:32,901 - cartpole_ppo_wandb_seed_3 - INFO - Step 13157: Avg Reward=42.87, Running Avg=29.41, Episodes=23
2025-08-01 09:00:33,391 - cartpole_ppo_wandb_seed_3 - INFO - Episode 450: Reward=121.00, Length=121, Avg Reward (last 10)=53.60
2025-08-01 09:00:33,730 - cartpole_ppo_wandb_seed_3 - INFO - Episode 460: Reward=20.00, Length=20, Avg Reward (last 10)=28.60
2025-08-01 09:00:34,097 - cartpole_ppo_wandb_seed_3 - INFO - Step 14175: Avg Reward=44.26, Running Avg=30.15, Episodes=23
2025-08-01 09:00:34,719 - cartpole_ppo_wandb_seed_3 - INFO - Episode 470: Reward=79.00, Length=79, Avg Reward (last 10)=49.40
2025-08-01 09:00:35,813 - cartpole_ppo_wandb_seed_3 - INFO - Step 15250: Avg Reward=92.36, Running Avg=31.58, Episodes=11
2025-08-01 09:00:35,936 - cartpole_ppo_wandb_seed_3 - INFO - Episode 480: Reward=56.00, Length=56, Avg Reward (last 10)=93.70
2025-08-01 09:00:37,077 - cartpole_ppo_wandb_seed_3 - INFO - Step 16324: Avg Reward=82.62, Running Avg=32.93, Episodes=13
2025-08-01 09:00:37,078 - cartpole_ppo_wandb_seed_3 - INFO - Episode 490: Reward=106.00, Length=106, Avg Reward (last 10)=97.20
2025-08-01 09:00:38,538 - cartpole_ppo_wandb_seed_3 - INFO - Episode 500: Reward=111.00, Length=111, Avg Reward (last 10)=90.20
2025-08-01 09:00:38,730 - cartpole_ppo_wandb_seed_3 - INFO - Step 17401: Avg Reward=88.75, Running Avg=34.26, Episodes=12
2025-08-01 09:00:39,413 - cartpole_ppo_wandb_seed_3 - INFO - Episode 510: Reward=23.00, Length=23, Avg Reward (last 10)=79.50
2025-08-01 09:00:40,235 - cartpole_ppo_wandb_seed_3 - INFO - Step 18526: Avg Reward=72.60, Running Avg=35.37, Episodes=15
2025-08-01 09:00:40,338 - cartpole_ppo_wandb_seed_3 - INFO - Episode 520: Reward=17.00, Length=17, Avg Reward (last 10)=54.70
2025-08-01 09:00:41,397 - cartpole_ppo_wandb_seed_3 - INFO - Step 19552: Avg Reward=102.60, Running Avg=36.64, Episodes=10
2025-08-01 09:00:41,923 - cartpole_ppo_wandb_seed_3 - INFO - Episode 530: Reward=194.00, Length=194, Avg Reward (last 10)=139.90
2025-08-01 09:00:43,035 - cartpole_ppo_wandb_seed_3 - INFO - Step 20689: Avg Reward=151.71, Running Avg=38.15, Episodes=7
2025-08-01 09:00:44,125 - cartpole_ppo_wandb_seed_3 - INFO - Episode 540: Reward=217.00, Length=217, Avg Reward (last 10)=155.80
2025-08-01 09:00:44,399 - cartpole_ppo_wandb_seed_3 - INFO - Step 21893: Avg Reward=172.00, Running Avg=39.88, Episodes=7
2025-08-01 09:00:48,228 - cartpole_ppo_wandb_seed_3 - INFO - Step 22905: Avg Reward=136.71, Running Avg=41.11, Episodes=7
2025-08-01 09:00:48,774 - cartpole_ppo_wandb_seed_3 - INFO - Episode 550: Reward=293.00, Length=293, Avg Reward (last 10)=168.70
2025-08-01 09:00:49,350 - cartpole_ppo_wandb_seed_3 - INFO - Step 23951: Avg Reward=209.20, Running Avg=42.63, Episodes=5
2025-08-01 09:00:51,549 - cartpole_ppo_wandb_seed_3 - INFO - Step 25027: Avg Reward=165.00, Running Avg=43.94, Episodes=6
2025-08-01 09:00:51,746 - cartpole_ppo_wandb_seed_3 - INFO - Episode 560: Reward=167.00, Length=167, Avg Reward (last 10)=171.80
2025-08-01 09:00:52,982 - cartpole_ppo_wandb_seed_3 - INFO - Step 26251: Avg Reward=306.00, Running Avg=45.80, Episodes=4
2025-08-01 09:00:54,973 - cartpole_ppo_wandb_seed_3 - INFO - Step 27284: Avg Reward=201.00, Running Avg=47.16, Episodes=5
2025-08-01 09:00:55,483 - cartpole_ppo_wandb_seed_3 - INFO - Episode 570: Reward=229.00, Length=229, Avg Reward (last 10)=250.00
2025-08-01 09:00:56,344 - cartpole_ppo_wandb_seed_3 - INFO - Step 28458: Avg Reward=234.80, Running Avg=48.80, Episodes=5
2025-08-01 09:00:58,129 - cartpole_ppo_wandb_seed_3 - INFO - Step 29706: Avg Reward=302.75, Running Avg=50.56, Episodes=4
2025-08-01 09:00:59,033 - cartpole_ppo_wandb_seed_3 - INFO - Episode 580: Reward=379.00, Length=379, Avg Reward (last 10)=279.40
2025-08-01 09:01:00,560 - cartpole_ppo_wandb_seed_3 - INFO - Step 31220: Avg Reward=296.20, Running Avg=52.66, Episodes=5
2025-08-01 09:01:01,887 - cartpole_ppo_wandb_seed_3 - INFO - Step 32391: Avg Reward=390.33, Running Avg=54.39, Episodes=3
2025-08-01 09:01:03,963 - cartpole_ppo_wandb_seed_3 - INFO - Step 33488: Avg Reward=324.67, Running Avg=55.77, Episodes=3
2025-08-01 09:01:04,751 - cartpole_ppo_wandb_seed_3 - INFO - Episode 590: Reward=500.00, Length=500, Avg Reward (last 10)=347.50
2025-08-01 09:01:05,174 - cartpole_ppo_wandb_seed_3 - INFO - Step 34557: Avg Reward=356.33, Running Avg=57.29, Episodes=3
2025-08-01 09:01:07,116 - cartpole_ppo_wandb_seed_3 - INFO - Step 35656: Avg Reward=360.00, Running Avg=58.82, Episodes=3
2025-08-01 09:01:09,661 - cartpole_ppo_wandb_seed_3 - INFO - Step 37287: Avg Reward=455.00, Running Avg=60.80, Episodes=3
2025-08-01 09:01:11,209 - cartpole_ppo_wandb_seed_3 - INFO - Step 38550: Avg Reward=421.00, Running Avg=62.60, Episodes=3
2025-08-01 09:01:11,210 - cartpole_ppo_wandb_seed_3 - INFO - Episode 600: Reward=500.00, Length=500, Avg Reward (last 10)=408.10
2025-08-01 09:01:12,952 - cartpole_ppo_wandb_seed_3 - INFO - Step 39725: Avg Reward=406.50, Running Avg=63.74, Episodes=2
2025-08-01 09:01:15,755 - cartpole_ppo_wandb_seed_3 - INFO - Step 41460: Avg Reward=489.33, Running Avg=65.85, Episodes=3
2025-08-01 09:01:17,185 - cartpole_ppo_wandb_seed_3 - INFO - Step 42644: Avg Reward=394.67, Running Avg=67.47, Episodes=3
2025-08-01 09:01:24,228 - cartpole_ppo_wandb_seed_3 - INFO - Episode 610: Reward=500.00, Length=500, Avg Reward (last 10)=428.80
2025-08-01 09:01:24,839 - cartpole_ppo_wandb_seed_3 - INFO - Step 44008: Avg Reward=441.00, Running Avg=69.30, Episodes=3
2025-08-01 09:01:26,058 - cartpole_ppo_wandb_seed_3 - INFO - Step 45008: Avg Reward=500.00, Running Avg=70.70, Episodes=2
2025-08-01 09:01:28,399 - cartpole_ppo_wandb_seed_3 - INFO - Step 46056: Avg Reward=500.00, Running Avg=72.10, Episodes=2
2025-08-01 09:01:30,599 - cartpole_ppo_wandb_seed_3 - INFO - Step 47604: Avg Reward=434.33, Running Avg=73.85, Episodes=3
2025-08-01 09:01:31,395 - cartpole_ppo_wandb_seed_3 - INFO - Episode 620: Reward=203.00, Length=203, Avg Reward (last 10)=450.60
2025-08-01 09:01:31,998 - cartpole_ppo_wandb_seed_3 - INFO - Step 48807: Avg Reward=401.00, Running Avg=75.43, Episodes=3
2025-08-01 09:01:34,355 - cartpole_ppo_wandb_seed_3 - INFO - Step 50152: Avg Reward=447.67, Running Avg=77.22, Episodes=3
2025-08-01 09:01:35,545 - cartpole_ppo_wandb_seed_3 - INFO - Step 51152: Avg Reward=500.00, Running Avg=78.57, Episodes=2
2025-08-01 09:01:37,106 - cartpole_ppo_wandb_seed_3 - INFO - Step 52200: Avg Reward=500.00, Running Avg=79.91, Episodes=2
2025-08-01 09:01:38,271 - cartpole_ppo_wandb_seed_3 - INFO - Step 53200: Avg Reward=500.00, Running Avg=81.24, Episodes=2
2025-08-01 09:01:38,271 - cartpole_ppo_wandb_seed_3 - INFO - Episode 630: Reward=500.00, Length=500, Avg Reward (last 10)=484.30
2025-08-01 09:01:40,668 - cartpole_ppo_wandb_seed_3 - INFO - Step 54621: Avg Reward=457.67, Running Avg=83.02, Episodes=3
2025-08-01 09:01:42,641 - cartpole_ppo_wandb_seed_3 - INFO - Step 55965: Avg Reward=389.67, Running Avg=84.46, Episodes=3
2025-08-01 09:01:43,782 - cartpole_ppo_wandb_seed_3 - INFO - Step 56965: Avg Reward=500.00, Running Avg=85.76, Episodes=2
2025-08-01 09:01:45,540 - cartpole_ppo_wandb_seed_3 - INFO - Episode 640: Reward=445.00, Length=445, Avg Reward (last 10)=425.20
2025-08-01 09:01:46,155 - cartpole_ppo_wandb_seed_3 - INFO - Step 58288: Avg Reward=403.00, Running Avg=87.25, Episodes=3
2025-08-01 09:01:50,607 - cartpole_ppo_wandb_seed_3 - INFO - Step 59892: Avg Reward=428.00, Running Avg=88.83, Episodes=3
2025-08-01 09:01:56,046 - cartpole_ppo_wandb_seed_3 - INFO - Step 61342: Avg Reward=483.33, Running Avg=90.66, Episodes=3
2025-08-01 09:02:00,916 - cartpole_ppo_wandb_seed_3 - INFO - Step 62440: Avg Reward=500.00, Running Avg=91.92, Episodes=2
2025-08-01 09:02:02,878 - cartpole_ppo_wandb_seed_3 - INFO - Episode 650: Reward=500.00, Length=500, Avg Reward (last 10)=473.30
2025-08-01 09:02:04,839 - cartpole_ppo_wandb_seed_3 - INFO - Step 63440: Avg Reward=500.00, Running Avg=93.17, Episodes=2
2025-08-01 09:02:23,360 - cartpole_ppo_wandb_seed_3 - INFO - Step 64672: Avg Reward=394.67, Running Avg=94.55, Episodes=3
2025-08-01 09:02:29,319 - cartpole_ppo_wandb_seed_3 - INFO - Step 65763: Avg Reward=257.75, Running Avg=95.54, Episodes=4
2025-08-01 09:02:31,573 - cartpole_ppo_wandb_seed_3 - INFO - Episode 660: Reward=372.00, Length=372, Avg Reward (last 10)=322.10
2025-08-01 09:02:34,448 - cartpole_ppo_wandb_seed_3 - INFO - Step 66960: Avg Reward=299.25, Running Avg=96.77, Episodes=4
2025-08-01 09:02:40,390 - cartpole_ppo_wandb_seed_3 - INFO - Step 68084: Avg Reward=457.00, Running Avg=97.85, Episodes=2
2025-08-01 09:02:44,589 - cartpole_ppo_wandb_seed_3 - INFO - Step 69084: Avg Reward=500.00, Running Avg=99.06, Episodes=2
2025-08-01 09:02:49,602 - cartpole_ppo_wandb_seed_3 - INFO - Step 70132: Avg Reward=500.00, Running Avg=100.26, Episodes=2
2025-08-01 09:02:53,824 - cartpole_ppo_wandb_seed_3 - INFO - Step 71132: Avg Reward=500.00, Running Avg=101.45, Episodes=2
2025-08-01 09:02:53,825 - cartpole_ppo_wandb_seed_3 - INFO - Episode 670: Reward=500.00, Length=500, Avg Reward (last 10)=460.50
2025-08-01 09:02:58,702 - cartpole_ppo_wandb_seed_3 - INFO - Step 72180: Avg Reward=367.50, Running Avg=102.24, Episodes=2
2025-08-01 09:03:03,355 - cartpole_ppo_wandb_seed_3 - INFO - Step 73422: Avg Reward=414.00, Running Avg=103.62, Episodes=3
2025-08-01 09:03:09,333 - cartpole_ppo_wandb_seed_3 - INFO - Step 74728: Avg Reward=419.33, Running Avg=105.02, Episodes=3
2025-08-01 09:03:11,918 - cartpole_ppo_wandb_seed_3 - INFO - Episode 680: Reward=128.00, Length=128, Avg Reward (last 10)=386.30
2025-08-01 09:03:14,916 - cartpole_ppo_wandb_seed_3 - INFO - Step 75940: Avg Reward=264.00, Running Avg=105.72, Episodes=3
2025-08-01 09:03:18,948 - cartpole_ppo_wandb_seed_3 - INFO - Step 76940: Avg Reward=500.00, Running Avg=106.87, Episodes=2
2025-08-01 09:03:24,992 - cartpole_ppo_wandb_seed_3 - INFO - Step 78152: Avg Reward=414.00, Running Avg=107.77, Episodes=2
2025-08-01 09:03:29,654 - cartpole_ppo_wandb_seed_3 - INFO - Step 79298: Avg Reward=382.00, Running Avg=108.96, Episodes=3
2025-08-01 09:03:31,639 - cartpole_ppo_wandb_seed_3 - INFO - Episode 690: Reward=441.00, Length=441, Avg Reward (last 10)=362.90
2025-08-01 09:03:34,578 - cartpole_ppo_wandb_seed_3 - INFO - Step 80372: Avg Reward=330.33, Running Avg=109.92, Episodes=3
2025-08-01 09:03:40,273 - cartpole_ppo_wandb_seed_3 - INFO - Step 81816: Avg Reward=481.33, Running Avg=111.52, Episodes=3
2025-08-01 09:03:45,340 - cartpole_ppo_wandb_seed_3 - INFO - Step 82920: Avg Reward=500.00, Running Avg=112.64, Episodes=2
2025-08-01 09:03:49,535 - cartpole_ppo_wandb_seed_3 - INFO - Step 83920: Avg Reward=500.00, Running Avg=113.75, Episodes=2
2025-08-01 09:04:14,633 - cartpole_ppo_wandb_seed_3 - INFO - Step 84968: Avg Reward=500.00, Running Avg=114.85, Episodes=2
2025-08-01 09:04:14,633 - cartpole_ppo_wandb_seed_3 - INFO - Episode 700: Reward=500.00, Length=500, Avg Reward (last 10)=494.40
2025-08-01 09:04:20,882 - cartpole_ppo_wandb_seed_3 - INFO - Step 86516: Avg Reward=492.00, Running Avg=116.45, Episodes=3
2025-08-01 09:04:22,123 - cartpole_ppo_wandb_seed_3 - INFO - Step 87516: Avg Reward=500.00, Running Avg=117.54, Episodes=2
2025-08-01 09:04:24,118 - cartpole_ppo_wandb_seed_3 - INFO - Step 88564: Avg Reward=500.00, Running Avg=118.62, Episodes=2
2025-08-01 09:04:25,343 - cartpole_ppo_wandb_seed_3 - INFO - Step 89564: Avg Reward=500.00, Running Avg=119.70, Episodes=2
2025-08-01 09:04:25,953 - cartpole_ppo_wandb_seed_3 - INFO - Episode 710: Reward=500.00, Length=500, Avg Reward (last 10)=497.60
2025-08-01 09:04:27,395 - cartpole_ppo_wandb_seed_3 - INFO - Step 90612: Avg Reward=500.00, Running Avg=120.76, Episodes=2
2025-08-01 09:04:28,540 - cartpole_ppo_wandb_seed_3 - INFO - Step 91612: Avg Reward=500.00, Running Avg=121.83, Episodes=2
2025-08-01 09:04:30,630 - cartpole_ppo_wandb_seed_3 - INFO - Step 92660: Avg Reward=500.00, Running Avg=122.88, Episodes=2
2025-08-01 09:04:31,883 - cartpole_ppo_wandb_seed_3 - INFO - Step 93660: Avg Reward=500.00, Running Avg=123.93, Episodes=2
2025-08-01 09:04:33,428 - cartpole_ppo_wandb_seed_3 - INFO - Step 94708: Avg Reward=500.00, Running Avg=124.98, Episodes=2
2025-08-01 09:04:34,011 - cartpole_ppo_wandb_seed_3 - INFO - Episode 720: Reward=500.00, Length=500, Avg Reward (last 10)=500.00
2025-08-01 09:04:34,603 - cartpole_ppo_wandb_seed_3 - INFO - Step 95708: Avg Reward=500.00, Running Avg=126.02, Episodes=2
2025-08-01 09:04:36,125 - cartpole_ppo_wandb_seed_3 - INFO - Step 96756: Avg Reward=500.00, Running Avg=127.05, Episodes=2
2025-08-01 09:04:37,326 - cartpole_ppo_wandb_seed_3 - INFO - Step 97756: Avg Reward=500.00, Running Avg=128.08, Episodes=2
2025-08-01 09:04:38,995 - cartpole_ppo_wandb_seed_3 - INFO - Step 98804: Avg Reward=500.00, Running Avg=129.10, Episodes=2
2025-08-01 09:04:40,147 - cartpole_ppo_wandb_seed_3 - INFO - Step 99804: Avg Reward=500.00, Running Avg=130.12, Episodes=2
2025-08-01 09:04:40,768 - cartpole_ppo_wandb_seed_3 - INFO - Episode 730: Reward=500.00, Length=500, Avg Reward (last 10)=500.00
2025-08-01 09:04:41,894 - cartpole_ppo_wandb_seed_3 - INFO - Step 100852: Avg Reward=500.00, Running Avg=131.13, Episodes=2
2025-08-01 09:04:43,113 - cartpole_ppo_wandb_seed_3 - INFO - Step 101852: Avg Reward=500.00, Running Avg=132.13, Episodes=2
2025-08-01 09:04:44,799 - cartpole_ppo_wandb_seed_3 - INFO - Step 102900: Avg Reward=500.00, Running Avg=133.13, Episodes=2
2025-08-01 09:04:46,000 - cartpole_ppo_wandb_seed_3 - INFO - Step 103900: Avg Reward=500.00, Running Avg=134.12, Episodes=2
2025-08-01 09:04:54,033 - cartpole_ppo_wandb_seed_3 - INFO - Step 104948: Avg Reward=500.00, Running Avg=135.11, Episodes=2
2025-08-01 09:04:54,653 - cartpole_ppo_wandb_seed_3 - INFO - Episode 740: Reward=500.00, Length=500, Avg Reward (last 10)=500.00
2025-08-01 09:04:55,273 - cartpole_ppo_wandb_seed_3 - INFO - Step 105948: Avg Reward=500.00, Running Avg=136.10, Episodes=2
2025-08-01 09:04:57,738 - cartpole_ppo_wandb_seed_3 - INFO - Step 106996: Avg Reward=500.00, Running Avg=137.08, Episodes=2
2025-08-01 09:04:58,963 - cartpole_ppo_wandb_seed_3 - INFO - Step 107996: Avg Reward=500.00, Running Avg=138.05, Episodes=2
2025-08-01 09:05:02,477 - cartpole_ppo_wandb_seed_3 - INFO - Step 109044: Avg Reward=500.00, Running Avg=139.02, Episodes=2
2025-08-01 09:05:06,273 - cartpole_ppo_wandb_seed_3 - INFO - Step 110044: Avg Reward=500.00, Running Avg=139.98, Episodes=2
2025-08-01 09:05:08,197 - cartpole_ppo_wandb_seed_3 - INFO - Episode 750: Reward=500.00, Length=500, Avg Reward (last 10)=500.00
2025-08-01 09:05:10,842 - cartpole_ppo_wandb_seed_3 - INFO - Step 111092: Avg Reward=500.00, Running Avg=140.94, Episodes=2
2025-08-01 09:05:14,772 - cartpole_ppo_wandb_seed_3 - INFO - Step 112092: Avg Reward=500.00, Running Avg=141.89, Episodes=2
2025-08-01 09:05:19,987 - cartpole_ppo_wandb_seed_3 - INFO - Step 113140: Avg Reward=500.00, Running Avg=142.84, Episodes=2
2025-08-01 09:05:23,989 - cartpole_ppo_wandb_seed_3 - INFO - Step 114140: Avg Reward=500.00, Running Avg=143.78, Episodes=2
2025-08-01 09:05:29,369 - cartpole_ppo_wandb_seed_3 - INFO - Step 115188: Avg Reward=500.00, Running Avg=144.72, Episodes=2
2025-08-01 09:05:31,405 - cartpole_ppo_wandb_seed_3 - INFO - Episode 760: Reward=500.00, Length=500, Avg Reward (last 10)=500.00
2025-08-01 09:05:33,443 - cartpole_ppo_wandb_seed_3 - INFO - Step 116188: Avg Reward=500.00, Running Avg=145.65, Episodes=2
2025-08-01 09:05:38,786 - cartpole_ppo_wandb_seed_3 - INFO - Step 117236: Avg Reward=500.00, Running Avg=146.58, Episodes=2
2025-08-01 09:05:42,820 - cartpole_ppo_wandb_seed_3 - INFO - Step 118236: Avg Reward=500.00, Running Avg=147.50, Episodes=2
2025-08-01 09:05:47,561 - cartpole_ppo_wandb_seed_3 - INFO - Step 119284: Avg Reward=500.00, Running Avg=148.42, Episodes=2
2025-08-01 09:05:51,557 - cartpole_ppo_wandb_seed_3 - INFO - Step 120284: Avg Reward=500.00, Running Avg=149.33, Episodes=2
2025-08-01 09:05:53,639 - cartpole_ppo_wandb_seed_3 - INFO - Episode 770: Reward=500.00, Length=500, Avg Reward (last 10)=500.00
2025-08-01 09:05:56,521 - cartpole_ppo_wandb_seed_3 - INFO - Step 121332: Avg Reward=500.00, Running Avg=150.24, Episodes=2
2025-08-01 09:06:00,532 - cartpole_ppo_wandb_seed_3 - INFO - Step 122332: Avg Reward=500.00, Running Avg=151.14, Episodes=2
2025-08-01 09:06:05,386 - cartpole_ppo_wandb_seed_3 - INFO - Step 123380: Avg Reward=500.00, Running Avg=152.04, Episodes=2
2025-08-01 09:06:09,281 - cartpole_ppo_wandb_seed_3 - INFO - Step 124380: Avg Reward=500.00, Running Avg=152.94, Episodes=2
2025-08-01 09:06:35,827 - cartpole_ppo_wandb_seed_3 - INFO - Step 125428: Avg Reward=500.00, Running Avg=153.83, Episodes=2
2025-08-01 09:06:37,919 - cartpole_ppo_wandb_seed_3 - INFO - Episode 780: Reward=500.00, Length=500, Avg Reward (last 10)=500.00
2025-08-01 09:06:40,038 - cartpole_ppo_wandb_seed_3 - INFO - Step 126428: Avg Reward=500.00, Running Avg=154.71, Episodes=2
2025-08-01 09:06:45,978 - cartpole_ppo_wandb_seed_3 - INFO - Step 127476: Avg Reward=500.00, Running Avg=155.59, Episodes=2
2025-08-01 09:06:52,333 - cartpole_ppo_wandb_seed_3 - INFO - Step 128961: Avg Reward=495.00, Running Avg=156.89, Episodes=3
2025-08-01 09:06:58,598 - cartpole_ppo_wandb_seed_3 - INFO - Step 130344: Avg Reward=440.00, Running Avg=157.96, Episodes=3
2025-08-01 09:07:00,673 - cartpole_ppo_wandb_seed_3 - INFO - Episode 790: Reward=500.00, Length=500, Avg Reward (last 10)=480.50
2025-08-01 09:07:04,817 - cartpole_ppo_wandb_seed_3 - INFO - Step 131572: Avg Reward=500.00, Running Avg=158.82, Episodes=2
2025-08-01 09:07:08,923 - cartpole_ppo_wandb_seed_3 - INFO - Step 132572: Avg Reward=500.00, Running Avg=159.68, Episodes=2
2025-08-01 09:07:13,805 - cartpole_ppo_wandb_seed_3 - INFO - Step 133620: Avg Reward=500.00, Running Avg=160.54, Episodes=2
2025-08-01 09:07:19,881 - cartpole_ppo_wandb_seed_3 - INFO - Step 135101: Avg Reward=493.67, Running Avg=161.79, Episodes=3
2025-08-01 09:07:25,342 - cartpole_ppo_wandb_seed_3 - INFO - Step 136168: Avg Reward=500.00, Running Avg=162.63, Episodes=2
2025-08-01 09:07:25,342 - cartpole_ppo_wandb_seed_3 - INFO - Episode 800: Reward=500.00, Length=500, Avg Reward (last 10)=498.10
2025-08-01 09:07:29,376 - cartpole_ppo_wandb_seed_3 - INFO - Step 137168: Avg Reward=500.00, Running Avg=163.47, Episodes=2
2025-08-01 09:07:32,499 - cartpole_ppo_wandb_seed_3 - INFO - Step 138216: Avg Reward=500.00, Running Avg=164.31, Episodes=2
2025-08-01 09:07:33,741 - cartpole_ppo_wandb_seed_3 - INFO - Step 139216: Avg Reward=500.00, Running Avg=165.14, Episodes=2
2025-08-01 09:07:35,362 - cartpole_ppo_wandb_seed_3 - INFO - Step 140264: Avg Reward=500.00, Running Avg=165.97, Episodes=2
2025-08-01 09:07:36,514 - cartpole_ppo_wandb_seed_3 - INFO - Step 141264: Avg Reward=500.00, Running Avg=166.79, Episodes=2
2025-08-01 09:07:36,514 - cartpole_ppo_wandb_seed_3 - INFO - Episode 810: Reward=500.00, Length=500, Avg Reward (last 10)=500.00
2025-08-01 09:07:38,232 - cartpole_ppo_wandb_seed_3 - INFO - Step 142312: Avg Reward=500.00, Running Avg=167.61, Episodes=2
2025-08-01 09:07:39,471 - cartpole_ppo_wandb_seed_3 - INFO - Step 143312: Avg Reward=500.00, Running Avg=168.43, Episodes=2
2025-08-01 09:07:41,024 - cartpole_ppo_wandb_seed_3 - INFO - Step 144360: Avg Reward=500.00, Running Avg=169.24, Episodes=2
2025-08-01 09:07:42,278 - cartpole_ppo_wandb_seed_3 - INFO - Step 145360: Avg Reward=500.00, Running Avg=170.05, Episodes=2
2025-08-01 09:07:49,888 - cartpole_ppo_wandb_seed_3 - INFO - Step 146408: Avg Reward=500.00, Running Avg=170.85, Episodes=2
2025-08-01 09:07:49,889 - cartpole_ppo_wandb_seed_3 - INFO - Episode 820: Reward=500.00, Length=500, Avg Reward (last 10)=500.00
2025-08-01 09:07:51,119 - cartpole_ppo_wandb_seed_3 - INFO - Step 147408: Avg Reward=500.00, Running Avg=171.65, Episodes=2
2025-08-01 09:07:53,548 - cartpole_ppo_wandb_seed_3 - INFO - Step 148456: Avg Reward=500.00, Running Avg=172.45, Episodes=2
2025-08-01 09:07:54,764 - cartpole_ppo_wandb_seed_3 - INFO - Step 149456: Avg Reward=500.00, Running Avg=173.24, Episodes=2
2025-08-01 09:07:56,578 - cartpole_ppo_wandb_seed_3 - INFO - Step 150504: Avg Reward=500.00, Running Avg=174.03, Episodes=2
2025-08-01 09:07:57,781 - cartpole_ppo_wandb_seed_3 - INFO - Step 151504: Avg Reward=500.00, Running Avg=174.81, Episodes=2
2025-08-01 09:07:57,782 - cartpole_ppo_wandb_seed_3 - INFO - Episode 830: Reward=500.00, Length=500, Avg Reward (last 10)=500.00
2025-08-01 09:07:59,453 - cartpole_ppo_wandb_seed_3 - INFO - Step 152552: Avg Reward=500.00, Running Avg=175.59, Episodes=2
2025-08-01 09:08:00,597 - cartpole_ppo_wandb_seed_3 - INFO - Step 153552: Avg Reward=500.00, Running Avg=176.37, Episodes=2
2025-08-01 09:08:02,666 - cartpole_ppo_wandb_seed_3 - INFO - Step 154600: Avg Reward=500.00, Running Avg=177.14, Episodes=2
2025-08-01 09:08:03,862 - cartpole_ppo_wandb_seed_3 - INFO - Step 155600: Avg Reward=500.00, Running Avg=177.91, Episodes=2
2025-08-01 09:08:05,879 - cartpole_ppo_wandb_seed_3 - INFO - Step 156648: Avg Reward=500.00, Running Avg=178.68, Episodes=2
2025-08-01 09:08:05,880 - cartpole_ppo_wandb_seed_3 - INFO - Episode 840: Reward=500.00, Length=500, Avg Reward (last 10)=500.00
2025-08-01 09:08:07,112 - cartpole_ppo_wandb_seed_3 - INFO - Step 157648: Avg Reward=500.00, Running Avg=179.44, Episodes=2
2025-08-01 09:08:08,650 - cartpole_ppo_wandb_seed_3 - INFO - Step 158696: Avg Reward=500.00, Running Avg=180.20, Episodes=2
2025-08-01 09:08:09,875 - cartpole_ppo_wandb_seed_3 - INFO - Step 159696: Avg Reward=500.00, Running Avg=180.96, Episodes=2
2025-08-01 09:08:12,850 - cartpole_ppo_wandb_seed_3 - INFO - Step 160744: Avg Reward=500.00, Running Avg=181.71, Episodes=2
2025-08-01 09:08:16,731 - cartpole_ppo_wandb_seed_3 - INFO - Step 161744: Avg Reward=500.00, Running Avg=182.46, Episodes=2
2025-08-01 09:08:16,731 - cartpole_ppo_wandb_seed_3 - INFO - Episode 850: Reward=500.00, Length=500, Avg Reward (last 10)=500.00
2025-08-01 09:08:21,956 - cartpole_ppo_wandb_seed_3 - INFO - Step 162792: Avg Reward=500.00, Running Avg=183.20, Episodes=2
2025-08-01 09:08:25,880 - cartpole_ppo_wandb_seed_3 - INFO - Step 163792: Avg Reward=500.00, Running Avg=183.94, Episodes=2
2025-08-01 09:08:30,548 - cartpole_ppo_wandb_seed_3 - INFO - Step 164840: Avg Reward=500.00, Running Avg=184.68, Episodes=2
2025-08-01 09:08:34,393 - cartpole_ppo_wandb_seed_3 - INFO - Step 165840: Avg Reward=500.00, Running Avg=185.41, Episodes=2
2025-08-01 09:09:00,644 - cartpole_ppo_wandb_seed_3 - INFO - Step 166888: Avg Reward=500.00, Running Avg=186.14, Episodes=2
2025-08-01 09:09:00,645 - cartpole_ppo_wandb_seed_3 - INFO - Episode 860: Reward=500.00, Length=500, Avg Reward (last 10)=500.00
2025-08-01 09:09:04,864 - cartpole_ppo_wandb_seed_3 - INFO - Step 167888: Avg Reward=500.00, Running Avg=186.87, Episodes=2
2025-08-01 09:09:10,842 - cartpole_ppo_wandb_seed_3 - INFO - Step 168936: Avg Reward=500.00, Running Avg=187.60, Episodes=2
2025-08-01 09:09:15,064 - cartpole_ppo_wandb_seed_3 - INFO - Step 169936: Avg Reward=500.00, Running Avg=188.32, Episodes=2
2025-08-01 09:09:19,930 - cartpole_ppo_wandb_seed_3 - INFO - Step 170984: Avg Reward=500.00, Running Avg=189.03, Episodes=2
2025-08-01 09:09:24,064 - cartpole_ppo_wandb_seed_3 - INFO - Step 171984: Avg Reward=500.00, Running Avg=189.75, Episodes=2
2025-08-01 09:09:24,065 - cartpole_ppo_wandb_seed_3 - INFO - Episode 870: Reward=500.00, Length=500, Avg Reward (last 10)=500.00
2025-08-01 09:09:29,141 - cartpole_ppo_wandb_seed_3 - INFO - Step 173032: Avg Reward=500.00, Running Avg=190.46, Episodes=2
2025-08-01 09:09:33,298 - cartpole_ppo_wandb_seed_3 - INFO - Step 174032: Avg Reward=500.00, Running Avg=191.17, Episodes=2
2025-08-01 09:09:38,133 - cartpole_ppo_wandb_seed_3 - INFO - Step 175080: Avg Reward=500.00, Running Avg=191.87, Episodes=2
2025-08-01 09:09:42,236 - cartpole_ppo_wandb_seed_3 - INFO - Step 176080: Avg Reward=500.00, Running Avg=192.57, Episodes=2
2025-08-01 09:09:47,156 - cartpole_ppo_wandb_seed_3 - INFO - Step 177128: Avg Reward=500.00, Running Avg=193.27, Episodes=2
2025-08-01 09:09:47,157 - cartpole_ppo_wandb_seed_3 - INFO - Episode 880: Reward=500.00, Length=500, Avg Reward (last 10)=500.00
2025-08-01 09:09:51,259 - cartpole_ppo_wandb_seed_3 - INFO - Step 178128: Avg Reward=500.00, Running Avg=193.96, Episodes=2
2025-08-01 09:09:55,904 - cartpole_ppo_wandb_seed_3 - INFO - Step 179176: Avg Reward=500.00, Running Avg=194.66, Episodes=2
2025-08-01 09:10:00,001 - cartpole_ppo_wandb_seed_3 - INFO - Step 180176: Avg Reward=500.00, Running Avg=195.34, Episodes=2
2025-08-01 09:10:05,645 - cartpole_ppo_wandb_seed_3 - INFO - Step 181224: Avg Reward=500.00, Running Avg=196.03, Episodes=2
2025-08-01 09:10:09,921 - cartpole_ppo_wandb_seed_3 - INFO - Step 182224: Avg Reward=500.00, Running Avg=196.71, Episodes=2
2025-08-01 09:10:09,922 - cartpole_ppo_wandb_seed_3 - INFO - Episode 890: Reward=500.00, Length=500, Avg Reward (last 10)=500.00
2025-08-01 09:10:15,582 - cartpole_ppo_wandb_seed_3 - INFO - Step 183272: Avg Reward=500.00, Running Avg=197.39, Episodes=2
2025-08-01 09:10:19,795 - cartpole_ppo_wandb_seed_3 - INFO - Step 184272: Avg Reward=500.00, Running Avg=198.07, Episodes=2
2025-08-01 09:10:24,880 - cartpole_ppo_wandb_seed_3 - INFO - Step 185320: Avg Reward=500.00, Running Avg=198.74, Episodes=2
2025-08-01 09:10:29,105 - cartpole_ppo_wandb_seed_3 - INFO - Step 186320: Avg Reward=500.00, Running Avg=199.41, Episodes=2
2025-08-01 09:10:44,344 - cartpole_ppo_wandb_seed_3 - INFO - Episode 900: Reward=374.00, Length=374, Avg Reward (last 10)=487.40
2025-08-01 09:10:44,643 - cartpole_ppo_wandb_seed_3 - INFO - Step 187482: Avg Reward=371.33, Running Avg=199.98, Episodes=3
2025-08-01 09:10:47,395 - cartpole_ppo_wandb_seed_3 - INFO - Step 188916: Avg Reward=500.00, Running Avg=200.65, Episodes=2
2025-08-01 09:10:48,641 - cartpole_ppo_wandb_seed_3 - INFO - Step 189916: Avg Reward=500.00, Running Avg=201.31, Episodes=2
2025-08-01 09:10:50,718 - cartpole_ppo_wandb_seed_3 - INFO - Step 190964: Avg Reward=500.00, Running Avg=201.96, Episodes=2
2025-08-01 09:10:51,885 - cartpole_ppo_wandb_seed_3 - INFO - Step 191964: Avg Reward=500.00, Running Avg=202.62, Episodes=2
2025-08-01 09:10:52,512 - cartpole_ppo_wandb_seed_3 - INFO - Episode 910: Reward=500.00, Length=500, Avg Reward (last 10)=474.00
2025-08-01 09:10:54,373 - cartpole_ppo_wandb_seed_3 - INFO - Step 193323: Avg Reward=437.00, Running Avg=203.39, Episodes=3
2025-08-01 09:10:55,530 - cartpole_ppo_wandb_seed_3 - INFO - Step 194323: Avg Reward=500.00, Running Avg=204.04, Episodes=2
2025-08-01 09:10:57,285 - cartpole_ppo_wandb_seed_3 - INFO - Step 195423: Avg Reward=431.50, Running Avg=204.53, Episodes=2
2025-08-01 09:10:58,506 - cartpole_ppo_wandb_seed_3 - INFO - Step 196423: Avg Reward=500.00, Running Avg=205.18, Episodes=2
2025-08-01 09:11:00,207 - cartpole_ppo_wandb_seed_3 - INFO - Step 197591: Avg Reward=491.50, Running Avg=205.80, Episodes=2
2025-08-01 09:11:00,207 - cartpole_ppo_wandb_seed_3 - INFO - Episode 920: Reward=500.00, Length=500, Avg Reward (last 10)=465.70
2025-08-01 09:11:01,431 - cartpole_ppo_wandb_seed_3 - INFO - Step 198591: Avg Reward=500.00, Running Avg=206.44, Episodes=2
2025-08-01 09:11:03,706 - cartpole_ppo_wandb_seed_3 - INFO - Step 199782: Avg Reward=281.50, Running Avg=206.76, Episodes=4
2025-08-01 09:11:06,236 - cartpole_ppo_wandb_seed_3 - INFO - Step 201204: Avg Reward=500.00, Running Avg=207.39, Episodes=2
2025-08-01 09:11:07,032 - cartpole_ppo_wandb_seed_3 - INFO - Episode 930: Reward=206.00, Length=206, Avg Reward (last 10)=383.20
2025-08-01 09:11:07,466 - cartpole_ppo_wandb_seed_3 - INFO - Step 202410: Avg Reward=402.00, Running Avg=208.02, Episodes=3
2025-08-01 09:11:09,488 - cartpole_ppo_wandb_seed_3 - INFO - Step 203752: Avg Reward=500.00, Running Avg=208.64, Episodes=2
2025-08-01 09:11:10,709 - cartpole_ppo_wandb_seed_3 - INFO - Step 204752: Avg Reward=500.00, Running Avg=209.27, Episodes=2
2025-08-01 09:11:11,096 - cartpole_ppo_wandb_seed_3 - INFO - Metrics saved to results/cartpole_ppo_wandb/seed_3/metrics.json
2025-08-01 09:11:14,107 - cartpole_ppo_wandb_seed_3 - INFO - Experiment completed.
