2025-08-04 01:00:46,960 - cartpole_trpo_wandb_seed_2 - INFO - Hyperparameters:
2025-08-04 01:00:46,960 - cartpole_trpo_wandb_seed_2 - INFO -   environment: {'name': 'CartPole-v1', 'seed': 42}
2025-08-04 01:00:46,960 - cartpole_trpo_wandb_seed_2 - INFO -   algorithm: {'name': 'TRPO', 'lr': '3e-4', 'gamma': 0.99, 'gae_lambda': 0.95, 'max_kl': 0.01, 'damping': 0.2, 'has_continuous_action_space': False, 'action_std_init': 0.6}
2025-08-04 01:00:46,960 - cartpole_trpo_wandb_seed_2 - INFO -   network: {'hidden_dims': [64, 64], 'activation': 'tanh'}
2025-08-04 01:00:46,960 - cartpole_trpo_wandb_seed_2 - INFO -   training: {'max_episodes': 100, 'max_steps_per_episode': 500, 'update_interval': 2048, 'eval_interval': 10, 'save_interval': 300, 'log_interval': 10}
2025-08-04 01:00:46,960 - cartpole_trpo_wandb_seed_2 - INFO -   experiment: {'name': 'cartpole_trpo_wandb', 'seeds': [0, 1, 2, 3, 4], 'device': 'cuda', 'save_dir': 'results/cartpole_trpo_wandb'}
2025-08-04 01:00:46,960 - cartpole_trpo_wandb_seed_2 - INFO -   logging: {'tensorboard': False, 'save_metrics': True, 'plot_interval': 25, 'use_wandb': True, 'wandb_project': 'rl-framework-cartpole', 'wandb_entity': 'tatalintelli-university-of-seoul', 'enable_step_logging': True, 'step_log_interval': 1000}
2025-08-04 01:00:46,991 - cartpole_trpo_wandb_seed_2 - INFO - Episode 0: Reward=18.00, Length=18, Avg Reward (last 10)=18.00
2025-08-04 01:00:48,329 - cartpole_trpo_wandb_seed_2 - INFO - Episode 10: Reward=55.00, Length=55, Avg Reward (last 10)=28.00
2025-08-04 01:00:49,211 - cartpole_trpo_wandb_seed_2 - INFO - Episode 20: Reward=15.00, Length=15, Avg Reward (last 10)=20.50
2025-08-04 01:00:50,375 - cartpole_trpo_wandb_seed_2 - INFO - Episode 30: Reward=15.00, Length=15, Avg Reward (last 10)=23.80
2025-08-04 01:00:51,610 - cartpole_trpo_wandb_seed_2 - INFO - Step 1018: Avg Reward=24.83, Running Avg=24.83, Episodes=41
2025-08-04 01:00:51,611 - cartpole_trpo_wandb_seed_2 - INFO - Episode 40: Reward=51.00, Length=51, Avg Reward (last 10)=27.70
2025-08-04 01:00:52,642 - cartpole_trpo_wandb_seed_2 - INFO - Episode 50: Reward=37.00, Length=37, Avg Reward (last 10)=23.10
2025-08-04 01:00:53,679 - cartpole_trpo_wandb_seed_2 - INFO - Episode 60: Reward=37.00, Length=37, Avg Reward (last 10)=23.40
2025-08-04 01:00:55,204 - cartpole_trpo_wandb_seed_2 - INFO - Episode 70: Reward=74.00, Length=74, Avg Reward (last 10)=32.30
2025-08-04 01:00:56,127 - cartpole_trpo_wandb_seed_2 - INFO - Step 2023: Avg Reward=26.45, Running Avg=25.61, Episodes=38
2025-08-04 01:00:58,174 - cartpole_trpo_wandb_seed_2 - INFO - Episode 80: Reward=12.00, Length=12, Avg Reward (last 10)=24.60
2025-08-04 01:00:59,364 - cartpole_trpo_wandb_seed_2 - INFO - Episode 90: Reward=12.00, Length=12, Avg Reward (last 10)=26.30
2025-08-04 01:01:00,474 - cartpole_trpo_wandb_seed_2 - INFO - Episode 100: Reward=12.00, Length=12, Avg Reward (last 10)=26.00
2025-08-04 01:01:01,680 - cartpole_trpo_wandb_seed_2 - INFO - Episode 110: Reward=15.00, Length=15, Avg Reward (last 10)=26.70
2025-08-04 01:01:02,520 - cartpole_trpo_wandb_seed_2 - INFO - Step 3029: Avg Reward=24.95, Running Avg=25.39, Episodes=40
2025-08-04 01:01:02,685 - cartpole_trpo_wandb_seed_2 - INFO - Episode 120: Reward=16.00, Length=16, Avg Reward (last 10)=21.30
2025-08-04 01:01:03,886 - cartpole_trpo_wandb_seed_2 - INFO - Episode 130: Reward=27.00, Length=27, Avg Reward (last 10)=27.70
2025-08-04 01:01:05,235 - cartpole_trpo_wandb_seed_2 - INFO - Episode 140: Reward=14.00, Length=14, Avg Reward (last 10)=29.60
2025-08-04 01:01:06,108 - cartpole_trpo_wandb_seed_2 - INFO - Episode 150: Reward=21.00, Length=21, Avg Reward (last 10)=20.40
2025-08-04 01:01:06,968 - cartpole_trpo_wandb_seed_2 - INFO - Step 4040: Avg Reward=27.32, Running Avg=25.85, Episodes=37
2025-08-04 01:01:08,204 - cartpole_trpo_wandb_seed_2 - INFO - Episode 160: Reward=38.00, Length=38, Avg Reward (last 10)=30.60
2025-08-04 01:01:09,136 - cartpole_trpo_wandb_seed_2 - INFO - Episode 170: Reward=22.00, Length=22, Avg Reward (last 10)=22.50
2025-08-04 01:01:10,313 - cartpole_trpo_wandb_seed_2 - INFO - Episode 180: Reward=14.00, Length=14, Avg Reward (last 10)=26.10
2025-08-04 01:01:12,562 - cartpole_trpo_wandb_seed_2 - INFO - Step 5065: Avg Reward=29.97, Running Avg=26.58, Episodes=34
2025-08-04 01:01:12,886 - cartpole_trpo_wandb_seed_2 - INFO - Episode 190: Reward=64.00, Length=64, Avg Reward (last 10)=49.10
2025-08-04 01:01:14,105 - cartpole_trpo_wandb_seed_2 - INFO - Episode 200: Reward=18.00, Length=18, Avg Reward (last 10)=29.50
2025-08-04 01:01:15,067 - cartpole_trpo_wandb_seed_2 - INFO - Episode 210: Reward=11.00, Length=11, Avg Reward (last 10)=28.70
2025-08-04 01:01:16,274 - cartpole_trpo_wandb_seed_2 - INFO - Step 6085: Avg Reward=32.90, Running Avg=27.47, Episodes=31
2025-08-04 01:01:16,275 - cartpole_trpo_wandb_seed_2 - INFO - Episode 220: Reward=84.00, Length=84, Avg Reward (last 10)=37.40
2025-08-04 01:01:18,717 - cartpole_trpo_wandb_seed_2 - INFO - Episode 230: Reward=27.00, Length=27, Avg Reward (last 10)=39.80
2025-08-04 01:01:20,750 - cartpole_trpo_wandb_seed_2 - INFO - Episode 240: Reward=31.00, Length=31, Avg Reward (last 10)=45.10
2025-08-04 01:01:21,355 - cartpole_trpo_wandb_seed_2 - INFO - Step 7094: Avg Reward=42.43, Running Avg=28.88, Episodes=23
2025-08-04 01:01:22,227 - cartpole_trpo_wandb_seed_2 - INFO - Episode 250: Reward=13.00, Length=13, Avg Reward (last 10)=31.70
2025-08-04 01:01:24,004 - cartpole_trpo_wandb_seed_2 - INFO - Episode 260: Reward=20.00, Length=20, Avg Reward (last 10)=39.00
2025-08-04 01:01:25,862 - cartpole_trpo_wandb_seed_2 - INFO - Episode 270: Reward=75.00, Length=75, Avg Reward (last 10)=39.60
2025-08-04 01:01:26,039 - cartpole_trpo_wandb_seed_2 - INFO - Step 8111: Avg Reward=35.07, Running Avg=29.54, Episodes=29
2025-08-04 01:01:28,874 - cartpole_trpo_wandb_seed_2 - INFO - Episode 280: Reward=97.00, Length=97, Avg Reward (last 10)=47.90
2025-08-04 01:01:31,731 - cartpole_trpo_wandb_seed_2 - INFO - Step 9176: Avg Reward=70.13, Running Avg=31.65, Episodes=15
2025-08-04 01:01:32,198 - cartpole_trpo_wandb_seed_2 - INFO - Episode 290: Reward=18.00, Length=18, Avg Reward (last 10)=72.00
2025-08-04 01:01:36,296 - cartpole_trpo_wandb_seed_2 - INFO - Episode 300: Reward=187.00, Length=187, Avg Reward (last 10)=86.20
2025-08-04 01:01:37,638 - cartpole_trpo_wandb_seed_2 - INFO - Step 10272: Avg Reward=71.43, Running Avg=33.50, Episodes=14
2025-08-04 01:01:42,691 - cartpole_trpo_wandb_seed_2 - INFO - Step 11391: Avg Reward=124.33, Running Avg=36.13, Episodes=9
2025-08-04 01:01:42,692 - cartpole_trpo_wandb_seed_2 - INFO - Episode 310: Reward=168.00, Length=168, Avg Reward (last 10)=115.10
2025-08-04 01:01:46,026 - cartpole_trpo_wandb_seed_2 - INFO - Episode 320: Reward=43.00, Length=43, Avg Reward (last 10)=72.60
2025-08-04 01:01:48,446 - cartpole_trpo_wandb_seed_2 - INFO - Step 12475: Avg Reward=82.08, Running Avg=37.83, Episodes=12
2025-08-04 01:01:53,087 - cartpole_trpo_wandb_seed_2 - INFO - Step 13475: Avg Reward=142.86, Running Avg=40.06, Episodes=7
2025-08-04 01:01:54,442 - cartpole_trpo_wandb_seed_2 - INFO - Episode 330: Reward=289.00, Length=289, Avg Reward (last 10)=154.80
2025-08-04 01:01:59,587 - cartpole_trpo_wandb_seed_2 - INFO - Step 14712: Avg Reward=182.50, Running Avg=42.60, Episodes=6
2025-08-04 01:02:06,055 - cartpole_trpo_wandb_seed_2 - INFO - Step 16150: Avg Reward=287.60, Running Avg=46.20, Episodes=5
2025-08-04 01:02:06,056 - cartpole_trpo_wandb_seed_2 - INFO - Episode 340: Reward=453.00, Length=453, Avg Reward (last 10)=224.40
2025-08-04 01:02:12,615 - cartpole_trpo_wandb_seed_2 - INFO - Step 17444: Avg Reward=265.00, Running Avg=48.73, Episodes=4
2025-08-04 01:02:20,122 - cartpole_trpo_wandb_seed_2 - INFO - Step 18932: Avg Reward=368.25, Running Avg=52.40, Episodes=4
2025-08-04 01:02:23,048 - cartpole_trpo_wandb_seed_2 - INFO - Episode 350: Reward=357.00, Length=357, Avg Reward (last 10)=316.50
2025-08-04 01:02:25,274 - cartpole_trpo_wandb_seed_2 - INFO - Step 20057: Avg Reward=375.00, Running Avg=55.14, Episodes=3
2025-08-04 01:02:32,044 - cartpole_trpo_wandb_seed_2 - INFO - Step 21480: Avg Reward=451.33, Running Avg=58.49, Episodes=3
2025-08-04 01:02:36,412 - cartpole_trpo_wandb_seed_2 - INFO - Step 22480: Avg Reward=500.00, Running Avg=60.97, Episodes=2
2025-08-04 01:02:47,832 - cartpole_trpo_wandb_seed_2 - INFO - Step 23841: Avg Reward=437.67, Running Avg=64.11, Episodes=3
2025-08-04 01:02:48,569 - cartpole_trpo_wandb_seed_2 - INFO - Episode 360: Reward=500.00, Length=500, Avg Reward (last 10)=466.00
2025-08-04 01:02:50,738 - cartpole_trpo_wandb_seed_2 - INFO - Step 25270: Avg Reward=398.00, Running Avg=66.87, Episodes=3
2025-08-04 01:02:52,027 - cartpole_trpo_wandb_seed_2 - INFO - Step 26270: Avg Reward=500.00, Running Avg=69.24, Episodes=2
2025-08-04 01:02:54,023 - cartpole_trpo_wandb_seed_2 - INFO - Step 27344: Avg Reward=180.00, Running Avg=70.44, Episodes=4
2025-08-04 01:02:55,071 - cartpole_trpo_wandb_seed_2 - INFO - Episode 370: Reward=167.00, Length=167, Avg Reward (last 10)=308.10
2025-08-04 01:02:56,883 - cartpole_trpo_wandb_seed_2 - INFO - Step 28854: Avg Reward=294.50, Running Avg=72.84, Episodes=4
2025-08-04 01:02:58,456 - cartpole_trpo_wandb_seed_2 - INFO - Step 29896: Avg Reward=173.67, Running Avg=74.44, Episodes=6
2025-08-04 01:02:59,012 - cartpole_trpo_wandb_seed_2 - INFO - Episode 380: Reward=145.00, Length=145, Avg Reward (last 10)=192.10
2025-08-04 01:03:00,464 - cartpole_trpo_wandb_seed_2 - INFO - Step 30898: Avg Reward=92.20, Running Avg=74.89, Episodes=10
2025-08-04 01:03:00,593 - cartpole_trpo_wandb_seed_2 - INFO - Episode 390: Reward=54.00, Length=54, Avg Reward (last 10)=63.50
2025-08-04 01:03:01,222 - cartpole_trpo_wandb_seed_2 - INFO - Episode 400: Reward=25.00, Length=25, Avg Reward (last 10)=38.60
2025-08-04 01:03:01,687 - cartpole_trpo_wandb_seed_2 - INFO - Episode 410: Reward=58.00, Length=58, Avg Reward (last 10)=29.90
2025-08-04 01:03:02,044 - cartpole_trpo_wandb_seed_2 - INFO - Step 31901: Avg Reward=33.43, Running Avg=71.93, Episodes=30
2025-08-04 01:03:02,078 - cartpole_trpo_wandb_seed_2 - INFO - Episode 420: Reward=14.00, Length=14, Avg Reward (last 10)=26.50
2025-08-04 01:03:02,526 - cartpole_trpo_wandb_seed_2 - INFO - Episode 430: Reward=41.00, Length=41, Avg Reward (last 10)=29.70
2025-08-04 01:03:03,091 - cartpole_trpo_wandb_seed_2 - INFO - Episode 440: Reward=98.00, Length=98, Avg Reward (last 10)=36.90
2025-08-04 01:03:04,266 - cartpole_trpo_wandb_seed_2 - INFO - Step 32991: Avg Reward=36.50, Running Avg=69.71, Episodes=28
2025-08-04 01:03:04,884 - cartpole_trpo_wandb_seed_2 - INFO - Episode 450: Reward=108.00, Length=108, Avg Reward (last 10)=66.60
2025-08-04 01:03:06,111 - cartpole_trpo_wandb_seed_2 - INFO - Step 34021: Avg Reward=93.64, Running Avg=70.28, Episodes=11
2025-08-04 01:03:06,447 - cartpole_trpo_wandb_seed_2 - INFO - Episode 460: Reward=110.00, Length=110, Avg Reward (last 10)=88.20
2025-08-04 01:03:08,583 - cartpole_trpo_wandb_seed_2 - INFO - Step 35045: Avg Reward=77.33, Running Avg=70.46, Episodes=12
2025-08-04 01:03:08,800 - cartpole_trpo_wandb_seed_2 - INFO - Episode 470: Reward=143.00, Length=143, Avg Reward (last 10)=88.10
2025-08-04 01:03:10,357 - cartpole_trpo_wandb_seed_2 - INFO - Step 36067: Avg Reward=113.56, Running Avg=71.27, Episodes=9
2025-08-04 01:03:10,829 - cartpole_trpo_wandb_seed_2 - INFO - Episode 480: Reward=127.00, Length=127, Avg Reward (last 10)=113.60
2025-08-04 01:03:12,824 - cartpole_trpo_wandb_seed_2 - INFO - Step 37115: Avg Reward=81.33, Running Avg=71.52, Episodes=12
2025-08-04 01:03:12,825 - cartpole_trpo_wandb_seed_2 - INFO - Episode 490: Reward=133.00, Length=133, Avg Reward (last 10)=71.90
2025-08-04 01:03:14,652 - cartpole_trpo_wandb_seed_2 - INFO - Step 38115: Avg Reward=111.11, Running Avg=72.23, Episodes=9
2025-08-04 01:03:14,845 - cartpole_trpo_wandb_seed_2 - INFO - Episode 500: Reward=109.00, Length=109, Avg Reward (last 10)=110.90
2025-08-04 01:03:16,023 - cartpole_trpo_wandb_seed_2 - INFO - Episode 510: Reward=18.00, Length=18, Avg Reward (last 10)=65.40
2025-08-04 01:03:17,156 - cartpole_trpo_wandb_seed_2 - INFO - Step 39177: Avg Reward=79.08, Running Avg=72.40, Episodes=13
2025-08-04 01:03:18,929 - cartpole_trpo_wandb_seed_2 - INFO - Step 40182: Avg Reward=125.62, Running Avg=73.22, Episodes=8
2025-08-04 01:03:18,930 - cartpole_trpo_wandb_seed_2 - INFO - Episode 520: Reward=148.00, Length=148, Avg Reward (last 10)=127.00
2025-08-04 01:03:21,739 - cartpole_trpo_wandb_seed_2 - INFO - Step 41193: Avg Reward=129.71, Running Avg=73.97, Episodes=7
2025-08-04 01:03:22,323 - cartpole_trpo_wandb_seed_2 - INFO - Episode 530: Reward=105.00, Length=105, Avg Reward (last 10)=127.00
2025-08-04 01:03:23,456 - cartpole_trpo_wandb_seed_2 - INFO - Step 42315: Avg Reward=124.67, Running Avg=74.82, Episodes=9
2025-08-04 01:03:24,233 - cartpole_trpo_wandb_seed_2 - INFO - Episode 540: Reward=135.00, Length=135, Avg Reward (last 10)=125.70
2025-08-04 01:03:28,025 - cartpole_trpo_wandb_seed_2 - INFO - Step 43395: Avg Reward=125.88, Running Avg=75.57, Episodes=8
2025-08-04 01:03:29,268 - cartpole_trpo_wandb_seed_2 - INFO - Episode 550: Reward=121.00, Length=121, Avg Reward (last 10)=124.30
2025-08-04 01:03:29,744 - cartpole_trpo_wandb_seed_2 - INFO - Step 44397: Avg Reward=125.25, Running Avg=76.29, Episodes=8
2025-08-04 01:03:32,258 - cartpole_trpo_wandb_seed_2 - INFO - Step 45446: Avg Reward=115.62, Running Avg=76.85, Episodes=8
2025-08-04 01:03:32,259 - cartpole_trpo_wandb_seed_2 - INFO - Episode 560: Reward=116.00, Length=116, Avg Reward (last 10)=119.40
2025-08-04 01:03:34,209 - cartpole_trpo_wandb_seed_2 - INFO - Step 46535: Avg Reward=121.00, Running Avg=77.55, Episodes=9
2025-08-04 01:03:34,239 - cartpole_trpo_wandb_seed_2 - INFO - Episode 570: Reward=16.00, Length=16, Avg Reward (last 10)=110.50
2025-08-04 01:03:38,066 - cartpole_trpo_wandb_seed_2 - INFO - Step 47604: Avg Reward=141.14, Running Avg=78.32, Episodes=7
2025-08-04 01:03:42,171 - cartpole_trpo_wandb_seed_2 - INFO - Step 48604: Avg Reward=500.00, Running Avg=79.77, Episodes=2
2025-08-04 01:03:47,117 - cartpole_trpo_wandb_seed_2 - INFO - Episode 580: Reward=417.00, Length=417, Avg Reward (last 10)=288.90
2025-08-04 01:03:48,562 - cartpole_trpo_wandb_seed_2 - INFO - Step 49908: Avg Reward=418.67, Running Avg=81.52, Episodes=3
2025-08-04 01:03:52,705 - cartpole_trpo_wandb_seed_2 - INFO - Step 51033: Avg Reward=375.00, Running Avg=83.03, Episodes=3
2025-08-04 01:03:57,543 - cartpole_trpo_wandb_seed_2 - INFO - Step 52393: Avg Reward=397.67, Running Avg=84.63, Episodes=3
2025-08-04 01:04:03,416 - cartpole_trpo_wandb_seed_2 - INFO - Step 53657: Avg Reward=367.33, Running Avg=86.07, Episodes=3
2025-08-04 01:04:03,417 - cartpole_trpo_wandb_seed_2 - INFO - Episode 590: Reward=409.00, Length=409, Avg Reward (last 10)=375.90
2025-08-04 01:04:08,061 - cartpole_trpo_wandb_seed_2 - INFO - Step 54758: Avg Reward=275.25, Running Avg=87.34, Episodes=4
2025-08-04 01:04:13,541 - cartpole_trpo_wandb_seed_2 - INFO - Step 56005: Avg Reward=283.67, Running Avg=88.32, Episodes=3
2025-08-04 01:04:22,398 - cartpole_trpo_wandb_seed_2 - INFO - Step 57844: Avg Reward=458.33, Running Avg=90.17, Episodes=3
2025-08-04 01:04:22,399 - cartpole_trpo_wandb_seed_2 - INFO - Episode 600: Reward=500.00, Length=500, Avg Reward (last 10)=332.70
2025-08-04 01:04:26,367 - cartpole_trpo_wandb_seed_2 - INFO - Step 58932: Avg Reward=362.67, Running Avg=91.52, Episodes=3
2025-08-04 01:04:32,840 - cartpole_trpo_wandb_seed_2 - INFO - Step 60392: Avg Reward=474.67, Running Avg=93.42, Episodes=3
2025-08-04 01:04:36,696 - cartpole_trpo_wandb_seed_2 - INFO - Step 61392: Avg Reward=500.00, Running Avg=94.75, Episodes=2
2025-08-04 01:04:41,803 - cartpole_trpo_wandb_seed_2 - INFO - Step 62440: Avg Reward=500.00, Running Avg=96.08, Episodes=2
2025-08-04 01:04:41,804 - cartpole_trpo_wandb_seed_2 - INFO - Episode 610: Reward=500.00, Length=500, Avg Reward (last 10)=451.20
2025-08-04 01:04:45,537 - cartpole_trpo_wandb_seed_2 - INFO - Step 63440: Avg Reward=500.00, Running Avg=97.40, Episodes=2
2025-08-04 01:05:07,731 - cartpole_trpo_wandb_seed_2 - INFO - Step 64488: Avg Reward=500.00, Running Avg=98.71, Episodes=2
2025-08-04 01:05:11,157 - cartpole_trpo_wandb_seed_2 - INFO - Step 65488: Avg Reward=500.00, Running Avg=100.01, Episodes=2
2025-08-04 01:05:16,971 - cartpole_trpo_wandb_seed_2 - INFO - Step 66536: Avg Reward=500.00, Running Avg=101.30, Episodes=2
2025-08-04 01:05:21,566 - cartpole_trpo_wandb_seed_2 - INFO - Step 67536: Avg Reward=500.00, Running Avg=102.58, Episodes=2
2025-08-04 01:05:21,567 - cartpole_trpo_wandb_seed_2 - INFO - Episode 620: Reward=500.00, Length=500, Avg Reward (last 10)=500.00
2025-08-04 01:05:27,062 - cartpole_trpo_wandb_seed_2 - INFO - Step 68584: Avg Reward=500.00, Running Avg=103.86, Episodes=2
2025-08-04 01:05:30,646 - cartpole_trpo_wandb_seed_2 - INFO - Step 69584: Avg Reward=500.00, Running Avg=105.13, Episodes=2
2025-08-04 01:05:35,816 - cartpole_trpo_wandb_seed_2 - INFO - Step 70632: Avg Reward=500.00, Running Avg=106.39, Episodes=2
2025-08-04 01:05:40,294 - cartpole_trpo_wandb_seed_2 - INFO - Step 71632: Avg Reward=500.00, Running Avg=107.64, Episodes=2
2025-08-04 01:05:43,581 - cartpole_trpo_wandb_seed_2 - INFO - Episode 630: Reward=261.00, Length=261, Avg Reward (last 10)=451.20
2025-08-04 01:05:47,699 - cartpole_trpo_wandb_seed_2 - INFO - Step 73106: Avg Reward=356.50, Running Avg=109.21, Episodes=4
2025-08-04 01:05:53,362 - cartpole_trpo_wandb_seed_2 - INFO - Step 74383: Avg Reward=352.33, Running Avg=110.36, Episodes=3
2025-08-04 01:05:57,463 - cartpole_trpo_wandb_seed_2 - INFO - Step 75383: Avg Reward=500.00, Running Avg=111.58, Episodes=2
2025-08-04 01:06:03,029 - cartpole_trpo_wandb_seed_2 - INFO - Step 76686: Avg Reward=303.33, Running Avg=112.48, Episodes=3
2025-08-04 01:06:03,030 - cartpole_trpo_wandb_seed_2 - INFO - Episode 640: Reward=322.00, Length=322, Avg Reward (last 10)=388.10
2025-08-04 01:06:09,910 - cartpole_trpo_wandb_seed_2 - INFO - Step 78324: Avg Reward=460.67, Running Avg=114.10, Episodes=3
2025-08-04 01:06:14,289 - cartpole_trpo_wandb_seed_2 - INFO - Step 79324: Avg Reward=500.00, Running Avg=115.29, Episodes=2
2025-08-04 01:06:17,685 - cartpole_trpo_wandb_seed_2 - INFO - Episode 650: Reward=8.00, Length=8, Avg Reward (last 10)=292.40
2025-08-04 01:06:18,244 - cartpole_trpo_wandb_seed_2 - INFO - Episode 660: Reward=13.00, Length=13, Avg Reward (last 10)=11.60
2025-08-04 01:06:18,763 - cartpole_trpo_wandb_seed_2 - INFO - Episode 670: Reward=10.00, Length=10, Avg Reward (last 10)=11.00
2025-08-04 01:06:19,292 - cartpole_trpo_wandb_seed_2 - INFO - Episode 680: Reward=12.00, Length=12, Avg Reward (last 10)=11.50
2025-08-04 01:06:19,777 - cartpole_trpo_wandb_seed_2 - INFO - Step 80334: Avg Reward=22.90, Running Avg=109.65, Episodes=42
2025-08-04 01:06:19,948 - cartpole_trpo_wandb_seed_2 - INFO - Episode 690: Reward=9.00, Length=9, Avg Reward (last 10)=11.30
2025-08-04 01:06:20,468 - cartpole_trpo_wandb_seed_2 - INFO - Episode 700: Reward=10.00, Length=10, Avg Reward (last 10)=11.20
2025-08-04 01:06:21,063 - cartpole_trpo_wandb_seed_2 - INFO - Episode 710: Reward=13.00, Length=13, Avg Reward (last 10)=12.00
2025-08-04 01:06:21,654 - cartpole_trpo_wandb_seed_2 - INFO - Episode 720: Reward=10.00, Length=10, Avg Reward (last 10)=12.70
2025-08-04 01:06:22,175 - cartpole_trpo_wandb_seed_2 - INFO - Episode 730: Reward=10.00, Length=10, Avg Reward (last 10)=11.60
2025-08-04 01:06:22,695 - cartpole_trpo_wandb_seed_2 - INFO - Episode 740: Reward=12.00, Length=12, Avg Reward (last 10)=11.10
2025-08-04 01:06:23,336 - cartpole_trpo_wandb_seed_2 - INFO - Episode 750: Reward=13.00, Length=13, Avg Reward (last 10)=12.30
2025-08-04 01:06:23,771 - cartpole_trpo_wandb_seed_2 - INFO - Episode 760: Reward=10.00, Length=10, Avg Reward (last 10)=11.10
2025-08-04 01:06:24,244 - cartpole_trpo_wandb_seed_2 - INFO - Episode 770: Reward=17.00, Length=17, Avg Reward (last 10)=13.10
2025-08-04 01:06:24,331 - cartpole_trpo_wandb_seed_2 - INFO - Step 81339: Avg Reward=11.82, Running Avg=98.90, Episodes=85
2025-08-04 01:06:24,658 - cartpole_trpo_wandb_seed_2 - INFO - Episode 780: Reward=10.00, Length=10, Avg Reward (last 10)=11.00
2025-08-04 01:06:25,014 - cartpole_trpo_wandb_seed_2 - INFO - Episode 790: Reward=11.00, Length=11, Avg Reward (last 10)=11.80
2025-08-04 01:06:25,136 - cartpole_trpo_wandb_seed_2 - INFO - Episode 800: Reward=11.00, Length=11, Avg Reward (last 10)=12.80
2025-08-04 01:06:25,238 - cartpole_trpo_wandb_seed_2 - INFO - Episode 810: Reward=11.00, Length=11, Avg Reward (last 10)=10.80
2025-08-04 01:06:25,349 - cartpole_trpo_wandb_seed_2 - INFO - Episode 820: Reward=16.00, Length=16, Avg Reward (last 10)=11.60
2025-08-04 01:06:25,977 - cartpole_trpo_wandb_seed_2 - INFO - Episode 830: Reward=12.00, Length=12, Avg Reward (last 10)=10.40
2025-08-04 01:06:26,144 - cartpole_trpo_wandb_seed_2 - INFO - Episode 840: Reward=11.00, Length=11, Avg Reward (last 10)=10.30
2025-08-04 01:06:26,302 - cartpole_trpo_wandb_seed_2 - INFO - Episode 850: Reward=10.00, Length=10, Avg Reward (last 10)=10.00
2025-08-04 01:06:26,463 - cartpole_trpo_wandb_seed_2 - INFO - Episode 860: Reward=9.00, Length=9, Avg Reward (last 10)=10.20
2025-08-04 01:06:26,510 - cartpole_trpo_wandb_seed_2 - INFO - Step 82347: Avg Reward=10.98, Running Avg=89.64, Episodes=91
2025-08-04 01:06:26,622 - cartpole_trpo_wandb_seed_2 - INFO - Episode 870: Reward=11.00, Length=11, Avg Reward (last 10)=10.00
2025-08-04 01:06:26,775 - cartpole_trpo_wandb_seed_2 - INFO - Episode 880: Reward=12.00, Length=12, Avg Reward (last 10)=9.80
2025-08-04 01:06:26,938 - cartpole_trpo_wandb_seed_2 - INFO - Episode 890: Reward=11.00, Length=11, Avg Reward (last 10)=10.20
2025-08-04 01:06:27,108 - cartpole_trpo_wandb_seed_2 - INFO - Episode 900: Reward=11.00, Length=11, Avg Reward (last 10)=10.80
2025-08-04 01:06:27,275 - cartpole_trpo_wandb_seed_2 - INFO - Episode 910: Reward=12.00, Length=12, Avg Reward (last 10)=9.90
2025-08-04 01:06:27,457 - cartpole_trpo_wandb_seed_2 - INFO - Episode 920: Reward=10.00, Length=10, Avg Reward (last 10)=9.80
2025-08-04 01:06:27,643 - cartpole_trpo_wandb_seed_2 - INFO - Episode 930: Reward=10.00, Length=10, Avg Reward (last 10)=10.10
2025-08-04 01:06:27,831 - cartpole_trpo_wandb_seed_2 - INFO - Episode 940: Reward=9.00, Length=9, Avg Reward (last 10)=10.10
2025-08-04 01:06:28,024 - cartpole_trpo_wandb_seed_2 - INFO - Episode 950: Reward=10.00, Length=10, Avg Reward (last 10)=10.50
2025-08-04 01:06:28,219 - cartpole_trpo_wandb_seed_2 - INFO - Episode 960: Reward=11.00, Length=11, Avg Reward (last 10)=10.50
2025-08-04 01:06:28,260 - cartpole_trpo_wandb_seed_2 - INFO - Step 83356: Avg Reward=10.19, Running Avg=81.47, Episodes=99
2025-08-04 01:06:28,413 - cartpole_trpo_wandb_seed_2 - INFO - Episode 970: Reward=11.00, Length=11, Avg Reward (last 10)=10.30
2025-08-04 01:06:28,595 - cartpole_trpo_wandb_seed_2 - INFO - Episode 980: Reward=9.00, Length=9, Avg Reward (last 10)=9.80
2025-08-04 01:06:28,787 - cartpole_trpo_wandb_seed_2 - INFO - Episode 990: Reward=10.00, Length=10, Avg Reward (last 10)=10.40
2025-08-04 01:06:28,975 - cartpole_trpo_wandb_seed_2 - INFO - Episode 1000: Reward=10.00, Length=10, Avg Reward (last 10)=10.00
2025-08-04 01:06:29,158 - cartpole_trpo_wandb_seed_2 - INFO - Episode 1010: Reward=12.00, Length=12, Avg Reward (last 10)=9.90
2025-08-04 01:06:29,359 - cartpole_trpo_wandb_seed_2 - INFO - Episode 1020: Reward=11.00, Length=11, Avg Reward (last 10)=11.00
2025-08-04 01:06:30,353 - cartpole_trpo_wandb_seed_2 - INFO - Episode 1030: Reward=11.00, Length=11, Avg Reward (last 10)=10.50
2025-08-04 01:06:30,559 - cartpole_trpo_wandb_seed_2 - INFO - Episode 1040: Reward=9.00, Length=9, Avg Reward (last 10)=10.50
2025-08-04 01:06:30,756 - cartpole_trpo_wandb_seed_2 - INFO - Episode 1050: Reward=8.00, Length=8, Avg Reward (last 10)=10.40
2025-08-04 01:06:30,926 - cartpole_trpo_wandb_seed_2 - INFO - Step 84361: Avg Reward=10.38, Running Avg=75.02, Episodes=96
2025-08-04 01:06:30,977 - cartpole_trpo_wandb_seed_2 - INFO - Episode 1060: Reward=10.00, Length=10, Avg Reward (last 10)=11.00
2025-08-04 01:06:31,166 - cartpole_trpo_wandb_seed_2 - INFO - Episode 1070: Reward=11.00, Length=11, Avg Reward (last 10)=9.90
2025-08-04 01:06:31,383 - cartpole_trpo_wandb_seed_2 - INFO - Episode 1080: Reward=9.00, Length=9, Avg Reward (last 10)=10.10
2025-08-04 01:06:31,575 - cartpole_trpo_wandb_seed_2 - INFO - Episode 1090: Reward=13.00, Length=13, Avg Reward (last 10)=10.00
2025-08-04 01:06:31,769 - cartpole_trpo_wandb_seed_2 - INFO - Episode 1100: Reward=12.00, Length=12, Avg Reward (last 10)=10.40
2025-08-04 01:06:31,934 - cartpole_trpo_wandb_seed_2 - INFO - Episode 1110: Reward=9.00, Length=9, Avg Reward (last 10)=10.20
2025-08-04 01:06:32,112 - cartpole_trpo_wandb_seed_2 - INFO - Episode 1120: Reward=11.00, Length=11, Avg Reward (last 10)=10.20
2025-08-04 01:06:32,308 - cartpole_trpo_wandb_seed_2 - INFO - Episode 1130: Reward=9.00, Length=9, Avg Reward (last 10)=10.30
2025-08-04 01:06:32,493 - cartpole_trpo_wandb_seed_2 - INFO - Episode 1140: Reward=10.00, Length=10, Avg Reward (last 10)=9.90
2025-08-04 01:06:32,689 - cartpole_trpo_wandb_seed_2 - INFO - Episode 1150: Reward=10.00, Length=10, Avg Reward (last 10)=10.50
2025-08-04 01:06:32,827 - cartpole_trpo_wandb_seed_2 - INFO - Step 85369: Avg Reward=10.18, Running Avg=69.48, Episodes=99
2025-08-04 01:06:32,883 - cartpole_trpo_wandb_seed_2 - INFO - Episode 1160: Reward=8.00, Length=8, Avg Reward (last 10)=10.20
2025-08-04 01:06:33,065 - cartpole_trpo_wandb_seed_2 - INFO - Episode 1170: Reward=10.00, Length=10, Avg Reward (last 10)=9.70
2025-08-04 01:06:33,256 - cartpole_trpo_wandb_seed_2 - INFO - Episode 1180: Reward=10.00, Length=10, Avg Reward (last 10)=10.30
2025-08-04 01:06:33,443 - cartpole_trpo_wandb_seed_2 - INFO - Episode 1190: Reward=11.00, Length=11, Avg Reward (last 10)=10.00
2025-08-04 01:06:33,625 - cartpole_trpo_wandb_seed_2 - INFO - Episode 1200: Reward=11.00, Length=11, Avg Reward (last 10)=9.80
2025-08-04 01:06:33,810 - cartpole_trpo_wandb_seed_2 - INFO - Episode 1210: Reward=11.00, Length=11, Avg Reward (last 10)=9.90
2025-08-04 01:06:34,006 - cartpole_trpo_wandb_seed_2 - INFO - Episode 1220: Reward=12.00, Length=12, Avg Reward (last 10)=10.40
2025-08-04 01:06:34,825 - cartpole_trpo_wandb_seed_2 - INFO - Episode 1230: Reward=9.00, Length=9, Avg Reward (last 10)=10.30
2025-08-04 01:06:35,018 - cartpole_trpo_wandb_seed_2 - INFO - Episode 1240: Reward=9.00, Length=9, Avg Reward (last 10)=10.10
2025-08-04 01:06:35,205 - cartpole_trpo_wandb_seed_2 - INFO - Episode 1250: Reward=11.00, Length=11, Avg Reward (last 10)=9.80
2025-08-04 01:06:35,341 - cartpole_trpo_wandb_seed_2 - INFO - Step 86379: Avg Reward=10.04, Running Avg=64.76, Episodes=100
2025-08-04 01:06:35,400 - cartpole_trpo_wandb_seed_2 - INFO - Episode 1260: Reward=11.00, Length=11, Avg Reward (last 10)=10.30
2025-08-04 01:06:35,590 - cartpole_trpo_wandb_seed_2 - INFO - Episode 1270: Reward=10.00, Length=10, Avg Reward (last 10)=9.80
2025-08-04 01:06:35,790 - cartpole_trpo_wandb_seed_2 - INFO - Episode 1280: Reward=10.00, Length=10, Avg Reward (last 10)=10.60
2025-08-04 01:06:35,993 - cartpole_trpo_wandb_seed_2 - INFO - Episode 1290: Reward=8.00, Length=8, Avg Reward (last 10)=10.00
2025-08-04 01:06:36,179 - cartpole_trpo_wandb_seed_2 - INFO - Episode 1300: Reward=10.00, Length=10, Avg Reward (last 10)=9.90
2025-08-04 01:06:36,367 - cartpole_trpo_wandb_seed_2 - INFO - Episode 1310: Reward=10.00, Length=10, Avg Reward (last 10)=10.00
2025-08-04 01:06:36,562 - cartpole_trpo_wandb_seed_2 - INFO - Episode 1320: Reward=10.00, Length=10, Avg Reward (last 10)=10.40
2025-08-04 01:06:36,757 - cartpole_trpo_wandb_seed_2 - INFO - Episode 1330: Reward=9.00, Length=9, Avg Reward (last 10)=10.30
2025-08-04 01:06:36,949 - cartpole_trpo_wandb_seed_2 - INFO - Episode 1340: Reward=11.00, Length=11, Avg Reward (last 10)=10.20
2025-08-04 01:06:37,146 - cartpole_trpo_wandb_seed_2 - INFO - Episode 1350: Reward=10.00, Length=10, Avg Reward (last 10)=10.40
2025-08-04 01:06:37,256 - cartpole_trpo_wandb_seed_2 - INFO - Step 87385: Avg Reward=10.27, Running Avg=60.82, Episodes=98
2025-08-04 01:06:37,354 - cartpole_trpo_wandb_seed_2 - INFO - Episode 1360: Reward=9.00, Length=9, Avg Reward (last 10)=11.00
2025-08-04 01:06:37,550 - cartpole_trpo_wandb_seed_2 - INFO - Episode 1370: Reward=10.00, Length=10, Avg Reward (last 10)=10.40
2025-08-04 01:06:37,744 - cartpole_trpo_wandb_seed_2 - INFO - Episode 1380: Reward=9.00, Length=9, Avg Reward (last 10)=10.40
2025-08-04 01:06:37,941 - cartpole_trpo_wandb_seed_2 - INFO - Episode 1390: Reward=10.00, Length=10, Avg Reward (last 10)=10.50
2025-08-04 01:06:38,142 - cartpole_trpo_wandb_seed_2 - INFO - Episode 1400: Reward=10.00, Length=10, Avg Reward (last 10)=10.70
2025-08-04 01:06:38,337 - cartpole_trpo_wandb_seed_2 - INFO - Episode 1410: Reward=9.00, Length=9, Avg Reward (last 10)=10.30
2025-08-04 01:06:38,533 - cartpole_trpo_wandb_seed_2 - INFO - Episode 1420: Reward=10.00, Length=10, Avg Reward (last 10)=10.40
2025-08-04 01:06:39,324 - cartpole_trpo_wandb_seed_2 - INFO - Episode 1430: Reward=10.00, Length=10, Avg Reward (last 10)=10.70
2025-08-04 01:06:39,526 - cartpole_trpo_wandb_seed_2 - INFO - Episode 1440: Reward=11.00, Length=11, Avg Reward (last 10)=10.70
2025-08-04 01:06:39,713 - cartpole_trpo_wandb_seed_2 - INFO - Episode 1450: Reward=9.00, Length=9, Avg Reward (last 10)=9.90
2025-08-04 01:06:39,730 - cartpole_trpo_wandb_seed_2 - INFO - Step 88386: Avg Reward=10.42, Running Avg=57.48, Episodes=96
2025-08-04 01:06:39,911 - cartpole_trpo_wandb_seed_2 - INFO - Episode 1460: Reward=11.00, Length=11, Avg Reward (last 10)=10.60
2025-08-04 01:06:40,108 - cartpole_trpo_wandb_seed_2 - INFO - Episode 1470: Reward=11.00, Length=11, Avg Reward (last 10)=10.50
2025-08-04 01:06:40,302 - cartpole_trpo_wandb_seed_2 - INFO - Episode 1480: Reward=9.00, Length=9, Avg Reward (last 10)=10.30
2025-08-04 01:06:40,501 - cartpole_trpo_wandb_seed_2 - INFO - Episode 1490: Reward=12.00, Length=12, Avg Reward (last 10)=10.50
2025-08-04 01:06:40,695 - cartpole_trpo_wandb_seed_2 - INFO - Episode 1500: Reward=11.00, Length=11, Avg Reward (last 10)=10.30
2025-08-04 01:06:40,888 - cartpole_trpo_wandb_seed_2 - INFO - Episode 1510: Reward=10.00, Length=10, Avg Reward (last 10)=10.20
2025-08-04 01:06:41,091 - cartpole_trpo_wandb_seed_2 - INFO - Episode 1520: Reward=10.00, Length=10, Avg Reward (last 10)=10.80
2025-08-04 01:06:41,283 - cartpole_trpo_wandb_seed_2 - INFO - Episode 1530: Reward=10.00, Length=10, Avg Reward (last 10)=10.10
2025-08-04 01:06:41,482 - cartpole_trpo_wandb_seed_2 - INFO - Episode 1540: Reward=11.00, Length=11, Avg Reward (last 10)=10.60
2025-08-04 01:06:41,630 - cartpole_trpo_wandb_seed_2 - INFO - Step 89394: Avg Reward=10.39, Running Avg=54.54, Episodes=97
2025-08-04 01:06:41,670 - cartpole_trpo_wandb_seed_2 - INFO - Episode 1550: Reward=11.00, Length=11, Avg Reward (last 10)=9.90
2025-08-04 01:06:41,871 - cartpole_trpo_wandb_seed_2 - INFO - Episode 1560: Reward=9.00, Length=9, Avg Reward (last 10)=10.50
2025-08-04 01:06:42,065 - cartpole_trpo_wandb_seed_2 - INFO - Episode 1570: Reward=9.00, Length=9, Avg Reward (last 10)=10.30
2025-08-04 01:06:42,258 - cartpole_trpo_wandb_seed_2 - INFO - Episode 1580: Reward=11.00, Length=11, Avg Reward (last 10)=10.20
2025-08-04 01:06:42,456 - cartpole_trpo_wandb_seed_2 - INFO - Episode 1590: Reward=10.00, Length=10, Avg Reward (last 10)=10.70
2025-08-04 01:06:42,647 - cartpole_trpo_wandb_seed_2 - INFO - Episode 1600: Reward=11.00, Length=11, Avg Reward (last 10)=10.30
2025-08-04 01:06:42,846 - cartpole_trpo_wandb_seed_2 - INFO - Episode 1610: Reward=12.00, Length=12, Avg Reward (last 10)=10.50
2025-08-04 01:06:43,649 - cartpole_trpo_wandb_seed_2 - INFO - Episode 1620: Reward=9.00, Length=9, Avg Reward (last 10)=10.20
2025-08-04 01:06:43,847 - cartpole_trpo_wandb_seed_2 - INFO - Episode 1630: Reward=11.00, Length=11, Avg Reward (last 10)=10.50
2025-08-04 01:06:44,046 - cartpole_trpo_wandb_seed_2 - INFO - Episode 1640: Reward=9.00, Length=9, Avg Reward (last 10)=10.50
2025-08-04 01:06:44,108 - cartpole_trpo_wandb_seed_2 - INFO - Step 90395: Avg Reward=10.43, Running Avg=51.99, Episodes=95
2025-08-04 01:06:44,249 - cartpole_trpo_wandb_seed_2 - INFO - Episode 1650: Reward=12.00, Length=12, Avg Reward (last 10)=10.60
2025-08-04 01:06:44,439 - cartpole_trpo_wandb_seed_2 - INFO - Episode 1660: Reward=10.00, Length=10, Avg Reward (last 10)=10.00
2025-08-04 01:06:44,641 - cartpole_trpo_wandb_seed_2 - INFO - Episode 1670: Reward=9.00, Length=9, Avg Reward (last 10)=10.50
2025-08-04 01:06:44,837 - cartpole_trpo_wandb_seed_2 - INFO - Episode 1680: Reward=10.00, Length=10, Avg Reward (last 10)=10.40
2025-08-04 01:06:45,020 - cartpole_trpo_wandb_seed_2 - INFO - Episode 1690: Reward=10.00, Length=10, Avg Reward (last 10)=9.80
2025-08-04 01:06:45,221 - cartpole_trpo_wandb_seed_2 - INFO - Episode 1700: Reward=12.00, Length=12, Avg Reward (last 10)=10.60
2025-08-04 01:06:45,418 - cartpole_trpo_wandb_seed_2 - INFO - Episode 1710: Reward=10.00, Length=10, Avg Reward (last 10)=10.30
2025-08-04 01:06:45,612 - cartpole_trpo_wandb_seed_2 - INFO - Episode 1720: Reward=9.00, Length=9, Avg Reward (last 10)=10.10
2025-08-04 01:06:45,803 - cartpole_trpo_wandb_seed_2 - INFO - Episode 1730: Reward=10.00, Length=10, Avg Reward (last 10)=10.60
2025-08-04 01:06:45,957 - cartpole_trpo_wandb_seed_2 - INFO - Episode 1740: Reward=10.00, Length=10, Avg Reward (last 10)=9.60
2025-08-04 01:06:45,972 - cartpole_trpo_wandb_seed_2 - INFO - Step 91396: Avg Reward=10.21, Running Avg=49.64, Episodes=98
2025-08-04 01:06:46,134 - cartpole_trpo_wandb_seed_2 - INFO - Episode 1750: Reward=11.00, Length=11, Avg Reward (last 10)=10.00
2025-08-04 01:06:46,328 - cartpole_trpo_wandb_seed_2 - INFO - Episode 1760: Reward=12.00, Length=12, Avg Reward (last 10)=10.40
2025-08-04 01:06:46,509 - cartpole_trpo_wandb_seed_2 - INFO - Episode 1770: Reward=10.00, Length=10, Avg Reward (last 10)=9.80
2025-08-04 01:06:46,706 - cartpole_trpo_wandb_seed_2 - INFO - Episode 1780: Reward=10.00, Length=10, Avg Reward (last 10)=10.60
2025-08-04 01:06:46,892 - cartpole_trpo_wandb_seed_2 - INFO - Episode 1790: Reward=10.00, Length=10, Avg Reward (last 10)=9.90
2025-08-04 01:06:47,080 - cartpole_trpo_wandb_seed_2 - INFO - Episode 1800: Reward=11.00, Length=11, Avg Reward (last 10)=10.00
2025-08-04 01:06:47,276 - cartpole_trpo_wandb_seed_2 - INFO - Episode 1810: Reward=11.00, Length=11, Avg Reward (last 10)=10.40
2025-08-04 01:06:48,089 - cartpole_trpo_wandb_seed_2 - INFO - Episode 1820: Reward=10.00, Length=10, Avg Reward (last 10)=11.00
2025-08-04 01:06:48,289 - cartpole_trpo_wandb_seed_2 - INFO - Episode 1830: Reward=11.00, Length=11, Avg Reward (last 10)=10.10
2025-08-04 01:06:48,488 - cartpole_trpo_wandb_seed_2 - INFO - Step 92400: Avg Reward=10.30, Running Avg=47.56, Episodes=97
2025-08-04 01:06:48,530 - cartpole_trpo_wandb_seed_2 - INFO - Episode 1840: Reward=11.00, Length=11, Avg Reward (last 10)=10.70
2025-08-04 01:06:48,732 - cartpole_trpo_wandb_seed_2 - INFO - Episode 1850: Reward=11.00, Length=11, Avg Reward (last 10)=10.70
2025-08-04 01:06:48,936 - cartpole_trpo_wandb_seed_2 - INFO - Episode 1860: Reward=11.00, Length=11, Avg Reward (last 10)=10.70
2025-08-04 01:06:49,145 - cartpole_trpo_wandb_seed_2 - INFO - Episode 1870: Reward=12.00, Length=12, Avg Reward (last 10)=10.90
2025-08-04 01:06:49,346 - cartpole_trpo_wandb_seed_2 - INFO - Episode 1880: Reward=11.00, Length=11, Avg Reward (last 10)=10.30
2025-08-04 01:06:49,543 - cartpole_trpo_wandb_seed_2 - INFO - Episode 1890: Reward=10.00, Length=10, Avg Reward (last 10)=10.40
2025-08-04 01:06:49,748 - cartpole_trpo_wandb_seed_2 - INFO - Episode 1900: Reward=13.00, Length=13, Avg Reward (last 10)=10.60
2025-08-04 01:06:49,956 - cartpole_trpo_wandb_seed_2 - INFO - Episode 1910: Reward=12.00, Length=12, Avg Reward (last 10)=10.80
2025-08-04 01:06:50,151 - cartpole_trpo_wandb_seed_2 - INFO - Episode 1920: Reward=10.00, Length=10, Avg Reward (last 10)=10.30
2025-08-04 01:06:50,338 - cartpole_trpo_wandb_seed_2 - INFO - Episode 1930: Reward=11.00, Length=11, Avg Reward (last 10)=9.80
2025-08-04 01:06:50,421 - cartpole_trpo_wandb_seed_2 - INFO - Step 93409: Avg Reward=10.51, Running Avg=45.72, Episodes=96
2025-08-04 01:06:50,534 - cartpole_trpo_wandb_seed_2 - INFO - Episode 1940: Reward=11.00, Length=11, Avg Reward (last 10)=10.20
2025-08-04 01:06:50,743 - cartpole_trpo_wandb_seed_2 - INFO - Episode 1950: Reward=11.00, Length=11, Avg Reward (last 10)=10.30
2025-08-04 01:06:50,990 - cartpole_trpo_wandb_seed_2 - INFO - Episode 1960: Reward=10.00, Length=10, Avg Reward (last 10)=10.50
2025-08-04 01:06:51,183 - cartpole_trpo_wandb_seed_2 - INFO - Episode 1970: Reward=10.00, Length=10, Avg Reward (last 10)=10.50
2025-08-04 01:06:51,382 - cartpole_trpo_wandb_seed_2 - INFO - Episode 1980: Reward=11.00, Length=11, Avg Reward (last 10)=10.70
2025-08-04 01:06:51,582 - cartpole_trpo_wandb_seed_2 - INFO - Episode 1990: Reward=13.00, Length=13, Avg Reward (last 10)=10.80
2025-08-04 01:06:51,772 - cartpole_trpo_wandb_seed_2 - INFO - Episode 2000: Reward=9.00, Length=9, Avg Reward (last 10)=10.30
2025-08-04 01:06:51,964 - cartpole_trpo_wandb_seed_2 - INFO - Episode 2010: Reward=11.00, Length=11, Avg Reward (last 10)=10.40
2025-08-04 01:06:52,998 - cartpole_trpo_wandb_seed_2 - INFO - Episode 2020: Reward=11.00, Length=11, Avg Reward (last 10)=10.50
2025-08-04 01:06:53,163 - cartpole_trpo_wandb_seed_2 - INFO - Step 94416: Avg Reward=10.44, Running Avg=44.06, Episodes=96
2025-08-04 01:06:53,164 - cartpole_trpo_wandb_seed_2 - INFO - Episode 2030: Reward=10.00, Length=10, Avg Reward (last 10)=10.30
2025-08-04 01:06:53,364 - cartpole_trpo_wandb_seed_2 - INFO - Episode 2040: Reward=11.00, Length=11, Avg Reward (last 10)=11.20
2025-08-04 01:06:53,534 - cartpole_trpo_wandb_seed_2 - INFO - Episode 2050: Reward=11.00, Length=11, Avg Reward (last 10)=10.60
2025-08-04 01:06:53,717 - cartpole_trpo_wandb_seed_2 - INFO - Episode 2060: Reward=11.00, Length=11, Avg Reward (last 10)=10.60
2025-08-04 01:06:53,888 - cartpole_trpo_wandb_seed_2 - INFO - Episode 2070: Reward=11.00, Length=11, Avg Reward (last 10)=9.90
2025-08-04 01:06:54,059 - cartpole_trpo_wandb_seed_2 - INFO - Episode 2080: Reward=9.00, Length=9, Avg Reward (last 10)=10.60
2025-08-04 01:06:54,237 - cartpole_trpo_wandb_seed_2 - INFO - Episode 2090: Reward=11.00, Length=11, Avg Reward (last 10)=10.40
2025-08-04 01:06:54,407 - cartpole_trpo_wandb_seed_2 - INFO - Episode 2100: Reward=9.00, Length=9, Avg Reward (last 10)=10.00
2025-08-04 01:06:54,588 - cartpole_trpo_wandb_seed_2 - INFO - Episode 2110: Reward=11.00, Length=11, Avg Reward (last 10)=10.60
2025-08-04 01:06:54,768 - cartpole_trpo_wandb_seed_2 - INFO - Episode 2120: Reward=13.00, Length=13, Avg Reward (last 10)=10.50
2025-08-04 01:06:54,873 - cartpole_trpo_wandb_seed_2 - INFO - Step 95421: Avg Reward=10.47, Running Avg=42.54, Episodes=96
2025-08-04 01:06:54,942 - cartpole_trpo_wandb_seed_2 - INFO - Episode 2130: Reward=10.00, Length=10, Avg Reward (last 10)=10.00
2025-08-04 01:06:55,107 - cartpole_trpo_wandb_seed_2 - INFO - Episode 2140: Reward=11.00, Length=11, Avg Reward (last 10)=10.00
2025-08-04 01:06:55,271 - cartpole_trpo_wandb_seed_2 - INFO - Episode 2150: Reward=9.00, Length=9, Avg Reward (last 10)=10.10
2025-08-04 01:06:55,456 - cartpole_trpo_wandb_seed_2 - INFO - Episode 2160: Reward=11.00, Length=11, Avg Reward (last 10)=11.10
2025-08-04 01:06:55,629 - cartpole_trpo_wandb_seed_2 - INFO - Episode 2170: Reward=9.00, Length=9, Avg Reward (last 10)=10.70
2025-08-04 01:06:55,790 - cartpole_trpo_wandb_seed_2 - INFO - Episode 2180: Reward=10.00, Length=10, Avg Reward (last 10)=9.80
2025-08-04 01:06:55,971 - cartpole_trpo_wandb_seed_2 - INFO - Episode 2190: Reward=11.00, Length=11, Avg Reward (last 10)=11.00
2025-08-04 01:06:56,135 - cartpole_trpo_wandb_seed_2 - INFO - Episode 2200: Reward=8.00, Length=8, Avg Reward (last 10)=10.00
2025-08-04 01:06:56,799 - cartpole_trpo_wandb_seed_2 - INFO - Episode 2210: Reward=12.00, Length=12, Avg Reward (last 10)=10.20
2025-08-04 01:06:56,979 - cartpole_trpo_wandb_seed_2 - INFO - Episode 2220: Reward=11.00, Length=11, Avg Reward (last 10)=10.90
2025-08-04 01:06:57,015 - cartpole_trpo_wandb_seed_2 - INFO - Step 96423: Avg Reward=10.41, Running Avg=41.15, Episodes=96
2025-08-04 01:06:57,152 - cartpole_trpo_wandb_seed_2 - INFO - Episode 2230: Reward=9.00, Length=9, Avg Reward (last 10)=10.60
2025-08-04 01:06:57,325 - cartpole_trpo_wandb_seed_2 - INFO - Episode 2240: Reward=11.00, Length=11, Avg Reward (last 10)=10.60
2025-08-04 01:06:57,457 - cartpole_trpo_wandb_seed_2 - INFO - Episode 2250: Reward=11.00, Length=11, Avg Reward (last 10)=10.30
2025-08-04 01:06:57,618 - cartpole_trpo_wandb_seed_2 - INFO - Episode 2260: Reward=11.00, Length=11, Avg Reward (last 10)=10.50
2025-08-04 01:06:57,812 - cartpole_trpo_wandb_seed_2 - INFO - Episode 2270: Reward=10.00, Length=10, Avg Reward (last 10)=11.30
2025-08-04 01:06:58,009 - cartpole_trpo_wandb_seed_2 - INFO - Episode 2280: Reward=11.00, Length=11, Avg Reward (last 10)=11.40
2025-08-04 01:06:58,189 - cartpole_trpo_wandb_seed_2 - INFO - Episode 2290: Reward=14.00, Length=14, Avg Reward (last 10)=10.60
2025-08-04 01:06:58,373 - cartpole_trpo_wandb_seed_2 - INFO - Episode 2300: Reward=10.00, Length=10, Avg Reward (last 10)=10.70
2025-08-04 01:06:58,565 - cartpole_trpo_wandb_seed_2 - INFO - Episode 2310: Reward=10.00, Length=10, Avg Reward (last 10)=11.30
2025-08-04 01:06:58,650 - cartpole_trpo_wandb_seed_2 - INFO - Step 97426: Avg Reward=10.78, Running Avg=39.93, Episodes=93
2025-08-04 01:06:58,742 - cartpole_trpo_wandb_seed_2 - INFO - Episode 2320: Reward=11.00, Length=11, Avg Reward (last 10)=10.60
2025-08-04 01:06:58,925 - cartpole_trpo_wandb_seed_2 - INFO - Episode 2330: Reward=14.00, Length=14, Avg Reward (last 10)=11.20
2025-08-04 01:06:59,098 - cartpole_trpo_wandb_seed_2 - INFO - Episode 2340: Reward=10.00, Length=10, Avg Reward (last 10)=10.50
2025-08-04 01:06:59,286 - cartpole_trpo_wandb_seed_2 - INFO - Episode 2350: Reward=9.00, Length=9, Avg Reward (last 10)=10.80
2025-08-04 01:06:59,501 - cartpole_trpo_wandb_seed_2 - INFO - Episode 2360: Reward=12.00, Length=12, Avg Reward (last 10)=11.40
2025-08-04 01:06:59,711 - cartpole_trpo_wandb_seed_2 - INFO - Episode 2370: Reward=12.00, Length=12, Avg Reward (last 10)=10.40
2025-08-04 01:06:59,926 - cartpole_trpo_wandb_seed_2 - INFO - Episode 2380: Reward=10.00, Length=10, Avg Reward (last 10)=11.00
2025-08-04 01:07:00,144 - cartpole_trpo_wandb_seed_2 - INFO - Episode 2390: Reward=11.00, Length=11, Avg Reward (last 10)=11.40
2025-08-04 01:07:00,913 - cartpole_trpo_wandb_seed_2 - INFO - Episode 2400: Reward=10.00, Length=10, Avg Reward (last 10)=10.40
2025-08-04 01:07:01,047 - cartpole_trpo_wandb_seed_2 - INFO - Step 98426: Avg Reward=10.82, Running Avg=38.82, Episodes=92
2025-08-04 01:07:01,111 - cartpole_trpo_wandb_seed_2 - INFO - Episode 2410: Reward=10.00, Length=10, Avg Reward (last 10)=10.20
2025-08-04 01:07:01,325 - cartpole_trpo_wandb_seed_2 - INFO - Episode 2420: Reward=9.00, Length=9, Avg Reward (last 10)=11.20
2025-08-04 01:07:01,518 - cartpole_trpo_wandb_seed_2 - INFO - Episode 2430: Reward=9.00, Length=9, Avg Reward (last 10)=10.30
2025-08-04 01:07:01,731 - cartpole_trpo_wandb_seed_2 - INFO - Episode 2440: Reward=11.00, Length=11, Avg Reward (last 10)=11.10
2025-08-04 01:07:01,931 - cartpole_trpo_wandb_seed_2 - INFO - Episode 2450: Reward=10.00, Length=10, Avg Reward (last 10)=10.40
2025-08-04 01:07:02,144 - cartpole_trpo_wandb_seed_2 - INFO - Episode 2460: Reward=10.00, Length=10, Avg Reward (last 10)=11.10
2025-08-04 01:07:02,347 - cartpole_trpo_wandb_seed_2 - INFO - Episode 2470: Reward=12.00, Length=12, Avg Reward (last 10)=10.50
2025-08-04 01:07:02,549 - cartpole_trpo_wandb_seed_2 - INFO - Episode 2480: Reward=11.00, Length=11, Avg Reward (last 10)=10.50
2025-08-04 01:07:02,766 - cartpole_trpo_wandb_seed_2 - INFO - Episode 2490: Reward=11.00, Length=11, Avg Reward (last 10)=11.30
2025-08-04 01:07:02,971 - cartpole_trpo_wandb_seed_2 - INFO - Step 99430: Avg Reward=10.80, Running Avg=37.78, Episodes=93
2025-08-04 01:07:02,973 - cartpole_trpo_wandb_seed_2 - INFO - Episode 2500: Reward=14.00, Length=14, Avg Reward (last 10)=10.80
2025-08-04 01:07:03,154 - cartpole_trpo_wandb_seed_2 - INFO - Episode 2510: Reward=9.00, Length=9, Avg Reward (last 10)=10.30
2025-08-04 01:07:03,321 - cartpole_trpo_wandb_seed_2 - INFO - Episode 2520: Reward=10.00, Length=10, Avg Reward (last 10)=10.70
2025-08-04 01:07:03,499 - cartpole_trpo_wandb_seed_2 - INFO - Episode 2530: Reward=11.00, Length=11, Avg Reward (last 10)=11.30
2025-08-04 01:07:03,668 - cartpole_trpo_wandb_seed_2 - INFO - Episode 2540: Reward=13.00, Length=13, Avg Reward (last 10)=10.70
2025-08-04 01:07:03,827 - cartpole_trpo_wandb_seed_2 - INFO - Episode 2550: Reward=9.00, Length=9, Avg Reward (last 10)=10.20
2025-08-04 01:07:04,029 - cartpole_trpo_wandb_seed_2 - INFO - Episode 2560: Reward=12.00, Length=12, Avg Reward (last 10)=11.20
2025-08-04 01:07:04,217 - cartpole_trpo_wandb_seed_2 - INFO - Episode 2570: Reward=12.00, Length=12, Avg Reward (last 10)=10.00
2025-08-04 01:07:04,414 - cartpole_trpo_wandb_seed_2 - INFO - Episode 2580: Reward=10.00, Length=10, Avg Reward (last 10)=10.50
2025-08-04 01:07:05,234 - cartpole_trpo_wandb_seed_2 - INFO - Episode 2590: Reward=11.00, Length=11, Avg Reward (last 10)=12.40
2025-08-04 01:07:05,292 - cartpole_trpo_wandb_seed_2 - INFO - Step 100435: Avg Reward=10.80, Running Avg=36.81, Episodes=93
2025-08-04 01:07:05,437 - cartpole_trpo_wandb_seed_2 - INFO - Episode 2600: Reward=10.00, Length=10, Avg Reward (last 10)=10.70
2025-08-04 01:07:05,653 - cartpole_trpo_wandb_seed_2 - INFO - Episode 2610: Reward=10.00, Length=10, Avg Reward (last 10)=11.50
2025-08-04 01:07:05,863 - cartpole_trpo_wandb_seed_2 - INFO - Episode 2620: Reward=10.00, Length=10, Avg Reward (last 10)=11.10
2025-08-04 01:07:06,081 - cartpole_trpo_wandb_seed_2 - INFO - Episode 2630: Reward=11.00, Length=11, Avg Reward (last 10)=11.60
2025-08-04 01:07:06,288 - cartpole_trpo_wandb_seed_2 - INFO - Episode 2640: Reward=9.00, Length=9, Avg Reward (last 10)=11.00
2025-08-04 01:07:06,505 - cartpole_trpo_wandb_seed_2 - INFO - Episode 2650: Reward=14.00, Length=14, Avg Reward (last 10)=11.60
2025-08-04 01:07:06,704 - cartpole_trpo_wandb_seed_2 - INFO - Episode 2660: Reward=11.00, Length=11, Avg Reward (last 10)=10.70
2025-08-04 01:07:06,911 - cartpole_trpo_wandb_seed_2 - INFO - Episode 2670: Reward=9.00, Length=9, Avg Reward (last 10)=11.10
2025-08-04 01:07:07,128 - cartpole_trpo_wandb_seed_2 - INFO - Episode 2680: Reward=11.00, Length=11, Avg Reward (last 10)=11.40
2025-08-04 01:07:07,174 - cartpole_trpo_wandb_seed_2 - INFO - Step 101435: Avg Reward=11.24, Running Avg=35.96, Episodes=89
2025-08-04 01:07:07,334 - cartpole_trpo_wandb_seed_2 - INFO - Episode 2690: Reward=9.00, Length=9, Avg Reward (last 10)=10.60
2025-08-04 01:07:07,555 - cartpole_trpo_wandb_seed_2 - INFO - Episode 2700: Reward=8.00, Length=8, Avg Reward (last 10)=11.70
2025-08-04 01:07:07,781 - cartpole_trpo_wandb_seed_2 - INFO - Episode 2710: Reward=12.00, Length=12, Avg Reward (last 10)=11.90
2025-08-04 01:07:08,008 - cartpole_trpo_wandb_seed_2 - INFO - Episode 2720: Reward=11.00, Length=11, Avg Reward (last 10)=11.70
2025-08-04 01:07:08,216 - cartpole_trpo_wandb_seed_2 - INFO - Episode 2730: Reward=13.00, Length=13, Avg Reward (last 10)=10.80
2025-08-04 01:07:08,421 - cartpole_trpo_wandb_seed_2 - INFO - Episode 2740: Reward=9.00, Length=9, Avg Reward (last 10)=10.80
2025-08-04 01:07:08,657 - cartpole_trpo_wandb_seed_2 - INFO - Episode 2750: Reward=10.00, Length=10, Avg Reward (last 10)=12.70
2025-08-04 01:07:08,889 - cartpole_trpo_wandb_seed_2 - INFO - Episode 2760: Reward=12.00, Length=12, Avg Reward (last 10)=12.50
2025-08-04 01:07:09,659 - cartpole_trpo_wandb_seed_2 - INFO - Step 102438: Avg Reward=11.62, Running Avg=35.21, Episodes=86
2025-08-04 01:07:09,710 - cartpole_trpo_wandb_seed_2 - INFO - Episode 2770: Reward=12.00, Length=12, Avg Reward (last 10)=12.20
2025-08-04 01:07:09,962 - cartpole_trpo_wandb_seed_2 - INFO - Episode 2780: Reward=11.00, Length=11, Avg Reward (last 10)=13.30
2025-08-04 01:07:10,194 - cartpole_trpo_wandb_seed_2 - INFO - Episode 2790: Reward=14.00, Length=14, Avg Reward (last 10)=12.10
2025-08-04 01:07:10,431 - cartpole_trpo_wandb_seed_2 - INFO - Episode 2800: Reward=14.00, Length=14, Avg Reward (last 10)=12.60
2025-08-04 01:07:10,667 - cartpole_trpo_wandb_seed_2 - INFO - Episode 2810: Reward=13.00, Length=13, Avg Reward (last 10)=12.60
2025-08-04 01:07:10,873 - cartpole_trpo_wandb_seed_2 - INFO - Episode 2820: Reward=13.00, Length=13, Avg Reward (last 10)=12.60
2025-08-04 01:07:11,065 - cartpole_trpo_wandb_seed_2 - INFO - Episode 2830: Reward=12.00, Length=12, Avg Reward (last 10)=11.10
2025-08-04 01:07:11,286 - cartpole_trpo_wandb_seed_2 - INFO - Episode 2840: Reward=10.00, Length=10, Avg Reward (last 10)=11.70
2025-08-04 01:07:11,508 - cartpole_trpo_wandb_seed_2 - INFO - Step 103443: Avg Reward=12.41, Running Avg=34.56, Episodes=81
2025-08-04 01:07:11,529 - cartpole_trpo_wandb_seed_2 - INFO - Episode 2850: Reward=10.00, Length=10, Avg Reward (last 10)=12.90
2025-08-04 01:07:11,783 - cartpole_trpo_wandb_seed_2 - INFO - Episode 2860: Reward=10.00, Length=10, Avg Reward (last 10)=13.80
2025-08-04 01:07:12,009 - cartpole_trpo_wandb_seed_2 - INFO - Episode 2870: Reward=12.00, Length=12, Avg Reward (last 10)=12.50
2025-08-04 01:07:12,254 - cartpole_trpo_wandb_seed_2 - INFO - Episode 2880: Reward=13.00, Length=13, Avg Reward (last 10)=13.20
2025-08-04 01:07:12,483 - cartpole_trpo_wandb_seed_2 - INFO - Episode 2890: Reward=12.00, Length=12, Avg Reward (last 10)=12.20
2025-08-04 01:07:12,752 - cartpole_trpo_wandb_seed_2 - INFO - Episode 2900: Reward=12.00, Length=12, Avg Reward (last 10)=12.70
2025-08-04 01:07:12,995 - cartpole_trpo_wandb_seed_2 - INFO - Episode 2910: Reward=11.00, Length=11, Avg Reward (last 10)=12.90
2025-08-04 01:07:13,232 - cartpole_trpo_wandb_seed_2 - INFO - Episode 2920: Reward=12.00, Length=12, Avg Reward (last 10)=11.90
2025-08-04 01:07:14,242 - cartpole_trpo_wandb_seed_2 - INFO - Step 104460: Avg Reward=12.96, Running Avg=33.98, Episodes=78
2025-08-04 01:07:14,310 - cartpole_trpo_wandb_seed_2 - INFO - Episode 2930: Reward=13.00, Length=13, Avg Reward (last 10)=14.40
2025-08-04 01:07:14,541 - cartpole_trpo_wandb_seed_2 - INFO - Episode 2940: Reward=10.00, Length=10, Avg Reward (last 10)=12.20
2025-08-04 01:07:14,801 - cartpole_trpo_wandb_seed_2 - INFO - Episode 2950: Reward=24.00, Length=24, Avg Reward (last 10)=13.30
2025-08-04 01:07:15,045 - cartpole_trpo_wandb_seed_2 - INFO - Episode 2960: Reward=10.00, Length=10, Avg Reward (last 10)=12.70
2025-08-04 01:07:15,268 - cartpole_trpo_wandb_seed_2 - INFO - Episode 2970: Reward=12.00, Length=12, Avg Reward (last 10)=11.70
2025-08-04 01:07:15,502 - cartpole_trpo_wandb_seed_2 - INFO - Episode 2980: Reward=10.00, Length=10, Avg Reward (last 10)=12.30
2025-08-04 01:07:15,726 - cartpole_trpo_wandb_seed_2 - INFO - Episode 2990: Reward=12.00, Length=12, Avg Reward (last 10)=11.70
2025-08-04 01:07:15,973 - cartpole_trpo_wandb_seed_2 - INFO - Episode 3000: Reward=17.00, Length=17, Avg Reward (last 10)=13.00
2025-08-04 01:07:16,164 - cartpole_trpo_wandb_seed_2 - INFO - Step 105466: Avg Reward=12.57, Running Avg=33.41, Episodes=80
2025-08-04 01:07:16,229 - cartpole_trpo_wandb_seed_2 - INFO - Episode 3010: Reward=11.00, Length=11, Avg Reward (last 10)=13.50
2025-08-04 01:07:16,463 - cartpole_trpo_wandb_seed_2 - INFO - Episode 3020: Reward=12.00, Length=12, Avg Reward (last 10)=12.30
2025-08-04 01:07:16,693 - cartpole_trpo_wandb_seed_2 - INFO - Episode 3030: Reward=11.00, Length=11, Avg Reward (last 10)=12.00
2025-08-04 01:07:16,917 - cartpole_trpo_wandb_seed_2 - INFO - Episode 3040: Reward=12.00, Length=12, Avg Reward (last 10)=11.60
2025-08-04 01:07:17,200 - cartpole_trpo_wandb_seed_2 - INFO - Episode 3050: Reward=12.00, Length=12, Avg Reward (last 10)=14.40
2025-08-04 01:07:17,448 - cartpole_trpo_wandb_seed_2 - INFO - Episode 3060: Reward=16.00, Length=16, Avg Reward (last 10)=12.60
2025-08-04 01:07:17,680 - cartpole_trpo_wandb_seed_2 - INFO - Episode 3070: Reward=12.00, Length=12, Avg Reward (last 10)=11.90
2025-08-04 01:07:17,925 - cartpole_trpo_wandb_seed_2 - INFO - Episode 3080: Reward=26.00, Length=26, Avg Reward (last 10)=14.30
2025-08-04 01:07:18,050 - cartpole_trpo_wandb_seed_2 - INFO - Step 106467: Avg Reward=12.67, Running Avg=32.88, Episodes=79
2025-08-04 01:07:18,773 - cartpole_trpo_wandb_seed_2 - INFO - Episode 3090: Reward=13.00, Length=13, Avg Reward (last 10)=12.20
2025-08-04 01:07:19,056 - cartpole_trpo_wandb_seed_2 - INFO - Episode 3100: Reward=16.00, Length=16, Avg Reward (last 10)=15.00
2025-08-04 01:07:19,480 - cartpole_trpo_wandb_seed_2 - INFO - Episode 3110: Reward=11.00, Length=11, Avg Reward (last 10)=22.50
2025-08-04 01:07:19,840 - cartpole_trpo_wandb_seed_2 - INFO - Episode 3120: Reward=13.00, Length=13, Avg Reward (last 10)=18.30
2025-08-04 01:07:20,273 - cartpole_trpo_wandb_seed_2 - INFO - Episode 3130: Reward=110.00, Length=110, Avg Reward (last 10)=22.60
2025-08-04 01:07:20,601 - cartpole_trpo_wandb_seed_2 - INFO - Step 107473: Avg Reward=18.48, Running Avg=32.64, Episodes=54
2025-08-04 01:07:20,603 - cartpole_trpo_wandb_seed_2 - INFO - Episode 3140: Reward=10.00, Length=10, Avg Reward (last 10)=16.90
2025-08-04 01:07:20,841 - cartpole_trpo_wandb_seed_2 - INFO - Episode 3150: Reward=13.00, Length=13, Avg Reward (last 10)=11.90
2025-08-04 01:07:21,249 - cartpole_trpo_wandb_seed_2 - INFO - Episode 3160: Reward=18.00, Length=18, Avg Reward (last 10)=21.50
2025-08-04 01:07:21,545 - cartpole_trpo_wandb_seed_2 - INFO - Episode 3170: Reward=10.00, Length=10, Avg Reward (last 10)=15.50
2025-08-04 01:07:21,813 - cartpole_trpo_wandb_seed_2 - INFO - Episode 3180: Reward=14.00, Length=14, Avg Reward (last 10)=14.10
2025-08-04 01:07:22,062 - cartpole_trpo_wandb_seed_2 - INFO - Episode 3190: Reward=15.00, Length=15, Avg Reward (last 10)=13.00
2025-08-04 01:07:22,340 - cartpole_trpo_wandb_seed_2 - INFO - Episode 3200: Reward=15.00, Length=15, Avg Reward (last 10)=13.90
2025-08-04 01:07:22,559 - cartpole_trpo_wandb_seed_2 - INFO - Step 108488: Avg Reward=14.71, Running Avg=32.25, Episodes=69
2025-08-04 01:07:22,587 - cartpole_trpo_wandb_seed_2 - INFO - Episode 3210: Reward=13.00, Length=13, Avg Reward (last 10)=12.90
2025-08-04 01:07:23,533 - cartpole_trpo_wandb_seed_2 - INFO - Episode 3220: Reward=19.00, Length=19, Avg Reward (last 10)=19.30
2025-08-04 01:07:23,816 - cartpole_trpo_wandb_seed_2 - INFO - Episode 3230: Reward=14.00, Length=14, Avg Reward (last 10)=14.90
2025-08-04 01:07:24,331 - cartpole_trpo_wandb_seed_2 - INFO - Episode 3240: Reward=30.00, Length=30, Avg Reward (last 10)=28.00
2025-08-04 01:07:24,828 - cartpole_trpo_wandb_seed_2 - INFO - Episode 3250: Reward=14.00, Length=14, Avg Reward (last 10)=30.10
2025-08-04 01:07:25,027 - cartpole_trpo_wandb_seed_2 - INFO - Step 109535: Avg Reward=22.70, Running Avg=32.12, Episodes=46
2025-08-04 01:07:25,496 - cartpole_trpo_wandb_seed_2 - INFO - Episode 3260: Reward=106.00, Length=106, Avg Reward (last 10)=36.60
2025-08-04 01:07:25,722 - cartpole_trpo_wandb_seed_2 - INFO - Episode 3270: Reward=11.00, Length=11, Avg Reward (last 10)=13.30
2025-08-04 01:07:25,923 - cartpole_trpo_wandb_seed_2 - INFO - Episode 3280: Reward=11.00, Length=11, Avg Reward (last 10)=12.10
2025-08-04 01:07:26,174 - cartpole_trpo_wandb_seed_2 - INFO - Episode 3290: Reward=36.00, Length=36, Avg Reward (last 10)=15.00
2025-08-04 01:07:26,465 - cartpole_trpo_wandb_seed_2 - INFO - Episode 3300: Reward=19.00, Length=19, Avg Reward (last 10)=16.90
2025-08-04 01:07:26,745 - cartpole_trpo_wandb_seed_2 - INFO - Step 110536: Avg Reward=18.20, Running Avg=31.88, Episodes=55
2025-08-04 01:07:26,747 - cartpole_trpo_wandb_seed_2 - INFO - Episode 3310: Reward=20.00, Length=20, Avg Reward (last 10)=17.00
2025-08-04 01:07:27,749 - cartpole_trpo_wandb_seed_2 - INFO - Episode 3320: Reward=25.00, Length=25, Avg Reward (last 10)=23.60
2025-08-04 01:07:28,041 - cartpole_trpo_wandb_seed_2 - INFO - Episode 3330: Reward=16.00, Length=16, Avg Reward (last 10)=15.70
2025-08-04 01:07:28,381 - cartpole_trpo_wandb_seed_2 - INFO - Episode 3340: Reward=13.00, Length=13, Avg Reward (last 10)=18.20
2025-08-04 01:07:28,657 - cartpole_trpo_wandb_seed_2 - INFO - Episode 3350: Reward=12.00, Length=12, Avg Reward (last 10)=14.30
2025-08-04 01:07:28,949 - cartpole_trpo_wandb_seed_2 - INFO - Episode 3360: Reward=12.00, Length=12, Avg Reward (last 10)=14.90
2025-08-04 01:07:29,166 - cartpole_trpo_wandb_seed_2 - INFO - Step 111541: Avg Reward=18.94, Running Avg=31.68, Episodes=52
2025-08-04 01:07:29,586 - cartpole_trpo_wandb_seed_2 - INFO - Episode 3370: Reward=16.00, Length=16, Avg Reward (last 10)=34.10
2025-08-04 01:07:30,044 - cartpole_trpo_wandb_seed_2 - INFO - Episode 3380: Reward=93.00, Length=93, Avg Reward (last 10)=24.30
2025-08-04 01:07:30,537 - cartpole_trpo_wandb_seed_2 - INFO - Episode 3390: Reward=91.00, Length=91, Avg Reward (last 10)=26.20
2025-08-04 01:07:31,031 - cartpole_trpo_wandb_seed_2 - INFO - Episode 3400: Reward=13.00, Length=13, Avg Reward (last 10)=26.90
2025-08-04 01:07:31,048 - cartpole_trpo_wandb_seed_2 - INFO - Step 112547: Avg Reward=25.79, Running Avg=31.62, Episodes=39
2025-08-04 01:07:32,191 - cartpole_trpo_wandb_seed_2 - INFO - Episode 3410: Reward=16.00, Length=16, Avg Reward (last 10)=13.10
2025-08-04 01:07:34,138 - cartpole_trpo_wandb_seed_2 - INFO - Episode 3420: Reward=11.00, Length=11, Avg Reward (last 10)=47.10
2025-08-04 01:07:35,914 - cartpole_trpo_wandb_seed_2 - INFO - Step 113571: Avg Reward=35.24, Running Avg=31.65, Episodes=29
2025-08-04 01:07:35,915 - cartpole_trpo_wandb_seed_2 - INFO - Episode 3430: Reward=112.00, Length=112, Avg Reward (last 10)=42.90
2025-08-04 01:07:37,976 - cartpole_trpo_wandb_seed_2 - INFO - Episode 3440: Reward=11.00, Length=11, Avg Reward (last 10)=47.20
2025-08-04 01:07:39,681 - cartpole_trpo_wandb_seed_2 - INFO - Episode 3450: Reward=11.00, Length=11, Avg Reward (last 10)=40.80
2025-08-04 01:07:40,221 - cartpole_trpo_wandb_seed_2 - INFO - Step 114573: Avg Reward=45.55, Running Avg=31.74, Episodes=22
2025-08-04 01:07:42,762 - cartpole_trpo_wandb_seed_2 - INFO - Episode 3460: Reward=13.00, Length=13, Avg Reward (last 10)=49.10
2025-08-04 01:07:45,234 - cartpole_trpo_wandb_seed_2 - INFO - Episode 3470: Reward=23.00, Length=23, Avg Reward (last 10)=55.90
2025-08-04 01:07:45,593 - cartpole_trpo_wandb_seed_2 - INFO - Step 115610: Avg Reward=53.53, Running Avg=31.85, Episodes=19
2025-08-04 01:07:47,682 - cartpole_trpo_wandb_seed_2 - INFO - Episode 3480: Reward=13.00, Length=13, Avg Reward (last 10)=57.30
2025-08-04 01:07:49,727 - cartpole_trpo_wandb_seed_2 - INFO - Episode 3490: Reward=110.00, Length=110, Avg Reward (last 10)=45.60
2025-08-04 01:07:50,227 - cartpole_trpo_wandb_seed_2 - INFO - Step 116659: Avg Reward=52.45, Running Avg=31.97, Episodes=20
2025-08-04 01:07:53,521 - cartpole_trpo_wandb_seed_2 - INFO - Episode 3500: Reward=125.00, Length=125, Avg Reward (last 10)=71.20
2025-08-04 01:07:55,654 - cartpole_trpo_wandb_seed_2 - INFO - Step 117763: Avg Reward=72.87, Running Avg=32.15, Episodes=15
2025-08-04 01:07:57,219 - cartpole_trpo_wandb_seed_2 - INFO - Episode 3510: Reward=111.00, Length=111, Avg Reward (last 10)=86.20
2025-08-04 01:08:01,329 - cartpole_trpo_wandb_seed_2 - INFO - Step 118903: Avg Reward=83.62, Running Avg=32.34, Episodes=13
2025-08-04 01:08:01,435 - cartpole_trpo_wandb_seed_2 - INFO - Episode 3520: Reward=14.00, Length=14, Avg Reward (last 10)=72.90
2025-08-04 01:08:05,066 - cartpole_trpo_wandb_seed_2 - INFO - Episode 3530: Reward=123.00, Length=123, Avg Reward (last 10)=79.60
2025-08-04 01:08:06,149 - cartpole_trpo_wandb_seed_2 - INFO - Step 119956: Avg Reward=81.00, Running Avg=32.52, Episodes=13
2025-08-04 01:08:08,155 - cartpole_trpo_wandb_seed_2 - INFO - Episode 3540: Reward=33.00, Length=33, Avg Reward (last 10)=69.00
2025-08-04 01:08:11,452 - cartpole_trpo_wandb_seed_2 - INFO - Step 120957: Avg Reward=62.06, Running Avg=32.65, Episodes=16
2025-08-04 01:08:12,597 - cartpole_trpo_wandb_seed_2 - INFO - Episode 3550: Reward=125.00, Length=125, Avg Reward (last 10)=79.10
2025-08-04 01:08:16,569 - cartpole_trpo_wandb_seed_2 - INFO - Step 122087: Avg Reward=113.00, Running Avg=32.88, Episodes=10
2025-08-04 01:08:17,608 - cartpole_trpo_wandb_seed_2 - INFO - Episode 3560: Reward=113.00, Length=113, Avg Reward (last 10)=111.40
2025-08-04 01:08:22,037 - cartpole_trpo_wandb_seed_2 - INFO - Step 123132: Avg Reward=102.90, Running Avg=33.07, Episodes=10
2025-08-04 01:08:23,114 - cartpole_trpo_wandb_seed_2 - INFO - Episode 3570: Reward=122.00, Length=122, Avg Reward (last 10)=104.20
2025-08-04 01:08:26,838 - cartpole_trpo_wandb_seed_2 - INFO - Step 124230: Avg Reward=122.00, Running Avg=33.30, Episodes=9
2025-08-04 01:08:28,002 - cartpole_trpo_wandb_seed_2 - INFO - Episode 3580: Reward=124.00, Length=124, Avg Reward (last 10)=114.50
2025-08-04 01:08:37,875 - cartpole_trpo_wandb_seed_2 - INFO - Step 125324: Avg Reward=117.67, Running Avg=33.51, Episodes=9
2025-08-04 01:08:40,389 - cartpole_trpo_wandb_seed_2 - INFO - Episode 3590: Reward=128.00, Length=128, Avg Reward (last 10)=130.00
2025-08-04 01:08:42,773 - cartpole_trpo_wandb_seed_2 - INFO - Step 126375: Avg Reward=131.38, Running Avg=33.73, Episodes=8
2025-08-04 01:08:47,581 - cartpole_trpo_wandb_seed_2 - INFO - Episode 3600: Reward=125.00, Length=125, Avg Reward (last 10)=128.40
2025-08-04 01:08:48,716 - cartpole_trpo_wandb_seed_2 - INFO - Step 127472: Avg Reward=126.25, Running Avg=33.93, Episodes=8
2025-08-04 01:08:52,454 - cartpole_trpo_wandb_seed_2 - INFO - Episode 3610: Reward=119.00, Length=119, Avg Reward (last 10)=116.10
2025-08-04 01:08:52,796 - cartpole_trpo_wandb_seed_2 - INFO - Step 128497: Avg Reward=113.89, Running Avg=34.13, Episodes=9
2025-08-04 01:08:56,923 - cartpole_trpo_wandb_seed_2 - INFO - Step 129563: Avg Reward=136.00, Running Avg=34.33, Episodes=7
2025-08-04 01:08:57,883 - cartpole_trpo_wandb_seed_2 - INFO - Episode 3620: Reward=140.00, Length=140, Avg Reward (last 10)=132.70
2025-08-04 01:09:01,074 - cartpole_trpo_wandb_seed_2 - INFO - Step 130605: Avg Reward=130.25, Running Avg=34.54, Episodes=8
2025-08-04 01:09:04,587 - cartpole_trpo_wandb_seed_2 - INFO - Episode 3630: Reward=130.00, Length=130, Avg Reward (last 10)=129.10
2025-08-04 01:09:06,860 - cartpole_trpo_wandb_seed_2 - INFO - Step 131703: Avg Reward=126.75, Running Avg=34.74, Episodes=8
2025-08-04 01:09:10,453 - cartpole_trpo_wandb_seed_2 - INFO - Episode 3640: Reward=125.00, Length=125, Avg Reward (last 10)=127.80
2025-08-04 01:09:11,481 - cartpole_trpo_wandb_seed_2 - INFO - Step 132738: Avg Reward=129.38, Running Avg=34.95, Episodes=8
2025-08-04 01:09:16,967 - cartpole_trpo_wandb_seed_2 - INFO - Step 133797: Avg Reward=132.12, Running Avg=35.16, Episodes=8
2025-08-04 01:09:16,969 - cartpole_trpo_wandb_seed_2 - INFO - Episode 3650: Reward=136.00, Length=136, Avg Reward (last 10)=131.50
2025-08-04 01:09:21,782 - cartpole_trpo_wandb_seed_2 - INFO - Step 134876: Avg Reward=134.88, Running Avg=35.38, Episodes=8
2025-08-04 01:09:23,132 - cartpole_trpo_wandb_seed_2 - INFO - Episode 3660: Reward=135.00, Length=135, Avg Reward (last 10)=136.30
2025-08-04 01:09:27,285 - cartpole_trpo_wandb_seed_2 - INFO - Step 135970: Avg Reward=135.75, Running Avg=35.60, Episodes=8
2025-08-04 01:09:29,814 - cartpole_trpo_wandb_seed_2 - INFO - Episode 3670: Reward=143.00, Length=143, Avg Reward (last 10)=133.90
2025-08-04 01:09:32,181 - cartpole_trpo_wandb_seed_2 - INFO - Step 137045: Avg Reward=134.38, Running Avg=35.81, Episodes=8
2025-08-04 01:09:37,161 - cartpole_trpo_wandb_seed_2 - INFO - Episode 3680: Reward=149.00, Length=149, Avg Reward (last 10)=138.80
2025-08-04 01:09:37,753 - cartpole_trpo_wandb_seed_2 - INFO - Step 138065: Avg Reward=141.29, Running Avg=36.01, Episodes=7
2025-08-04 01:09:41,980 - cartpole_trpo_wandb_seed_2 - INFO - Step 139181: Avg Reward=139.50, Running Avg=36.24, Episodes=8
2025-08-04 01:09:43,266 - cartpole_trpo_wandb_seed_2 - INFO - Episode 3690: Reward=157.00, Length=157, Avg Reward (last 10)=141.20
2025-08-04 01:09:46,147 - cartpole_trpo_wandb_seed_2 - INFO - Step 140288: Avg Reward=146.29, Running Avg=36.45, Episodes=7
2025-08-04 01:09:48,526 - cartpole_trpo_wandb_seed_2 - INFO - Episode 3700: Reward=137.00, Length=137, Avg Reward (last 10)=143.50
2025-08-04 01:09:50,483 - cartpole_trpo_wandb_seed_2 - INFO - Step 141297: Avg Reward=144.14, Running Avg=36.65, Episodes=7
2025-08-04 01:09:55,950 - cartpole_trpo_wandb_seed_2 - INFO - Step 142350: Avg Reward=148.29, Running Avg=36.86, Episodes=7
2025-08-04 01:09:55,952 - cartpole_trpo_wandb_seed_2 - INFO - Episode 3710: Reward=139.00, Length=139, Avg Reward (last 10)=147.90
2025-08-04 01:10:02,157 - cartpole_trpo_wandb_seed_2 - INFO - Step 143520: Avg Reward=149.86, Running Avg=37.07, Episodes=7
2025-08-04 01:10:04,330 - cartpole_trpo_wandb_seed_2 - INFO - Episode 3720: Reward=150.00, Length=150, Avg Reward (last 10)=151.00
2025-08-04 01:10:07,048 - cartpole_trpo_wandb_seed_2 - INFO - Step 144567: Avg Reward=149.57, Running Avg=37.29, Episodes=7
2025-08-04 01:10:18,942 - cartpole_trpo_wandb_seed_2 - INFO - Step 145582: Avg Reward=159.00, Running Avg=37.48, Episodes=6
2025-08-04 01:10:18,944 - cartpole_trpo_wandb_seed_2 - INFO - Episode 3730: Reward=174.00, Length=174, Avg Reward (last 10)=154.00
2025-08-04 01:10:22,990 - cartpole_trpo_wandb_seed_2 - INFO - Step 146734: Avg Reward=164.57, Running Avg=37.72, Episodes=7
2025-08-04 01:10:23,960 - cartpole_trpo_wandb_seed_2 - INFO - Episode 3740: Reward=182.00, Length=182, Avg Reward (last 10)=165.00
2025-08-04 01:10:25,790 - cartpole_trpo_wandb_seed_2 - INFO - Step 147776: Avg Reward=163.50, Running Avg=37.92, Episodes=6
2025-08-04 01:10:27,824 - cartpole_trpo_wandb_seed_2 - INFO - Step 148897: Avg Reward=160.14, Running Avg=38.15, Episodes=7
2025-08-04 01:10:27,826 - cartpole_trpo_wandb_seed_2 - INFO - Episode 3750: Reward=150.00, Length=150, Avg Reward (last 10)=160.40
2025-08-04 01:10:30,055 - cartpole_trpo_wandb_seed_2 - INFO - Step 150038: Avg Reward=170.50, Running Avg=38.36, Episodes=6
2025-08-04 01:10:31,188 - cartpole_trpo_wandb_seed_2 - INFO - Episode 3760: Reward=196.00, Length=196, Avg Reward (last 10)=173.50
2025-08-04 01:10:31,785 - cartpole_trpo_wandb_seed_2 - INFO - Step 151125: Avg Reward=181.17, Running Avg=38.59, Episodes=6
2025-08-04 01:10:33,977 - cartpole_trpo_wandb_seed_2 - INFO - Step 152266: Avg Reward=178.67, Running Avg=38.81, Episodes=6
2025-08-04 01:10:34,491 - cartpole_trpo_wandb_seed_2 - INFO - Episode 3770: Reward=166.00, Length=166, Avg Reward (last 10)=178.20
2025-08-04 01:10:35,655 - cartpole_trpo_wandb_seed_2 - INFO - Step 153303: Avg Reward=172.83, Running Avg=39.02, Episodes=6
2025-08-04 01:10:37,713 - cartpole_trpo_wandb_seed_2 - INFO - Step 154319: Avg Reward=179.80, Running Avg=39.21, Episodes=5
2025-08-04 01:10:37,999 - cartpole_trpo_wandb_seed_2 - INFO - Episode 3780: Reward=199.00, Length=199, Avg Reward (last 10)=180.00
2025-08-04 01:10:39,379 - cartpole_trpo_wandb_seed_2 - INFO - Step 155443: Avg Reward=187.33, Running Avg=39.45, Episodes=6
2025-08-04 01:10:41,374 - cartpole_trpo_wandb_seed_2 - INFO - Episode 3790: Reward=183.00, Length=183, Avg Reward (last 10)=186.70
2025-08-04 01:10:41,642 - cartpole_trpo_wandb_seed_2 - INFO - Step 156571: Avg Reward=186.33, Running Avg=39.68, Episodes=6
2025-08-04 01:10:44,237 - cartpole_trpo_wandb_seed_2 - INFO - Step 157960: Avg Reward=209.50, Running Avg=39.95, Episodes=6
2025-08-04 01:10:45,107 - cartpole_trpo_wandb_seed_2 - INFO - Episode 3800: Reward=202.00, Length=202, Avg Reward (last 10)=199.70
2025-08-04 01:10:46,224 - cartpole_trpo_wandb_seed_2 - INFO - Step 159124: Avg Reward=194.00, Running Avg=40.19, Episodes=6
2025-08-04 01:10:48,437 - cartpole_trpo_wandb_seed_2 - INFO - Step 160244: Avg Reward=269.25, Running Avg=40.43, Episodes=4
2025-08-04 01:10:49,767 - cartpole_trpo_wandb_seed_2 - INFO - Episode 3810: Reward=194.00, Length=194, Avg Reward (last 10)=253.10
2025-08-04 01:10:50,146 - cartpole_trpo_wandb_seed_2 - INFO - Step 161338: Avg Reward=273.50, Running Avg=40.67, Episodes=4
2025-08-04 01:10:52,289 - cartpole_trpo_wandb_seed_2 - INFO - Step 162500: Avg Reward=354.00, Running Avg=40.84, Episodes=2
2025-08-04 01:10:53,818 - cartpole_trpo_wandb_seed_2 - INFO - Step 163500: Avg Reward=500.00, Running Avg=41.08, Episodes=2
2025-08-04 01:10:56,370 - cartpole_trpo_wandb_seed_2 - INFO - Step 164840: Avg Reward=500.00, Running Avg=41.32, Episodes=2
2025-08-04 01:10:57,886 - cartpole_trpo_wandb_seed_2 - INFO - Step 165840: Avg Reward=500.00, Running Avg=41.56, Episodes=2
2025-08-04 01:11:06,763 - cartpole_trpo_wandb_seed_2 - INFO - Episode 3820: Reward=500.00, Length=500, Avg Reward (last 10)=444.80
2025-08-04 01:11:07,534 - cartpole_trpo_wandb_seed_2 - INFO - Step 166888: Avg Reward=500.00, Running Avg=41.80, Episodes=2
2025-08-04 01:11:09,103 - cartpole_trpo_wandb_seed_2 - INFO - Step 167888: Avg Reward=500.00, Running Avg=42.04, Episodes=2
2025-08-04 01:11:14,093 - cartpole_trpo_wandb_seed_2 - INFO - Step 168936: Avg Reward=500.00, Running Avg=42.28, Episodes=2
2025-08-04 01:11:18,308 - cartpole_trpo_wandb_seed_2 - INFO - Step 169936: Avg Reward=500.00, Running Avg=42.52, Episodes=2
2025-08-04 01:11:23,603 - cartpole_trpo_wandb_seed_2 - INFO - Step 170984: Avg Reward=500.00, Running Avg=42.76, Episodes=2
2025-08-04 01:11:25,713 - cartpole_trpo_wandb_seed_2 - INFO - Episode 3830: Reward=500.00, Length=500, Avg Reward (last 10)=500.00
2025-08-04 01:11:31,054 - cartpole_trpo_wandb_seed_2 - INFO - Step 172532: Avg Reward=453.67, Running Avg=43.08, Episodes=3
2025-08-04 01:11:35,380 - cartpole_trpo_wandb_seed_2 - INFO - Step 173532: Avg Reward=500.00, Running Avg=43.32, Episodes=2
2025-08-04 01:11:40,942 - cartpole_trpo_wandb_seed_2 - INFO - Step 174580: Avg Reward=500.00, Running Avg=43.55, Episodes=2
2025-08-04 01:11:45,485 - cartpole_trpo_wandb_seed_2 - INFO - Step 175580: Avg Reward=500.00, Running Avg=43.79, Episodes=2
2025-08-04 01:11:50,831 - cartpole_trpo_wandb_seed_2 - INFO - Step 176628: Avg Reward=500.00, Running Avg=44.03, Episodes=2
2025-08-04 01:11:50,833 - cartpole_trpo_wandb_seed_2 - INFO - Episode 3840: Reward=500.00, Length=500, Avg Reward (last 10)=486.10
2025-08-04 01:11:55,299 - cartpole_trpo_wandb_seed_2 - INFO - Step 177628: Avg Reward=500.00, Running Avg=44.27, Episodes=2
2025-08-04 01:12:00,902 - cartpole_trpo_wandb_seed_2 - INFO - Step 178676: Avg Reward=500.00, Running Avg=44.50, Episodes=2
2025-08-04 01:12:05,267 - cartpole_trpo_wandb_seed_2 - INFO - Step 179676: Avg Reward=500.00, Running Avg=44.74, Episodes=2
2025-08-04 01:12:10,638 - cartpole_trpo_wandb_seed_2 - INFO - Step 180724: Avg Reward=500.00, Running Avg=44.98, Episodes=2
2025-08-04 01:12:15,043 - cartpole_trpo_wandb_seed_2 - INFO - Step 181724: Avg Reward=500.00, Running Avg=45.21, Episodes=2
2025-08-04 01:12:15,045 - cartpole_trpo_wandb_seed_2 - INFO - Episode 3850: Reward=500.00, Length=500, Avg Reward (last 10)=500.00
2025-08-04 01:12:20,436 - cartpole_trpo_wandb_seed_2 - INFO - Step 182772: Avg Reward=500.00, Running Avg=45.45, Episodes=2
2025-08-04 01:12:25,041 - cartpole_trpo_wandb_seed_2 - INFO - Step 183772: Avg Reward=500.00, Running Avg=45.69, Episodes=2
2025-08-04 01:12:30,441 - cartpole_trpo_wandb_seed_2 - INFO - Step 184820: Avg Reward=500.00, Running Avg=45.92, Episodes=2
2025-08-04 01:12:34,694 - cartpole_trpo_wandb_seed_2 - INFO - Step 185820: Avg Reward=500.00, Running Avg=46.16, Episodes=2
2025-08-04 01:13:01,450 - cartpole_trpo_wandb_seed_2 - INFO - Step 186868: Avg Reward=500.00, Running Avg=46.39, Episodes=2
2025-08-04 01:13:01,453 - cartpole_trpo_wandb_seed_2 - INFO - Episode 3860: Reward=500.00, Length=500, Avg Reward (last 10)=500.00
2025-08-04 01:13:05,948 - cartpole_trpo_wandb_seed_2 - INFO - Step 187868: Avg Reward=500.00, Running Avg=46.63, Episodes=2
2025-08-04 01:13:12,652 - cartpole_trpo_wandb_seed_2 - INFO - Step 188916: Avg Reward=500.00, Running Avg=46.86, Episodes=2
2025-08-04 01:13:17,307 - cartpole_trpo_wandb_seed_2 - INFO - Step 189916: Avg Reward=500.00, Running Avg=47.10, Episodes=2
2025-08-04 01:13:22,871 - cartpole_trpo_wandb_seed_2 - INFO - Step 190964: Avg Reward=500.00, Running Avg=47.33, Episodes=2
2025-08-04 01:13:25,581 - cartpole_trpo_wandb_seed_2 - INFO - Episode 3870: Reward=500.00, Length=500, Avg Reward (last 10)=462.00
2025-08-04 01:13:27,210 - cartpole_trpo_wandb_seed_2 - INFO - Step 191970: Avg Reward=167.67, Running Avg=47.52, Episodes=6
2025-08-04 01:13:31,518 - cartpole_trpo_wandb_seed_2 - INFO - Episode 3880: Reward=90.00, Length=90, Avg Reward (last 10)=102.70
2025-08-04 01:13:33,653 - cartpole_trpo_wandb_seed_2 - INFO - Step 193401: Avg Reward=163.00, Running Avg=47.72, Episodes=7
2025-08-04 01:13:38,169 - cartpole_trpo_wandb_seed_2 - INFO - Step 194457: Avg Reward=150.86, Running Avg=47.91, Episodes=7
2025-08-04 01:13:41,762 - cartpole_trpo_wandb_seed_2 - INFO - Episode 3890: Reward=500.00, Length=500, Avg Reward (last 10)=208.00
2025-08-04 01:13:44,127 - cartpole_trpo_wandb_seed_2 - INFO - Step 195542: Avg Reward=125.75, Running Avg=48.07, Episodes=8
2025-08-04 01:13:50,386 - cartpole_trpo_wandb_seed_2 - INFO - Step 196759: Avg Reward=269.00, Running Avg=48.30, Episodes=4
2025-08-04 01:13:50,387 - cartpole_trpo_wandb_seed_2 - INFO - Episode 3900: Reward=151.00, Length=151, Avg Reward (last 10)=155.80
2025-08-04 01:13:55,208 - cartpole_trpo_wandb_seed_2 - INFO - Step 197801: Avg Reward=208.40, Running Avg=48.50, Episodes=5
2025-08-04 01:14:02,031 - cartpole_trpo_wandb_seed_2 - INFO - Step 199156: Avg Reward=500.00, Running Avg=48.73, Episodes=2
2025-08-04 01:14:04,078 - cartpole_trpo_wandb_seed_2 - INFO - Step 200288: Avg Reward=377.33, Running Avg=48.98, Episodes=3
2025-08-04 01:14:04,079 - cartpole_trpo_wandb_seed_2 - INFO - Episode 3910: Reward=500.00, Length=500, Avg Reward (last 10)=317.40
2025-08-04 01:14:07,276 - cartpole_trpo_wandb_seed_2 - INFO - Step 201704: Avg Reward=500.00, Running Avg=49.21, Episodes=2
2025-08-04 01:14:09,055 - cartpole_trpo_wandb_seed_2 - INFO - Step 202704: Avg Reward=500.00, Running Avg=49.44, Episodes=2
2025-08-04 01:14:11,483 - cartpole_trpo_wandb_seed_2 - INFO - Step 203752: Avg Reward=500.00, Running Avg=49.68, Episodes=2
2025-08-04 01:14:13,246 - cartpole_trpo_wandb_seed_2 - INFO - Step 204752: Avg Reward=500.00, Running Avg=49.90, Episodes=2
2025-08-04 01:14:13,821 - cartpole_trpo_wandb_seed_2 - INFO - Metrics saved to results/cartpole_trpo_wandb/seed_2/metrics.json
2025-08-04 01:14:21,073 - cartpole_trpo_wandb_seed_2 - INFO - Experiment completed.
