2025-07-21 15:10:24,437 - cartpole_trpo_wandb_seed_2 - INFO - Hyperparameters:
2025-07-21 15:10:24,438 - cartpole_trpo_wandb_seed_2 - INFO -   environment: {'name': 'CartPole-v1', 'seed': 42}
2025-07-21 15:10:24,438 - cartpole_trpo_wandb_seed_2 - INFO -   algorithm: {'name': 'TRPO', 'lr': '3e-4', 'gamma': 0.99, 'gae_lambda': 0.95, 'max_kl': 0.005, 'damping': 0.2, 'has_continuous_action_space': False, 'action_std_init': 0.6}
2025-07-21 15:10:24,438 - cartpole_trpo_wandb_seed_2 - INFO -   network: {'hidden_dims': [64, 64], 'activation': 'tanh'}
2025-07-21 15:10:24,439 - cartpole_trpo_wandb_seed_2 - INFO -   training: {'max_episodes': 100, 'max_steps_per_episode': 500, 'update_interval': 2048, 'eval_interval': 10, 'save_interval': 300, 'log_interval': 10}
2025-07-21 15:10:24,439 - cartpole_trpo_wandb_seed_2 - INFO -   experiment: {'name': 'cartpole_trpo_wandb', 'seeds': [0, 1, 2], 'device': 'cpu', 'save_dir': 'results/cartpole_trpo_wandb'}
2025-07-21 15:10:24,440 - cartpole_trpo_wandb_seed_2 - INFO -   logging: {'tensorboard': False, 'save_metrics': True, 'plot_interval': 25, 'use_wandb': True, 'wandb_project': 'rl-framework-cartpole', 'wandb_entity': 'tatalintelli-university-of-seoul'}
2025-07-21 15:10:24,460 - cartpole_trpo_wandb_seed_2 - INFO - Episode 0: Reward=10.00, Length=10, Avg Reward (last 10)=10.00
2025-07-21 15:10:24,643 - cartpole_trpo_wandb_seed_2 - INFO - Episode 10: Reward=21.00, Length=21, Avg Reward (last 10)=21.40
2025-07-21 15:10:24,830 - cartpole_trpo_wandb_seed_2 - INFO - Episode 20: Reward=14.00, Length=14, Avg Reward (last 10)=23.60
2025-07-21 15:10:25,078 - cartpole_trpo_wandb_seed_2 - INFO - Episode 30: Reward=39.00, Length=39, Avg Reward (last 10)=25.50
2025-07-21 15:10:25,326 - cartpole_trpo_wandb_seed_2 - INFO - Episode 40: Reward=13.00, Length=13, Avg Reward (last 10)=28.80
2025-07-21 15:10:25,974 - cartpole_trpo_wandb_seed_2 - INFO - Episode 50: Reward=28.00, Length=28, Avg Reward (last 10)=27.50
2025-07-21 15:10:26,346 - cartpole_trpo_wandb_seed_2 - INFO - Episode 60: Reward=49.00, Length=49, Avg Reward (last 10)=26.30
2025-07-21 15:10:26,704 - cartpole_trpo_wandb_seed_2 - INFO - Episode 70: Reward=27.00, Length=27, Avg Reward (last 10)=29.20
2025-07-21 15:10:27,782 - cartpole_trpo_wandb_seed_2 - INFO - Episode 80: Reward=20.00, Length=20, Avg Reward (last 10)=23.40
2025-07-21 15:10:28,084 - cartpole_trpo_wandb_seed_2 - INFO - Episode 90: Reward=20.00, Length=20, Avg Reward (last 10)=26.10
2025-07-21 15:10:28,284 - cartpole_trpo_wandb_seed_2 - INFO - Episode 100: Reward=16.00, Length=16, Avg Reward (last 10)=20.40
2025-07-21 15:10:28,545 - cartpole_trpo_wandb_seed_2 - INFO - Episode 110: Reward=23.00, Length=23, Avg Reward (last 10)=32.10
2025-07-21 15:10:28,749 - cartpole_trpo_wandb_seed_2 - INFO - Episode 120: Reward=17.00, Length=17, Avg Reward (last 10)=20.10
2025-07-21 15:10:28,953 - cartpole_trpo_wandb_seed_2 - INFO - Episode 130: Reward=28.00, Length=28, Avg Reward (last 10)=25.20
2025-07-21 15:10:29,161 - cartpole_trpo_wandb_seed_2 - INFO - Episode 140: Reward=19.00, Length=19, Avg Reward (last 10)=24.60
2025-07-21 15:10:29,441 - cartpole_trpo_wandb_seed_2 - INFO - Episode 150: Reward=16.00, Length=16, Avg Reward (last 10)=33.90
2025-07-21 15:10:30,349 - cartpole_trpo_wandb_seed_2 - INFO - Episode 160: Reward=29.00, Length=29, Avg Reward (last 10)=24.70
2025-07-21 15:10:30,526 - cartpole_trpo_wandb_seed_2 - INFO - Episode 170: Reward=16.00, Length=16, Avg Reward (last 10)=25.30
2025-07-21 15:10:30,760 - cartpole_trpo_wandb_seed_2 - INFO - Episode 180: Reward=18.00, Length=18, Avg Reward (last 10)=32.40
2025-07-21 15:10:31,001 - cartpole_trpo_wandb_seed_2 - INFO - Episode 190: Reward=23.00, Length=23, Avg Reward (last 10)=29.60
2025-07-21 15:10:31,226 - cartpole_trpo_wandb_seed_2 - INFO - Episode 200: Reward=21.00, Length=21, Avg Reward (last 10)=34.00
2025-07-21 15:10:31,366 - cartpole_trpo_wandb_seed_2 - INFO - Episode 210: Reward=21.00, Length=21, Avg Reward (last 10)=19.60
2025-07-21 15:10:31,576 - cartpole_trpo_wandb_seed_2 - INFO - Episode 220: Reward=13.00, Length=13, Avg Reward (last 10)=29.50
2025-07-21 15:10:31,745 - cartpole_trpo_wandb_seed_2 - INFO - Episode 230: Reward=37.00, Length=37, Avg Reward (last 10)=24.10
2025-07-21 15:10:32,351 - cartpole_trpo_wandb_seed_2 - INFO - Episode 240: Reward=50.00, Length=50, Avg Reward (last 10)=27.30
2025-07-21 15:10:32,657 - cartpole_trpo_wandb_seed_2 - INFO - Episode 250: Reward=33.00, Length=33, Avg Reward (last 10)=34.90
2025-07-21 15:10:32,871 - cartpole_trpo_wandb_seed_2 - INFO - Episode 260: Reward=19.00, Length=19, Avg Reward (last 10)=31.10
2025-07-21 15:10:33,039 - cartpole_trpo_wandb_seed_2 - INFO - Episode 270: Reward=33.00, Length=33, Avg Reward (last 10)=23.00
2025-07-21 15:10:33,247 - cartpole_trpo_wandb_seed_2 - INFO - Episode 280: Reward=61.00, Length=61, Avg Reward (last 10)=32.20
2025-07-21 15:10:33,415 - cartpole_trpo_wandb_seed_2 - INFO - Episode 290: Reward=22.00, Length=22, Avg Reward (last 10)=25.00
2025-07-21 15:10:34,115 - cartpole_trpo_wandb_seed_2 - INFO - Episode 300: Reward=17.00, Length=17, Avg Reward (last 10)=36.00
2025-07-21 15:10:34,315 - cartpole_trpo_wandb_seed_2 - INFO - Episode 310: Reward=13.00, Length=13, Avg Reward (last 10)=31.10
2025-07-21 15:10:34,592 - cartpole_trpo_wandb_seed_2 - INFO - Episode 320: Reward=35.00, Length=35, Avg Reward (last 10)=45.20
2025-07-21 15:10:34,948 - cartpole_trpo_wandb_seed_2 - INFO - Episode 330: Reward=47.00, Length=47, Avg Reward (last 10)=53.00
2025-07-21 15:10:35,351 - cartpole_trpo_wandb_seed_2 - INFO - Episode 340: Reward=82.00, Length=82, Avg Reward (last 10)=56.10
2025-07-21 15:10:36,068 - cartpole_trpo_wandb_seed_2 - INFO - Episode 350: Reward=22.00, Length=22, Avg Reward (last 10)=36.90
2025-07-21 15:10:36,703 - cartpole_trpo_wandb_seed_2 - INFO - Episode 360: Reward=48.00, Length=48, Avg Reward (last 10)=64.70
2025-07-21 15:10:37,094 - cartpole_trpo_wandb_seed_2 - INFO - Episode 370: Reward=30.00, Length=30, Avg Reward (last 10)=39.90
2025-07-21 15:10:37,570 - cartpole_trpo_wandb_seed_2 - INFO - Episode 380: Reward=29.00, Length=29, Avg Reward (last 10)=52.70
2025-07-21 15:10:38,520 - cartpole_trpo_wandb_seed_2 - INFO - Episode 390: Reward=17.00, Length=17, Avg Reward (last 10)=88.60
2025-07-21 15:10:39,126 - cartpole_trpo_wandb_seed_2 - INFO - Episode 400: Reward=134.00, Length=134, Avg Reward (last 10)=99.90
2025-07-21 15:10:40,476 - cartpole_trpo_wandb_seed_2 - INFO - Episode 410: Reward=108.00, Length=108, Avg Reward (last 10)=150.80
2025-07-21 15:10:42,114 - cartpole_trpo_wandb_seed_2 - INFO - Episode 420: Reward=182.00, Length=182, Avg Reward (last 10)=187.40
2025-07-21 15:10:43,951 - cartpole_trpo_wandb_seed_2 - INFO - Episode 430: Reward=127.00, Length=127, Avg Reward (last 10)=206.40
2025-07-21 15:10:45,645 - cartpole_trpo_wandb_seed_2 - INFO - Episode 440: Reward=48.00, Length=48, Avg Reward (last 10)=200.80
2025-07-21 15:10:52,316 - cartpole_trpo_wandb_seed_2 - INFO - Episode 450: Reward=252.00, Length=252, Avg Reward (last 10)=310.20
2025-07-21 15:10:56,105 - cartpole_trpo_wandb_seed_2 - INFO - Episode 460: Reward=500.00, Length=500, Avg Reward (last 10)=426.30
2025-07-21 15:11:00,364 - cartpole_trpo_wandb_seed_2 - INFO - Episode 470: Reward=197.00, Length=197, Avg Reward (last 10)=404.80
2025-07-21 15:11:05,146 - cartpole_trpo_wandb_seed_2 - INFO - Episode 480: Reward=168.00, Length=168, Avg Reward (last 10)=466.80
2025-07-21 15:11:13,082 - cartpole_trpo_wandb_seed_2 - INFO - Episode 490: Reward=500.00, Length=500, Avg Reward (last 10)=439.70
2025-07-21 15:11:19,220 - cartpole_trpo_wandb_seed_2 - INFO - Episode 500: Reward=250.00, Length=250, Avg Reward (last 10)=448.90
2025-07-21 15:11:21,976 - cartpole_trpo_wandb_seed_2 - INFO - Episode 510: Reward=298.00, Length=298, Avg Reward (last 10)=302.30
2025-07-21 15:11:24,185 - cartpole_trpo_wandb_seed_2 - INFO - Episode 520: Reward=248.00, Length=248, Avg Reward (last 10)=240.40
2025-07-21 15:11:27,042 - cartpole_trpo_wandb_seed_2 - INFO - Episode 530: Reward=285.00, Length=285, Avg Reward (last 10)=262.50
2025-07-21 15:11:30,106 - cartpole_trpo_wandb_seed_2 - INFO - Episode 540: Reward=238.00, Length=238, Avg Reward (last 10)=263.20
2025-07-21 15:11:36,829 - cartpole_trpo_wandb_seed_2 - INFO - Episode 550: Reward=179.00, Length=179, Avg Reward (last 10)=305.80
2025-07-21 15:11:44,531 - cartpole_trpo_wandb_seed_2 - INFO - Episode 560: Reward=359.00, Length=359, Avg Reward (last 10)=449.20
2025-07-21 15:11:52,218 - cartpole_trpo_wandb_seed_2 - INFO - Episode 570: Reward=204.00, Length=204, Avg Reward (last 10)=448.60
2025-07-21 15:11:55,709 - cartpole_trpo_wandb_seed_2 - INFO - Episode 580: Reward=200.00, Length=200, Avg Reward (last 10)=349.20
2025-07-21 15:12:00,701 - cartpole_trpo_wandb_seed_2 - INFO - Episode 590: Reward=226.00, Length=226, Avg Reward (last 10)=246.80
2025-07-21 15:12:04,113 - cartpole_trpo_wandb_seed_2 - INFO - Episode 600: Reward=338.00, Length=338, Avg Reward (last 10)=241.50
2025-07-21 15:12:09,411 - cartpole_trpo_wandb_seed_2 - INFO - Episode 610: Reward=216.00, Length=216, Avg Reward (last 10)=225.80
2025-07-21 15:12:12,699 - cartpole_trpo_wandb_seed_2 - INFO - Episode 620: Reward=160.00, Length=160, Avg Reward (last 10)=219.80
2025-07-21 15:12:14,919 - cartpole_trpo_wandb_seed_2 - INFO - Episode 630: Reward=213.00, Length=213, Avg Reward (last 10)=204.40
2025-07-21 15:12:19,727 - cartpole_trpo_wandb_seed_2 - INFO - Episode 640: Reward=264.00, Length=264, Avg Reward (last 10)=250.80
2025-07-21 15:12:23,085 - cartpole_trpo_wandb_seed_2 - INFO - Episode 650: Reward=422.00, Length=422, Avg Reward (last 10)=311.50
2025-07-21 15:12:25,616 - cartpole_trpo_wandb_seed_2 - INFO - Episode 660: Reward=213.00, Length=213, Avg Reward (last 10)=239.80
2025-07-21 15:12:29,213 - cartpole_trpo_wandb_seed_2 - INFO - Episode 670: Reward=348.00, Length=348, Avg Reward (last 10)=308.90
2025-07-21 15:12:31,655 - cartpole_trpo_wandb_seed_2 - INFO - Episode 680: Reward=311.00, Length=311, Avg Reward (last 10)=271.50
2025-07-21 15:12:37,575 - cartpole_trpo_wandb_seed_2 - INFO - Episode 690: Reward=500.00, Length=500, Avg Reward (last 10)=369.80
2025-07-21 15:12:43,197 - cartpole_trpo_wandb_seed_2 - INFO - Episode 700: Reward=361.00, Length=361, Avg Reward (last 10)=452.90
2025-07-21 15:12:47,361 - cartpole_trpo_wandb_seed_2 - INFO - Episode 710: Reward=341.00, Length=341, Avg Reward (last 10)=364.70
2025-07-21 15:12:50,586 - cartpole_trpo_wandb_seed_2 - INFO - Episode 720: Reward=400.00, Length=400, Avg Reward (last 10)=323.50
2025-07-21 15:12:53,890 - cartpole_trpo_wandb_seed_2 - INFO - Episode 730: Reward=381.00, Length=381, Avg Reward (last 10)=313.80
2025-07-21 15:12:56,994 - cartpole_trpo_wandb_seed_2 - INFO - Episode 740: Reward=257.00, Length=257, Avg Reward (last 10)=246.60
2025-07-21 15:13:01,002 - cartpole_trpo_wandb_seed_2 - INFO - Episode 750: Reward=265.00, Length=265, Avg Reward (last 10)=230.20
2025-07-21 15:13:05,490 - cartpole_trpo_wandb_seed_2 - INFO - Episode 760: Reward=29.00, Length=29, Avg Reward (last 10)=191.60
2025-07-21 15:13:05,887 - cartpole_trpo_wandb_seed_2 - INFO - Episode 770: Reward=38.00, Length=38, Avg Reward (last 10)=28.50
2025-07-21 15:13:06,161 - cartpole_trpo_wandb_seed_2 - INFO - Episode 780: Reward=17.00, Length=17, Avg Reward (last 10)=22.50
2025-07-21 15:13:06,551 - cartpole_trpo_wandb_seed_2 - INFO - Episode 790: Reward=19.00, Length=19, Avg Reward (last 10)=25.20
2025-07-21 15:13:07,116 - cartpole_trpo_wandb_seed_2 - INFO - Episode 800: Reward=13.00, Length=13, Avg Reward (last 10)=35.80
2025-07-21 15:13:07,583 - cartpole_trpo_wandb_seed_2 - INFO - Episode 810: Reward=11.00, Length=11, Avg Reward (last 10)=26.50
2025-07-21 15:13:08,142 - cartpole_trpo_wandb_seed_2 - INFO - Episode 820: Reward=35.00, Length=35, Avg Reward (last 10)=29.90
2025-07-21 15:13:08,658 - cartpole_trpo_wandb_seed_2 - INFO - Episode 830: Reward=44.00, Length=44, Avg Reward (last 10)=30.70
2025-07-21 15:13:09,594 - cartpole_trpo_wandb_seed_2 - INFO - Episode 840: Reward=15.00, Length=15, Avg Reward (last 10)=20.30
2025-07-21 15:13:09,926 - cartpole_trpo_wandb_seed_2 - INFO - Episode 850: Reward=25.00, Length=25, Avg Reward (last 10)=28.90
2025-07-21 15:13:10,219 - cartpole_trpo_wandb_seed_2 - INFO - Episode 860: Reward=18.00, Length=18, Avg Reward (last 10)=22.00
2025-07-21 15:13:10,730 - cartpole_trpo_wandb_seed_2 - INFO - Episode 870: Reward=15.00, Length=15, Avg Reward (last 10)=36.20
2025-07-21 15:13:11,240 - cartpole_trpo_wandb_seed_2 - INFO - Episode 880: Reward=85.00, Length=85, Avg Reward (last 10)=41.50
2025-07-21 15:13:11,722 - cartpole_trpo_wandb_seed_2 - INFO - Episode 890: Reward=12.00, Length=12, Avg Reward (last 10)=44.20
2025-07-21 15:13:13,516 - cartpole_trpo_wandb_seed_2 - INFO - Episode 900: Reward=18.00, Length=18, Avg Reward (last 10)=33.80
2025-07-21 15:13:13,911 - cartpole_trpo_wandb_seed_2 - INFO - Episode 910: Reward=13.00, Length=13, Avg Reward (last 10)=31.20
2025-07-21 15:13:14,304 - cartpole_trpo_wandb_seed_2 - INFO - Episode 920: Reward=46.00, Length=46, Avg Reward (last 10)=37.40
2025-07-21 15:13:14,740 - cartpole_trpo_wandb_seed_2 - INFO - Episode 930: Reward=24.00, Length=24, Avg Reward (last 10)=41.80
2025-07-21 15:13:15,086 - cartpole_trpo_wandb_seed_2 - INFO - Episode 940: Reward=28.00, Length=28, Avg Reward (last 10)=33.10
2025-07-21 15:13:16,267 - cartpole_trpo_wandb_seed_2 - INFO - Episode 950: Reward=13.00, Length=13, Avg Reward (last 10)=36.00
2025-07-21 15:13:17,093 - cartpole_trpo_wandb_seed_2 - INFO - Episode 960: Reward=25.00, Length=25, Avg Reward (last 10)=54.00
2025-07-21 15:13:18,554 - cartpole_trpo_wandb_seed_2 - INFO - Episode 970: Reward=75.00, Length=75, Avg Reward (last 10)=55.40
2025-07-21 15:13:19,567 - cartpole_trpo_wandb_seed_2 - INFO - Episode 980: Reward=78.00, Length=78, Avg Reward (last 10)=63.40
2025-07-21 15:13:21,271 - cartpole_trpo_wandb_seed_2 - INFO - Episode 990: Reward=80.00, Length=80, Avg Reward (last 10)=50.90
2025-07-21 15:13:21,981 - cartpole_trpo_wandb_seed_2 - INFO - Episode 1000: Reward=69.00, Length=69, Avg Reward (last 10)=52.30
2025-07-21 15:13:22,858 - cartpole_trpo_wandb_seed_2 - INFO - Episode 1010: Reward=55.00, Length=55, Avg Reward (last 10)=51.40
2025-07-21 15:13:23,792 - cartpole_trpo_wandb_seed_2 - INFO - Episode 1020: Reward=71.00, Length=71, Avg Reward (last 10)=68.00
2025-07-21 15:13:25,138 - cartpole_trpo_wandb_seed_2 - INFO - Episode 1030: Reward=83.00, Length=83, Avg Reward (last 10)=61.60
2025-07-21 15:13:25,856 - cartpole_trpo_wandb_seed_2 - INFO - Episode 1040: Reward=87.00, Length=87, Avg Reward (last 10)=73.50
2025-07-21 15:13:26,512 - cartpole_trpo_wandb_seed_2 - INFO - Episode 1050: Reward=71.00, Length=71, Avg Reward (last 10)=68.60
2025-07-21 15:13:28,225 - cartpole_trpo_wandb_seed_2 - INFO - Episode 1060: Reward=88.00, Length=88, Avg Reward (last 10)=78.80
2025-07-21 15:13:29,537 - cartpole_trpo_wandb_seed_2 - INFO - Episode 1070: Reward=52.00, Length=52, Avg Reward (last 10)=82.60
2025-07-21 15:13:32,734 - cartpole_trpo_wandb_seed_2 - INFO - Episode 1080: Reward=92.00, Length=92, Avg Reward (last 10)=76.20
2025-07-21 15:13:33,626 - cartpole_trpo_wandb_seed_2 - INFO - Episode 1090: Reward=107.00, Length=107, Avg Reward (last 10)=90.30
2025-07-21 15:13:35,670 - cartpole_trpo_wandb_seed_2 - INFO - Episode 1100: Reward=97.00, Length=97, Avg Reward (last 10)=93.00
2025-07-21 15:13:37,151 - cartpole_trpo_wandb_seed_2 - INFO - Episode 1110: Reward=80.00, Length=80, Avg Reward (last 10)=94.80
2025-07-21 15:13:39,613 - cartpole_trpo_wandb_seed_2 - INFO - Episode 1120: Reward=102.00, Length=102, Avg Reward (last 10)=95.20
2025-07-21 15:13:40,664 - cartpole_trpo_wandb_seed_2 - INFO - Episode 1130: Reward=93.00, Length=93, Avg Reward (last 10)=100.60
2025-07-21 15:13:42,897 - cartpole_trpo_wandb_seed_2 - INFO - Episode 1140: Reward=101.00, Length=101, Avg Reward (last 10)=98.70
2025-07-21 15:13:44,291 - cartpole_trpo_wandb_seed_2 - INFO - Episode 1150: Reward=108.00, Length=108, Avg Reward (last 10)=107.00
2025-07-21 15:13:46,118 - cartpole_trpo_wandb_seed_2 - INFO - Episode 1160: Reward=111.00, Length=111, Avg Reward (last 10)=108.90
2025-07-21 15:13:47,299 - cartpole_trpo_wandb_seed_2 - INFO - Episode 1170: Reward=118.00, Length=118, Avg Reward (last 10)=109.80
2025-07-21 15:13:50,187 - cartpole_trpo_wandb_seed_2 - INFO - Episode 1180: Reward=115.00, Length=115, Avg Reward (last 10)=107.30
2025-07-21 15:13:52,122 - cartpole_trpo_wandb_seed_2 - INFO - Episode 1190: Reward=114.00, Length=114, Avg Reward (last 10)=112.90
2025-07-21 15:13:54,387 - cartpole_trpo_wandb_seed_2 - INFO - Episode 1200: Reward=126.00, Length=126, Avg Reward (last 10)=115.50
2025-07-21 15:13:55,600 - cartpole_trpo_wandb_seed_2 - INFO - Episode 1210: Reward=114.00, Length=114, Avg Reward (last 10)=118.90
2025-07-21 15:13:57,604 - cartpole_trpo_wandb_seed_2 - INFO - Episode 1220: Reward=118.00, Length=118, Avg Reward (last 10)=116.30
2025-07-21 15:14:00,191 - cartpole_trpo_wandb_seed_2 - INFO - Episode 1230: Reward=114.00, Length=114, Avg Reward (last 10)=120.80
2025-07-21 15:14:01,799 - cartpole_trpo_wandb_seed_2 - INFO - Episode 1240: Reward=128.00, Length=128, Avg Reward (last 10)=118.90
2025-07-21 15:14:04,621 - cartpole_trpo_wandb_seed_2 - INFO - Episode 1250: Reward=128.00, Length=128, Avg Reward (last 10)=122.10
2025-07-21 15:14:05,855 - cartpole_trpo_wandb_seed_2 - INFO - Episode 1260: Reward=120.00, Length=120, Avg Reward (last 10)=124.20
2025-07-21 15:14:10,626 - cartpole_trpo_wandb_seed_2 - INFO - Episode 1270: Reward=123.00, Length=123, Avg Reward (last 10)=124.80
2025-07-21 15:14:13,646 - cartpole_trpo_wandb_seed_2 - INFO - Episode 1280: Reward=137.00, Length=137, Avg Reward (last 10)=126.30
2025-07-21 15:14:14,973 - cartpole_trpo_wandb_seed_2 - INFO - Episode 1290: Reward=137.00, Length=137, Avg Reward (last 10)=134.90
2025-07-21 15:14:17,213 - cartpole_trpo_wandb_seed_2 - INFO - Episode 1300: Reward=127.00, Length=127, Avg Reward (last 10)=133.50
2025-07-21 15:14:20,822 - cartpole_trpo_wandb_seed_2 - INFO - Episode 1310: Reward=126.00, Length=126, Avg Reward (last 10)=138.70
2025-07-21 15:14:24,174 - cartpole_trpo_wandb_seed_2 - INFO - Episode 1320: Reward=143.00, Length=143, Avg Reward (last 10)=150.70
2025-07-21 15:14:25,733 - cartpole_trpo_wandb_seed_2 - INFO - Episode 1330: Reward=146.00, Length=146, Avg Reward (last 10)=146.20
2025-07-21 15:14:28,161 - cartpole_trpo_wandb_seed_2 - INFO - Episode 1340: Reward=147.00, Length=147, Avg Reward (last 10)=154.70
2025-07-21 15:14:31,761 - cartpole_trpo_wandb_seed_2 - INFO - Episode 1350: Reward=159.00, Length=159, Avg Reward (last 10)=156.20
2025-07-21 15:14:34,611 - cartpole_trpo_wandb_seed_2 - INFO - Episode 1360: Reward=199.00, Length=199, Avg Reward (last 10)=179.10
2025-07-21 15:14:38,128 - cartpole_trpo_wandb_seed_2 - INFO - Episode 1370: Reward=160.00, Length=160, Avg Reward (last 10)=197.70
2025-07-21 15:14:41,513 - cartpole_trpo_wandb_seed_2 - INFO - Episode 1380: Reward=204.00, Length=204, Avg Reward (last 10)=199.70
2025-07-21 15:14:47,547 - cartpole_trpo_wandb_seed_2 - INFO - Episode 1390: Reward=270.00, Length=270, Avg Reward (last 10)=241.20
2025-07-21 15:14:53,410 - cartpole_trpo_wandb_seed_2 - INFO - Episode 1400: Reward=241.00, Length=241, Avg Reward (last 10)=224.90
2025-07-21 15:14:58,370 - cartpole_trpo_wandb_seed_2 - INFO - Episode 1410: Reward=244.00, Length=244, Avg Reward (last 10)=271.10
2025-07-21 15:15:03,795 - cartpole_trpo_wandb_seed_2 - INFO - Episode 1420: Reward=238.00, Length=238, Avg Reward (last 10)=281.90
2025-07-21 15:15:07,006 - cartpole_trpo_wandb_seed_2 - INFO - Episode 1430: Reward=215.00, Length=215, Avg Reward (last 10)=213.60
2025-07-21 15:15:11,039 - cartpole_trpo_wandb_seed_2 - INFO - Episode 1440: Reward=170.00, Length=170, Avg Reward (last 10)=211.80
2025-07-21 15:15:14,422 - cartpole_trpo_wandb_seed_2 - INFO - Episode 1450: Reward=167.00, Length=167, Avg Reward (last 10)=186.10
2025-07-21 15:15:17,038 - cartpole_trpo_wandb_seed_2 - INFO - Episode 1460: Reward=229.00, Length=229, Avg Reward (last 10)=183.00
2025-07-21 15:15:19,844 - cartpole_trpo_wandb_seed_2 - INFO - Metrics saved to results/cartpole_trpo_wandb/seed_2/metrics.json
2025-07-21 15:15:22,177 - cartpole_trpo_wandb_seed_2 - INFO - Experiment completed.
