2025-07-20 22:48:03,949 - cartpole_trpo_wandb_seed_2 - INFO - Hyperparameters:
2025-07-20 22:48:03,950 - cartpole_trpo_wandb_seed_2 - INFO -   environment: {'name': 'CartPole-v1', 'seed': 42}
2025-07-20 22:48:03,951 - cartpole_trpo_wandb_seed_2 - INFO -   algorithm: {'name': 'TRPO', 'lr': '3e-4', 'gamma': 0.99, 'gae_lambda': 0.95, 'max_kl': 0.005, 'damping': 0.2, 'has_continuous_action_space': False, 'action_std_init': 0.6}
2025-07-20 22:48:03,952 - cartpole_trpo_wandb_seed_2 - INFO -   network: {'hidden_dims': [64, 64], 'activation': 'tanh'}
2025-07-20 22:48:03,952 - cartpole_trpo_wandb_seed_2 - INFO -   training: {'max_episodes': 100, 'max_steps_per_episode': 500, 'update_interval': 2048, 'eval_interval': 10, 'save_interval': 300, 'log_interval': 10}
2025-07-20 22:48:03,953 - cartpole_trpo_wandb_seed_2 - INFO -   experiment: {'name': 'cartpole_trpo_wandb', 'seeds': [0, 1, 2], 'device': 'cpu', 'save_dir': 'results/cartpole_trpo_wandb'}
2025-07-20 22:48:03,953 - cartpole_trpo_wandb_seed_2 - INFO -   logging: {'tensorboard': False, 'save_metrics': True, 'plot_interval': 25, 'use_wandb': True, 'wandb_project': 'rl-framework-cartpole', 'wandb_entity': 'tatalintelli-university-of-seoul'}
2025-07-20 22:48:03,970 - cartpole_trpo_wandb_seed_2 - INFO - Episode 0: Reward=10.00, Length=10, Avg Reward (last 10)=10.00
2025-07-20 22:48:04,146 - cartpole_trpo_wandb_seed_2 - INFO - Episode 10: Reward=21.00, Length=21, Avg Reward (last 10)=21.40
2025-07-20 22:48:04,334 - cartpole_trpo_wandb_seed_2 - INFO - Episode 20: Reward=14.00, Length=14, Avg Reward (last 10)=23.60
2025-07-20 22:48:04,521 - cartpole_trpo_wandb_seed_2 - INFO - Episode 30: Reward=39.00, Length=39, Avg Reward (last 10)=25.50
2025-07-20 22:48:04,913 - cartpole_trpo_wandb_seed_2 - INFO - Episode 40: Reward=13.00, Length=13, Avg Reward (last 10)=28.80
2025-07-20 22:48:05,221 - cartpole_trpo_wandb_seed_2 - INFO - Episode 50: Reward=28.00, Length=28, Avg Reward (last 10)=27.50
2025-07-20 22:48:05,400 - cartpole_trpo_wandb_seed_2 - INFO - Episode 60: Reward=49.00, Length=49, Avg Reward (last 10)=26.30
2025-07-20 22:48:05,596 - cartpole_trpo_wandb_seed_2 - INFO - Episode 70: Reward=27.00, Length=27, Avg Reward (last 10)=29.20
2025-07-20 22:48:06,636 - cartpole_trpo_wandb_seed_2 - INFO - Episode 80: Reward=20.00, Length=20, Avg Reward (last 10)=23.40
2025-07-20 22:48:06,958 - cartpole_trpo_wandb_seed_2 - INFO - Episode 90: Reward=20.00, Length=20, Avg Reward (last 10)=26.10
2025-07-20 22:48:07,442 - cartpole_trpo_wandb_seed_2 - INFO - Episode 100: Reward=16.00, Length=16, Avg Reward (last 10)=20.40
2025-07-20 22:48:08,050 - cartpole_trpo_wandb_seed_2 - INFO - Episode 110: Reward=23.00, Length=23, Avg Reward (last 10)=32.10
2025-07-20 22:48:08,237 - cartpole_trpo_wandb_seed_2 - INFO - Episode 120: Reward=17.00, Length=17, Avg Reward (last 10)=20.10
2025-07-20 22:48:08,429 - cartpole_trpo_wandb_seed_2 - INFO - Episode 130: Reward=28.00, Length=28, Avg Reward (last 10)=25.20
2025-07-20 22:48:08,634 - cartpole_trpo_wandb_seed_2 - INFO - Episode 140: Reward=19.00, Length=19, Avg Reward (last 10)=24.60
2025-07-20 22:48:09,000 - cartpole_trpo_wandb_seed_2 - INFO - Episode 150: Reward=16.00, Length=16, Avg Reward (last 10)=33.90
2025-07-20 22:48:10,920 - cartpole_trpo_wandb_seed_2 - INFO - Episode 160: Reward=29.00, Length=29, Avg Reward (last 10)=24.70
2025-07-20 22:48:11,375 - cartpole_trpo_wandb_seed_2 - INFO - Episode 170: Reward=16.00, Length=16, Avg Reward (last 10)=25.30
2025-07-20 22:48:11,844 - cartpole_trpo_wandb_seed_2 - INFO - Episode 180: Reward=18.00, Length=18, Avg Reward (last 10)=32.40
2025-07-20 22:48:12,238 - cartpole_trpo_wandb_seed_2 - INFO - Episode 190: Reward=23.00, Length=23, Avg Reward (last 10)=29.60
2025-07-20 22:48:12,677 - cartpole_trpo_wandb_seed_2 - INFO - Episode 200: Reward=21.00, Length=21, Avg Reward (last 10)=34.00
2025-07-20 22:48:12,926 - cartpole_trpo_wandb_seed_2 - INFO - Episode 210: Reward=21.00, Length=21, Avg Reward (last 10)=19.60
2025-07-20 22:48:13,254 - cartpole_trpo_wandb_seed_2 - INFO - Episode 220: Reward=13.00, Length=13, Avg Reward (last 10)=29.50
2025-07-20 22:48:13,543 - cartpole_trpo_wandb_seed_2 - INFO - Episode 230: Reward=37.00, Length=37, Avg Reward (last 10)=24.10
2025-07-20 22:48:14,553 - cartpole_trpo_wandb_seed_2 - INFO - Episode 240: Reward=50.00, Length=50, Avg Reward (last 10)=27.30
2025-07-20 22:48:15,173 - cartpole_trpo_wandb_seed_2 - INFO - Episode 250: Reward=33.00, Length=33, Avg Reward (last 10)=34.90
2025-07-20 22:48:15,673 - cartpole_trpo_wandb_seed_2 - INFO - Episode 260: Reward=19.00, Length=19, Avg Reward (last 10)=31.10
2025-07-20 22:48:16,063 - cartpole_trpo_wandb_seed_2 - INFO - Episode 270: Reward=33.00, Length=33, Avg Reward (last 10)=23.00
2025-07-20 22:48:16,454 - cartpole_trpo_wandb_seed_2 - INFO - Episode 280: Reward=61.00, Length=61, Avg Reward (last 10)=32.20
2025-07-20 22:48:16,710 - cartpole_trpo_wandb_seed_2 - INFO - Episode 290: Reward=22.00, Length=22, Avg Reward (last 10)=25.00
2025-07-20 22:48:17,555 - cartpole_trpo_wandb_seed_2 - INFO - Episode 300: Reward=17.00, Length=17, Avg Reward (last 10)=36.00
2025-07-20 22:48:18,174 - cartpole_trpo_wandb_seed_2 - INFO - Episode 310: Reward=13.00, Length=13, Avg Reward (last 10)=31.10
2025-07-20 22:48:18,536 - cartpole_trpo_wandb_seed_2 - INFO - Episode 320: Reward=35.00, Length=35, Avg Reward (last 10)=45.20
2025-07-20 22:48:18,928 - cartpole_trpo_wandb_seed_2 - INFO - Episode 330: Reward=47.00, Length=47, Avg Reward (last 10)=53.00
2025-07-20 22:48:19,440 - cartpole_trpo_wandb_seed_2 - INFO - Episode 340: Reward=82.00, Length=82, Avg Reward (last 10)=56.10
2025-07-20 22:48:20,556 - cartpole_trpo_wandb_seed_2 - INFO - Episode 350: Reward=22.00, Length=22, Avg Reward (last 10)=36.90
2025-07-20 22:48:21,124 - cartpole_trpo_wandb_seed_2 - INFO - Episode 360: Reward=48.00, Length=48, Avg Reward (last 10)=64.70
2025-07-20 22:48:21,481 - cartpole_trpo_wandb_seed_2 - INFO - Episode 370: Reward=30.00, Length=30, Avg Reward (last 10)=39.90
2025-07-20 22:48:21,965 - cartpole_trpo_wandb_seed_2 - INFO - Episode 380: Reward=29.00, Length=29, Avg Reward (last 10)=52.70
2025-07-20 22:48:23,337 - cartpole_trpo_wandb_seed_2 - INFO - Episode 390: Reward=17.00, Length=17, Avg Reward (last 10)=88.60
2025-07-20 22:48:24,001 - cartpole_trpo_wandb_seed_2 - INFO - Episode 400: Reward=134.00, Length=134, Avg Reward (last 10)=99.90
2025-07-20 22:48:25,490 - cartpole_trpo_wandb_seed_2 - INFO - Episode 410: Reward=108.00, Length=108, Avg Reward (last 10)=150.80
2025-07-20 22:48:27,508 - cartpole_trpo_wandb_seed_2 - INFO - Episode 420: Reward=182.00, Length=182, Avg Reward (last 10)=187.40
2025-07-20 22:48:30,398 - cartpole_trpo_wandb_seed_2 - INFO - Episode 430: Reward=127.00, Length=127, Avg Reward (last 10)=206.40
2025-07-20 22:48:33,601 - cartpole_trpo_wandb_seed_2 - INFO - Episode 440: Reward=48.00, Length=48, Avg Reward (last 10)=200.80
2025-07-20 22:48:41,772 - cartpole_trpo_wandb_seed_2 - INFO - Episode 450: Reward=252.00, Length=252, Avg Reward (last 10)=310.20
2025-07-20 22:48:45,840 - cartpole_trpo_wandb_seed_2 - INFO - Episode 460: Reward=500.00, Length=500, Avg Reward (last 10)=426.30
2025-07-20 22:48:50,455 - cartpole_trpo_wandb_seed_2 - INFO - Episode 470: Reward=197.00, Length=197, Avg Reward (last 10)=404.80
2025-07-20 22:48:56,330 - cartpole_trpo_wandb_seed_2 - INFO - Episode 480: Reward=168.00, Length=168, Avg Reward (last 10)=466.80
2025-07-20 22:49:06,384 - cartpole_trpo_wandb_seed_2 - INFO - Episode 490: Reward=500.00, Length=500, Avg Reward (last 10)=439.70
2025-07-20 22:49:13,343 - cartpole_trpo_wandb_seed_2 - INFO - Episode 500: Reward=250.00, Length=250, Avg Reward (last 10)=448.90
2025-07-20 22:49:17,659 - cartpole_trpo_wandb_seed_2 - INFO - Episode 510: Reward=298.00, Length=298, Avg Reward (last 10)=302.30
2025-07-20 22:49:20,710 - cartpole_trpo_wandb_seed_2 - INFO - Episode 520: Reward=248.00, Length=248, Avg Reward (last 10)=240.40
2025-07-20 22:49:24,851 - cartpole_trpo_wandb_seed_2 - INFO - Episode 530: Reward=285.00, Length=285, Avg Reward (last 10)=262.50
2025-07-20 22:49:27,029 - cartpole_trpo_wandb_seed_2 - INFO - Episode 540: Reward=238.00, Length=238, Avg Reward (last 10)=263.20
2025-07-20 22:49:32,943 - cartpole_trpo_wandb_seed_2 - INFO - Episode 550: Reward=179.00, Length=179, Avg Reward (last 10)=305.80
2025-07-20 22:49:37,490 - cartpole_trpo_wandb_seed_2 - INFO - Episode 560: Reward=359.00, Length=359, Avg Reward (last 10)=449.20
2025-07-20 22:49:42,283 - cartpole_trpo_wandb_seed_2 - INFO - Episode 570: Reward=204.00, Length=204, Avg Reward (last 10)=448.60
2025-07-20 22:49:45,333 - cartpole_trpo_wandb_seed_2 - INFO - Episode 580: Reward=200.00, Length=200, Avg Reward (last 10)=349.20
2025-07-20 22:49:48,628 - cartpole_trpo_wandb_seed_2 - INFO - Episode 590: Reward=226.00, Length=226, Avg Reward (last 10)=246.80
2025-07-20 22:49:52,569 - cartpole_trpo_wandb_seed_2 - INFO - Episode 600: Reward=338.00, Length=338, Avg Reward (last 10)=241.50
2025-07-20 22:49:57,312 - cartpole_trpo_wandb_seed_2 - INFO - Episode 610: Reward=216.00, Length=216, Avg Reward (last 10)=225.80
2025-07-20 22:50:00,956 - cartpole_trpo_wandb_seed_2 - INFO - Episode 620: Reward=160.00, Length=160, Avg Reward (last 10)=219.80
2025-07-20 22:50:03,125 - cartpole_trpo_wandb_seed_2 - INFO - Episode 630: Reward=213.00, Length=213, Avg Reward (last 10)=204.40
2025-07-20 22:50:05,710 - cartpole_trpo_wandb_seed_2 - INFO - Episode 640: Reward=264.00, Length=264, Avg Reward (last 10)=250.80
2025-07-20 22:50:09,718 - cartpole_trpo_wandb_seed_2 - INFO - Episode 650: Reward=422.00, Length=422, Avg Reward (last 10)=311.50
2025-07-20 22:50:13,685 - cartpole_trpo_wandb_seed_2 - INFO - Episode 660: Reward=213.00, Length=213, Avg Reward (last 10)=239.80
2025-07-20 22:50:19,312 - cartpole_trpo_wandb_seed_2 - INFO - Episode 670: Reward=348.00, Length=348, Avg Reward (last 10)=308.90
2025-07-20 22:50:23,510 - cartpole_trpo_wandb_seed_2 - INFO - Episode 680: Reward=311.00, Length=311, Avg Reward (last 10)=271.50
2025-07-20 22:50:31,104 - cartpole_trpo_wandb_seed_2 - INFO - Episode 690: Reward=500.00, Length=500, Avg Reward (last 10)=369.80
2025-07-20 22:50:37,406 - cartpole_trpo_wandb_seed_2 - INFO - Episode 700: Reward=361.00, Length=361, Avg Reward (last 10)=452.90
2025-07-20 22:50:42,225 - cartpole_trpo_wandb_seed_2 - INFO - Episode 710: Reward=341.00, Length=341, Avg Reward (last 10)=364.70
2025-07-20 22:50:45,472 - cartpole_trpo_wandb_seed_2 - INFO - Episode 720: Reward=400.00, Length=400, Avg Reward (last 10)=323.50
2025-07-20 22:50:49,733 - cartpole_trpo_wandb_seed_2 - INFO - Episode 730: Reward=381.00, Length=381, Avg Reward (last 10)=313.80
2025-07-20 22:50:55,010 - cartpole_trpo_wandb_seed_2 - INFO - Episode 740: Reward=257.00, Length=257, Avg Reward (last 10)=246.60
2025-07-20 22:50:59,535 - cartpole_trpo_wandb_seed_2 - INFO - Episode 750: Reward=265.00, Length=265, Avg Reward (last 10)=230.20
