2025-07-14 16:30:35,627 - cartpole_ppo_wandb_seed_0 - INFO - Hyperparameters:
2025-07-14 16:30:35,627 - cartpole_ppo_wandb_seed_0 - INFO -   environment: {'name': 'CartPole-v1', 'seed': 42}
2025-07-14 16:30:35,628 - cartpole_ppo_wandb_seed_0 - INFO -   algorithm: {'name': 'PPO', 'lr_actor': '3e-4', 'lr_critic': '1e-3', 'gamma': 0.99, 'gae_lambda': 0.95, 'clip_ratio': 0.2, 'target_kl': 0.01, 'train_policy_iters': 80, 'train_value_iters': 80, 'lam': 0.97, 'has_continuous_action_space': False, 'action_std_init': 0.6}
2025-07-14 16:30:35,628 - cartpole_ppo_wandb_seed_0 - INFO -   network: {'hidden_dims': [64, 64], 'activation': 'tanh'}
2025-07-14 16:30:35,629 - cartpole_ppo_wandb_seed_0 - INFO -   training: {'max_episodes': 100, 'max_steps_per_episode': 500, 'update_interval': 2048, 'eval_interval': 10, 'save_interval': 300, 'log_interval': 10}
2025-07-14 16:30:35,629 - cartpole_ppo_wandb_seed_0 - INFO -   experiment: {'name': 'cartpole_ppo_wandb', 'seeds': [0, 1, 2], 'device': 'cpu', 'save_dir': 'results/cartpole_ppo_wandb'}
2025-07-14 16:30:35,629 - cartpole_ppo_wandb_seed_0 - INFO -   logging: {'tensorboard': False, 'save_metrics': True, 'plot_interval': 25, 'use_wandb': True, 'wandb_project': 'rl-framework-cartpole', 'wandb_entity': 'tatalintelli-university-of-seoul'}
2025-07-14 16:30:35,714 - cartpole_ppo_wandb_seed_0 - INFO - Episode 0: Reward=17.00, Length=17, Avg Reward (last 10)=17.00
2025-07-14 16:30:36,035 - cartpole_ppo_wandb_seed_0 - INFO - Episode 10: Reward=33.00, Length=33, Avg Reward (last 10)=38.70
2025-07-14 16:30:36,213 - cartpole_ppo_wandb_seed_0 - INFO - Episode 20: Reward=27.00, Length=27, Avg Reward (last 10)=16.80
2025-07-14 16:30:36,511 - cartpole_ppo_wandb_seed_0 - INFO - Episode 30: Reward=22.00, Length=22, Avg Reward (last 10)=22.80
2025-07-14 16:30:36,867 - cartpole_ppo_wandb_seed_0 - INFO - Episode 40: Reward=16.00, Length=16, Avg Reward (last 10)=23.20
2025-07-14 16:30:37,256 - cartpole_ppo_wandb_seed_0 - INFO - Episode 50: Reward=16.00, Length=16, Avg Reward (last 10)=26.90
2025-07-14 16:30:37,547 - cartpole_ppo_wandb_seed_0 - INFO - Episode 60: Reward=27.00, Length=27, Avg Reward (last 10)=26.20
2025-07-14 16:30:37,850 - cartpole_ppo_wandb_seed_0 - INFO - Episode 70: Reward=31.00, Length=31, Avg Reward (last 10)=31.50
2025-07-14 16:30:40,016 - cartpole_ppo_wandb_seed_0 - INFO - Episode 80: Reward=26.00, Length=26, Avg Reward (last 10)=29.00
2025-07-14 16:30:40,294 - cartpole_ppo_wandb_seed_0 - INFO - Episode 90: Reward=22.00, Length=22, Avg Reward (last 10)=21.50
2025-07-14 16:30:40,574 - cartpole_ppo_wandb_seed_0 - INFO - Episode 100: Reward=29.00, Length=29, Avg Reward (last 10)=21.50
2025-07-14 16:30:40,818 - cartpole_ppo_wandb_seed_0 - INFO - Episode 110: Reward=19.00, Length=19, Avg Reward (last 10)=22.70
2025-07-14 16:30:41,066 - cartpole_ppo_wandb_seed_0 - INFO - Episode 120: Reward=31.00, Length=31, Avg Reward (last 10)=27.80
2025-07-14 16:30:41,283 - cartpole_ppo_wandb_seed_0 - INFO - Episode 130: Reward=17.00, Length=17, Avg Reward (last 10)=24.40
2025-07-14 16:30:41,514 - cartpole_ppo_wandb_seed_0 - INFO - Episode 140: Reward=19.00, Length=19, Avg Reward (last 10)=25.50
2025-07-14 16:30:41,744 - cartpole_ppo_wandb_seed_0 - INFO - Episode 150: Reward=28.00, Length=28, Avg Reward (last 10)=27.20
2025-07-14 16:30:41,894 - cartpole_ppo_wandb_seed_0 - INFO - Episode 160: Reward=23.00, Length=23, Avg Reward (last 10)=17.70
2025-07-14 16:30:43,511 - cartpole_ppo_wandb_seed_0 - INFO - Episode 170: Reward=24.00, Length=24, Avg Reward (last 10)=24.10
2025-07-14 16:30:43,727 - cartpole_ppo_wandb_seed_0 - INFO - Episode 180: Reward=36.00, Length=36, Avg Reward (last 10)=23.00
2025-07-14 16:30:44,479 - cartpole_ppo_wandb_seed_0 - INFO - Episode 190: Reward=125.00, Length=125, Avg Reward (last 10)=45.90
2025-07-14 16:30:44,774 - cartpole_ppo_wandb_seed_0 - INFO - Episode 200: Reward=16.00, Length=16, Avg Reward (last 10)=39.40
2025-07-14 16:30:44,975 - cartpole_ppo_wandb_seed_0 - INFO - Episode 210: Reward=16.00, Length=16, Avg Reward (last 10)=27.10
2025-07-14 16:30:45,290 - cartpole_ppo_wandb_seed_0 - INFO - Episode 220: Reward=53.00, Length=53, Avg Reward (last 10)=41.40
2025-07-14 16:30:46,753 - cartpole_ppo_wandb_seed_0 - INFO - Episode 230: Reward=36.00, Length=36, Avg Reward (last 10)=26.10
2025-07-14 16:30:47,071 - cartpole_ppo_wandb_seed_0 - INFO - Episode 240: Reward=121.00, Length=121, Avg Reward (last 10)=51.50
2025-07-14 16:30:47,268 - cartpole_ppo_wandb_seed_0 - INFO - Episode 250: Reward=47.00, Length=47, Avg Reward (last 10)=23.40
2025-07-14 16:30:47,512 - cartpole_ppo_wandb_seed_0 - INFO - Episode 260: Reward=56.00, Length=56, Avg Reward (last 10)=35.90
2025-07-14 16:30:47,792 - cartpole_ppo_wandb_seed_0 - INFO - Episode 270: Reward=33.00, Length=33, Avg Reward (last 10)=38.40
2025-07-14 16:30:47,970 - cartpole_ppo_wandb_seed_0 - INFO - Episode 280: Reward=29.00, Length=29, Avg Reward (last 10)=26.50
2025-07-14 16:30:49,243 - cartpole_ppo_wandb_seed_0 - INFO - Episode 290: Reward=14.00, Length=14, Avg Reward (last 10)=49.80
2025-07-14 16:30:49,521 - cartpole_ppo_wandb_seed_0 - INFO - Episode 300: Reward=20.00, Length=20, Avg Reward (last 10)=44.40
2025-07-14 16:30:49,719 - cartpole_ppo_wandb_seed_0 - INFO - Episode 310: Reward=16.00, Length=16, Avg Reward (last 10)=30.20
2025-07-14 16:30:49,924 - cartpole_ppo_wandb_seed_0 - INFO - Episode 320: Reward=32.00, Length=32, Avg Reward (last 10)=30.20
2025-07-14 16:30:50,168 - cartpole_ppo_wandb_seed_0 - INFO - Episode 330: Reward=15.00, Length=15, Avg Reward (last 10)=31.40
2025-07-14 16:30:51,535 - cartpole_ppo_wandb_seed_0 - INFO - Episode 340: Reward=115.00, Length=115, Avg Reward (last 10)=51.20
2025-07-14 16:30:52,213 - cartpole_ppo_wandb_seed_0 - INFO - Episode 350: Reward=15.00, Length=15, Avg Reward (last 10)=50.00
2025-07-14 16:30:52,608 - cartpole_ppo_wandb_seed_0 - INFO - Episode 360: Reward=32.00, Length=32, Avg Reward (last 10)=38.10
2025-07-14 16:30:52,985 - cartpole_ppo_wandb_seed_0 - INFO - Episode 370: Reward=34.00, Length=34, Avg Reward (last 10)=45.60
2025-07-14 16:30:53,208 - cartpole_ppo_wandb_seed_0 - INFO - Episode 380: Reward=14.00, Length=14, Avg Reward (last 10)=29.20
2025-07-14 16:30:54,243 - cartpole_ppo_wandb_seed_0 - INFO - Episode 390: Reward=60.00, Length=60, Avg Reward (last 10)=66.10
2025-07-14 16:30:54,694 - cartpole_ppo_wandb_seed_0 - INFO - Episode 400: Reward=67.00, Length=67, Avg Reward (last 10)=67.60
2025-07-14 16:30:55,161 - cartpole_ppo_wandb_seed_0 - INFO - Episode 410: Reward=56.00, Length=56, Avg Reward (last 10)=66.80
2025-07-14 16:30:56,046 - cartpole_ppo_wandb_seed_0 - INFO - Episode 420: Reward=65.00, Length=65, Avg Reward (last 10)=52.10
2025-07-14 16:30:56,687 - cartpole_ppo_wandb_seed_0 - INFO - Episode 430: Reward=309.00, Length=309, Avg Reward (last 10)=107.40
2025-07-14 16:30:57,694 - cartpole_ppo_wandb_seed_0 - INFO - Episode 440: Reward=89.00, Length=89, Avg Reward (last 10)=64.20
2025-07-14 16:30:58,289 - cartpole_ppo_wandb_seed_0 - INFO - Episode 450: Reward=99.00, Length=99, Avg Reward (last 10)=94.70
2025-07-14 16:30:59,228 - cartpole_ppo_wandb_seed_0 - INFO - Episode 460: Reward=128.00, Length=128, Avg Reward (last 10)=74.10
2025-07-14 16:31:01,461 - cartpole_ppo_wandb_seed_0 - INFO - Episode 470: Reward=152.00, Length=152, Avg Reward (last 10)=165.60
2025-07-14 16:31:03,974 - cartpole_ppo_wandb_seed_0 - INFO - Episode 480: Reward=185.00, Length=185, Avg Reward (last 10)=217.10
2025-07-14 16:31:09,866 - cartpole_ppo_wandb_seed_0 - INFO - Episode 490: Reward=162.00, Length=162, Avg Reward (last 10)=231.90
2025-07-14 16:31:12,939 - cartpole_ppo_wandb_seed_0 - INFO - Episode 500: Reward=148.00, Length=148, Avg Reward (last 10)=199.10
2025-07-14 16:31:16,020 - cartpole_ppo_wandb_seed_0 - INFO - Episode 510: Reward=172.00, Length=172, Avg Reward (last 10)=230.60
2025-07-14 16:31:18,420 - cartpole_ppo_wandb_seed_0 - INFO - Episode 520: Reward=355.00, Length=355, Avg Reward (last 10)=250.60
2025-07-14 16:31:25,583 - cartpole_ppo_wandb_seed_0 - INFO - Episode 530: Reward=35.00, Length=35, Avg Reward (last 10)=320.00
2025-07-14 16:31:34,822 - cartpole_ppo_wandb_seed_0 - INFO - Episode 540: Reward=342.00, Length=342, Avg Reward (last 10)=362.40
